2025-05-07 14:03:13,560 - DEBUG - Logging initialized. Log file: milivault_logs\2025-05-07_14-03-13.log
2025-05-07 14:03:14,138 - DEBUG - Adjusted logging level to DEBUG for environment: local
2025-05-07 14:03:21,565 - INFO - SETTINGS MANAGER: Changed directory to C:/Users/keena/Desktop/Milivault/scraper
2025-05-07 14:03:22,604 - INFO - Connection pool initialized successfully.
2025-05-07 14:03:22,605 - DEBUG - Changing event name from creating-client-class.iot-data to creating-client-class.iot-data-plane
2025-05-07 14:03:22,607 - DEBUG - Changing event name from before-call.apigateway to before-call.api-gateway
2025-05-07 14:03:22,608 - DEBUG - Changing event name from request-created.machinelearning.Predict to request-created.machine-learning.Predict
2025-05-07 14:03:22,608 - DEBUG - Changing event name from before-parameter-build.autoscaling.CreateLaunchConfiguration to before-parameter-build.auto-scaling.CreateLaunchConfiguration
2025-05-07 14:03:22,609 - DEBUG - Changing event name from before-parameter-build.route53 to before-parameter-build.route-53
2025-05-07 14:03:22,609 - DEBUG - Changing event name from request-created.cloudsearchdomain.Search to request-created.cloudsearch-domain.Search
2025-05-07 14:03:22,609 - DEBUG - Changing event name from docs.*.autoscaling.CreateLaunchConfiguration.complete-section to docs.*.auto-scaling.CreateLaunchConfiguration.complete-section
2025-05-07 14:03:22,611 - DEBUG - Changing event name from before-parameter-build.logs.CreateExportTask to before-parameter-build.cloudwatch-logs.CreateExportTask
2025-05-07 14:03:22,611 - DEBUG - Changing event name from docs.*.logs.CreateExportTask.complete-section to docs.*.cloudwatch-logs.CreateExportTask.complete-section
2025-05-07 14:03:22,611 - DEBUG - Changing event name from before-parameter-build.cloudsearchdomain.Search to before-parameter-build.cloudsearch-domain.Search
2025-05-07 14:03:22,611 - DEBUG - Changing event name from docs.*.cloudsearchdomain.Search.complete-section to docs.*.cloudsearch-domain.Search.complete-section
2025-05-07 14:03:22,645 - DEBUG - Loading JSON file: C:\Users\keena\AppData\Local\Programs\Python\Python313\Lib\site-packages\botocore\data\endpoints.json
2025-05-07 14:03:22,658 - DEBUG - Loading JSON file: C:\Users\keena\AppData\Local\Programs\Python\Python313\Lib\site-packages\botocore\data\sdk-default-configuration.json
2025-05-07 14:03:22,659 - DEBUG - Event choose-service-name: calling handler <function handle_service_name_alias at 0x0000014059C89E40>
2025-05-07 14:03:22,759 - DEBUG - Loading JSON file: C:\Users\keena\AppData\Local\Programs\Python\Python313\Lib\site-packages\botocore\data\s3\2006-03-01\service-2.json.gz
2025-05-07 14:03:22,766 - DEBUG - Loading JSON file: C:\Users\keena\AppData\Local\Programs\Python\Python313\Lib\site-packages\botocore\data\s3\2006-03-01\service-2.sdk-extras.json
2025-05-07 14:03:22,867 - DEBUG - Loading JSON file: C:\Users\keena\AppData\Local\Programs\Python\Python313\Lib\site-packages\botocore\data\s3\2006-03-01\endpoint-rule-set-1.json.gz
2025-05-07 14:03:22,870 - DEBUG - Loading JSON file: C:\Users\keena\AppData\Local\Programs\Python\Python313\Lib\site-packages\botocore\data\partitions.json
2025-05-07 14:03:22,871 - DEBUG - Event creating-client-class.s3: calling handler <function add_generate_presigned_post at 0x0000014059BD0680>
2025-05-07 14:03:22,871 - DEBUG - Event creating-client-class.s3: calling handler <function lazy_call.<locals>._handler at 0x000001405A0C8180>
2025-05-07 14:03:22,913 - DEBUG - Event creating-client-class.s3: calling handler <function add_generate_presigned_url at 0x0000014059BD0400>
2025-05-07 14:03:22,914 - DEBUG - Looking for endpoint for s3 via: environment_service
2025-05-07 14:03:22,914 - DEBUG - Looking for endpoint for s3 via: environment_global
2025-05-07 14:03:22,914 - DEBUG - Looking for endpoint for s3 via: config_service
2025-05-07 14:03:22,914 - DEBUG - Looking for endpoint for s3 via: config_global
2025-05-07 14:03:22,914 - DEBUG - No configured endpoint found.
2025-05-07 14:03:22,916 - DEBUG - Setting s3 timeout as (60, 60)
2025-05-07 14:03:22,918 - DEBUG - Loading JSON file: C:\Users\keena\AppData\Local\Programs\Python\Python313\Lib\site-packages\botocore\data\_retry.json
2025-05-07 14:03:22,918 - DEBUG - Registering retry handlers for service: s3
2025-05-07 14:03:22,919 - DEBUG - Registering S3 region redirector handler
2025-05-07 14:03:22,919 - DEBUG - Registering S3Express Identity Resolver
2025-05-07 14:03:22,920 - INFO - S3Manager initialized for bucket militaria-images
2025-05-07 14:03:24,243 - INFO - Processing site: BASMILITARIA
2025-05-07 14:03:24,243 - INFO - SITE PROCESSOR: Running with targetMatch = 1
2025-05-07 14:03:24,243 - DEBUG - SITE PROCESSOR: Debug: base_url: https://basmilitaria.com
2025-05-07 14:03:24,243 - INFO - 
------------------------------------------------------------
                    NEW INSTANCE STARTED                    
------------------------------------------------------------
2025-05-07 14:03:24,243 - INFO - MILITARIA SITE        : BASMILITARIA
2025-05-07 14:03:24,243 - INFO - PRODUCTS URL          : https://basmilitaria.com
2025-05-07 14:03:24,243 - INFO - CYCLES RUN            : False
2025-05-07 14:03:24,243 - INFO - PRODUCTS PROCESSED    : 0
2025-05-07 14:03:24,243 - INFO - TIMESTAMP             : 2025-05-07 14:03:24.243394
2025-05-07 14:03:24,244 - DEBUG - SITE PROCESSOR: products_list_page loaded
2025-05-07 14:03:24,244 - INFO - SITE PROCESSOR: Current product page: https://basmilitaria.com/shop?page=0
2025-05-07 14:03:24,244 - INFO - SITE PROCESSOR: Current page: 0
2025-05-07 14:03:24,246 - DEBUG - Starting new HTTPS connection (1): basmilitaria.com:443
2025-05-07 14:03:25,902 - DEBUG - https://basmilitaria.com:443 "GET /shop?page=0 HTTP/1.1" 200 None
2025-05-07 14:03:26,210 - DEBUG - SITE PROCESSOR: products_list_page_soup loaded.
2025-05-07 14:03:26,211 - WARNING - Post-process function 'add_prefix' not found.
2025-05-07 14:03:26,211 - WARNING - Post-process function 'add_prefix' not found.
2025-05-07 14:03:26,211 - WARNING - Post-process function 'add_prefix' not found.
2025-05-07 14:03:26,211 - WARNING - Post-process function 'add_prefix' not found.
2025-05-07 14:03:26,211 - WARNING - Post-process function 'add_prefix' not found.
2025-05-07 14:03:26,212 - WARNING - Post-process function 'add_prefix' not found.
2025-05-07 14:03:26,212 - WARNING - Post-process function 'add_prefix' not found.
2025-05-07 14:03:26,212 - WARNING - Post-process function 'add_prefix' not found.
2025-05-07 14:03:26,212 - WARNING - Post-process function 'add_prefix' not found.
2025-05-07 14:03:26,212 - WARNING - Post-process function 'add_prefix' not found.
2025-05-07 14:03:26,212 - WARNING - Post-process function 'add_prefix' not found.
2025-05-07 14:03:26,212 - WARNING - Post-process function 'add_prefix' not found.
2025-05-07 14:03:26,213 - DEBUG - SITE PROCESSOR: Total tiles found: 12, Valid tiles: 0
2025-05-07 14:03:26,213 - DEBUG - SITE PROCESSOR: Length of products_tile_list: 0 
2025-05-07 14:03:26,213 - INFO - SITE PROCESSOR: No products found on the current page. Stopping processing.
2025-05-07 14:03:26,213 - INFO - 
------------------------------------------------------------
                    INSTANCE TERMINATED                     
------------------------------------------------------------
2025-05-07 14:03:26,213 - INFO - MILITARIA SITE        : BASMILITARIA
2025-05-07 14:03:26,213 - INFO - CONSECUTIVE MATCHES   : 0 / 1
2025-05-07 14:03:26,213 - INFO - CYCLES RUN            : False
2025-05-07 14:03:26,213 - INFO - PRODUCTS PROCESSED    : 0
2025-05-07 14:03:26,213 - INFO - TIMESTAMP             : 2025-05-07 14:03:26.213312
2025-05-07 14:03:26,213 - INFO - SITE PROCESSOR: Finished processing site: BASMILITARIA
2025-05-07 14:03:26,213 - INFO - 
------------------------------------------------------------
                    INSTANCE TERMINATED                     
------------------------------------------------------------
2025-05-07 14:03:26,214 - INFO - MILITARIA SITE        : BASMILITARIA
2025-05-07 14:03:26,214 - INFO - CONSECUTIVE MATCHES   : 0 / 1
2025-05-07 14:03:26,214 - INFO - CYCLES RUN            : False
2025-05-07 14:03:26,214 - INFO - PRODUCTS PROCESSED    : 0
2025-05-07 14:03:26,214 - INFO - TIMESTAMP             : 2025-05-07 14:03:26.213957
2025-05-07 14:03:26,214 - INFO - Successfully processed site: BASMILITARIA
2025-05-07 14:03:26,214 - INFO - 
------------------------------------------------------------
                  FINAL PROCESSING SUMMARY                  
------------------------------------------------------------
2025-05-07 14:03:26,214 - INFO - TIMESTAMP             : 2025-05-07 14:03:26.214816
2025-05-07 14:03:26,215 - INFO - SITES PROCESSED       : BASMILITARIA
2025-05-07 14:03:26,215 - INFO - TOTAL PRODUCTS        : 0
2025-05-07 14:03:26,215 - INFO - NEW PRODUCTS          : 0
2025-05-07 14:03:26,215 - INFO - OLD PRODUCTS          : 0
2025-05-07 14:03:26,215 - INFO - SITES COUNT           : 0
2025-05-07 14:03:26,215 - INFO - AVAILABILITY UPDATES  : 0
2025-05-07 14:03:26,215 - INFO - PROCESSING REQUIRED   : 0
2025-05-07 14:03:26,215 - INFO - Sleeping 900 seconds... Next check at 2025-05-07 14:18:26
