2025-05-07 14:02:18,794 - DEBUG - Logging initialized. Log file: milivault_logs\2025-05-07_14-02-18.log
2025-05-07 14:02:19,266 - DEBUG - Adjusted logging level to DEBUG for environment: local
2025-05-07 14:02:21,649 - INFO - SETTINGS MANAGER: Changed directory to C:/Users/keena/Desktop/Milivault/scraper
2025-05-07 14:02:22,665 - INFO - Connection pool initialized successfully.
2025-05-07 14:02:22,666 - DEBUG - Changing event name from creating-client-class.iot-data to creating-client-class.iot-data-plane
2025-05-07 14:02:22,667 - DEBUG - Changing event name from before-call.apigateway to before-call.api-gateway
2025-05-07 14:02:22,668 - DEBUG - Changing event name from request-created.machinelearning.Predict to request-created.machine-learning.Predict
2025-05-07 14:02:22,669 - DEBUG - Changing event name from before-parameter-build.autoscaling.CreateLaunchConfiguration to before-parameter-build.auto-scaling.CreateLaunchConfiguration
2025-05-07 14:02:22,669 - DEBUG - Changing event name from before-parameter-build.route53 to before-parameter-build.route-53
2025-05-07 14:02:22,669 - DEBUG - Changing event name from request-created.cloudsearchdomain.Search to request-created.cloudsearch-domain.Search
2025-05-07 14:02:22,670 - DEBUG - Changing event name from docs.*.autoscaling.CreateLaunchConfiguration.complete-section to docs.*.auto-scaling.CreateLaunchConfiguration.complete-section
2025-05-07 14:02:22,671 - DEBUG - Changing event name from before-parameter-build.logs.CreateExportTask to before-parameter-build.cloudwatch-logs.CreateExportTask
2025-05-07 14:02:22,671 - DEBUG - Changing event name from docs.*.logs.CreateExportTask.complete-section to docs.*.cloudwatch-logs.CreateExportTask.complete-section
2025-05-07 14:02:22,672 - DEBUG - Changing event name from before-parameter-build.cloudsearchdomain.Search to before-parameter-build.cloudsearch-domain.Search
2025-05-07 14:02:22,672 - DEBUG - Changing event name from docs.*.cloudsearchdomain.Search.complete-section to docs.*.cloudsearch-domain.Search.complete-section
2025-05-07 14:02:22,707 - DEBUG - Loading JSON file: C:\Users\keena\AppData\Local\Programs\Python\Python313\Lib\site-packages\botocore\data\endpoints.json
2025-05-07 14:02:22,721 - DEBUG - Loading JSON file: C:\Users\keena\AppData\Local\Programs\Python\Python313\Lib\site-packages\botocore\data\sdk-default-configuration.json
2025-05-07 14:02:22,722 - DEBUG - Event choose-service-name: calling handler <function handle_service_name_alias at 0x0000016BA4209E40>
2025-05-07 14:02:22,821 - DEBUG - Loading JSON file: C:\Users\keena\AppData\Local\Programs\Python\Python313\Lib\site-packages\botocore\data\s3\2006-03-01\service-2.json.gz
2025-05-07 14:02:22,828 - DEBUG - Loading JSON file: C:\Users\keena\AppData\Local\Programs\Python\Python313\Lib\site-packages\botocore\data\s3\2006-03-01\service-2.sdk-extras.json
2025-05-07 14:02:22,927 - DEBUG - Loading JSON file: C:\Users\keena\AppData\Local\Programs\Python\Python313\Lib\site-packages\botocore\data\s3\2006-03-01\endpoint-rule-set-1.json.gz
2025-05-07 14:02:22,930 - DEBUG - Loading JSON file: C:\Users\keena\AppData\Local\Programs\Python\Python313\Lib\site-packages\botocore\data\partitions.json
2025-05-07 14:02:22,931 - DEBUG - Event creating-client-class.s3: calling handler <function add_generate_presigned_post at 0x0000016BA4150680>
2025-05-07 14:02:22,931 - DEBUG - Event creating-client-class.s3: calling handler <function lazy_call.<locals>._handler at 0x0000016BA4648180>
2025-05-07 14:02:22,980 - DEBUG - Event creating-client-class.s3: calling handler <function add_generate_presigned_url at 0x0000016BA4150400>
2025-05-07 14:02:22,980 - DEBUG - Looking for endpoint for s3 via: environment_service
2025-05-07 14:02:22,981 - DEBUG - Looking for endpoint for s3 via: environment_global
2025-05-07 14:02:22,981 - DEBUG - Looking for endpoint for s3 via: config_service
2025-05-07 14:02:22,981 - DEBUG - Looking for endpoint for s3 via: config_global
2025-05-07 14:02:22,981 - DEBUG - No configured endpoint found.
2025-05-07 14:02:22,982 - DEBUG - Setting s3 timeout as (60, 60)
2025-05-07 14:02:22,984 - DEBUG - Loading JSON file: C:\Users\keena\AppData\Local\Programs\Python\Python313\Lib\site-packages\botocore\data\_retry.json
2025-05-07 14:02:22,985 - DEBUG - Registering retry handlers for service: s3
2025-05-07 14:02:22,986 - DEBUG - Registering S3 region redirector handler
2025-05-07 14:02:22,986 - DEBUG - Registering S3Express Identity Resolver
2025-05-07 14:02:22,987 - INFO - S3Manager initialized for bucket militaria-images
2025-05-07 14:02:24,546 - INFO - Processing site: BASMILITARIA
2025-05-07 14:02:24,546 - INFO - SITE PROCESSOR: Running with targetMatch = 1
2025-05-07 14:02:24,546 - DEBUG - SITE PROCESSOR: Debug: base_url: https://basmilitaria.com
2025-05-07 14:02:24,546 - INFO - 
------------------------------------------------------------
                    NEW INSTANCE STARTED                    
------------------------------------------------------------
2025-05-07 14:02:24,546 - INFO - MILITARIA SITE        : BASMILITARIA
2025-05-07 14:02:24,547 - INFO - PRODUCTS URL          : https://basmilitaria.com
2025-05-07 14:02:24,547 - INFO - CYCLES RUN            : False
2025-05-07 14:02:24,547 - INFO - PRODUCTS PROCESSED    : 0
2025-05-07 14:02:24,547 - INFO - TIMESTAMP             : 2025-05-07 14:02:24.546720
2025-05-07 14:02:24,547 - DEBUG - SITE PROCESSOR: products_list_page loaded
2025-05-07 14:02:24,547 - INFO - SITE PROCESSOR: Current product page: https://basmilitaria.com/shop?page=0
2025-05-07 14:02:24,547 - INFO - SITE PROCESSOR: Current page: 0
2025-05-07 14:02:24,549 - DEBUG - Starting new HTTPS connection (1): basmilitaria.com:443
2025-05-07 14:02:25,811 - DEBUG - https://basmilitaria.com:443 "GET /shop?page=0 HTTP/1.1" 200 None
2025-05-07 14:02:26,306 - DEBUG - SITE PROCESSOR: products_list_page_soup loaded.
2025-05-07 14:02:26,307 - WARNING - Post-process function 'type' not found.
2025-05-07 14:02:26,307 - WARNING - Post-process function 'prefix' not found.
2025-05-07 14:02:26,307 - WARNING - Post-process function 'type' not found.
2025-05-07 14:02:26,308 - WARNING - Post-process function 'prefix' not found.
2025-05-07 14:02:26,308 - WARNING - Post-process function 'type' not found.
2025-05-07 14:02:26,308 - WARNING - Post-process function 'prefix' not found.
2025-05-07 14:02:26,308 - WARNING - Post-process function 'type' not found.
2025-05-07 14:02:26,308 - WARNING - Post-process function 'prefix' not found.
2025-05-07 14:02:26,308 - WARNING - Post-process function 'type' not found.
2025-05-07 14:02:26,308 - WARNING - Post-process function 'prefix' not found.
2025-05-07 14:02:26,309 - WARNING - Post-process function 'type' not found.
2025-05-07 14:02:26,309 - WARNING - Post-process function 'prefix' not found.
2025-05-07 14:02:26,309 - WARNING - Post-process function 'type' not found.
2025-05-07 14:02:26,309 - WARNING - Post-process function 'prefix' not found.
2025-05-07 14:02:26,309 - WARNING - Post-process function 'type' not found.
2025-05-07 14:02:26,309 - WARNING - Post-process function 'prefix' not found.
2025-05-07 14:02:26,309 - WARNING - Post-process function 'type' not found.
2025-05-07 14:02:26,309 - WARNING - Post-process function 'prefix' not found.
2025-05-07 14:02:26,309 - WARNING - Post-process function 'type' not found.
2025-05-07 14:02:26,310 - WARNING - Post-process function 'prefix' not found.
2025-05-07 14:02:26,310 - WARNING - Post-process function 'type' not found.
2025-05-07 14:02:26,310 - WARNING - Post-process function 'prefix' not found.
2025-05-07 14:02:26,310 - WARNING - Post-process function 'type' not found.
2025-05-07 14:02:26,310 - WARNING - Post-process function 'prefix' not found.
2025-05-07 14:02:26,310 - DEBUG - SITE PROCESSOR: Total tiles found: 12, Valid tiles: 0
2025-05-07 14:02:26,310 - DEBUG - SITE PROCESSOR: Length of products_tile_list: 0 
2025-05-07 14:02:26,310 - INFO - SITE PROCESSOR: No products found on the current page. Stopping processing.
2025-05-07 14:02:26,310 - INFO - 
------------------------------------------------------------
                    INSTANCE TERMINATED                     
------------------------------------------------------------
2025-05-07 14:02:26,310 - INFO - MILITARIA SITE        : BASMILITARIA
2025-05-07 14:02:26,311 - INFO - CONSECUTIVE MATCHES   : 0 / 1
2025-05-07 14:02:26,311 - INFO - CYCLES RUN            : False
2025-05-07 14:02:26,311 - INFO - PRODUCTS PROCESSED    : 0
2025-05-07 14:02:26,311 - INFO - TIMESTAMP             : 2025-05-07 14:02:26.310766
2025-05-07 14:02:26,311 - INFO - SITE PROCESSOR: Finished processing site: BASMILITARIA
2025-05-07 14:02:26,311 - INFO - 
------------------------------------------------------------
                    INSTANCE TERMINATED                     
------------------------------------------------------------
2025-05-07 14:02:26,311 - INFO - MILITARIA SITE        : BASMILITARIA
2025-05-07 14:02:26,311 - INFO - CONSECUTIVE MATCHES   : 0 / 1
2025-05-07 14:02:26,312 - INFO - CYCLES RUN            : False
2025-05-07 14:02:26,312 - INFO - PRODUCTS PROCESSED    : 0
2025-05-07 14:02:26,312 - INFO - TIMESTAMP             : 2025-05-07 14:02:26.311621
2025-05-07 14:02:26,312 - INFO - Successfully processed site: BASMILITARIA
2025-05-07 14:02:26,312 - INFO - 
------------------------------------------------------------
                  FINAL PROCESSING SUMMARY                  
------------------------------------------------------------
2025-05-07 14:02:26,312 - INFO - TIMESTAMP             : 2025-05-07 14:02:26.312517
2025-05-07 14:02:26,312 - INFO - SITES PROCESSED       : BASMILITARIA
2025-05-07 14:02:26,312 - INFO - TOTAL PRODUCTS        : 0
2025-05-07 14:02:26,312 - INFO - NEW PRODUCTS          : 0
2025-05-07 14:02:26,313 - INFO - OLD PRODUCTS          : 0
2025-05-07 14:02:26,313 - INFO - SITES COUNT           : 0
2025-05-07 14:02:26,313 - INFO - AVAILABILITY UPDATES  : 0
2025-05-07 14:02:26,313 - INFO - PROCESSING REQUIRED   : 0
2025-05-07 14:02:26,313 - INFO - Sleeping 900 seconds... Next check at 2025-05-07 14:17:26
