2025-06-13 09:30:55,064 - DEBUG - Logging initialized. Log file: milivault_logs\2025-06-13_09-30-55.log
2025-06-13 09:30:55,065 - DEBUG - Adjusted logging level to DEBUG for environment: local
2025-06-13 09:30:57,981 - INFO - SETTINGS MANAGER: Changed directory to C:/Users/keena/Desktop/Milivault/scraper
2025-06-13 09:30:59,164 - INFO - Connection pool initialized successfully.
2025-06-13 09:30:59,165 - DEBUG - Changing event name from creating-client-class.iot-data to creating-client-class.iot-data-plane
2025-06-13 09:30:59,166 - DEBUG - Changing event name from before-call.apigateway to before-call.api-gateway
2025-06-13 09:30:59,167 - DEBUG - Changing event name from request-created.machinelearning.Predict to request-created.machine-learning.Predict
2025-06-13 09:30:59,168 - DEBUG - Changing event name from before-parameter-build.autoscaling.CreateLaunchConfiguration to before-parameter-build.auto-scaling.CreateLaunchConfiguration
2025-06-13 09:30:59,168 - DEBUG - Changing event name from before-parameter-build.route53 to before-parameter-build.route-53
2025-06-13 09:30:59,169 - DEBUG - Changing event name from request-created.cloudsearchdomain.Search to request-created.cloudsearch-domain.Search
2025-06-13 09:30:59,169 - DEBUG - Changing event name from docs.*.autoscaling.CreateLaunchConfiguration.complete-section to docs.*.auto-scaling.CreateLaunchConfiguration.complete-section
2025-06-13 09:30:59,171 - DEBUG - Changing event name from before-parameter-build.logs.CreateExportTask to before-parameter-build.cloudwatch-logs.CreateExportTask
2025-06-13 09:30:59,171 - DEBUG - Changing event name from docs.*.logs.CreateExportTask.complete-section to docs.*.cloudwatch-logs.CreateExportTask.complete-section
2025-06-13 09:30:59,171 - DEBUG - Changing event name from before-parameter-build.cloudsearchdomain.Search to before-parameter-build.cloudsearch-domain.Search
2025-06-13 09:30:59,171 - DEBUG - Changing event name from docs.*.cloudsearchdomain.Search.complete-section to docs.*.cloudsearch-domain.Search.complete-section
2025-06-13 09:30:59,183 - DEBUG - Loading JSON file: C:\Users\keena\Desktop\Milivault\scraper\venv\lib\site-packages\botocore\data\endpoints.json
2025-06-13 09:30:59,226 - DEBUG - Loading JSON file: C:\Users\keena\Desktop\Milivault\scraper\venv\lib\site-packages\botocore\data\sdk-default-configuration.json
2025-06-13 09:30:59,227 - DEBUG - Event choose-service-name: calling handler <function handle_service_name_alias at 0x000001DCCAC1AB00>
2025-06-13 09:30:59,292 - DEBUG - Loading JSON file: C:\Users\keena\Desktop\Milivault\scraper\venv\lib\site-packages\botocore\data\s3\2006-03-01\service-2.json.gz
2025-06-13 09:30:59,299 - DEBUG - Loading JSON file: C:\Users\keena\Desktop\Milivault\scraper\venv\lib\site-packages\botocore\data\s3\2006-03-01\service-2.sdk-extras.json
2025-06-13 09:30:59,364 - DEBUG - Loading JSON file: C:\Users\keena\Desktop\Milivault\scraper\venv\lib\site-packages\botocore\data\s3\2006-03-01\endpoint-rule-set-1.json.gz
2025-06-13 09:30:59,368 - DEBUG - Loading JSON file: C:\Users\keena\Desktop\Milivault\scraper\venv\lib\site-packages\botocore\data\partitions.json
2025-06-13 09:30:59,369 - DEBUG - Event creating-client-class.s3: calling handler <function add_generate_presigned_post at 0x000001DCCAB79120>
2025-06-13 09:30:59,369 - DEBUG - Event creating-client-class.s3: calling handler <function lazy_call.<locals>._handler at 0x000001DCCC4F6050>
2025-06-13 09:30:59,384 - DEBUG - Event creating-client-class.s3: calling handler <function add_generate_presigned_url at 0x000001DCCAB78EE0>
2025-06-13 09:30:59,384 - DEBUG - Looking for endpoint for s3 via: environment_service
2025-06-13 09:30:59,384 - DEBUG - Looking for endpoint for s3 via: environment_global
2025-06-13 09:30:59,384 - DEBUG - Looking for endpoint for s3 via: config_service
2025-06-13 09:30:59,384 - DEBUG - Looking for endpoint for s3 via: config_global
2025-06-13 09:30:59,385 - DEBUG - No configured endpoint found.
2025-06-13 09:30:59,387 - DEBUG - Setting s3 timeout as (60, 60)
2025-06-13 09:30:59,389 - DEBUG - Loading JSON file: C:\Users\keena\Desktop\Milivault\scraper\venv\lib\site-packages\botocore\data\_retry.json
2025-06-13 09:30:59,389 - DEBUG - Registering retry handlers for service: s3
2025-06-13 09:30:59,389 - DEBUG - Registering S3 region redirector handler
2025-06-13 09:30:59,390 - DEBUG - Registering S3Express Identity Resolver
2025-06-13 09:30:59,390 - INFO - S3Manager initialized for bucket militaria-images
2025-06-13 09:30:59,420 - ERROR - Error decoding JSON file C:/Users/keena/Desktop/Milivault/site-json/661944.json: Expecting value: line 1 column 1 (char 0)
2025-06-13 09:31:06,486 - WARNING - 🔁 SWITCHING TO SITE: BEVO_MILITARIA
2025-06-13 09:31:06,486 - INFO - SITE PROCESSOR: Running with targetMatch = 1
2025-06-13 09:31:06,486 - DEBUG - SITE PROCESSOR: Debug: base_url: https://bevo-militaria.com/
2025-06-13 09:31:06,486 - INFO - 
------------------------------------------------------------
                    NEW INSTANCE STARTED                    
------------------------------------------------------------
2025-06-13 09:31:06,486 - INFO - MILITARIA SITE        : BEVO_MILITARIA
2025-06-13 09:31:06,487 - INFO - PRODUCTS URL          : https://bevo-militaria.com/
2025-06-13 09:31:06,487 - INFO - CYCLES RUN            : False
2025-06-13 09:31:06,487 - INFO - PRODUCTS PROCESSED    : 0
2025-06-13 09:31:06,487 - INFO - TIMESTAMP             : 2025-06-13 09:31:06.486608
2025-06-13 09:31:06,487 - DEBUG - SITE PROCESSOR: products_list_page loaded
2025-06-13 09:31:06,487 - INFO - SITE PROCESSOR: Current product page: https://bevo-militaria.com/shop/page/0/
2025-06-13 09:31:06,487 - INFO - SITE PROCESSOR: Current page: 0
2025-06-13 09:31:06,489 - DEBUG - Starting new HTTPS connection (1): bevo-militaria.com:443
2025-06-13 09:31:08,067 - DEBUG - https://bevo-militaria.com:443 "GET /shop/page/0/ HTTP/1.1" 200 None
2025-06-13 09:31:08,432 - DEBUG - Encoding detection: Unable to determine any suitable charset.
2025-06-13 09:31:08,436 - DEBUG - Encoding detection: Unable to determine any suitable charset.
2025-06-13 09:31:08,437 - WARNING - Some characters could not be decoded, and were replaced with REPLACEMENT CHARACTER.
2025-06-13 09:31:08,440 - DEBUG - SITE PROCESSOR: products_list_page_soup loaded.
2025-06-13 09:31:08,440 - DEBUG - SITE PROCESSOR: Total tiles found: 0, Valid tiles: 0
2025-06-13 09:31:08,441 - DEBUG - SITE PROCESSOR: Length of products_tile_list: 0 
2025-06-13 09:31:08,441 - INFO - SITE PROCESSOR: No products found on the current page. Stopping processing.
2025-06-13 09:31:08,441 - INFO - 
------------------------------------------------------------
                    INSTANCE TERMINATED                     
------------------------------------------------------------
2025-06-13 09:31:08,441 - INFO - MILITARIA SITE        : BEVO_MILITARIA
2025-06-13 09:31:08,441 - INFO - CONSECUTIVE MATCHES   : 0 / 1
2025-06-13 09:31:08,442 - INFO - CYCLES RUN            : False
2025-06-13 09:31:08,442 - INFO - PRODUCTS PROCESSED    : 0
2025-06-13 09:31:08,442 - INFO - TIMESTAMP             : 2025-06-13 09:31:08.441375
2025-06-13 09:31:08,442 - INFO - SITE PROCESSOR: Finished processing site: BEVO_MILITARIA
2025-06-13 09:31:08,443 - INFO - 
------------------------------------------------------------
                    INSTANCE TERMINATED                     
------------------------------------------------------------
2025-06-13 09:31:08,443 - INFO - MILITARIA SITE        : BEVO_MILITARIA
2025-06-13 09:31:08,443 - INFO - CONSECUTIVE MATCHES   : 0 / 1
2025-06-13 09:31:08,444 - INFO - CYCLES RUN            : False
2025-06-13 09:31:08,444 - INFO - PRODUCTS PROCESSED    : 0
2025-06-13 09:31:08,445 - INFO - TIMESTAMP             : 2025-06-13 09:31:08.443385
2025-06-13 09:31:08,445 - INFO - Successfully processed site: BEVO_MILITARIA
2025-06-13 09:31:08,445 - INFO - 
------------------------------------------------------------
                  FINAL PROCESSING SUMMARY                  
------------------------------------------------------------
2025-06-13 09:31:08,445 - INFO - TIMESTAMP             : 2025-06-13 09:31:08.445382
2025-06-13 09:31:08,445 - INFO - SITES PROCESSED       : BEVO_MILITARIA
2025-06-13 09:31:08,446 - INFO - TOTAL PRODUCTS        : 0
2025-06-13 09:31:08,446 - INFO - NEW PRODUCTS          : 0
2025-06-13 09:31:08,446 - INFO - OLD PRODUCTS          : 0
2025-06-13 09:31:08,446 - INFO - SITES COUNT           : 0
2025-06-13 09:31:08,446 - INFO - AVAILABILITY UPDATES  : 0
2025-06-13 09:31:08,446 - INFO - PROCESSING REQUIRED   : 0
2025-06-13 09:31:08,446 - INFO - Sleeping 123130 seconds... Next check at 2025-06-14 19:43:18
