2025-06-03 13:24:45,422 - DEBUG - Logging initialized. Log file: milivault_logs\2025-06-03_13-24-45.log
2025-06-03 13:24:45,422 - DEBUG - Adjusted logging level to DEBUG for environment: local
2025-06-03 13:24:46,556 - INFO - SETTINGS MANAGER: Changed directory to C:/Users/keena/Desktop/Milivault/scraper
2025-06-03 13:24:47,558 - INFO - Connection pool initialized successfully.
2025-06-03 13:24:47,559 - DEBUG - Changing event name from creating-client-class.iot-data to creating-client-class.iot-data-plane
2025-06-03 13:24:47,561 - DEBUG - Changing event name from before-call.apigateway to before-call.api-gateway
2025-06-03 13:24:47,562 - DEBUG - Changing event name from request-created.machinelearning.Predict to request-created.machine-learning.Predict
2025-06-03 13:24:47,562 - DEBUG - Changing event name from before-parameter-build.autoscaling.CreateLaunchConfiguration to before-parameter-build.auto-scaling.CreateLaunchConfiguration
2025-06-03 13:24:47,562 - DEBUG - Changing event name from before-parameter-build.route53 to before-parameter-build.route-53
2025-06-03 13:24:47,564 - DEBUG - Changing event name from request-created.cloudsearchdomain.Search to request-created.cloudsearch-domain.Search
2025-06-03 13:24:47,564 - DEBUG - Changing event name from docs.*.autoscaling.CreateLaunchConfiguration.complete-section to docs.*.auto-scaling.CreateLaunchConfiguration.complete-section
2025-06-03 13:24:47,566 - DEBUG - Changing event name from before-parameter-build.logs.CreateExportTask to before-parameter-build.cloudwatch-logs.CreateExportTask
2025-06-03 13:24:47,566 - DEBUG - Changing event name from docs.*.logs.CreateExportTask.complete-section to docs.*.cloudwatch-logs.CreateExportTask.complete-section
2025-06-03 13:24:47,566 - DEBUG - Changing event name from before-parameter-build.cloudsearchdomain.Search to before-parameter-build.cloudsearch-domain.Search
2025-06-03 13:24:47,567 - DEBUG - Changing event name from docs.*.cloudsearchdomain.Search.complete-section to docs.*.cloudsearch-domain.Search.complete-section
2025-06-03 13:24:47,588 - DEBUG - Loading JSON file: C:\Users\keena\Desktop\Milivault\scraper\venv\lib\site-packages\botocore\data\endpoints.json
2025-06-03 13:24:47,646 - DEBUG - Loading JSON file: C:\Users\keena\Desktop\Milivault\scraper\venv\lib\site-packages\botocore\data\sdk-default-configuration.json
2025-06-03 13:24:47,646 - DEBUG - Event choose-service-name: calling handler <function handle_service_name_alias at 0x000002327B2EACB0>
2025-06-03 13:24:47,768 - DEBUG - Loading JSON file: C:\Users\keena\Desktop\Milivault\scraper\venv\lib\site-packages\botocore\data\s3\2006-03-01\service-2.json.gz
2025-06-03 13:24:47,776 - DEBUG - Loading JSON file: C:\Users\keena\Desktop\Milivault\scraper\venv\lib\site-packages\botocore\data\s3\2006-03-01\service-2.sdk-extras.json
2025-06-03 13:24:47,897 - DEBUG - Loading JSON file: C:\Users\keena\Desktop\Milivault\scraper\venv\lib\site-packages\botocore\data\s3\2006-03-01\endpoint-rule-set-1.json.gz
2025-06-03 13:24:47,901 - DEBUG - Loading JSON file: C:\Users\keena\Desktop\Milivault\scraper\venv\lib\site-packages\botocore\data\partitions.json
2025-06-03 13:24:47,903 - DEBUG - Event creating-client-class.s3: calling handler <function add_generate_presigned_post at 0x000002327B2492D0>
2025-06-03 13:24:47,903 - DEBUG - Event creating-client-class.s3: calling handler <function lazy_call.<locals>._handler at 0x000002327CBC13F0>
2025-06-03 13:24:47,925 - DEBUG - Event creating-client-class.s3: calling handler <function add_generate_presigned_url at 0x000002327B249090>
2025-06-03 13:24:47,926 - DEBUG - Looking for endpoint for s3 via: environment_service
2025-06-03 13:24:47,926 - DEBUG - Looking for endpoint for s3 via: environment_global
2025-06-03 13:24:47,926 - DEBUG - Looking for endpoint for s3 via: config_service
2025-06-03 13:24:47,926 - DEBUG - Looking for endpoint for s3 via: config_global
2025-06-03 13:24:47,926 - DEBUG - No configured endpoint found.
2025-06-03 13:24:47,928 - DEBUG - Setting s3 timeout as (60, 60)
2025-06-03 13:24:47,930 - DEBUG - Loading JSON file: C:\Users\keena\Desktop\Milivault\scraper\venv\lib\site-packages\botocore\data\_retry.json
2025-06-03 13:24:47,931 - DEBUG - Registering retry handlers for service: s3
2025-06-03 13:24:47,931 - DEBUG - Registering S3 region redirector handler
2025-06-03 13:24:47,931 - DEBUG - Registering S3Express Identity Resolver
2025-06-03 13:24:47,932 - INFO - S3Manager initialized for bucket militaria-images
2025-06-03 13:24:49,213 - INFO - Sleeping 5 sec before next image batch...
2025-06-03 13:24:54,218 - INFO - Sleeping 5 sec before next image batch...
2025-06-03 13:24:59,218 - INFO - Sleeping 5 sec before next image batch...
