2025-06-03 14:12:07,970 - DEBUG - Logging initialized. Log file: milivault_logs\2025-06-03_14-12-07.log
2025-06-03 14:12:07,970 - DEBUG - Adjusted logging level to DEBUG for environment: local
2025-06-03 14:12:09,899 - INFO - SETTINGS MANAGER: Changed directory to C:/Users/keena/Desktop/Milivault/scraper
2025-06-03 14:12:10,866 - INFO - Connection pool initialized successfully.
2025-06-03 14:12:10,867 - DEBUG - Changing event name from creating-client-class.iot-data to creating-client-class.iot-data-plane
2025-06-03 14:12:10,868 - DEBUG - Changing event name from before-call.apigateway to before-call.api-gateway
2025-06-03 14:12:10,869 - DEBUG - Changing event name from request-created.machinelearning.Predict to request-created.machine-learning.Predict
2025-06-03 14:12:10,870 - DEBUG - Changing event name from before-parameter-build.autoscaling.CreateLaunchConfiguration to before-parameter-build.auto-scaling.CreateLaunchConfiguration
2025-06-03 14:12:10,870 - DEBUG - Changing event name from before-parameter-build.route53 to before-parameter-build.route-53
2025-06-03 14:12:10,871 - DEBUG - Changing event name from request-created.cloudsearchdomain.Search to request-created.cloudsearch-domain.Search
2025-06-03 14:12:10,872 - DEBUG - Changing event name from docs.*.autoscaling.CreateLaunchConfiguration.complete-section to docs.*.auto-scaling.CreateLaunchConfiguration.complete-section
2025-06-03 14:12:10,874 - DEBUG - Changing event name from before-parameter-build.logs.CreateExportTask to before-parameter-build.cloudwatch-logs.CreateExportTask
2025-06-03 14:12:10,874 - DEBUG - Changing event name from docs.*.logs.CreateExportTask.complete-section to docs.*.cloudwatch-logs.CreateExportTask.complete-section
2025-06-03 14:12:10,874 - DEBUG - Changing event name from before-parameter-build.cloudsearchdomain.Search to before-parameter-build.cloudsearch-domain.Search
2025-06-03 14:12:10,875 - DEBUG - Changing event name from docs.*.cloudsearchdomain.Search.complete-section to docs.*.cloudsearch-domain.Search.complete-section
2025-06-03 14:12:10,893 - DEBUG - Loading JSON file: C:\Users\keena\Desktop\Milivault\scraper\venv\lib\site-packages\botocore\data\endpoints.json
2025-06-03 14:12:10,954 - DEBUG - Loading JSON file: C:\Users\keena\Desktop\Milivault\scraper\venv\lib\site-packages\botocore\data\sdk-default-configuration.json
2025-06-03 14:12:10,954 - DEBUG - Event choose-service-name: calling handler <function handle_service_name_alias at 0x00000202C2EAAD40>
2025-06-03 14:12:11,079 - DEBUG - Loading JSON file: C:\Users\keena\Desktop\Milivault\scraper\venv\lib\site-packages\botocore\data\s3\2006-03-01\service-2.json.gz
2025-06-03 14:12:11,086 - DEBUG - Loading JSON file: C:\Users\keena\Desktop\Milivault\scraper\venv\lib\site-packages\botocore\data\s3\2006-03-01\service-2.sdk-extras.json
2025-06-03 14:12:11,206 - DEBUG - Loading JSON file: C:\Users\keena\Desktop\Milivault\scraper\venv\lib\site-packages\botocore\data\s3\2006-03-01\endpoint-rule-set-1.json.gz
2025-06-03 14:12:11,212 - DEBUG - Loading JSON file: C:\Users\keena\Desktop\Milivault\scraper\venv\lib\site-packages\botocore\data\partitions.json
2025-06-03 14:12:11,213 - DEBUG - Event creating-client-class.s3: calling handler <function add_generate_presigned_post at 0x00000202C2E09360>
2025-06-03 14:12:11,213 - DEBUG - Event creating-client-class.s3: calling handler <function lazy_call.<locals>._handler at 0x00000202C47815A0>
2025-06-03 14:12:11,246 - DEBUG - Event creating-client-class.s3: calling handler <function add_generate_presigned_url at 0x00000202C2E09120>
2025-06-03 14:12:11,247 - DEBUG - Looking for endpoint for s3 via: environment_service
2025-06-03 14:12:11,247 - DEBUG - Looking for endpoint for s3 via: environment_global
2025-06-03 14:12:11,247 - DEBUG - Looking for endpoint for s3 via: config_service
2025-06-03 14:12:11,248 - DEBUG - Looking for endpoint for s3 via: config_global
2025-06-03 14:12:11,248 - DEBUG - No configured endpoint found.
2025-06-03 14:12:11,250 - DEBUG - Setting s3 timeout as (60, 60)
2025-06-03 14:12:11,253 - DEBUG - Loading JSON file: C:\Users\keena\Desktop\Milivault\scraper\venv\lib\site-packages\botocore\data\_retry.json
2025-06-03 14:12:11,254 - DEBUG - Registering retry handlers for service: s3
2025-06-03 14:12:11,254 - DEBUG - Registering S3 region redirector handler
2025-06-03 14:12:11,255 - DEBUG - Registering S3Express Identity Resolver
2025-06-03 14:12:11,256 - INFO - S3Manager initialized for bucket militaria-images
2025-06-03 14:12:12,588 - INFO - 🛠️ Attempting image recovery for 100 records...
2025-06-03 14:12:12,588 - INFO - 
🔍 Processing product URL: https://mindenmilitaria.com/shop.php?code=59288 (site: MINDEN_MILITARIA)
2025-06-03 14:12:12,590 - ERROR - Error decoding JSON file C:/Users/keena/Desktop/Milivault/site-json/661944.json: Expecting value: line 1 column 1 (char 0)
2025-06-03 14:12:12,595 - INFO - ⏩ Skipping BAS_MILITARIA.json: marked as not working
2025-06-03 14:12:12,600 - INFO - ⏩ Skipping COLONELS_MILITARIA.json: marked as not working
2025-06-03 14:12:12,601 - INFO - ⏩ Skipping CS_MILITARIA.json: marked as not working
2025-06-03 14:12:12,603 - INFO - ⏩ Skipping EAGLE_RELICS_NEW.json: marked as not working
2025-06-03 14:12:12,604 - INFO - ⏩ Skipping ENEMY_MILITARIA.json: marked as not working
2025-06-03 14:12:12,605 - INFO - ⏩ Skipping EPSOM1944.json: marked as not working
2025-06-03 14:12:12,609 - INFO - ⏩ Skipping GERMANYCALLING.json: marked as not working
2025-06-03 14:12:12,609 - INFO - ⏩ Skipping GIELS_MILITARIA_WW2_GERMAN_AWARDS.json: marked as not working
2025-06-03 14:12:12,611 - INFO - ⏩ Skipping HANNAHS_REICH.json: marked as not working
2025-06-03 14:12:12,612 - INFO - ⏩ Skipping HISCOLL_MILITARY_ANTIQUES.json: marked as not working
2025-06-03 14:12:12,619 - INFO - ⏩ Skipping MINDEN_MILITARIA.json: marked as not working
2025-06-03 14:12:12,619 - INFO - ⏩ Skipping MONTGOMERY_MILITARIA.json: marked as not working
2025-06-03 14:12:12,624 - INFO - ⏩ Skipping RG_MILITARIA_NEW.json: marked as not working
2025-06-03 14:12:12,624 - INFO - ⏩ Skipping RG_MILITARIA_SOLD.json: marked as not working
2025-06-03 14:12:12,627 - INFO - ⏩ Skipping SOUVENIRS_MILITAIRES.json: marked as not working
2025-06-03 14:12:12,627 - INFO - ⏩ Skipping SOUVENIRS_MILITAIRES_SOLD.json: marked as not working
2025-06-03 14:12:12,628 - INFO - ⏩ Skipping SS_STEEL_INC.json: marked as not working
2025-06-03 14:12:12,628 - INFO - ⏩ Skipping STEWARTS_MILITARIA.json: marked as not working
2025-06-03 14:12:12,629 - INFO - ⏩ Skipping STEWARTS_MILITARIA_SOLD.json: marked as not working
2025-06-03 14:12:12,630 - INFO - ⏩ Skipping TARNMILITARIA.json: marked as not working
2025-06-03 14:12:12,632 - INFO - ⏩ Skipping TRENCH_RAT_MILITARIA.json: marked as not working
2025-06-03 14:12:12,636 - INFO - ✅ Loaded 92 working site profiles from C:/Users/keena/Desktop/Milivault/site-json/
2025-06-03 14:12:12,636 - WARNING - ❌ No site profile found for MINDEN_MILITARIA. Skipping.
2025-06-03 14:12:12,636 - INFO - 
🔍 Processing product URL: https://www.rg-militaria.com/product/18710451/original-ww2-french-press-photo-dutch-queen-wilhelmina-returns-to-holland-maastricht-1945 (site: RG_MILITARIA)
2025-06-03 14:12:12,637 - ERROR - Error decoding JSON file C:/Users/keena/Desktop/Milivault/site-json/661944.json: Expecting value: line 1 column 1 (char 0)
2025-06-03 14:12:12,639 - INFO - ⏩ Skipping BAS_MILITARIA.json: marked as not working
2025-06-03 14:12:12,642 - INFO - ⏩ Skipping COLONELS_MILITARIA.json: marked as not working
2025-06-03 14:12:12,642 - INFO - ⏩ Skipping CS_MILITARIA.json: marked as not working
2025-06-03 14:12:12,643 - INFO - ⏩ Skipping EAGLE_RELICS_NEW.json: marked as not working
2025-06-03 14:12:12,644 - INFO - ⏩ Skipping ENEMY_MILITARIA.json: marked as not working
2025-06-03 14:12:12,644 - INFO - ⏩ Skipping EPSOM1944.json: marked as not working
2025-06-03 14:12:12,646 - INFO - ⏩ Skipping GERMANYCALLING.json: marked as not working
2025-06-03 14:12:12,646 - INFO - ⏩ Skipping GIELS_MILITARIA_WW2_GERMAN_AWARDS.json: marked as not working
2025-06-03 14:12:12,647 - INFO - ⏩ Skipping HANNAHS_REICH.json: marked as not working
2025-06-03 14:12:12,647 - INFO - ⏩ Skipping HISCOLL_MILITARY_ANTIQUES.json: marked as not working
2025-06-03 14:12:12,650 - INFO - ⏩ Skipping MINDEN_MILITARIA.json: marked as not working
2025-06-03 14:12:12,651 - INFO - ⏩ Skipping MONTGOMERY_MILITARIA.json: marked as not working
2025-06-03 14:12:12,653 - INFO - ⏩ Skipping RG_MILITARIA_NEW.json: marked as not working
2025-06-03 14:12:12,653 - INFO - ⏩ Skipping RG_MILITARIA_SOLD.json: marked as not working
2025-06-03 14:12:12,654 - INFO - ⏩ Skipping SOUVENIRS_MILITAIRES.json: marked as not working
2025-06-03 14:12:12,655 - INFO - ⏩ Skipping SOUVENIRS_MILITAIRES_SOLD.json: marked as not working
2025-06-03 14:12:12,655 - INFO - ⏩ Skipping SS_STEEL_INC.json: marked as not working
2025-06-03 14:12:12,656 - INFO - ⏩ Skipping STEWARTS_MILITARIA.json: marked as not working
2025-06-03 14:12:12,656 - INFO - ⏩ Skipping STEWARTS_MILITARIA_SOLD.json: marked as not working
2025-06-03 14:12:12,656 - INFO - ⏩ Skipping TARNMILITARIA.json: marked as not working
2025-06-03 14:12:12,658 - INFO - ⏩ Skipping TRENCH_RAT_MILITARIA.json: marked as not working
2025-06-03 14:12:12,660 - INFO - ✅ Loaded 92 working site profiles from C:/Users/keena/Desktop/Milivault/site-json/
2025-06-03 14:12:12,660 - WARNING - ❌ No site profile found for RG_MILITARIA. Skipping.
2025-06-03 14:12:12,660 - INFO - 
🔍 Processing product URL: https://militariaplaza.nl//new/hoffmann-photo-book-jugend-um-hitler-detail (site: MILITARIA_PLAZA)
2025-06-03 14:12:12,662 - ERROR - Error decoding JSON file C:/Users/keena/Desktop/Milivault/site-json/661944.json: Expecting value: line 1 column 1 (char 0)
2025-06-03 14:12:12,664 - INFO - ⏩ Skipping BAS_MILITARIA.json: marked as not working
2025-06-03 14:12:12,666 - INFO - ⏩ Skipping COLONELS_MILITARIA.json: marked as not working
2025-06-03 14:12:12,666 - INFO - ⏩ Skipping CS_MILITARIA.json: marked as not working
2025-06-03 14:12:12,667 - INFO - ⏩ Skipping EAGLE_RELICS_NEW.json: marked as not working
2025-06-03 14:12:12,668 - INFO - ⏩ Skipping ENEMY_MILITARIA.json: marked as not working
2025-06-03 14:12:12,668 - INFO - ⏩ Skipping EPSOM1944.json: marked as not working
2025-06-03 14:12:12,670 - INFO - ⏩ Skipping GERMANYCALLING.json: marked as not working
2025-06-03 14:12:12,671 - INFO - ⏩ Skipping GIELS_MILITARIA_WW2_GERMAN_AWARDS.json: marked as not working
2025-06-03 14:12:12,672 - INFO - ⏩ Skipping HANNAHS_REICH.json: marked as not working
2025-06-03 14:12:12,672 - INFO - ⏩ Skipping HISCOLL_MILITARY_ANTIQUES.json: marked as not working
2025-06-03 14:12:12,676 - INFO - ⏩ Skipping MINDEN_MILITARIA.json: marked as not working
2025-06-03 14:12:12,677 - INFO - ⏩ Skipping MONTGOMERY_MILITARIA.json: marked as not working
2025-06-03 14:12:12,678 - INFO - ⏩ Skipping RG_MILITARIA_NEW.json: marked as not working
2025-06-03 14:12:12,679 - INFO - ⏩ Skipping RG_MILITARIA_SOLD.json: marked as not working
2025-06-03 14:12:12,680 - INFO - ⏩ Skipping SOUVENIRS_MILITAIRES.json: marked as not working
2025-06-03 14:12:12,680 - INFO - ⏩ Skipping SOUVENIRS_MILITAIRES_SOLD.json: marked as not working
2025-06-03 14:12:12,682 - INFO - ⏩ Skipping SS_STEEL_INC.json: marked as not working
2025-06-03 14:12:12,682 - INFO - ⏩ Skipping STEWARTS_MILITARIA.json: marked as not working
2025-06-03 14:12:12,682 - INFO - ⏩ Skipping STEWARTS_MILITARIA_SOLD.json: marked as not working
2025-06-03 14:12:12,682 - INFO - ⏩ Skipping TARNMILITARIA.json: marked as not working
2025-06-03 14:12:12,684 - INFO - ⏩ Skipping TRENCH_RAT_MILITARIA.json: marked as not working
2025-06-03 14:12:12,685 - INFO - ✅ Loaded 92 working site profiles from C:/Users/keena/Desktop/Milivault/site-json/
2025-06-03 14:12:12,689 - DEBUG - Starting new HTTPS connection (1): militariaplaza.nl:443
2025-06-03 14:12:14,344 - DEBUG - https://militariaplaza.nl:443 "GET /new/hoffmann-photo-book-jugend-um-hitler-detail HTTP/1.1" 200 None
2025-06-03 14:12:14,381 - INFO - 🖼️ Extracted 8 image(s) for https://militariaplaza.nl//new/hoffmann-photo-book-jugend-um-hitler-detail. Uploading...
2025-06-03 14:12:14,382 - ERROR - ❌ Exception during image extraction/upload for https://militariaplaza.nl//new/hoffmann-photo-book-jugend-um-hitler-detail: S3Manager.upload_images_for_product() missing 1 required positional argument: 'rds_manager'
2025-06-03 14:12:14,555 - INFO - 🛑 Marked https://militariaplaza.nl//new/hoffmann-photo-book-jugend-um-hitler-detail as failed in database.
2025-06-03 14:12:14,555 - INFO - 
🔍 Processing product URL: https://worldwarcollectibles.com/shop.php?code=72202 (site: WORLDWAR_COLLECTIBLES)
2025-06-03 14:12:14,556 - ERROR - Error decoding JSON file C:/Users/keena/Desktop/Milivault/site-json/661944.json: Expecting value: line 1 column 1 (char 0)
2025-06-03 14:12:14,559 - INFO - ⏩ Skipping BAS_MILITARIA.json: marked as not working
2025-06-03 14:12:14,561 - INFO - ⏩ Skipping COLONELS_MILITARIA.json: marked as not working
2025-06-03 14:12:14,562 - INFO - ⏩ Skipping CS_MILITARIA.json: marked as not working
2025-06-03 14:12:14,562 - INFO - ⏩ Skipping EAGLE_RELICS_NEW.json: marked as not working
2025-06-03 14:12:14,563 - INFO - ⏩ Skipping ENEMY_MILITARIA.json: marked as not working
2025-06-03 14:12:14,563 - INFO - ⏩ Skipping EPSOM1944.json: marked as not working
2025-06-03 14:12:14,566 - INFO - ⏩ Skipping GERMANYCALLING.json: marked as not working
2025-06-03 14:12:14,566 - INFO - ⏩ Skipping GIELS_MILITARIA_WW2_GERMAN_AWARDS.json: marked as not working
2025-06-03 14:12:14,567 - INFO - ⏩ Skipping HANNAHS_REICH.json: marked as not working
2025-06-03 14:12:14,567 - INFO - ⏩ Skipping HISCOLL_MILITARY_ANTIQUES.json: marked as not working
2025-06-03 14:12:14,571 - INFO - ⏩ Skipping MINDEN_MILITARIA.json: marked as not working
2025-06-03 14:12:14,572 - INFO - ⏩ Skipping MONTGOMERY_MILITARIA.json: marked as not working
2025-06-03 14:12:14,574 - INFO - ⏩ Skipping RG_MILITARIA_NEW.json: marked as not working
2025-06-03 14:12:14,574 - INFO - ⏩ Skipping RG_MILITARIA_SOLD.json: marked as not working
2025-06-03 14:12:14,575 - INFO - ⏩ Skipping SOUVENIRS_MILITAIRES.json: marked as not working
2025-06-03 14:12:14,575 - INFO - ⏩ Skipping SOUVENIRS_MILITAIRES_SOLD.json: marked as not working
2025-06-03 14:12:14,576 - INFO - ⏩ Skipping SS_STEEL_INC.json: marked as not working
2025-06-03 14:12:14,576 - INFO - ⏩ Skipping STEWARTS_MILITARIA.json: marked as not working
2025-06-03 14:12:14,577 - INFO - ⏩ Skipping STEWARTS_MILITARIA_SOLD.json: marked as not working
2025-06-03 14:12:14,577 - INFO - ⏩ Skipping TARNMILITARIA.json: marked as not working
2025-06-03 14:12:14,578 - INFO - ⏩ Skipping TRENCH_RAT_MILITARIA.json: marked as not working
2025-06-03 14:12:14,580 - INFO - ✅ Loaded 92 working site profiles from C:/Users/keena/Desktop/Milivault/site-json/
2025-06-03 14:12:14,581 - DEBUG - Starting new HTTPS connection (1): worldwarcollectibles.com:443
2025-06-03 14:12:15,846 - DEBUG - https://worldwarcollectibles.com:443 "GET /shop.php?code=72202 HTTP/1.1" 200 2900
2025-06-03 14:12:15,853 - INFO - 🖼️ Extracted 3 image(s) for https://worldwarcollectibles.com/shop.php?code=72202. Uploading...
2025-06-03 14:12:15,853 - ERROR - ❌ Exception during image extraction/upload for https://worldwarcollectibles.com/shop.php?code=72202: S3Manager.upload_images_for_product() missing 1 required positional argument: 'rds_manager'
2025-06-03 14:12:16,005 - INFO - 🛑 Marked https://worldwarcollectibles.com/shop.php?code=72202 as failed in database.
2025-06-03 14:12:16,005 - INFO - 
🔍 Processing product URL: https://apgmilitaria.com/shop.php?code=50836 (site: APG_MILITARIA)
2025-06-03 14:12:16,006 - ERROR - Error decoding JSON file C:/Users/keena/Desktop/Milivault/site-json/661944.json: Expecting value: line 1 column 1 (char 0)
2025-06-03 14:12:16,008 - INFO - ⏩ Skipping BAS_MILITARIA.json: marked as not working
2025-06-03 14:12:16,010 - INFO - ⏩ Skipping COLONELS_MILITARIA.json: marked as not working
2025-06-03 14:12:16,011 - INFO - ⏩ Skipping CS_MILITARIA.json: marked as not working
2025-06-03 14:12:16,012 - INFO - ⏩ Skipping EAGLE_RELICS_NEW.json: marked as not working
2025-06-03 14:12:16,012 - INFO - ⏩ Skipping ENEMY_MILITARIA.json: marked as not working
2025-06-03 14:12:16,013 - INFO - ⏩ Skipping EPSOM1944.json: marked as not working
2025-06-03 14:12:16,014 - INFO - ⏩ Skipping GERMANYCALLING.json: marked as not working
2025-06-03 14:12:16,015 - INFO - ⏩ Skipping GIELS_MILITARIA_WW2_GERMAN_AWARDS.json: marked as not working
2025-06-03 14:12:16,016 - INFO - ⏩ Skipping HANNAHS_REICH.json: marked as not working
2025-06-03 14:12:16,016 - INFO - ⏩ Skipping HISCOLL_MILITARY_ANTIQUES.json: marked as not working
2025-06-03 14:12:16,020 - INFO - ⏩ Skipping MINDEN_MILITARIA.json: marked as not working
2025-06-03 14:12:16,020 - INFO - ⏩ Skipping MONTGOMERY_MILITARIA.json: marked as not working
2025-06-03 14:12:16,022 - INFO - ⏩ Skipping RG_MILITARIA_NEW.json: marked as not working
2025-06-03 14:12:16,022 - INFO - ⏩ Skipping RG_MILITARIA_SOLD.json: marked as not working
2025-06-03 14:12:16,024 - INFO - ⏩ Skipping SOUVENIRS_MILITAIRES.json: marked as not working
2025-06-03 14:12:16,024 - INFO - ⏩ Skipping SOUVENIRS_MILITAIRES_SOLD.json: marked as not working
2025-06-03 14:12:16,025 - INFO - ⏩ Skipping SS_STEEL_INC.json: marked as not working
2025-06-03 14:12:16,025 - INFO - ⏩ Skipping STEWARTS_MILITARIA.json: marked as not working
2025-06-03 14:12:16,026 - INFO - ⏩ Skipping STEWARTS_MILITARIA_SOLD.json: marked as not working
2025-06-03 14:12:16,026 - INFO - ⏩ Skipping TARNMILITARIA.json: marked as not working
2025-06-03 14:12:16,027 - INFO - ⏩ Skipping TRENCH_RAT_MILITARIA.json: marked as not working
2025-06-03 14:12:16,029 - INFO - ✅ Loaded 92 working site profiles from C:/Users/keena/Desktop/Milivault/site-json/
2025-06-03 14:12:16,031 - DEBUG - Starting new HTTPS connection (1): apgmilitaria.com:443
2025-06-03 14:12:17,350 - DEBUG - https://apgmilitaria.com:443 "GET /shop.php?code=50836 HTTP/1.1" 200 2685
2025-06-03 14:12:17,357 - INFO - 🖼️ Extracted 1 image(s) for https://apgmilitaria.com/shop.php?code=50836. Uploading...
2025-06-03 14:12:17,357 - ERROR - ❌ Exception during image extraction/upload for https://apgmilitaria.com/shop.php?code=50836: S3Manager.upload_images_for_product() missing 1 required positional argument: 'rds_manager'
2025-06-03 14:12:17,515 - INFO - 🛑 Marked https://apgmilitaria.com/shop.php?code=50836 as failed in database.
2025-06-03 14:12:17,515 - INFO - ⚠️ Skipping APG_MILITARIA: already processed in this batch.
2025-06-03 14:12:17,515 - INFO - ⚠️ Skipping MILITARIA_PLAZA: already processed in this batch.
2025-06-03 14:12:17,515 - INFO - 
🔍 Processing product URL: https://arnhem44.com/shop.php?code=51631 (site: ARNHEM44)
2025-06-03 14:12:17,516 - ERROR - Error decoding JSON file C:/Users/keena/Desktop/Milivault/site-json/661944.json: Expecting value: line 1 column 1 (char 0)
2025-06-03 14:12:17,520 - INFO - ⏩ Skipping BAS_MILITARIA.json: marked as not working
2025-06-03 14:12:17,522 - INFO - ⏩ Skipping COLONELS_MILITARIA.json: marked as not working
2025-06-03 14:12:17,522 - INFO - ⏩ Skipping CS_MILITARIA.json: marked as not working
2025-06-03 14:12:17,523 - INFO - ⏩ Skipping EAGLE_RELICS_NEW.json: marked as not working
2025-06-03 14:12:17,524 - INFO - ⏩ Skipping ENEMY_MILITARIA.json: marked as not working
2025-06-03 14:12:17,524 - INFO - ⏩ Skipping EPSOM1944.json: marked as not working
2025-06-03 14:12:17,526 - INFO - ⏩ Skipping GERMANYCALLING.json: marked as not working
2025-06-03 14:12:17,527 - INFO - ⏩ Skipping GIELS_MILITARIA_WW2_GERMAN_AWARDS.json: marked as not working
2025-06-03 14:12:17,528 - INFO - ⏩ Skipping HANNAHS_REICH.json: marked as not working
2025-06-03 14:12:17,528 - INFO - ⏩ Skipping HISCOLL_MILITARY_ANTIQUES.json: marked as not working
2025-06-03 14:12:17,531 - INFO - ⏩ Skipping MINDEN_MILITARIA.json: marked as not working
2025-06-03 14:12:17,532 - INFO - ⏩ Skipping MONTGOMERY_MILITARIA.json: marked as not working
2025-06-03 14:12:17,533 - INFO - ⏩ Skipping RG_MILITARIA_NEW.json: marked as not working
2025-06-03 14:12:17,533 - INFO - ⏩ Skipping RG_MILITARIA_SOLD.json: marked as not working
2025-06-03 14:12:17,535 - INFO - ⏩ Skipping SOUVENIRS_MILITAIRES.json: marked as not working
2025-06-03 14:12:17,535 - INFO - ⏩ Skipping SOUVENIRS_MILITAIRES_SOLD.json: marked as not working
2025-06-03 14:12:17,536 - INFO - ⏩ Skipping SS_STEEL_INC.json: marked as not working
2025-06-03 14:12:17,536 - INFO - ⏩ Skipping STEWARTS_MILITARIA.json: marked as not working
2025-06-03 14:12:17,536 - INFO - ⏩ Skipping STEWARTS_MILITARIA_SOLD.json: marked as not working
2025-06-03 14:12:17,537 - INFO - ⏩ Skipping TARNMILITARIA.json: marked as not working
2025-06-03 14:12:17,538 - INFO - ⏩ Skipping TRENCH_RAT_MILITARIA.json: marked as not working
2025-06-03 14:12:17,540 - INFO - ✅ Loaded 92 working site profiles from C:/Users/keena/Desktop/Milivault/site-json/
2025-06-03 14:12:17,542 - DEBUG - Starting new HTTPS connection (1): arnhem44.com:443
2025-06-03 14:12:18,596 - DEBUG - https://arnhem44.com:443 "GET /shop.php?code=51631 HTTP/1.1" 200 2772
2025-06-03 14:12:18,602 - INFO - 🖼️ Extracted 2 image(s) for https://arnhem44.com/shop.php?code=51631. Uploading...
2025-06-03 14:12:18,603 - ERROR - ❌ Exception during image extraction/upload for https://arnhem44.com/shop.php?code=51631: S3Manager.upload_images_for_product() missing 1 required positional argument: 'rds_manager'
2025-06-03 14:12:18,752 - INFO - 🛑 Marked https://arnhem44.com/shop.php?code=51631 as failed in database.
2025-06-03 14:12:18,752 - INFO - ⚠️ Skipping ARNHEM44: already processed in this batch.
2025-06-03 14:12:18,753 - INFO - ⚠️ Skipping WORLDWAR_COLLECTIBLES: already processed in this batch.
2025-06-03 14:12:18,753 - INFO - 
🔍 Processing product URL: https://crowvalleymilitaria.com/shop.php?code=56478 (site: CROW_VALLEY_MILITARIA)
2025-06-03 14:12:18,754 - ERROR - Error decoding JSON file C:/Users/keena/Desktop/Milivault/site-json/661944.json: Expecting value: line 1 column 1 (char 0)
2025-06-03 14:12:18,756 - INFO - ⏩ Skipping BAS_MILITARIA.json: marked as not working
2025-06-03 14:12:18,758 - INFO - ⏩ Skipping COLONELS_MILITARIA.json: marked as not working
2025-06-03 14:12:18,758 - INFO - ⏩ Skipping CS_MILITARIA.json: marked as not working
2025-06-03 14:12:18,759 - INFO - ⏩ Skipping EAGLE_RELICS_NEW.json: marked as not working
2025-06-03 14:12:18,760 - INFO - ⏩ Skipping ENEMY_MILITARIA.json: marked as not working
2025-06-03 14:12:18,760 - INFO - ⏩ Skipping EPSOM1944.json: marked as not working
2025-06-03 14:12:18,762 - INFO - ⏩ Skipping GERMANYCALLING.json: marked as not working
2025-06-03 14:12:18,762 - INFO - ⏩ Skipping GIELS_MILITARIA_WW2_GERMAN_AWARDS.json: marked as not working
2025-06-03 14:12:18,763 - INFO - ⏩ Skipping HANNAHS_REICH.json: marked as not working
2025-06-03 14:12:18,763 - INFO - ⏩ Skipping HISCOLL_MILITARY_ANTIQUES.json: marked as not working
2025-06-03 14:12:18,767 - INFO - ⏩ Skipping MINDEN_MILITARIA.json: marked as not working
2025-06-03 14:12:18,767 - INFO - ⏩ Skipping MONTGOMERY_MILITARIA.json: marked as not working
2025-06-03 14:12:18,769 - INFO - ⏩ Skipping RG_MILITARIA_NEW.json: marked as not working
2025-06-03 14:12:18,769 - INFO - ⏩ Skipping RG_MILITARIA_SOLD.json: marked as not working
2025-06-03 14:12:18,770 - INFO - ⏩ Skipping SOUVENIRS_MILITAIRES.json: marked as not working
2025-06-03 14:12:18,771 - INFO - ⏩ Skipping SOUVENIRS_MILITAIRES_SOLD.json: marked as not working
2025-06-03 14:12:18,771 - INFO - ⏩ Skipping SS_STEEL_INC.json: marked as not working
2025-06-03 14:12:18,772 - INFO - ⏩ Skipping STEWARTS_MILITARIA.json: marked as not working
2025-06-03 14:12:18,772 - INFO - ⏩ Skipping STEWARTS_MILITARIA_SOLD.json: marked as not working
2025-06-03 14:12:18,773 - INFO - ⏩ Skipping TARNMILITARIA.json: marked as not working
2025-06-03 14:12:18,776 - INFO - ⏩ Skipping TRENCH_RAT_MILITARIA.json: marked as not working
2025-06-03 14:12:18,777 - INFO - ✅ Loaded 92 working site profiles from C:/Users/keena/Desktop/Milivault/site-json/
2025-06-03 14:12:18,779 - DEBUG - Starting new HTTPS connection (1): crowvalleymilitaria.com:443
2025-06-03 14:12:20,241 - DEBUG - https://crowvalleymilitaria.com:443 "GET /shop.php?code=56478 HTTP/1.1" 200 3174
2025-06-03 14:12:20,248 - INFO - 🖼️ Extracted 10 image(s) for https://crowvalleymilitaria.com/shop.php?code=56478. Uploading...
2025-06-03 14:12:20,248 - ERROR - ❌ Exception during image extraction/upload for https://crowvalleymilitaria.com/shop.php?code=56478: S3Manager.upload_images_for_product() missing 1 required positional argument: 'rds_manager'
2025-06-03 14:12:20,401 - INFO - 🛑 Marked https://crowvalleymilitaria.com/shop.php?code=56478 as failed in database.
2025-06-03 14:12:20,402 - INFO - 
🔍 Processing product URL: https://a2zmilitarycollectables.co.uk/shop.php?code=24918 (site: A2Z_MILITARY_COLLECTABLES)
2025-06-03 14:12:20,402 - ERROR - Error decoding JSON file C:/Users/keena/Desktop/Milivault/site-json/661944.json: Expecting value: line 1 column 1 (char 0)
2025-06-03 14:12:20,405 - INFO - ⏩ Skipping BAS_MILITARIA.json: marked as not working
2025-06-03 14:12:20,407 - INFO - ⏩ Skipping COLONELS_MILITARIA.json: marked as not working
2025-06-03 14:12:20,407 - INFO - ⏩ Skipping CS_MILITARIA.json: marked as not working
2025-06-03 14:12:20,408 - INFO - ⏩ Skipping EAGLE_RELICS_NEW.json: marked as not working
2025-06-03 14:12:20,409 - INFO - ⏩ Skipping ENEMY_MILITARIA.json: marked as not working
2025-06-03 14:12:20,409 - INFO - ⏩ Skipping EPSOM1944.json: marked as not working
2025-06-03 14:12:20,411 - INFO - ⏩ Skipping GERMANYCALLING.json: marked as not working
2025-06-03 14:12:20,412 - INFO - ⏩ Skipping GIELS_MILITARIA_WW2_GERMAN_AWARDS.json: marked as not working
2025-06-03 14:12:20,412 - INFO - ⏩ Skipping HANNAHS_REICH.json: marked as not working
2025-06-03 14:12:20,412 - INFO - ⏩ Skipping HISCOLL_MILITARY_ANTIQUES.json: marked as not working
2025-06-03 14:12:20,415 - INFO - ⏩ Skipping MINDEN_MILITARIA.json: marked as not working
2025-06-03 14:12:20,416 - INFO - ⏩ Skipping MONTGOMERY_MILITARIA.json: marked as not working
2025-06-03 14:12:20,418 - INFO - ⏩ Skipping RG_MILITARIA_NEW.json: marked as not working
2025-06-03 14:12:20,418 - INFO - ⏩ Skipping RG_MILITARIA_SOLD.json: marked as not working
2025-06-03 14:12:20,419 - INFO - ⏩ Skipping SOUVENIRS_MILITAIRES.json: marked as not working
2025-06-03 14:12:20,419 - INFO - ⏩ Skipping SOUVENIRS_MILITAIRES_SOLD.json: marked as not working
2025-06-03 14:12:20,420 - INFO - ⏩ Skipping SS_STEEL_INC.json: marked as not working
2025-06-03 14:12:20,420 - INFO - ⏩ Skipping STEWARTS_MILITARIA.json: marked as not working
2025-06-03 14:12:20,421 - INFO - ⏩ Skipping STEWARTS_MILITARIA_SOLD.json: marked as not working
2025-06-03 14:12:20,422 - INFO - ⏩ Skipping TARNMILITARIA.json: marked as not working
2025-06-03 14:12:20,422 - INFO - ⏩ Skipping TRENCH_RAT_MILITARIA.json: marked as not working
2025-06-03 14:12:20,424 - INFO - ✅ Loaded 92 working site profiles from C:/Users/keena/Desktop/Milivault/site-json/
2025-06-03 14:12:20,426 - DEBUG - Starting new HTTPS connection (1): a2zmilitarycollectables.co.uk:443
2025-06-03 14:12:21,820 - DEBUG - https://a2zmilitarycollectables.co.uk:443 "GET /shop.php?code=24918 HTTP/1.1" 200 2989
2025-06-03 14:12:21,827 - INFO - 🖼️ Extracted 5 image(s) for https://a2zmilitarycollectables.co.uk/shop.php?code=24918. Uploading...
2025-06-03 14:12:21,827 - ERROR - ❌ Exception during image extraction/upload for https://a2zmilitarycollectables.co.uk/shop.php?code=24918: S3Manager.upload_images_for_product() missing 1 required positional argument: 'rds_manager'
2025-06-03 14:12:21,978 - INFO - 🛑 Marked https://a2zmilitarycollectables.co.uk/shop.php?code=24918 as failed in database.
2025-06-03 14:12:21,978 - INFO - 
🔍 Processing product URL: https://mindenmilitaria.com/shop.php?code=54012 (site: MINDEN_MILITARIA)
2025-06-03 14:12:21,979 - ERROR - Error decoding JSON file C:/Users/keena/Desktop/Milivault/site-json/661944.json: Expecting value: line 1 column 1 (char 0)
2025-06-03 14:12:21,982 - INFO - ⏩ Skipping BAS_MILITARIA.json: marked as not working
2025-06-03 14:12:21,985 - INFO - ⏩ Skipping COLONELS_MILITARIA.json: marked as not working
2025-06-03 14:12:21,986 - INFO - ⏩ Skipping CS_MILITARIA.json: marked as not working
2025-06-03 14:12:21,986 - INFO - ⏩ Skipping EAGLE_RELICS_NEW.json: marked as not working
2025-06-03 14:12:21,987 - INFO - ⏩ Skipping ENEMY_MILITARIA.json: marked as not working
2025-06-03 14:12:21,987 - INFO - ⏩ Skipping EPSOM1944.json: marked as not working
2025-06-03 14:12:21,989 - INFO - ⏩ Skipping GERMANYCALLING.json: marked as not working
2025-06-03 14:12:21,989 - INFO - ⏩ Skipping GIELS_MILITARIA_WW2_GERMAN_AWARDS.json: marked as not working
2025-06-03 14:12:21,990 - INFO - ⏩ Skipping HANNAHS_REICH.json: marked as not working
2025-06-03 14:12:21,990 - INFO - ⏩ Skipping HISCOLL_MILITARY_ANTIQUES.json: marked as not working
2025-06-03 14:12:21,995 - INFO - ⏩ Skipping MINDEN_MILITARIA.json: marked as not working
2025-06-03 14:12:21,995 - INFO - ⏩ Skipping MONTGOMERY_MILITARIA.json: marked as not working
2025-06-03 14:12:21,997 - INFO - ⏩ Skipping RG_MILITARIA_NEW.json: marked as not working
2025-06-03 14:12:21,998 - INFO - ⏩ Skipping RG_MILITARIA_SOLD.json: marked as not working
2025-06-03 14:12:21,999 - INFO - ⏩ Skipping SOUVENIRS_MILITAIRES.json: marked as not working
2025-06-03 14:12:21,999 - INFO - ⏩ Skipping SOUVENIRS_MILITAIRES_SOLD.json: marked as not working
2025-06-03 14:12:22,000 - INFO - ⏩ Skipping SS_STEEL_INC.json: marked as not working
2025-06-03 14:12:22,000 - INFO - ⏩ Skipping STEWARTS_MILITARIA.json: marked as not working
2025-06-03 14:12:22,000 - INFO - ⏩ Skipping STEWARTS_MILITARIA_SOLD.json: marked as not working
2025-06-03 14:12:22,000 - INFO - ⏩ Skipping TARNMILITARIA.json: marked as not working
2025-06-03 14:12:22,001 - INFO - ⏩ Skipping TRENCH_RAT_MILITARIA.json: marked as not working
2025-06-03 14:12:22,002 - INFO - ✅ Loaded 92 working site profiles from C:/Users/keena/Desktop/Milivault/site-json/
2025-06-03 14:12:22,003 - WARNING - ❌ No site profile found for MINDEN_MILITARIA. Skipping.
2025-06-03 14:12:22,003 - INFO - ⚠️ Skipping WORLDWAR_COLLECTIBLES: already processed in this batch.
2025-06-03 14:12:22,003 - INFO - ⚠️ Skipping WORLDWAR_COLLECTIBLES: already processed in this batch.
2025-06-03 14:12:22,003 - INFO - ⚠️ Skipping APG_MILITARIA: already processed in this batch.
2025-06-03 14:12:22,004 - INFO - ⚠️ Skipping CROW_VALLEY_MILITARIA: already processed in this batch.
2025-06-03 14:12:22,004 - INFO - ⚠️ Skipping MILITARIA_PLAZA: already processed in this batch.
2025-06-03 14:12:22,004 - INFO - ⚠️ Skipping CROW_VALLEY_MILITARIA: already processed in this batch.
2025-06-03 14:12:22,004 - INFO - 
🔍 Processing product URL: https://chasemilitaria.com/shop.php?code=5371 (site: CHASE_MILITARIA)
2025-06-03 14:12:22,005 - ERROR - Error decoding JSON file C:/Users/keena/Desktop/Milivault/site-json/661944.json: Expecting value: line 1 column 1 (char 0)
2025-06-03 14:12:22,007 - INFO - ⏩ Skipping BAS_MILITARIA.json: marked as not working
2025-06-03 14:12:22,009 - INFO - ⏩ Skipping COLONELS_MILITARIA.json: marked as not working
2025-06-03 14:12:22,010 - INFO - ⏩ Skipping CS_MILITARIA.json: marked as not working
2025-06-03 14:12:22,011 - INFO - ⏩ Skipping EAGLE_RELICS_NEW.json: marked as not working
2025-06-03 14:12:22,012 - INFO - ⏩ Skipping ENEMY_MILITARIA.json: marked as not working
2025-06-03 14:12:22,012 - INFO - ⏩ Skipping EPSOM1944.json: marked as not working
2025-06-03 14:12:22,014 - INFO - ⏩ Skipping GERMANYCALLING.json: marked as not working
2025-06-03 14:12:22,014 - INFO - ⏩ Skipping GIELS_MILITARIA_WW2_GERMAN_AWARDS.json: marked as not working
2025-06-03 14:12:22,015 - INFO - ⏩ Skipping HANNAHS_REICH.json: marked as not working
2025-06-03 14:12:22,015 - INFO - ⏩ Skipping HISCOLL_MILITARY_ANTIQUES.json: marked as not working
2025-06-03 14:12:22,018 - INFO - ⏩ Skipping MINDEN_MILITARIA.json: marked as not working
2025-06-03 14:12:22,018 - INFO - ⏩ Skipping MONTGOMERY_MILITARIA.json: marked as not working
2025-06-03 14:12:22,020 - INFO - ⏩ Skipping RG_MILITARIA_NEW.json: marked as not working
2025-06-03 14:12:22,021 - INFO - ⏩ Skipping RG_MILITARIA_SOLD.json: marked as not working
2025-06-03 14:12:22,022 - INFO - ⏩ Skipping SOUVENIRS_MILITAIRES.json: marked as not working
2025-06-03 14:12:22,022 - INFO - ⏩ Skipping SOUVENIRS_MILITAIRES_SOLD.json: marked as not working
2025-06-03 14:12:22,023 - INFO - ⏩ Skipping SS_STEEL_INC.json: marked as not working
2025-06-03 14:12:22,023 - INFO - ⏩ Skipping STEWARTS_MILITARIA.json: marked as not working
2025-06-03 14:12:22,024 - INFO - ⏩ Skipping STEWARTS_MILITARIA_SOLD.json: marked as not working
2025-06-03 14:12:22,024 - INFO - ⏩ Skipping TARNMILITARIA.json: marked as not working
2025-06-03 14:12:22,025 - INFO - ⏩ Skipping TRENCH_RAT_MILITARIA.json: marked as not working
2025-06-03 14:12:22,026 - INFO - ✅ Loaded 92 working site profiles from C:/Users/keena/Desktop/Milivault/site-json/
2025-06-03 14:12:22,029 - DEBUG - Starting new HTTPS connection (1): chasemilitaria.com:443
