2025-06-03 13:07:44,355 - DEBUG - Logging initialized. Log file: milivault_logs\2025-06-03_13-07-44.log
2025-06-03 13:07:44,356 - DEBUG - Adjusted logging level to DEBUG for environment: local
2025-06-03 13:07:46,415 - INFO - SETTINGS MANAGER: Changed directory to C:/Users/keena/Desktop/Milivault/scraper
2025-06-03 13:07:47,537 - INFO - Connection pool initialized successfully.
2025-06-03 13:07:47,538 - DEBUG - Changing event name from creating-client-class.iot-data to creating-client-class.iot-data-plane
2025-06-03 13:07:47,540 - DEBUG - Changing event name from before-call.apigateway to before-call.api-gateway
2025-06-03 13:07:47,541 - DEBUG - Changing event name from request-created.machinelearning.Predict to request-created.machine-learning.Predict
2025-06-03 13:07:47,542 - DEBUG - Changing event name from before-parameter-build.autoscaling.CreateLaunchConfiguration to before-parameter-build.auto-scaling.CreateLaunchConfiguration
2025-06-03 13:07:47,542 - DEBUG - Changing event name from before-parameter-build.route53 to before-parameter-build.route-53
2025-06-03 13:07:47,542 - DEBUG - Changing event name from request-created.cloudsearchdomain.Search to request-created.cloudsearch-domain.Search
2025-06-03 13:07:47,543 - DEBUG - Changing event name from docs.*.autoscaling.CreateLaunchConfiguration.complete-section to docs.*.auto-scaling.CreateLaunchConfiguration.complete-section
2025-06-03 13:07:47,545 - DEBUG - Changing event name from before-parameter-build.logs.CreateExportTask to before-parameter-build.cloudwatch-logs.CreateExportTask
2025-06-03 13:07:47,546 - DEBUG - Changing event name from docs.*.logs.CreateExportTask.complete-section to docs.*.cloudwatch-logs.CreateExportTask.complete-section
2025-06-03 13:07:47,546 - DEBUG - Changing event name from before-parameter-build.cloudsearchdomain.Search to before-parameter-build.cloudsearch-domain.Search
2025-06-03 13:07:47,546 - DEBUG - Changing event name from docs.*.cloudsearchdomain.Search.complete-section to docs.*.cloudsearch-domain.Search.complete-section
2025-06-03 13:07:47,564 - DEBUG - Loading JSON file: C:\Users\keena\Desktop\Milivault\scraper\venv\lib\site-packages\botocore\data\endpoints.json
2025-06-03 13:07:47,614 - DEBUG - Loading JSON file: C:\Users\keena\Desktop\Milivault\scraper\venv\lib\site-packages\botocore\data\sdk-default-configuration.json
2025-06-03 13:07:47,615 - DEBUG - Event choose-service-name: calling handler <function handle_service_name_alias at 0x00000202174AACB0>
2025-06-03 13:07:47,767 - DEBUG - Loading JSON file: C:\Users\keena\Desktop\Milivault\scraper\venv\lib\site-packages\botocore\data\s3\2006-03-01\service-2.json.gz
2025-06-03 13:07:47,776 - DEBUG - Loading JSON file: C:\Users\keena\Desktop\Milivault\scraper\venv\lib\site-packages\botocore\data\s3\2006-03-01\service-2.sdk-extras.json
2025-06-03 13:07:47,910 - DEBUG - Loading JSON file: C:\Users\keena\Desktop\Milivault\scraper\venv\lib\site-packages\botocore\data\s3\2006-03-01\endpoint-rule-set-1.json.gz
2025-06-03 13:07:47,916 - DEBUG - Loading JSON file: C:\Users\keena\Desktop\Milivault\scraper\venv\lib\site-packages\botocore\data\partitions.json
2025-06-03 13:07:47,918 - DEBUG - Event creating-client-class.s3: calling handler <function add_generate_presigned_post at 0x00000202174092D0>
2025-06-03 13:07:47,918 - DEBUG - Event creating-client-class.s3: calling handler <function lazy_call.<locals>._handler at 0x0000020218D813F0>
2025-06-03 13:07:47,952 - DEBUG - Event creating-client-class.s3: calling handler <function add_generate_presigned_url at 0x0000020217409090>
2025-06-03 13:07:47,952 - DEBUG - Looking for endpoint for s3 via: environment_service
2025-06-03 13:07:47,953 - DEBUG - Looking for endpoint for s3 via: environment_global
2025-06-03 13:07:47,953 - DEBUG - Looking for endpoint for s3 via: config_service
2025-06-03 13:07:47,953 - DEBUG - Looking for endpoint for s3 via: config_global
2025-06-03 13:07:47,953 - DEBUG - No configured endpoint found.
2025-06-03 13:07:47,955 - DEBUG - Setting s3 timeout as (60, 60)
2025-06-03 13:07:47,958 - DEBUG - Loading JSON file: C:\Users\keena\Desktop\Milivault\scraper\venv\lib\site-packages\botocore\data\_retry.json
2025-06-03 13:07:47,958 - DEBUG - Registering retry handlers for service: s3
2025-06-03 13:07:47,959 - DEBUG - Registering S3 region redirector handler
2025-06-03 13:07:47,959 - DEBUG - Registering S3Express Identity Resolver
2025-06-03 13:07:47,960 - INFO - S3Manager initialized for bucket militaria-images
