2025-05-02 15:22:53,872 - DEBUG - Logging initialized. Log file: milivault_logs\2025-05-02_15-22-53.log
2025-05-02 15:23:02,593 - DEBUG - Adjusted logging level to DEBUG for environment: local
2025-05-02 15:23:06,835 - INFO - SETTINGS MANAGER: Changed directory to C:/Users/keena/Desktop/Milivault/scraper
2025-05-02 15:23:08,116 - INFO - Connection pool initialized successfully.
2025-05-02 15:23:08,118 - DEBUG - Changing event name from creating-client-class.iot-data to creating-client-class.iot-data-plane
2025-05-02 15:23:08,119 - DEBUG - Changing event name from before-call.apigateway to before-call.api-gateway
2025-05-02 15:23:08,120 - DEBUG - Changing event name from request-created.machinelearning.Predict to request-created.machine-learning.Predict
2025-05-02 15:23:08,121 - DEBUG - Changing event name from before-parameter-build.autoscaling.CreateLaunchConfiguration to before-parameter-build.auto-scaling.CreateLaunchConfiguration
2025-05-02 15:23:08,121 - DEBUG - Changing event name from before-parameter-build.route53 to before-parameter-build.route-53
2025-05-02 15:23:08,121 - DEBUG - Changing event name from request-created.cloudsearchdomain.Search to request-created.cloudsearch-domain.Search
2025-05-02 15:23:08,122 - DEBUG - Changing event name from docs.*.autoscaling.CreateLaunchConfiguration.complete-section to docs.*.auto-scaling.CreateLaunchConfiguration.complete-section
2025-05-02 15:23:08,123 - DEBUG - Changing event name from before-parameter-build.logs.CreateExportTask to before-parameter-build.cloudwatch-logs.CreateExportTask
2025-05-02 15:23:08,123 - DEBUG - Changing event name from docs.*.logs.CreateExportTask.complete-section to docs.*.cloudwatch-logs.CreateExportTask.complete-section
2025-05-02 15:23:08,124 - DEBUG - Changing event name from before-parameter-build.cloudsearchdomain.Search to before-parameter-build.cloudsearch-domain.Search
2025-05-02 15:23:08,124 - DEBUG - Changing event name from docs.*.cloudsearchdomain.Search.complete-section to docs.*.cloudsearch-domain.Search.complete-section
2025-05-02 15:23:08,158 - DEBUG - Loading JSON file: C:\Users\keena\AppData\Local\Programs\Python\Python313\Lib\site-packages\botocore\data\endpoints.json
2025-05-02 15:23:08,171 - DEBUG - Loading JSON file: C:\Users\keena\AppData\Local\Programs\Python\Python313\Lib\site-packages\botocore\data\sdk-default-configuration.json
2025-05-02 15:23:08,172 - DEBUG - Event choose-service-name: calling handler <function handle_service_name_alias at 0x0000018535408F40>
2025-05-02 15:23:08,292 - DEBUG - Loading JSON file: C:\Users\keena\AppData\Local\Programs\Python\Python313\Lib\site-packages\botocore\data\s3\2006-03-01\service-2.json.gz
2025-05-02 15:23:08,298 - DEBUG - Loading JSON file: C:\Users\keena\AppData\Local\Programs\Python\Python313\Lib\site-packages\botocore\data\s3\2006-03-01\service-2.sdk-extras.json
2025-05-02 15:23:08,405 - DEBUG - Loading JSON file: C:\Users\keena\AppData\Local\Programs\Python\Python313\Lib\site-packages\botocore\data\s3\2006-03-01\endpoint-rule-set-1.json.gz
2025-05-02 15:23:08,408 - DEBUG - Loading JSON file: C:\Users\keena\AppData\Local\Programs\Python\Python313\Lib\site-packages\botocore\data\partitions.json
2025-05-02 15:23:08,410 - DEBUG - Event creating-client-class.s3: calling handler <function add_generate_presigned_post at 0x000001853532F740>
2025-05-02 15:23:08,410 - DEBUG - Event creating-client-class.s3: calling handler <function lazy_call.<locals>._handler at 0x0000018535847100>
2025-05-02 15:23:08,453 - DEBUG - Event creating-client-class.s3: calling handler <function add_generate_presigned_url at 0x000001853532F4C0>
2025-05-02 15:23:08,453 - DEBUG - Looking for endpoint for s3 via: environment_service
2025-05-02 15:23:08,453 - DEBUG - Looking for endpoint for s3 via: environment_global
2025-05-02 15:23:08,453 - DEBUG - Looking for endpoint for s3 via: config_service
2025-05-02 15:23:08,453 - DEBUG - Looking for endpoint for s3 via: config_global
2025-05-02 15:23:08,453 - DEBUG - No configured endpoint found.
2025-05-02 15:23:08,455 - DEBUG - Setting s3 timeout as (60, 60)
2025-05-02 15:23:08,457 - DEBUG - Loading JSON file: C:\Users\keena\AppData\Local\Programs\Python\Python313\Lib\site-packages\botocore\data\_retry.json
2025-05-02 15:23:08,457 - DEBUG - Registering retry handlers for service: s3
2025-05-02 15:23:08,458 - DEBUG - Registering S3 region redirector handler
2025-05-02 15:23:08,458 - DEBUG - Registering S3Express Identity Resolver
2025-05-02 15:23:08,458 - INFO - S3Manager initialized for bucket militaria-images
2025-05-02 15:23:08,472 - ERROR - Error decoding JSON file C:/Users/keena/Desktop/Milivault/site-json/THE_WAR_FRONT.json: Expecting value: line 1 column 1 (char 0)
2025-05-02 15:23:10,343 - INFO - Processing site: 20TH_CENTURY_MILITARIA
2025-05-02 15:23:10,343 - INFO - SITE PROCESSOR: Running with targetMatch = 1
2025-05-02 15:23:10,343 - DEBUG - SITE PROCESSOR: Debug: base_url: https://20thcenturymilitaria.com
2025-05-02 15:23:10,343 - INFO - 
------------------------------------------------------------
                    NEW INSTANCE STARTED                    
------------------------------------------------------------
2025-05-02 15:23:10,343 - INFO - MILITARIA SITE        : 20TH_CENTURY_MILITARIA
2025-05-02 15:23:10,344 - INFO - PRODUCTS URL          : https://20thcenturymilitaria.com
2025-05-02 15:23:10,344 - INFO - CYCLES RUN            : False
2025-05-02 15:23:10,344 - INFO - PRODUCTS PROCESSED    : 0
2025-05-02 15:23:10,344 - INFO - TIMESTAMP             : 2025-05-02 15:23:10.343733
2025-05-02 15:23:10,344 - DEBUG - SITE PROCESSOR: products_list_page loaded
2025-05-02 15:23:10,344 - INFO - SITE PROCESSOR: Current product page: https://20thcenturymilitaria.com/shop.php?pg=0
2025-05-02 15:23:10,344 - INFO - SITE PROCESSOR: Current page: 0
2025-05-02 15:23:10,346 - DEBUG - Starting new HTTPS connection (1): 20thcenturymilitaria.com:443
2025-05-02 15:23:11,534 - DEBUG - https://20thcenturymilitaria.com:443 "GET /shop.php?pg=0 HTTP/1.1" 200 5892
2025-05-02 15:23:11,546 - DEBUG - SITE PROCESSOR: products_list_page_soup loaded.
2025-05-02 15:23:11,547 - DEBUG - TILE PROCESSOR: Extracted text from tag → Behind Enemy Lines - 1990-91 Gulf War Gold Sovereign
2025-05-02 15:23:11,547 - DEBUG - TILE PROCESSOR: Extracted text from tag → WW2 Times of Malta Newspaper - August 1943
2025-05-02 15:23:11,547 - DEBUG - TILE PROCESSOR: Extracted text from tag → WW2 Maltese Cigarette Packet & Misc Contents
2025-05-02 15:23:11,547 - DEBUG - TILE PROCESSOR: Extracted text from tag → WW2 Times of Malta Newspaper - July 1943
2025-05-02 15:23:11,548 - DEBUG - TILE PROCESSOR: Extracted text from tag → WW2 British Mk.II Helmet - Iconic Malta Camouflage - RA
2025-05-02 15:23:11,548 - DEBUG - TILE PROCESSOR: Extracted text from tag → WW2 Malta - Wedding Photographs - Royal Artillery
2025-05-02 15:23:11,548 - DEBUG - TILE PROCESSOR: Extracted text from tag → WW2 1939 MkII Helmet - Czechoslovakia
2025-05-02 15:23:11,548 - DEBUG - TILE PROCESSOR: Extracted text from tag → WW2 4 x Photos Graphic Photographes Japanese
2025-05-02 15:23:11,548 - DEBUG - TILE PROCESSOR: Extracted text from tag → WW2 Fountain Pen with Concealed Spike
2025-05-02 15:23:11,548 - DEBUG - TILE PROCESSOR: Extracted text from tag → WW2 French Commando Beret & Cap Badge - 192
2025-05-02 15:23:11,548 - DEBUG - SITE PROCESSOR: Total tiles found: 10, Valid tiles: 10
2025-05-02 15:23:11,549 - DEBUG - SITE PROCESSOR: Length of products_tile_list: 10 
2025-05-02 15:23:11,549 - DEBUG - CLEAN URL: Stripped URL → https://20thcenturymilitaria.com?code=51569
2025-05-02 15:23:11,549 - WARNING - CLEAN URL: Failed to match pattern → https://20thcenturymilitaria.com?code=51569
2025-05-02 15:23:11,549 - DEBUG - TILE PROCESSOR: Product tile preview: <div class="shopitem newitem">...
2025-05-02 15:23:11,550 - DEBUG - CLEAN URL: Stripped URL → https://20thcenturymilitaria.com?code=51911
2025-05-02 15:23:11,550 - WARNING - CLEAN URL: Failed to match pattern → https://20thcenturymilitaria.com?code=51911
2025-05-02 15:23:11,550 - DEBUG - TILE PROCESSOR: Product tile preview: <div class="shopitem">...
2025-05-02 15:23:11,550 - DEBUG - CLEAN URL: Stripped URL → https://20thcenturymilitaria.com?code=51909
2025-05-02 15:23:11,550 - WARNING - CLEAN URL: Failed to match pattern → https://20thcenturymilitaria.com?code=51909
2025-05-02 15:23:11,551 - DEBUG - TILE PROCESSOR: Product tile preview: <div class="shopitem">...
2025-05-02 15:23:11,551 - DEBUG - CLEAN URL: Stripped URL → https://20thcenturymilitaria.com?code=51910
2025-05-02 15:23:11,551 - WARNING - CLEAN URL: Failed to match pattern → https://20thcenturymilitaria.com?code=51910
2025-05-02 15:23:11,551 - DEBUG - TILE PROCESSOR: Product tile preview: <div class="shopitem">...
2025-05-02 15:23:11,551 - DEBUG - CLEAN URL: Stripped URL → https://20thcenturymilitaria.com?code=51907
2025-05-02 15:23:11,551 - WARNING - CLEAN URL: Failed to match pattern → https://20thcenturymilitaria.com?code=51907
2025-05-02 15:23:11,552 - DEBUG - TILE PROCESSOR: Product tile preview: <div class="shopitem">...
2025-05-02 15:23:11,552 - DEBUG - CLEAN URL: Stripped URL → https://20thcenturymilitaria.com?code=51915
2025-05-02 15:23:11,552 - WARNING - CLEAN URL: Failed to match pattern → https://20thcenturymilitaria.com?code=51915
2025-05-02 15:23:11,553 - DEBUG - TILE PROCESSOR: Product tile preview: <div class="shopitem">...
2025-05-02 15:23:11,553 - DEBUG - CLEAN URL: Stripped URL → https://20thcenturymilitaria.com?code=51738
2025-05-02 15:23:11,553 - WARNING - CLEAN URL: Failed to match pattern → https://20thcenturymilitaria.com?code=51738
2025-05-02 15:23:11,553 - DEBUG - TILE PROCESSOR: Product tile preview: <div class="shopitem">...
2025-05-02 15:23:11,553 - DEBUG - CLEAN URL: Stripped URL → https://20thcenturymilitaria.com?code=51502
2025-05-02 15:23:11,553 - WARNING - CLEAN URL: Failed to match pattern → https://20thcenturymilitaria.com?code=51502
2025-05-02 15:23:11,554 - DEBUG - TILE PROCESSOR: Product tile preview: <div class="shopitem">...
2025-05-02 15:23:11,554 - DEBUG - CLEAN URL: Stripped URL → https://20thcenturymilitaria.com?code=51787
2025-05-02 15:23:11,554 - WARNING - CLEAN URL: Failed to match pattern → https://20thcenturymilitaria.com?code=51787
2025-05-02 15:23:11,554 - DEBUG - TILE PROCESSOR: Product tile preview: <div class="shopitem">...
2025-05-02 15:23:11,555 - DEBUG - CLEAN URL: Stripped URL → https://20thcenturymilitaria.com?code=51809
2025-05-02 15:23:11,555 - WARNING - CLEAN URL: Failed to match pattern → https://20thcenturymilitaria.com?code=51809
2025-05-02 15:23:11,555 - DEBUG - TILE PROCESSOR: Product tile preview: <div class="shopitem">...
2025-05-02 15:23:11,555 - INFO - SITE PROCESSOR: Product Dictionaries count: 0
2025-05-02 15:23:11,555 - INFO - PRODUCT PROCESSOR: Categorizing products between old and new...
2025-05-02 15:23:11,555 - INFO - PRODUCT PROCESSOR: Products needing full processing  : 0
2025-05-02 15:23:11,555 - INFO - PRODUCT PROCESSOR: Products needing availability updates: 0
2025-05-02 15:23:11,556 - INFO - PRODUCT PROCESSOR: Products ignored (no updates needed): 0
2025-05-02 15:23:11,556 - DEBUG - PRODUCT PROCESSOR: Processing required list count: 0
2025-05-02 15:23:11,556 - DEBUG - PRODUCT PROCESSOR: Processing completed for 0 products.
2025-05-02 15:23:11,556 - DEBUG - RDS MANAGER: No URLs to update last_seen.
2025-05-02 15:23:11,556 - INFO - SITE PROCESSOR: Moved to next page: 1
2025-05-02 15:23:11,556 - INFO - SITE PROCESSOR: No products require further processing. Stopping site processing.
2025-05-02 15:23:11,556 - INFO - 
====== Processing Summary ======
Total Products Count       : 0
New Products Count         : 0
Old Products Count         : 0
Sites Processed Count      : 0
Current Page Count         : 1
Availability Updates Count : 0
Processing Required Count  : 0
===============================
                    
2025-05-02 15:23:11,556 - DEBUG - SITE PROCESSOR: Exiting site_processor_main.
2025-05-02 15:23:11,557 - INFO - SITE PROCESSOR: Finished processing site: 20TH_CENTURY_MILITARIA
2025-05-02 15:23:11,557 - INFO - 
------------------------------------------------------------
                    INSTANCE TERMINATED                     
------------------------------------------------------------
2025-05-02 15:23:11,557 - INFO - MILITARIA SITE        : 20TH_CENTURY_MILITARIA
2025-05-02 15:23:11,557 - INFO - CONSECUTIVE MATCHES   : 1 / 1
2025-05-02 15:23:11,557 - INFO - CYCLES RUN            : False
2025-05-02 15:23:11,557 - INFO - PRODUCTS PROCESSED    : 0
2025-05-02 15:23:11,557 - INFO - TIMESTAMP             : 2025-05-02 15:23:11.557098
2025-05-02 15:23:11,557 - INFO - Successfully processed site: 20TH_CENTURY_MILITARIA
2025-05-02 15:23:11,557 - INFO - 
------------------------------------------------------------
                  FINAL PROCESSING SUMMARY                  
------------------------------------------------------------
2025-05-02 15:23:11,558 - INFO - TIMESTAMP             : 2025-05-02 15:23:11.557912
2025-05-02 15:23:11,558 - INFO - SITES PROCESSED       : 20TH_CENTURY_MILITARIA
2025-05-02 15:23:11,558 - INFO - TOTAL PRODUCTS        : 0
2025-05-02 15:23:11,558 - INFO - NEW PRODUCTS          : 0
2025-05-02 15:23:11,558 - INFO - OLD PRODUCTS          : 0
2025-05-02 15:23:11,558 - INFO - SITES COUNT           : 0
2025-05-02 15:23:11,558 - INFO - AVAILABILITY UPDATES  : 0
2025-05-02 15:23:11,558 - INFO - PROCESSING REQUIRED   : 0
2025-05-02 15:23:11,558 - WARNING - Calculated sleep was -4.72 seconds. Forcing minimum 10 seconds sleep.
2025-05-02 15:23:11,558 - INFO - Sleeping 10 seconds... Next check at 2025-05-02 15:23:21
2025-05-02 15:23:21,559 - WARNING - Calculated sleep was -14.72 seconds. Forcing minimum 10 seconds sleep.
2025-05-02 15:23:21,559 - INFO - Sleeping 10 seconds... Next check at 2025-05-02 15:23:31
2025-05-02 15:23:31,560 - WARNING - Calculated sleep was -24.72 seconds. Forcing minimum 10 seconds sleep.
2025-05-02 15:23:31,560 - INFO - Sleeping 10 seconds... Next check at 2025-05-02 15:23:41
2025-05-02 15:23:41,561 - WARNING - Calculated sleep was -34.73 seconds. Forcing minimum 10 seconds sleep.
2025-05-02 15:23:41,561 - INFO - Sleeping 10 seconds... Next check at 2025-05-02 15:23:51
2025-05-02 15:23:51,562 - WARNING - Calculated sleep was -44.73 seconds. Forcing minimum 10 seconds sleep.
2025-05-02 15:23:51,562 - INFO - Sleeping 10 seconds... Next check at 2025-05-02 15:24:01
2025-05-02 15:24:01,562 - WARNING - Calculated sleep was -54.73 seconds. Forcing minimum 10 seconds sleep.
2025-05-02 15:24:01,563 - INFO - Sleeping 10 seconds... Next check at 2025-05-02 15:24:11
2025-05-02 15:24:11,563 - WARNING - Calculated sleep was -64.73 seconds. Forcing minimum 10 seconds sleep.
2025-05-02 15:24:11,563 - INFO - Sleeping 10 seconds... Next check at 2025-05-02 15:24:21
2025-05-02 15:24:21,565 - WARNING - Calculated sleep was -74.73 seconds. Forcing minimum 10 seconds sleep.
2025-05-02 15:24:21,572 - INFO - Sleeping 10 seconds... Next check at 2025-05-02 15:24:31
2025-05-02 15:24:31,574 - WARNING - Calculated sleep was -84.74 seconds. Forcing minimum 10 seconds sleep.
2025-05-02 15:24:31,575 - INFO - Sleeping 10 seconds... Next check at 2025-05-02 15:24:41
2025-05-02 15:24:41,575 - WARNING - Calculated sleep was -94.74 seconds. Forcing minimum 10 seconds sleep.
2025-05-02 15:24:41,576 - INFO - Sleeping 10 seconds... Next check at 2025-05-02 15:24:51
2025-05-02 15:24:51,576 - WARNING - Calculated sleep was -104.74 seconds. Forcing minimum 10 seconds sleep.
2025-05-02 15:24:51,577 - INFO - Sleeping 10 seconds... Next check at 2025-05-02 15:25:01
2025-05-02 15:25:01,578 - WARNING - Calculated sleep was -114.74 seconds. Forcing minimum 10 seconds sleep.
2025-05-02 15:25:01,578 - INFO - Sleeping 10 seconds... Next check at 2025-05-02 15:25:11
2025-05-02 15:25:11,578 - WARNING - Calculated sleep was -124.74 seconds. Forcing minimum 10 seconds sleep.
2025-05-02 15:25:11,578 - INFO - Sleeping 10 seconds... Next check at 2025-05-02 15:25:21
2025-05-02 15:25:21,579 - WARNING - Calculated sleep was -134.74 seconds. Forcing minimum 10 seconds sleep.
2025-05-02 15:25:21,579 - INFO - Sleeping 10 seconds... Next check at 2025-05-02 15:25:31
2025-05-02 15:25:31,580 - WARNING - Calculated sleep was -144.75 seconds. Forcing minimum 10 seconds sleep.
2025-05-02 15:25:31,580 - INFO - Sleeping 10 seconds... Next check at 2025-05-02 15:25:41
2025-05-02 15:25:41,580 - WARNING - Calculated sleep was -154.75 seconds. Forcing minimum 10 seconds sleep.
2025-05-02 15:25:41,581 - INFO - Sleeping 10 seconds... Next check at 2025-05-02 15:25:51
2025-05-02 15:25:51,581 - WARNING - Calculated sleep was -164.75 seconds. Forcing minimum 10 seconds sleep.
2025-05-02 15:25:51,581 - INFO - Sleeping 10 seconds... Next check at 2025-05-02 15:26:01
2025-05-02 15:26:01,582 - WARNING - Calculated sleep was -174.75 seconds. Forcing minimum 10 seconds sleep.
2025-05-02 15:26:01,582 - INFO - Sleeping 10 seconds... Next check at 2025-05-02 15:26:11
2025-05-02 15:26:11,583 - WARNING - Calculated sleep was -184.75 seconds. Forcing minimum 10 seconds sleep.
2025-05-02 15:26:11,583 - INFO - Sleeping 10 seconds... Next check at 2025-05-02 15:26:21
2025-05-02 15:26:21,584 - WARNING - Calculated sleep was -194.75 seconds. Forcing minimum 10 seconds sleep.
2025-05-02 15:26:21,584 - INFO - Sleeping 10 seconds... Next check at 2025-05-02 15:26:31
2025-05-02 15:26:31,584 - WARNING - Calculated sleep was -204.75 seconds. Forcing minimum 10 seconds sleep.
2025-05-02 15:26:31,585 - INFO - Sleeping 10 seconds... Next check at 2025-05-02 15:26:41
2025-05-02 15:26:41,585 - WARNING - Calculated sleep was -214.75 seconds. Forcing minimum 10 seconds sleep.
2025-05-02 15:26:41,585 - INFO - Sleeping 10 seconds... Next check at 2025-05-02 15:26:51
2025-05-02 15:26:51,586 - WARNING - Calculated sleep was -224.75 seconds. Forcing minimum 10 seconds sleep.
2025-05-02 15:26:51,586 - INFO - Sleeping 10 seconds... Next check at 2025-05-02 15:27:01
2025-05-02 15:27:01,587 - WARNING - Calculated sleep was -234.75 seconds. Forcing minimum 10 seconds sleep.
2025-05-02 15:27:01,587 - INFO - Sleeping 10 seconds... Next check at 2025-05-02 15:27:11
2025-05-02 15:27:11,587 - WARNING - Calculated sleep was -244.75 seconds. Forcing minimum 10 seconds sleep.
2025-05-02 15:27:11,588 - INFO - Sleeping 10 seconds... Next check at 2025-05-02 15:27:21
2025-05-02 15:27:21,588 - WARNING - Calculated sleep was -254.75 seconds. Forcing minimum 10 seconds sleep.
2025-05-02 15:27:21,588 - INFO - Sleeping 10 seconds... Next check at 2025-05-02 15:27:31
2025-05-02 15:27:31,589 - WARNING - Calculated sleep was -264.75 seconds. Forcing minimum 10 seconds sleep.
2025-05-02 15:27:31,590 - INFO - Sleeping 10 seconds... Next check at 2025-05-02 15:27:41
2025-05-02 15:27:41,590 - WARNING - Calculated sleep was -274.76 seconds. Forcing minimum 10 seconds sleep.
2025-05-02 15:27:41,591 - INFO - Sleeping 10 seconds... Next check at 2025-05-02 15:27:51
