2025-03-28 11:37:11,735 - DEBUG - Logging initialized. Log file: milivault_logs\2025-03-28_11-37-11.log
2025-03-28 11:37:13,093 - INFO - SETTINGS MANAGER: Changed directory to C:/Users/keena/Desktop/Milivault/scraper
2025-03-28 11:37:18,195 - INFO - Connection pool initialized successfully.
2025-03-28 11:37:18,196 - DEBUG - Changing event name from creating-client-class.iot-data to creating-client-class.iot-data-plane
2025-03-28 11:37:18,198 - DEBUG - Changing event name from before-call.apigateway to before-call.api-gateway
2025-03-28 11:37:18,199 - DEBUG - Changing event name from request-created.machinelearning.Predict to request-created.machine-learning.Predict
2025-03-28 11:37:18,200 - DEBUG - Changing event name from before-parameter-build.autoscaling.CreateLaunchConfiguration to before-parameter-build.auto-scaling.CreateLaunchConfiguration
2025-03-28 11:37:18,200 - DEBUG - Changing event name from before-parameter-build.route53 to before-parameter-build.route-53
2025-03-28 11:37:18,200 - DEBUG - Changing event name from request-created.cloudsearchdomain.Search to request-created.cloudsearch-domain.Search
2025-03-28 11:37:18,201 - DEBUG - Changing event name from docs.*.autoscaling.CreateLaunchConfiguration.complete-section to docs.*.auto-scaling.CreateLaunchConfiguration.complete-section
2025-03-28 11:37:18,203 - DEBUG - Changing event name from before-parameter-build.logs.CreateExportTask to before-parameter-build.cloudwatch-logs.CreateExportTask
2025-03-28 11:37:18,203 - DEBUG - Changing event name from docs.*.logs.CreateExportTask.complete-section to docs.*.cloudwatch-logs.CreateExportTask.complete-section
2025-03-28 11:37:18,203 - DEBUG - Changing event name from before-parameter-build.cloudsearchdomain.Search to before-parameter-build.cloudsearch-domain.Search
2025-03-28 11:37:18,203 - DEBUG - Changing event name from docs.*.cloudsearchdomain.Search.complete-section to docs.*.cloudsearch-domain.Search.complete-section
2025-03-28 11:37:18,238 - DEBUG - Loading JSON file: C:\Users\keena\AppData\Local\Programs\Python\Python312\Lib\site-packages\botocore\data\endpoints.json
2025-03-28 11:37:18,248 - DEBUG - Loading JSON file: C:\Users\keena\AppData\Local\Programs\Python\Python312\Lib\site-packages\botocore\data\sdk-default-configuration.json
2025-03-28 11:37:18,249 - DEBUG - Event choose-service-name: calling handler <function handle_service_name_alias at 0x00000205CBD19BC0>
2025-03-28 11:37:18,310 - DEBUG - Loading JSON file: C:\Users\keena\AppData\Local\Programs\Python\Python312\Lib\site-packages\botocore\data\s3\2006-03-01\service-2.json.gz
2025-03-28 11:37:18,316 - DEBUG - Loading JSON file: C:\Users\keena\AppData\Local\Programs\Python\Python312\Lib\site-packages\botocore\data\s3\2006-03-01\service-2.sdk-extras.json
2025-03-28 11:37:18,366 - DEBUG - Loading JSON file: C:\Users\keena\AppData\Local\Programs\Python\Python312\Lib\site-packages\botocore\data\s3\2006-03-01\endpoint-rule-set-1.json.gz
2025-03-28 11:37:18,369 - DEBUG - Loading JSON file: C:\Users\keena\AppData\Local\Programs\Python\Python312\Lib\site-packages\botocore\data\partitions.json
2025-03-28 11:37:18,370 - DEBUG - Event creating-client-class.s3: calling handler <function add_generate_presigned_post at 0x00000205CBC6A980>
2025-03-28 11:37:18,370 - DEBUG - Event creating-client-class.s3: calling handler <function lazy_call.<locals>._handler at 0x00000205CCA1ECA0>
2025-03-28 11:37:18,403 - DEBUG - Event creating-client-class.s3: calling handler <function add_generate_presigned_url at 0x00000205CBC6A700>
2025-03-28 11:37:18,404 - DEBUG - Looking for endpoint for s3 via: environment_service
2025-03-28 11:37:18,404 - DEBUG - Looking for endpoint for s3 via: environment_global
2025-03-28 11:37:18,404 - DEBUG - Looking for endpoint for s3 via: config_service
2025-03-28 11:37:18,404 - DEBUG - Looking for endpoint for s3 via: config_global
2025-03-28 11:37:18,404 - DEBUG - No configured endpoint found.
2025-03-28 11:37:18,405 - DEBUG - Setting s3 timeout as (60, 60)
2025-03-28 11:37:18,408 - DEBUG - Loading JSON file: C:\Users\keena\AppData\Local\Programs\Python\Python312\Lib\site-packages\botocore\data\_retry.json
2025-03-28 11:37:18,409 - DEBUG - Registering retry handlers for service: s3
2025-03-28 11:37:18,409 - DEBUG - Registering S3 region redirector handler
2025-03-28 11:37:18,409 - DEBUG - Registering S3Express Identity Resolver
2025-03-28 11:37:18,410 - INFO - S3Manager initialized for bucket militaria-images
