2025-06-03 13:10:08,888 - DEBUG - Logging initialized. Log file: milivault_logs\2025-06-03_13-10-08.log
2025-06-03 13:10:08,888 - DEBUG - Adjusted logging level to DEBUG for environment: local
2025-06-03 13:10:11,122 - INFO - SETTINGS MANAGER: Changed directory to C:/Users/keena/Desktop/Milivault/scraper
2025-06-03 13:10:12,187 - INFO - Connection pool initialized successfully.
2025-06-03 13:10:12,187 - DEBUG - Changing event name from creating-client-class.iot-data to creating-client-class.iot-data-plane
2025-06-03 13:10:12,189 - DEBUG - Changing event name from before-call.apigateway to before-call.api-gateway
2025-06-03 13:10:12,190 - DEBUG - Changing event name from request-created.machinelearning.Predict to request-created.machine-learning.Predict
2025-06-03 13:10:12,191 - DEBUG - Changing event name from before-parameter-build.autoscaling.CreateLaunchConfiguration to before-parameter-build.auto-scaling.CreateLaunchConfiguration
2025-06-03 13:10:12,191 - DEBUG - Changing event name from before-parameter-build.route53 to before-parameter-build.route-53
2025-06-03 13:10:12,191 - DEBUG - Changing event name from request-created.cloudsearchdomain.Search to request-created.cloudsearch-domain.Search
2025-06-03 13:10:12,192 - DEBUG - Changing event name from docs.*.autoscaling.CreateLaunchConfiguration.complete-section to docs.*.auto-scaling.CreateLaunchConfiguration.complete-section
2025-06-03 13:10:12,193 - DEBUG - Changing event name from before-parameter-build.logs.CreateExportTask to before-parameter-build.cloudwatch-logs.CreateExportTask
2025-06-03 13:10:12,194 - DEBUG - Changing event name from docs.*.logs.CreateExportTask.complete-section to docs.*.cloudwatch-logs.CreateExportTask.complete-section
2025-06-03 13:10:12,194 - DEBUG - Changing event name from before-parameter-build.cloudsearchdomain.Search to before-parameter-build.cloudsearch-domain.Search
2025-06-03 13:10:12,194 - DEBUG - Changing event name from docs.*.cloudsearchdomain.Search.complete-section to docs.*.cloudsearch-domain.Search.complete-section
2025-06-03 13:10:12,208 - DEBUG - Loading JSON file: C:\Users\keena\Desktop\Milivault\scraper\venv\lib\site-packages\botocore\data\endpoints.json
2025-06-03 13:10:12,250 - DEBUG - Loading JSON file: C:\Users\keena\Desktop\Milivault\scraper\venv\lib\site-packages\botocore\data\sdk-default-configuration.json
2025-06-03 13:10:12,251 - DEBUG - Event choose-service-name: calling handler <function handle_service_name_alias at 0x000002354845ACB0>
2025-06-03 13:10:12,361 - DEBUG - Loading JSON file: C:\Users\keena\Desktop\Milivault\scraper\venv\lib\site-packages\botocore\data\s3\2006-03-01\service-2.json.gz
2025-06-03 13:10:12,367 - DEBUG - Loading JSON file: C:\Users\keena\Desktop\Milivault\scraper\venv\lib\site-packages\botocore\data\s3\2006-03-01\service-2.sdk-extras.json
2025-06-03 13:10:12,483 - DEBUG - Loading JSON file: C:\Users\keena\Desktop\Milivault\scraper\venv\lib\site-packages\botocore\data\s3\2006-03-01\endpoint-rule-set-1.json.gz
2025-06-03 13:10:12,487 - DEBUG - Loading JSON file: C:\Users\keena\Desktop\Milivault\scraper\venv\lib\site-packages\botocore\data\partitions.json
2025-06-03 13:10:12,489 - DEBUG - Event creating-client-class.s3: calling handler <function add_generate_presigned_post at 0x00000235483B92D0>
2025-06-03 13:10:12,489 - DEBUG - Event creating-client-class.s3: calling handler <function lazy_call.<locals>._handler at 0x0000023549D31480>
2025-06-03 13:10:12,512 - DEBUG - Event creating-client-class.s3: calling handler <function add_generate_presigned_url at 0x00000235483B9090>
2025-06-03 13:10:12,513 - DEBUG - Looking for endpoint for s3 via: environment_service
2025-06-03 13:10:12,513 - DEBUG - Looking for endpoint for s3 via: environment_global
2025-06-03 13:10:12,513 - DEBUG - Looking for endpoint for s3 via: config_service
2025-06-03 13:10:12,513 - DEBUG - Looking for endpoint for s3 via: config_global
2025-06-03 13:10:12,513 - DEBUG - No configured endpoint found.
2025-06-03 13:10:12,515 - DEBUG - Setting s3 timeout as (60, 60)
2025-06-03 13:10:12,517 - DEBUG - Loading JSON file: C:\Users\keena\Desktop\Milivault\scraper\venv\lib\site-packages\botocore\data\_retry.json
2025-06-03 13:10:12,517 - DEBUG - Registering retry handlers for service: s3
2025-06-03 13:10:12,518 - DEBUG - Registering S3 region redirector handler
2025-06-03 13:10:12,518 - DEBUG - Registering S3Express Identity Resolver
2025-06-03 13:10:12,518 - INFO - S3Manager initialized for bucket militaria-images
