2025-05-07 13:13:23,867 - DEBUG - Logging initialized. Log file: milivault_logs\2025-05-07_13-13-23.log
2025-05-07 13:13:25,996 - DEBUG - Adjusted logging level to DEBUG for environment: local
2025-05-07 13:13:33,517 - INFO - SETTINGS MANAGER: Changed directory to C:/Users/keena/Desktop/Milivault/scraper
2025-05-07 13:13:34,605 - INFO - Connection pool initialized successfully.
2025-05-07 13:13:34,613 - DEBUG - Changing event name from creating-client-class.iot-data to creating-client-class.iot-data-plane
2025-05-07 13:13:34,615 - DEBUG - Changing event name from before-call.apigateway to before-call.api-gateway
2025-05-07 13:13:34,615 - DEBUG - Changing event name from request-created.machinelearning.Predict to request-created.machine-learning.Predict
2025-05-07 13:13:34,616 - DEBUG - Changing event name from before-parameter-build.autoscaling.CreateLaunchConfiguration to before-parameter-build.auto-scaling.CreateLaunchConfiguration
2025-05-07 13:13:34,616 - DEBUG - Changing event name from before-parameter-build.route53 to before-parameter-build.route-53
2025-05-07 13:13:34,617 - DEBUG - Changing event name from request-created.cloudsearchdomain.Search to request-created.cloudsearch-domain.Search
2025-05-07 13:13:34,617 - DEBUG - Changing event name from docs.*.autoscaling.CreateLaunchConfiguration.complete-section to docs.*.auto-scaling.CreateLaunchConfiguration.complete-section
2025-05-07 13:13:34,620 - DEBUG - Changing event name from before-parameter-build.logs.CreateExportTask to before-parameter-build.cloudwatch-logs.CreateExportTask
2025-05-07 13:13:34,620 - DEBUG - Changing event name from docs.*.logs.CreateExportTask.complete-section to docs.*.cloudwatch-logs.CreateExportTask.complete-section
2025-05-07 13:13:34,621 - DEBUG - Changing event name from before-parameter-build.cloudsearchdomain.Search to before-parameter-build.cloudsearch-domain.Search
2025-05-07 13:13:34,621 - DEBUG - Changing event name from docs.*.cloudsearchdomain.Search.complete-section to docs.*.cloudsearch-domain.Search.complete-section
2025-05-07 13:13:34,697 - DEBUG - Loading JSON file: C:\Users\keena\AppData\Local\Programs\Python\Python313\Lib\site-packages\botocore\data\endpoints.json
2025-05-07 13:13:34,722 - DEBUG - Loading JSON file: C:\Users\keena\AppData\Local\Programs\Python\Python313\Lib\site-packages\botocore\data\sdk-default-configuration.json
2025-05-07 13:13:34,722 - DEBUG - Event choose-service-name: calling handler <function handle_service_name_alias at 0x000001E55E599E40>
2025-05-07 13:13:35,063 - DEBUG - Loading JSON file: C:\Users\keena\AppData\Local\Programs\Python\Python313\Lib\site-packages\botocore\data\s3\2006-03-01\service-2.json.gz
2025-05-07 13:13:35,080 - DEBUG - Loading JSON file: C:\Users\keena\AppData\Local\Programs\Python\Python313\Lib\site-packages\botocore\data\s3\2006-03-01\service-2.sdk-extras.json
2025-05-07 13:13:35,215 - DEBUG - Loading JSON file: C:\Users\keena\AppData\Local\Programs\Python\Python313\Lib\site-packages\botocore\data\s3\2006-03-01\endpoint-rule-set-1.json.gz
2025-05-07 13:13:35,229 - DEBUG - Loading JSON file: C:\Users\keena\AppData\Local\Programs\Python\Python313\Lib\site-packages\botocore\data\partitions.json
2025-05-07 13:13:35,231 - DEBUG - Event creating-client-class.s3: calling handler <function add_generate_presigned_post at 0x000001E55E4E0680>
2025-05-07 13:13:35,231 - DEBUG - Event creating-client-class.s3: calling handler <function lazy_call.<locals>._handler at 0x000001E55E9D8180>
2025-05-07 13:13:35,350 - DEBUG - Event creating-client-class.s3: calling handler <function add_generate_presigned_url at 0x000001E55E4E0400>
2025-05-07 13:13:35,351 - DEBUG - Looking for endpoint for s3 via: environment_service
2025-05-07 13:13:35,351 - DEBUG - Looking for endpoint for s3 via: environment_global
2025-05-07 13:13:35,351 - DEBUG - Looking for endpoint for s3 via: config_service
2025-05-07 13:13:35,351 - DEBUG - Looking for endpoint for s3 via: config_global
2025-05-07 13:13:35,351 - DEBUG - No configured endpoint found.
2025-05-07 13:13:35,354 - DEBUG - Setting s3 timeout as (60, 60)
2025-05-07 13:13:35,372 - DEBUG - Loading JSON file: C:\Users\keena\AppData\Local\Programs\Python\Python313\Lib\site-packages\botocore\data\_retry.json
2025-05-07 13:13:35,373 - DEBUG - Registering retry handlers for service: s3
2025-05-07 13:13:35,374 - DEBUG - Registering S3 region redirector handler
2025-05-07 13:13:35,374 - DEBUG - Registering S3Express Identity Resolver
2025-05-07 13:13:35,375 - INFO - S3Manager initialized for bucket militaria-images
2025-05-07 13:13:45,273 - INFO - Processing site: THE_WAR_FRONT
2025-05-07 13:13:45,273 - INFO - SITE PROCESSOR: Running with targetMatch = 1
2025-05-07 13:13:45,273 - DEBUG - SITE PROCESSOR: Debug: base_url: https://www.thewarfront.com/
2025-05-07 13:13:45,273 - INFO - 
------------------------------------------------------------
                    NEW INSTANCE STARTED                    
------------------------------------------------------------
2025-05-07 13:13:45,273 - INFO - MILITARIA SITE        : THE_WAR_FRONT
2025-05-07 13:13:45,274 - INFO - PRODUCTS URL          : https://www.thewarfront.com/
2025-05-07 13:13:45,274 - INFO - CYCLES RUN            : False
2025-05-07 13:13:45,274 - INFO - PRODUCTS PROCESSED    : 0
2025-05-07 13:13:45,274 - INFO - TIMESTAMP             : 2025-05-07 13:13:45.273792
2025-05-07 13:13:45,274 - DEBUG - SITE PROCESSOR: products_list_page loaded
2025-05-07 13:13:45,274 - INFO - SITE PROCESSOR: Current product page: https://www.thewarfront.com/product-category/wwii-german/page/0/
2025-05-07 13:13:45,274 - INFO - SITE PROCESSOR: Current page: 0
2025-05-07 13:13:45,277 - DEBUG - Starting new HTTPS connection (1): www.thewarfront.com:443
2025-05-07 13:13:45,830 - DEBUG - https://www.thewarfront.com:443 "GET /product-category/wwii-german/page/0/ HTTP/1.1" 404 None
2025-05-07 13:13:45,831 - ERROR - HTML MGR: Error occurred while accessing https://www.thewarfront.com/product-category/wwii-german/page/0/ (Attempt 1/3): 404 Client Error: Not Found for url: https://www.thewarfront.com/product-category/wwii-german/page/0/
2025-05-07 13:13:46,973 - DEBUG - https://www.thewarfront.com:443 "GET /product-category/wwii-german/page/0/ HTTP/1.1" 404 None
2025-05-07 13:13:46,973 - ERROR - HTML MGR: Error occurred while accessing https://www.thewarfront.com/product-category/wwii-german/page/0/ (Attempt 2/3): 404 Client Error: Not Found for url: https://www.thewarfront.com/product-category/wwii-german/page/0/
2025-05-07 13:13:49,054 - DEBUG - https://www.thewarfront.com:443 "GET /product-category/wwii-german/page/0/ HTTP/1.1" 404 None
2025-05-07 13:13:49,055 - ERROR - HTML MGR: Error occurred while accessing https://www.thewarfront.com/product-category/wwii-german/page/0/ (Attempt 3/3): 404 Client Error: Not Found for url: https://www.thewarfront.com/product-category/wwii-german/page/0/
