2025-06-13 09:24:59,715 - DEBUG - Logging initialized. Log file: milivault_logs\2025-06-13_09-24-59.log
2025-06-13 09:24:59,716 - DEBUG - Adjusted logging level to DEBUG for environment: local
2025-06-13 09:25:04,160 - INFO - SETTINGS MANAGER: Changed directory to C:/Users/keena/Desktop/Milivault/scraper
2025-06-13 09:25:05,244 - INFO - Connection pool initialized successfully.
2025-06-13 09:25:05,245 - DEBUG - Changing event name from creating-client-class.iot-data to creating-client-class.iot-data-plane
2025-06-13 09:25:05,246 - DEBUG - Changing event name from before-call.apigateway to before-call.api-gateway
2025-06-13 09:25:05,247 - DEBUG - Changing event name from request-created.machinelearning.Predict to request-created.machine-learning.Predict
2025-06-13 09:25:05,248 - DEBUG - Changing event name from before-parameter-build.autoscaling.CreateLaunchConfiguration to before-parameter-build.auto-scaling.CreateLaunchConfiguration
2025-06-13 09:25:05,248 - DEBUG - Changing event name from before-parameter-build.route53 to before-parameter-build.route-53
2025-06-13 09:25:05,249 - DEBUG - Changing event name from request-created.cloudsearchdomain.Search to request-created.cloudsearch-domain.Search
2025-06-13 09:25:05,250 - DEBUG - Changing event name from docs.*.autoscaling.CreateLaunchConfiguration.complete-section to docs.*.auto-scaling.CreateLaunchConfiguration.complete-section
2025-06-13 09:25:05,251 - DEBUG - Changing event name from before-parameter-build.logs.CreateExportTask to before-parameter-build.cloudwatch-logs.CreateExportTask
2025-06-13 09:25:05,251 - DEBUG - Changing event name from docs.*.logs.CreateExportTask.complete-section to docs.*.cloudwatch-logs.CreateExportTask.complete-section
2025-06-13 09:25:05,252 - DEBUG - Changing event name from before-parameter-build.cloudsearchdomain.Search to before-parameter-build.cloudsearch-domain.Search
2025-06-13 09:25:05,252 - DEBUG - Changing event name from docs.*.cloudsearchdomain.Search.complete-section to docs.*.cloudsearch-domain.Search.complete-section
2025-06-13 09:25:05,270 - DEBUG - Loading JSON file: C:\Users\keena\Desktop\Milivault\scraper\venv\lib\site-packages\botocore\data\endpoints.json
2025-06-13 09:25:05,323 - DEBUG - Loading JSON file: C:\Users\keena\Desktop\Milivault\scraper\venv\lib\site-packages\botocore\data\sdk-default-configuration.json
2025-06-13 09:25:05,324 - DEBUG - Event choose-service-name: calling handler <function handle_service_name_alias at 0x000002EF3193AB00>
2025-06-13 09:25:05,391 - DEBUG - Loading JSON file: C:\Users\keena\Desktop\Milivault\scraper\venv\lib\site-packages\botocore\data\s3\2006-03-01\service-2.json.gz
2025-06-13 09:25:05,397 - DEBUG - Loading JSON file: C:\Users\keena\Desktop\Milivault\scraper\venv\lib\site-packages\botocore\data\s3\2006-03-01\service-2.sdk-extras.json
2025-06-13 09:25:05,462 - DEBUG - Loading JSON file: C:\Users\keena\Desktop\Milivault\scraper\venv\lib\site-packages\botocore\data\s3\2006-03-01\endpoint-rule-set-1.json.gz
2025-06-13 09:25:05,468 - DEBUG - Loading JSON file: C:\Users\keena\Desktop\Milivault\scraper\venv\lib\site-packages\botocore\data\partitions.json
2025-06-13 09:25:05,470 - DEBUG - Event creating-client-class.s3: calling handler <function add_generate_presigned_post at 0x000002EF31899120>
2025-06-13 09:25:05,470 - DEBUG - Event creating-client-class.s3: calling handler <function lazy_call.<locals>._handler at 0x000002EF332160E0>
2025-06-13 09:25:05,511 - DEBUG - Event creating-client-class.s3: calling handler <function add_generate_presigned_url at 0x000002EF31898EE0>
2025-06-13 09:25:05,512 - DEBUG - Looking for endpoint for s3 via: environment_service
2025-06-13 09:25:05,512 - DEBUG - Looking for endpoint for s3 via: environment_global
2025-06-13 09:25:05,512 - DEBUG - Looking for endpoint for s3 via: config_service
2025-06-13 09:25:05,512 - DEBUG - Looking for endpoint for s3 via: config_global
2025-06-13 09:25:05,512 - DEBUG - No configured endpoint found.
2025-06-13 09:25:05,517 - DEBUG - Setting s3 timeout as (60, 60)
2025-06-13 09:25:05,521 - DEBUG - Loading JSON file: C:\Users\keena\Desktop\Milivault\scraper\venv\lib\site-packages\botocore\data\_retry.json
2025-06-13 09:25:05,521 - DEBUG - Registering retry handlers for service: s3
2025-06-13 09:25:05,522 - DEBUG - Registering S3 region redirector handler
2025-06-13 09:25:05,523 - DEBUG - Registering S3Express Identity Resolver
2025-06-13 09:25:05,524 - INFO - S3Manager initialized for bucket militaria-images
2025-06-13 09:25:05,572 - ERROR - Error decoding JSON file C:/Users/keena/Desktop/Milivault/site-json/661944.json: Expecting value: line 1 column 1 (char 0)
2025-06-13 09:25:47,606 - WARNING - 游대 SWITCHING TO SITE: BEVO_MILITARIA
2025-06-13 09:25:47,606 - INFO - SITE PROCESSOR: Running with targetMatch = 1
2025-06-13 09:25:47,607 - DEBUG - SITE PROCESSOR: Debug: base_url: https://bevo-militaria.com/
2025-06-13 09:25:47,607 - INFO - 
------------------------------------------------------------
                    NEW INSTANCE STARTED                    
------------------------------------------------------------
2025-06-13 09:25:47,607 - INFO - MILITARIA SITE        : BEVO_MILITARIA
2025-06-13 09:25:47,607 - INFO - PRODUCTS URL          : https://bevo-militaria.com/
2025-06-13 09:25:47,607 - INFO - CYCLES RUN            : False
2025-06-13 09:25:47,607 - INFO - PRODUCTS PROCESSED    : 0
2025-06-13 09:25:47,607 - INFO - TIMESTAMP             : 2025-06-13 09:25:47.607851
2025-06-13 09:25:47,607 - DEBUG - SITE PROCESSOR: products_list_page loaded
2025-06-13 09:25:47,607 - INFO - SITE PROCESSOR: Current product page: https://bevo-militaria.com/shop/page/0/
2025-06-13 09:25:47,607 - INFO - SITE PROCESSOR: Current page: 0
2025-06-13 09:25:47,610 - DEBUG - Starting new HTTPS connection (1): bevo-militaria.com:443
2025-06-13 09:25:49,489 - DEBUG - https://bevo-militaria.com:443 "GET /shop/page/0/ HTTP/1.1" 200 None
2025-06-13 09:25:49,888 - DEBUG - Encoding detection: Unable to determine any suitable charset.
2025-06-13 09:25:49,892 - DEBUG - Encoding detection: Unable to determine any suitable charset.
2025-06-13 09:25:49,895 - DEBUG - Encoding detection: Unable to determine any suitable charset.
2025-06-13 09:25:49,896 - WARNING - Some characters could not be decoded, and were replaced with REPLACEMENT CHARACTER.
2025-06-13 09:25:49,901 - DEBUG - SITE PROCESSOR: products_list_page_soup loaded.
2025-06-13 09:25:49,901 - DEBUG - SITE PROCESSOR: Total tiles found: 0, Valid tiles: 0
2025-06-13 09:25:49,901 - DEBUG - SITE PROCESSOR: Length of products_tile_list: 0 
2025-06-13 09:25:49,901 - INFO - SITE PROCESSOR: No products found on the current page. Stopping processing.
2025-06-13 09:25:49,901 - INFO - 
------------------------------------------------------------
                    INSTANCE TERMINATED                     
------------------------------------------------------------
2025-06-13 09:25:49,902 - INFO - MILITARIA SITE        : BEVO_MILITARIA
2025-06-13 09:25:49,902 - INFO - CONSECUTIVE MATCHES   : 0 / 1
2025-06-13 09:25:49,902 - INFO - CYCLES RUN            : False
2025-06-13 09:25:49,902 - INFO - PRODUCTS PROCESSED    : 0
2025-06-13 09:25:49,902 - INFO - TIMESTAMP             : 2025-06-13 09:25:49.901403
2025-06-13 09:25:49,902 - INFO - SITE PROCESSOR: Finished processing site: BEVO_MILITARIA
2025-06-13 09:25:49,902 - INFO - 
------------------------------------------------------------
                    INSTANCE TERMINATED                     
------------------------------------------------------------
2025-06-13 09:25:49,902 - INFO - MILITARIA SITE        : BEVO_MILITARIA
2025-06-13 09:25:49,902 - INFO - CONSECUTIVE MATCHES   : 0 / 1
2025-06-13 09:25:49,903 - INFO - CYCLES RUN            : False
2025-06-13 09:25:49,903 - INFO - PRODUCTS PROCESSED    : 0
2025-06-13 09:25:49,903 - INFO - TIMESTAMP             : 2025-06-13 09:25:49.902412
2025-06-13 09:25:49,903 - INFO - Successfully processed site: BEVO_MILITARIA
2025-06-13 09:25:49,903 - WARNING - 游대 SWITCHING TO SITE: FJM44
2025-06-13 09:25:49,903 - INFO - SITE PROCESSOR: Running with targetMatch = 1
2025-06-13 09:25:49,903 - DEBUG - SITE PROCESSOR: Debug: base_url: https://fjm44.com/
2025-06-13 09:25:49,903 - INFO - 
------------------------------------------------------------
                    NEW INSTANCE STARTED                    
------------------------------------------------------------
2025-06-13 09:25:49,903 - INFO - MILITARIA SITE        : FJM44
2025-06-13 09:25:49,904 - INFO - PRODUCTS URL          : https://fjm44.com/
2025-06-13 09:25:49,904 - INFO - CYCLES RUN            : False
2025-06-13 09:25:49,904 - INFO - PRODUCTS PROCESSED    : 0
2025-06-13 09:25:49,904 - INFO - TIMESTAMP             : 2025-06-13 09:25:49.903404
2025-06-13 09:25:49,904 - DEBUG - SITE PROCESSOR: products_list_page loaded
2025-06-13 09:25:49,904 - INFO - SITE PROCESSOR: Current product page: https://fjm44.com/product-category/militaria/page/0/
2025-06-13 09:25:49,904 - INFO - SITE PROCESSOR: Current page: 0
2025-06-13 09:25:49,906 - DEBUG - Starting new HTTPS connection (1): fjm44.com:443
2025-06-13 09:25:50,767 - DEBUG - https://fjm44.com:443 "GET /product-category/militaria/page/0/ HTTP/1.1" 200 None
2025-06-13 09:25:51,020 - DEBUG - Encoding detection: Unable to determine any suitable charset.
2025-06-13 09:25:51,022 - DEBUG - Encoding detection: Unable to determine any suitable charset.
2025-06-13 09:25:51,024 - DEBUG - Encoding detection: Unable to determine any suitable charset.
2025-06-13 09:25:51,025 - WARNING - Some characters could not be decoded, and were replaced with REPLACEMENT CHARACTER.
2025-06-13 09:25:51,026 - DEBUG - SITE PROCESSOR: products_list_page_soup loaded.
2025-06-13 09:25:51,026 - DEBUG - SITE PROCESSOR: Total tiles found: 0, Valid tiles: 0
2025-06-13 09:25:51,026 - DEBUG - SITE PROCESSOR: Length of products_tile_list: 0 
2025-06-13 09:25:51,027 - INFO - SITE PROCESSOR: No products found on the current page. Stopping processing.
2025-06-13 09:25:51,027 - INFO - 
------------------------------------------------------------
                    INSTANCE TERMINATED                     
------------------------------------------------------------
2025-06-13 09:25:51,027 - INFO - MILITARIA SITE        : FJM44
2025-06-13 09:25:51,027 - INFO - CONSECUTIVE MATCHES   : 0 / 1
2025-06-13 09:25:51,027 - INFO - CYCLES RUN            : False
2025-06-13 09:25:51,027 - INFO - PRODUCTS PROCESSED    : 0
2025-06-13 09:25:51,027 - INFO - TIMESTAMP             : 2025-06-13 09:25:51.027158
2025-06-13 09:25:51,028 - INFO - SITE PROCESSOR: Finished processing site: FJM44
2025-06-13 09:25:51,028 - INFO - 
------------------------------------------------------------
                    INSTANCE TERMINATED                     
------------------------------------------------------------
2025-06-13 09:25:51,028 - INFO - MILITARIA SITE        : FJM44
2025-06-13 09:25:51,028 - INFO - CONSECUTIVE MATCHES   : 0 / 1
2025-06-13 09:25:51,028 - INFO - CYCLES RUN            : False
2025-06-13 09:25:51,028 - INFO - PRODUCTS PROCESSED    : 0
2025-06-13 09:25:51,028 - INFO - TIMESTAMP             : 2025-06-13 09:25:51.028158
2025-06-13 09:25:51,028 - INFO - Successfully processed site: FJM44
2025-06-13 09:25:51,028 - WARNING - 游대 SWITCHING TO SITE: RUPTURED_DUCK
2025-06-13 09:25:51,029 - INFO - SITE PROCESSOR: Running with targetMatch = 1
2025-06-13 09:25:51,029 - DEBUG - SITE PROCESSOR: Debug: base_url: https://therupturedduck.com/
2025-06-13 09:25:51,029 - INFO - 
------------------------------------------------------------
                    NEW INSTANCE STARTED                    
------------------------------------------------------------
2025-06-13 09:25:51,029 - INFO - MILITARIA SITE        : RUPTURED_DUCK
2025-06-13 09:25:51,029 - INFO - PRODUCTS URL          : https://therupturedduck.com/
2025-06-13 09:25:51,029 - INFO - CYCLES RUN            : False
2025-06-13 09:25:51,029 - INFO - PRODUCTS PROCESSED    : 0
2025-06-13 09:25:51,029 - INFO - TIMESTAMP             : 2025-06-13 09:25:51.029157
2025-06-13 09:25:51,029 - DEBUG - SITE PROCESSOR: products_list_page loaded
2025-06-13 09:25:51,030 - INFO - SITE PROCESSOR: Current product page: https://therupturedduck.com/collections/recently-added-items?page=0
2025-06-13 09:25:51,030 - INFO - SITE PROCESSOR: Current page: 0
2025-06-13 09:25:51,031 - DEBUG - Starting new HTTPS connection (1): therupturedduck.com:443
2025-06-13 09:25:51,393 - DEBUG - https://therupturedduck.com:443 "GET /collections/recently-added-items?page=0 HTTP/1.1" 301 None
2025-06-13 09:25:51,394 - DEBUG - Starting new HTTPS connection (1): www.therupturedduck.com:443
2025-06-13 09:25:51,878 - DEBUG - https://www.therupturedduck.com:443 "GET /collections/recently-added-items?page=0 HTTP/1.1" 200 None
2025-06-13 09:25:51,886 - DEBUG - Encoding detection: Unable to determine any suitable charset.
2025-06-13 09:25:51,888 - DEBUG - Encoding detection: Unable to determine any suitable charset.
2025-06-13 09:25:51,890 - DEBUG - Encoding detection: Unable to determine any suitable charset.
2025-06-13 09:25:51,891 - WARNING - Some characters could not be decoded, and were replaced with REPLACEMENT CHARACTER.
2025-06-13 09:25:51,892 - DEBUG - SITE PROCESSOR: products_list_page_soup loaded.
2025-06-13 09:25:51,893 - DEBUG - SITE PROCESSOR: Total tiles found: 0, Valid tiles: 0
2025-06-13 09:25:51,893 - DEBUG - SITE PROCESSOR: Length of products_tile_list: 0 
2025-06-13 09:25:51,893 - INFO - SITE PROCESSOR: No products found on the current page. Stopping processing.
2025-06-13 09:25:51,893 - INFO - 
------------------------------------------------------------
                    INSTANCE TERMINATED                     
------------------------------------------------------------
2025-06-13 09:25:51,893 - INFO - MILITARIA SITE        : RUPTURED_DUCK
2025-06-13 09:25:51,893 - INFO - CONSECUTIVE MATCHES   : 0 / 1
2025-06-13 09:25:51,894 - INFO - CYCLES RUN            : False
2025-06-13 09:25:51,894 - INFO - PRODUCTS PROCESSED    : 0
2025-06-13 09:25:51,894 - INFO - TIMESTAMP             : 2025-06-13 09:25:51.893182
2025-06-13 09:25:51,894 - INFO - SITE PROCESSOR: Finished processing site: RUPTURED_DUCK
2025-06-13 09:25:51,894 - INFO - 
------------------------------------------------------------
                    INSTANCE TERMINATED                     
------------------------------------------------------------
2025-06-13 09:25:51,894 - INFO - MILITARIA SITE        : RUPTURED_DUCK
2025-06-13 09:25:51,894 - INFO - CONSECUTIVE MATCHES   : 0 / 1
2025-06-13 09:25:51,894 - INFO - CYCLES RUN            : False
2025-06-13 09:25:51,895 - INFO - PRODUCTS PROCESSED    : 0
2025-06-13 09:25:51,895 - INFO - TIMESTAMP             : 2025-06-13 09:25:51.894187
2025-06-13 09:25:51,895 - INFO - Successfully processed site: RUPTURED_DUCK
2025-06-13 09:25:51,895 - WARNING - 游대 SWITCHING TO SITE: FJM44
2025-06-13 09:25:51,895 - INFO - SITE PROCESSOR: Running with targetMatch = 1
2025-06-13 09:25:51,895 - DEBUG - SITE PROCESSOR: Debug: base_url: https://fjm44.com/
2025-06-13 09:25:51,896 - INFO - 
------------------------------------------------------------
                    NEW INSTANCE STARTED                    
------------------------------------------------------------
2025-06-13 09:25:51,896 - INFO - MILITARIA SITE        : FJM44
2025-06-13 09:25:51,896 - INFO - PRODUCTS URL          : https://fjm44.com/
2025-06-13 09:25:51,896 - INFO - CYCLES RUN            : False
2025-06-13 09:25:51,896 - INFO - PRODUCTS PROCESSED    : 0
2025-06-13 09:25:51,896 - INFO - TIMESTAMP             : 2025-06-13 09:25:51.895286
2025-06-13 09:25:51,896 - DEBUG - SITE PROCESSOR: products_list_page loaded
2025-06-13 09:25:51,896 - INFO - SITE PROCESSOR: Current product page: https://fjm44.com/product-category/sold-items/page/0/
2025-06-13 09:25:51,897 - INFO - SITE PROCESSOR: Current page: 0
2025-06-13 09:25:52,172 - DEBUG - https://fjm44.com:443 "GET /product-category/sold-items/page/0/ HTTP/1.1" 200 None
2025-06-13 09:25:52,432 - DEBUG - Encoding detection: Unable to determine any suitable charset.
2025-06-13 09:25:52,435 - DEBUG - Encoding detection: Unable to determine any suitable charset.
2025-06-13 09:25:52,437 - DEBUG - Encoding detection: Unable to determine any suitable charset.
2025-06-13 09:25:52,437 - WARNING - Some characters could not be decoded, and were replaced with REPLACEMENT CHARACTER.
2025-06-13 09:25:52,439 - DEBUG - SITE PROCESSOR: products_list_page_soup loaded.
2025-06-13 09:25:52,439 - DEBUG - SITE PROCESSOR: Total tiles found: 0, Valid tiles: 0
2025-06-13 09:25:52,439 - DEBUG - SITE PROCESSOR: Length of products_tile_list: 0 
2025-06-13 09:25:52,439 - INFO - SITE PROCESSOR: No products found on the current page. Stopping processing.
2025-06-13 09:25:52,440 - INFO - 
------------------------------------------------------------
                    INSTANCE TERMINATED                     
------------------------------------------------------------
2025-06-13 09:25:52,440 - INFO - MILITARIA SITE        : FJM44
2025-06-13 09:25:52,440 - INFO - CONSECUTIVE MATCHES   : 0 / 1
2025-06-13 09:25:52,440 - INFO - CYCLES RUN            : False
2025-06-13 09:25:52,440 - INFO - PRODUCTS PROCESSED    : 0
2025-06-13 09:25:52,440 - INFO - TIMESTAMP             : 2025-06-13 09:25:52.440679
2025-06-13 09:25:52,440 - INFO - SITE PROCESSOR: Finished processing site: FJM44
2025-06-13 09:25:52,440 - INFO - 
------------------------------------------------------------
                    INSTANCE TERMINATED                     
------------------------------------------------------------
2025-06-13 09:25:52,441 - INFO - MILITARIA SITE        : FJM44
2025-06-13 09:25:52,441 - INFO - CONSECUTIVE MATCHES   : 0 / 1
2025-06-13 09:25:52,441 - INFO - CYCLES RUN            : False
2025-06-13 09:25:52,441 - INFO - PRODUCTS PROCESSED    : 0
2025-06-13 09:25:52,441 - INFO - TIMESTAMP             : 2025-06-13 09:25:52.440679
2025-06-13 09:25:52,441 - INFO - Successfully processed site: FJM44
2025-06-13 09:25:52,441 - INFO - 
------------------------------------------------------------
                  FINAL PROCESSING SUMMARY                  
------------------------------------------------------------
2025-06-13 09:25:52,441 - INFO - TIMESTAMP             : 2025-06-13 09:25:52.441679
2025-06-13 09:25:52,441 - INFO - SITES PROCESSED       : BEVO_MILITARIA, FJM44, RUPTURED_DUCK, FJM44
2025-06-13 09:25:52,442 - INFO - TOTAL PRODUCTS        : 0
2025-06-13 09:25:52,442 - INFO - NEW PRODUCTS          : 0
2025-06-13 09:25:52,442 - INFO - OLD PRODUCTS          : 0
2025-06-13 09:25:52,442 - INFO - SITES COUNT           : 0
2025-06-13 09:25:52,442 - INFO - AVAILABILITY UPDATES  : 0
2025-06-13 09:25:52,442 - INFO - PROCESSING REQUIRED   : 0
2025-06-13 09:25:52,442 - INFO - Sleeping 12310 seconds... Next check at 2025-06-13 12:51:02
