2025-05-07 14:56:25,184 - DEBUG - Logging initialized. Log file: milivault_logs\2025-05-07_14-56-25.log
2025-05-07 14:56:26,678 - DEBUG - Adjusted logging level to DEBUG for environment: local
2025-05-07 14:56:28,166 - INFO - SETTINGS MANAGER: Changed directory to C:/Users/keena/Desktop/Milivault/scraper
2025-05-07 14:56:29,304 - INFO - Connection pool initialized successfully.
2025-05-07 14:56:29,305 - DEBUG - Changing event name from creating-client-class.iot-data to creating-client-class.iot-data-plane
2025-05-07 14:56:29,306 - DEBUG - Changing event name from before-call.apigateway to before-call.api-gateway
2025-05-07 14:56:29,307 - DEBUG - Changing event name from request-created.machinelearning.Predict to request-created.machine-learning.Predict
2025-05-07 14:56:29,307 - DEBUG - Changing event name from before-parameter-build.autoscaling.CreateLaunchConfiguration to before-parameter-build.auto-scaling.CreateLaunchConfiguration
2025-05-07 14:56:29,308 - DEBUG - Changing event name from before-parameter-build.route53 to before-parameter-build.route-53
2025-05-07 14:56:29,308 - DEBUG - Changing event name from request-created.cloudsearchdomain.Search to request-created.cloudsearch-domain.Search
2025-05-07 14:56:29,309 - DEBUG - Changing event name from docs.*.autoscaling.CreateLaunchConfiguration.complete-section to docs.*.auto-scaling.CreateLaunchConfiguration.complete-section
2025-05-07 14:56:29,310 - DEBUG - Changing event name from before-parameter-build.logs.CreateExportTask to before-parameter-build.cloudwatch-logs.CreateExportTask
2025-05-07 14:56:29,310 - DEBUG - Changing event name from docs.*.logs.CreateExportTask.complete-section to docs.*.cloudwatch-logs.CreateExportTask.complete-section
2025-05-07 14:56:29,311 - DEBUG - Changing event name from before-parameter-build.cloudsearchdomain.Search to before-parameter-build.cloudsearch-domain.Search
2025-05-07 14:56:29,311 - DEBUG - Changing event name from docs.*.cloudsearchdomain.Search.complete-section to docs.*.cloudsearch-domain.Search.complete-section
2025-05-07 14:56:29,359 - DEBUG - Loading JSON file: C:\Users\keena\AppData\Local\Programs\Python\Python313\Lib\site-packages\botocore\data\endpoints.json
2025-05-07 14:56:29,372 - DEBUG - Loading JSON file: C:\Users\keena\AppData\Local\Programs\Python\Python313\Lib\site-packages\botocore\data\sdk-default-configuration.json
2025-05-07 14:56:29,372 - DEBUG - Event choose-service-name: calling handler <function handle_service_name_alias at 0x00000274BA3E9E40>
2025-05-07 14:56:29,479 - DEBUG - Loading JSON file: C:\Users\keena\AppData\Local\Programs\Python\Python313\Lib\site-packages\botocore\data\s3\2006-03-01\service-2.json.gz
2025-05-07 14:56:29,485 - DEBUG - Loading JSON file: C:\Users\keena\AppData\Local\Programs\Python\Python313\Lib\site-packages\botocore\data\s3\2006-03-01\service-2.sdk-extras.json
2025-05-07 14:56:29,583 - DEBUG - Loading JSON file: C:\Users\keena\AppData\Local\Programs\Python\Python313\Lib\site-packages\botocore\data\s3\2006-03-01\endpoint-rule-set-1.json.gz
2025-05-07 14:56:29,586 - DEBUG - Loading JSON file: C:\Users\keena\AppData\Local\Programs\Python\Python313\Lib\site-packages\botocore\data\partitions.json
2025-05-07 14:56:29,587 - DEBUG - Event creating-client-class.s3: calling handler <function add_generate_presigned_post at 0x00000274BA330680>
2025-05-07 14:56:29,588 - DEBUG - Event creating-client-class.s3: calling handler <function lazy_call.<locals>._handler at 0x00000274BA828220>
2025-05-07 14:56:29,647 - DEBUG - Event creating-client-class.s3: calling handler <function add_generate_presigned_url at 0x00000274BA330400>
2025-05-07 14:56:29,647 - DEBUG - Looking for endpoint for s3 via: environment_service
2025-05-07 14:56:29,647 - DEBUG - Looking for endpoint for s3 via: environment_global
2025-05-07 14:56:29,647 - DEBUG - Looking for endpoint for s3 via: config_service
2025-05-07 14:56:29,647 - DEBUG - Looking for endpoint for s3 via: config_global
2025-05-07 14:56:29,647 - DEBUG - No configured endpoint found.
2025-05-07 14:56:29,649 - DEBUG - Setting s3 timeout as (60, 60)
2025-05-07 14:56:29,652 - DEBUG - Loading JSON file: C:\Users\keena\AppData\Local\Programs\Python\Python313\Lib\site-packages\botocore\data\_retry.json
2025-05-07 14:56:29,652 - DEBUG - Registering retry handlers for service: s3
2025-05-07 14:56:29,653 - DEBUG - Registering S3 region redirector handler
2025-05-07 14:56:29,653 - DEBUG - Registering S3Express Identity Resolver
2025-05-07 14:56:29,653 - INFO - S3Manager initialized for bucket militaria-images
