2025-04-14 14:59:32,880 - DEBUG - Logging initialized. Log file: milivault_logs\2025-04-14_14-59-32.log
2025-04-14 14:59:34,870 - DEBUG - Adjusted logging level to DEBUG for environment: local
2025-04-14 14:59:36,135 - INFO - SETTINGS MANAGER: Changed directory to C:/Users/keena/Desktop/Milivault/scraper
2025-04-14 14:59:41,159 - INFO - Connection pool initialized successfully.
2025-04-14 14:59:41,166 - DEBUG - Changing event name from creating-client-class.iot-data to creating-client-class.iot-data-plane
2025-04-14 14:59:41,169 - DEBUG - Changing event name from before-call.apigateway to before-call.api-gateway
2025-04-14 14:59:41,170 - DEBUG - Changing event name from request-created.machinelearning.Predict to request-created.machine-learning.Predict
2025-04-14 14:59:41,171 - DEBUG - Changing event name from before-parameter-build.autoscaling.CreateLaunchConfiguration to before-parameter-build.auto-scaling.CreateLaunchConfiguration
2025-04-14 14:59:41,171 - DEBUG - Changing event name from before-parameter-build.route53 to before-parameter-build.route-53
2025-04-14 14:59:41,171 - DEBUG - Changing event name from request-created.cloudsearchdomain.Search to request-created.cloudsearch-domain.Search
2025-04-14 14:59:41,172 - DEBUG - Changing event name from docs.*.autoscaling.CreateLaunchConfiguration.complete-section to docs.*.auto-scaling.CreateLaunchConfiguration.complete-section
2025-04-14 14:59:41,174 - DEBUG - Changing event name from before-parameter-build.logs.CreateExportTask to before-parameter-build.cloudwatch-logs.CreateExportTask
2025-04-14 14:59:41,174 - DEBUG - Changing event name from docs.*.logs.CreateExportTask.complete-section to docs.*.cloudwatch-logs.CreateExportTask.complete-section
2025-04-14 14:59:41,174 - DEBUG - Changing event name from before-parameter-build.cloudsearchdomain.Search to before-parameter-build.cloudsearch-domain.Search
2025-04-14 14:59:41,174 - DEBUG - Changing event name from docs.*.cloudsearchdomain.Search.complete-section to docs.*.cloudsearch-domain.Search.complete-section
2025-04-14 14:59:41,245 - DEBUG - Loading JSON file: C:\Users\keena\AppData\Local\Programs\Python\Python312\Lib\site-packages\botocore\data\endpoints.json
2025-04-14 14:59:41,269 - DEBUG - Loading JSON file: C:\Users\keena\AppData\Local\Programs\Python\Python312\Lib\site-packages\botocore\data\sdk-default-configuration.json
2025-04-14 14:59:41,269 - DEBUG - Event choose-service-name: calling handler <function handle_service_name_alias at 0x0000013AAE73E3E0>
2025-04-14 14:59:41,624 - DEBUG - Loading JSON file: C:\Users\keena\AppData\Local\Programs\Python\Python312\Lib\site-packages\botocore\data\s3\2006-03-01\service-2.json.gz
2025-04-14 14:59:41,646 - DEBUG - Loading JSON file: C:\Users\keena\AppData\Local\Programs\Python\Python312\Lib\site-packages\botocore\data\s3\2006-03-01\service-2.sdk-extras.json
2025-04-14 14:59:41,767 - DEBUG - Loading JSON file: C:\Users\keena\AppData\Local\Programs\Python\Python312\Lib\site-packages\botocore\data\s3\2006-03-01\endpoint-rule-set-1.json.gz
2025-04-14 14:59:41,779 - DEBUG - Loading JSON file: C:\Users\keena\AppData\Local\Programs\Python\Python312\Lib\site-packages\botocore\data\partitions.json
2025-04-14 14:59:41,780 - DEBUG - Event creating-client-class.s3: calling handler <function add_generate_presigned_post at 0x0000013AAE6731A0>
2025-04-14 14:59:41,780 - DEBUG - Event creating-client-class.s3: calling handler <function lazy_call.<locals>._handler at 0x0000013AAF4D0C20>
2025-04-14 14:59:41,841 - DEBUG - Event creating-client-class.s3: calling handler <function add_generate_presigned_url at 0x0000013AAE672F20>
2025-04-14 14:59:41,842 - DEBUG - Looking for endpoint for s3 via: environment_service
2025-04-14 14:59:41,842 - DEBUG - Looking for endpoint for s3 via: environment_global
2025-04-14 14:59:41,842 - DEBUG - Looking for endpoint for s3 via: config_service
2025-04-14 14:59:41,842 - DEBUG - Looking for endpoint for s3 via: config_global
2025-04-14 14:59:41,842 - DEBUG - No configured endpoint found.
2025-04-14 14:59:41,844 - DEBUG - Setting s3 timeout as (60, 60)
2025-04-14 14:59:41,868 - DEBUG - Loading JSON file: C:\Users\keena\AppData\Local\Programs\Python\Python312\Lib\site-packages\botocore\data\_retry.json
2025-04-14 14:59:41,868 - DEBUG - Registering retry handlers for service: s3
2025-04-14 14:59:41,869 - DEBUG - Registering S3 region redirector handler
2025-04-14 14:59:41,869 - DEBUG - Registering S3Express Identity Resolver
2025-04-14 14:59:41,870 - INFO - S3Manager initialized for bucket militaria-images
2025-04-14 14:59:42,047 - ERROR - Error decoding JSON file C:/Users/keena/Desktop/Milivault/site-json/t\THE_WAR_FRONT.json: Expecting value: line 1 column 1 (char 0)
2025-04-14 14:59:44,299 - INFO - Processing site: RUPTURED_DUCK
2025-04-14 14:59:44,299 - INFO - SITE PROCESSOR: Running with targetMatch = None
2025-04-14 14:59:44,299 - DEBUG - SITE PROCESSOR: Debug: base_url: https://www.therupturedduck.com/
2025-04-14 14:59:44,299 - INFO - 
------------------------------------------------------------
                    NEW INSTANCE STARTED                    
------------------------------------------------------------
2025-04-14 14:59:44,299 - INFO - MILITARIA SITE        : RUPTURED_DUCK
2025-04-14 14:59:44,299 - INFO - PRODUCTS URL          : https://www.therupturedduck.com/
2025-04-14 14:59:44,299 - INFO - CYCLES RUN            : False
2025-04-14 14:59:44,299 - INFO - PRODUCTS PROCESSED    : 0
2025-04-14 14:59:44,300 - INFO - TIMESTAMP             : 2025-04-14 14:59:44.299468
2025-04-14 14:59:44,300 - DEBUG - SITE PROCESSOR: products_list_page loaded
2025-04-14 14:59:44,300 - INFO - SITE PROCESSOR: Current product page: https://www.therupturedduck.com/collections/recently-added-items?page=0
2025-04-14 14:59:44,300 - INFO - SITE PROCESSOR: Current page: 0
2025-04-14 14:59:44,303 - DEBUG - Starting new HTTPS connection (1): www.therupturedduck.com:443
2025-04-14 14:59:44,899 - DEBUG - https://www.therupturedduck.com:443 "GET /collections/recently-added-items?page=0 HTTP/1.1" 200 None
2025-04-14 14:59:44,922 - DEBUG - SITE PROCESSOR: products_list_page_soup loaded.
2025-04-14 14:59:44,923 - DEBUG - TILE PROCESSOR: Extracted text from tag → US “T” M1910 Handled Entrenching Tool
2025-04-14 14:59:44,924 - DEBUG - SITE PROCESSOR: Skipping duplicate tile URL → https://www.therupturedduck.com#MainContent
2025-04-14 14:59:44,928 - DEBUG - TILE PROCESSOR: Extracted text from tag → US “T” M1910 Handled Entrenching Tool
2025-04-14 14:59:44,929 - DEBUG - SITE PROCESSOR: Skipping duplicate tile URL → https://www.therupturedduck.com/collections/recently-added-items/products/us-t-m1910-handled-entrenching-tool
2025-04-14 14:59:44,930 - DEBUG - SITE PROCESSOR: Skipping duplicate tile URL → https://www.therupturedduck.com/collections/recently-added-items/products/us-t-m1910-handled-entrenching-tool
2025-04-14 14:59:44,930 - DEBUG - SITE PROCESSOR: Skipping duplicate tile URL → https://www.therupturedduck.com/collections/recently-added-items/products/us-t-m1910-handled-entrenching-tool
2025-04-14 14:59:44,931 - DEBUG - TILE PROCESSOR: Extracted text from tag → German WWII Wehrmacht Dinner Knife
2025-04-14 14:59:44,931 - DEBUG - TILE PROCESSOR: Extracted text from tag → Japanese WWII Type 100 20mm Anti Aircraft INERT Shell w/Storage Tube
2025-04-14 14:59:44,931 - DEBUG - TILE PROCESSOR: Extracted text from tag → Japanese WWII Manufacturing Data Plate for Type 93 150 Searchlight
2025-04-14 14:59:44,931 - DEBUG - TILE PROCESSOR: Extracted text from tag → Pair of Japanese Chop Sticks in Wooden Case
2025-04-14 14:59:44,931 - DEBUG - TILE PROCESSOR: Extracted text from tag → Japanese WWII Ammo Pouch
2025-04-14 14:59:44,932 - DEBUG - TILE PROCESSOR: Extracted text from tag → German WWII Wehrmacht Lard Container with Painting
2025-04-14 14:59:44,932 - DEBUG - TILE PROCESSOR: Extracted text from tag → German Pre War ’34 Dated Canteen
2025-04-14 14:59:44,932 - DEBUG - TILE PROCESSOR: Extracted text from tag → German WWII Unissued Soldier Glasses
2025-04-14 14:59:44,932 - DEBUG - TILE PROCESSOR: Extracted text from tag → German WWII Soldier Glasses
2025-04-14 14:59:44,933 - DEBUG - TILE PROCESSOR: Extracted text from tag → RARE German WWII Cased Bakelite 6x30 Binoculars
2025-04-14 14:59:44,933 - DEBUG - TILE PROCESSOR: Extracted text from tag → German WWII Camp Stove
2025-04-14 14:59:44,933 - DEBUG - TILE PROCESSOR: Extracted text from tag → German WWII Marching Compass
2025-04-14 14:59:44,933 - DEBUG - TILE PROCESSOR: Extracted text from tag → German WWII Marching Compass
2025-04-14 14:59:44,933 - DEBUG - TILE PROCESSOR: Extracted text from tag → Old Wooden File
2025-04-14 14:59:44,933 - DEBUG - TILE PROCESSOR: Extracted text from tag → German WWII Tent Pegs
2025-04-14 14:59:44,933 - DEBUG - TILE PROCESSOR: Extracted text from tag → German WWII HN (Haus Neuerburg) Güldenring 25 Tropenpackung Cigarette Box
2025-04-14 14:59:44,935 - DEBUG - TILE PROCESSOR: Extracted text from tag → German WWII Pair of 8mm Ammo Pouches
2025-04-14 14:59:44,935 - DEBUG - TILE PROCESSOR: Extracted text from tag → German WWII Pair of 8mm Ammo Pouches
2025-04-14 14:59:44,935 - DEBUG - TILE PROCESSOR: Extracted text from tag → WWII US Pacific Album
2025-04-14 14:59:44,936 - DEBUG - SITE PROCESSOR: Total tiles found: 739, Valid tiles: 21
2025-04-14 14:59:44,937 - DEBUG - SITE PROCESSOR: Length of products_tile_list: 21 
2025-04-14 14:59:44,937 - DEBUG - CLEAN URL: Stripped URL → https://www.therupturedduck.com#MainContent
2025-04-14 14:59:44,937 - WARNING - CLEAN URL: Failed to match pattern → https://www.therupturedduck.com#MainContent
2025-04-14 14:59:44,945 - DEBUG - TILE PROCESSOR: Product tile preview: <html class="supports-no-js" lang="en"> <!--<![endif]-->...
2025-04-14 14:59:44,946 - DEBUG - CLEAN URL: Stripped URL → https://www.therupturedduck.com/collections/recently-added-items/products/us-t-m1910-handled-entrenching-tool
2025-04-14 14:59:44,946 - DEBUG - CLEAN URL: Validated URL → https://www.therupturedduck.com/collections/recently-added-items/products/us-t-m1910-handled-entrenching-tool
2025-04-14 14:59:44,946 - DEBUG - TILE PROCESSOR: Extracted text from tag → US “T” M1910 Handled Entrenching Tool
2025-04-14 14:59:44,946 - DEBUG - CLEAN TITLE: Raw input → US “T” M1910 Handled Entrenching Tool
2025-04-14 14:59:44,946 - DEBUG - CLEAN TITLE: After unescape → US “T” M1910 Handled Entrenching Tool
2025-04-14 14:59:44,946 - DEBUG - CLEAN TITLE: After removing HTML tags → US “T” M1910 Handled Entrenching Tool
2025-04-14 14:59:44,947 - DEBUG - CLEAN TITLE: After normalizing quotes → US 'T' M1910 Handled Entrenching Tool
2025-04-14 14:59:44,947 - DEBUG - CLEAN TITLE: After collapsing spaces → US 'T' M1910 Handled Entrenching Tool
2025-04-14 14:59:44,947 - DEBUG - CLEAN TITLE: Final cleaned title → US 'T' M1910 Handled Entrenching Tool
2025-04-14 14:59:44,947 - DEBUG - TILE PROCESSOR: Extracted text from tag → $ 95
2025-04-14 14:59:44,947 - DEBUG - CLEAN PRICE: Stripped text → 95
2025-04-14 14:59:44,949 - DEBUG - CLEAN PRICE: Parsed value → 95.0
2025-04-14 14:59:44,949 - INFO - 
                ======== TILE PRODUCT SUMMARY ========
                Raw URL            : https://www.therupturedduck.com/collections/recently-added-items/products/us-t-m1910-handled-entrenching-tool
                Cleaned URL        : https://www.therupturedduck.com/collections/recently-added-items/products/us-t-m1910-handled-entrenching-tool

                Raw Title          : US “T” M1910 Handled Entrenching Tool
                Cleaned Title      : US 'T' M1910 Handled Entrenching Tool

                Raw Price          :  95
                Cleaned Price      : 95.0

                Raw Availability   : ['main-content']
                Cleaned Availability: True
                ======================================
                    
2025-04-14 14:59:44,949 - DEBUG - CLEAN URL: Stripped URL → https://www.therupturedduck.com/collections/recently-added-items/products/german-wwii-wehrmacht-dinner-knife-1
2025-04-14 14:59:44,949 - DEBUG - CLEAN URL: Validated URL → https://www.therupturedduck.com/collections/recently-added-items/products/german-wwii-wehrmacht-dinner-knife-1
2025-04-14 14:59:44,949 - DEBUG - TILE PROCESSOR: Extracted text from tag → German WWII Wehrmacht Dinner Knife
2025-04-14 14:59:44,949 - DEBUG - CLEAN TITLE: Raw input → German WWII Wehrmacht Dinner Knife
2025-04-14 14:59:44,950 - DEBUG - CLEAN TITLE: After unescape → German WWII Wehrmacht Dinner Knife
2025-04-14 14:59:44,950 - DEBUG - CLEAN TITLE: After removing HTML tags → German WWII Wehrmacht Dinner Knife
2025-04-14 14:59:44,950 - DEBUG - CLEAN TITLE: After normalizing quotes → German WWII Wehrmacht Dinner Knife
2025-04-14 14:59:44,950 - DEBUG - CLEAN TITLE: After collapsing spaces → German WWII Wehrmacht Dinner Knife
2025-04-14 14:59:44,950 - DEBUG - CLEAN TITLE: Final cleaned title → German WWII Wehrmacht Dinner Knife
2025-04-14 14:59:44,950 - DEBUG - TILE PROCESSOR: Extracted text from tag → $ 35
2025-04-14 14:59:44,950 - DEBUG - CLEAN PRICE: Stripped text → 35
2025-04-14 14:59:44,950 - DEBUG - CLEAN PRICE: Parsed value → 35.0
2025-04-14 14:59:44,950 - INFO - 
                ======== TILE PRODUCT SUMMARY ========
                Raw URL            : https://www.therupturedduck.com/collections/recently-added-items/products/german-wwii-wehrmacht-dinner-knife-1
                Cleaned URL        : https://www.therupturedduck.com/collections/recently-added-items/products/german-wwii-wehrmacht-dinner-knife-1

                Raw Title          : German WWII Wehrmacht Dinner Knife
                Cleaned Title      : German WWII Wehrmacht Dinner Knife

                Raw Price          :  35
                Cleaned Price      : 35.0

                Raw Availability   : ['grid__item', 'small--one-half', 'medium-up--one-fifth']
                Cleaned Availability: True
                ======================================
                    
2025-04-14 14:59:44,950 - DEBUG - CLEAN URL: Stripped URL → https://www.therupturedduck.com/collections/recently-added-items/products/japanese-wwii-type-100-20mm-anti-aircraft-inert-shell-w-storage-tube
2025-04-14 14:59:44,951 - DEBUG - CLEAN URL: Validated URL → https://www.therupturedduck.com/collections/recently-added-items/products/japanese-wwii-type-100-20mm-anti-aircraft-inert-shell-w-storage-tube
2025-04-14 14:59:44,951 - DEBUG - TILE PROCESSOR: Extracted text from tag → Japanese WWII Type 100 20mm Anti Aircraft INERT Shell w/Storage Tube
2025-04-14 14:59:44,951 - DEBUG - CLEAN TITLE: Raw input → Japanese WWII Type 100 20mm Anti Aircraft INERT Shell w/Storage Tube
2025-04-14 14:59:44,951 - DEBUG - CLEAN TITLE: After unescape → Japanese WWII Type 100 20mm Anti Aircraft INERT Shell w/Storage Tube
2025-04-14 14:59:44,951 - DEBUG - CLEAN TITLE: After removing HTML tags → Japanese WWII Type 100 20mm Anti Aircraft INERT Shell w/Storage Tube
2025-04-14 14:59:44,951 - DEBUG - CLEAN TITLE: After normalizing quotes → Japanese WWII Type 100 20mm Anti Aircraft INERT Shell w/Storage Tube
2025-04-14 14:59:44,951 - DEBUG - CLEAN TITLE: After collapsing spaces → Japanese WWII Type 100 20mm Anti Aircraft INERT Shell w/Storage Tube
2025-04-14 14:59:44,951 - DEBUG - CLEAN TITLE: Final cleaned title → Japanese WWII Type 100 20mm Anti Aircraft INERT Shell w/Storage Tube
2025-04-14 14:59:44,951 - DEBUG - TILE PROCESSOR: Extracted text from tag → $ 400
2025-04-14 14:59:44,952 - DEBUG - CLEAN PRICE: Stripped text → 400
2025-04-14 14:59:44,952 - DEBUG - CLEAN PRICE: Parsed value → 400.0
2025-04-14 14:59:44,952 - INFO - 
                ======== TILE PRODUCT SUMMARY ========
                Raw URL            : https://www.therupturedduck.com/collections/recently-added-items/products/japanese-wwii-type-100-20mm-anti-aircraft-inert-shell-w-storage-tube
                Cleaned URL        : https://www.therupturedduck.com/collections/recently-added-items/products/japanese-wwii-type-100-20mm-anti-aircraft-inert-shell-w-storage-tube

                Raw Title          : Japanese WWII Type 100 20mm Anti Aircraft INERT Shell w/Storage Tube
                Cleaned Title      : Japanese WWII Type 100 20mm Anti Aircraft INERT Shell w/Storage Tube

                Raw Price          :  400
                Cleaned Price      : 400.0

                Raw Availability   : ['grid__item', 'small--one-half', 'medium-up--one-fifth']
                Cleaned Availability: True
                ======================================
                    
2025-04-14 14:59:44,952 - DEBUG - CLEAN URL: Stripped URL → https://www.therupturedduck.com/collections/recently-added-items/products/japanese-wwii-manufacturing-data-plate-for-type-93-150-searchlight
2025-04-14 14:59:44,952 - DEBUG - CLEAN URL: Validated URL → https://www.therupturedduck.com/collections/recently-added-items/products/japanese-wwii-manufacturing-data-plate-for-type-93-150-searchlight
2025-04-14 14:59:44,953 - DEBUG - TILE PROCESSOR: Extracted text from tag → Japanese WWII Manufacturing Data Plate for Type 93 150 Searchlight
2025-04-14 14:59:44,953 - DEBUG - CLEAN TITLE: Raw input → Japanese WWII Manufacturing Data Plate for Type 93 150 Searchlight
2025-04-14 14:59:44,953 - DEBUG - CLEAN TITLE: After unescape → Japanese WWII Manufacturing Data Plate for Type 93 150 Searchlight
2025-04-14 14:59:44,953 - DEBUG - CLEAN TITLE: After removing HTML tags → Japanese WWII Manufacturing Data Plate for Type 93 150 Searchlight
2025-04-14 14:59:44,953 - DEBUG - CLEAN TITLE: After normalizing quotes → Japanese WWII Manufacturing Data Plate for Type 93 150 Searchlight
2025-04-14 14:59:44,953 - DEBUG - CLEAN TITLE: After collapsing spaces → Japanese WWII Manufacturing Data Plate for Type 93 150 Searchlight
2025-04-14 14:59:44,953 - DEBUG - CLEAN TITLE: Final cleaned title → Japanese WWII Manufacturing Data Plate for Type 93 150 Searchlight
2025-04-14 14:59:44,953 - DEBUG - TILE PROCESSOR: Extracted text from tag → $ 295
2025-04-14 14:59:44,953 - DEBUG - CLEAN PRICE: Stripped text → 295
2025-04-14 14:59:44,954 - DEBUG - CLEAN PRICE: Parsed value → 295.0
2025-04-14 14:59:44,954 - INFO - 
                ======== TILE PRODUCT SUMMARY ========
                Raw URL            : https://www.therupturedduck.com/collections/recently-added-items/products/japanese-wwii-manufacturing-data-plate-for-type-93-150-searchlight
                Cleaned URL        : https://www.therupturedduck.com/collections/recently-added-items/products/japanese-wwii-manufacturing-data-plate-for-type-93-150-searchlight

                Raw Title          : Japanese WWII Manufacturing Data Plate for Type 93 150 Searchlight
                Cleaned Title      : Japanese WWII Manufacturing Data Plate for Type 93 150 Searchlight

                Raw Price          :  295
                Cleaned Price      : 295.0

                Raw Availability   : ['grid__item', 'small--one-half', 'medium-up--one-fifth']
                Cleaned Availability: True
                ======================================
                    
2025-04-14 14:59:44,954 - DEBUG - CLEAN URL: Stripped URL → https://www.therupturedduck.com/collections/recently-added-items/products/pair-of-japanese-chop-sticks-in-wooden-case
2025-04-14 14:59:44,954 - DEBUG - CLEAN URL: Validated URL → https://www.therupturedduck.com/collections/recently-added-items/products/pair-of-japanese-chop-sticks-in-wooden-case
2025-04-14 14:59:44,954 - DEBUG - TILE PROCESSOR: Extracted text from tag → Pair of Japanese Chop Sticks in Wooden Case
2025-04-14 14:59:44,954 - DEBUG - CLEAN TITLE: Raw input → Pair of Japanese Chop Sticks in Wooden Case
2025-04-14 14:59:44,954 - DEBUG - CLEAN TITLE: After unescape → Pair of Japanese Chop Sticks in Wooden Case
2025-04-14 14:59:44,955 - DEBUG - CLEAN TITLE: After removing HTML tags → Pair of Japanese Chop Sticks in Wooden Case
2025-04-14 14:59:44,955 - DEBUG - CLEAN TITLE: After normalizing quotes → Pair of Japanese Chop Sticks in Wooden Case
2025-04-14 14:59:44,955 - DEBUG - CLEAN TITLE: After collapsing spaces → Pair of Japanese Chop Sticks in Wooden Case
2025-04-14 14:59:44,955 - DEBUG - CLEAN TITLE: Final cleaned title → Pair of Japanese Chop Sticks in Wooden Case
2025-04-14 14:59:44,955 - DEBUG - TILE PROCESSOR: Extracted text from tag → $ 50
2025-04-14 14:59:44,955 - DEBUG - CLEAN PRICE: Stripped text → 50
2025-04-14 14:59:44,955 - DEBUG - CLEAN PRICE: Parsed value → 50.0
2025-04-14 14:59:44,955 - INFO - 
                ======== TILE PRODUCT SUMMARY ========
                Raw URL            : https://www.therupturedduck.com/collections/recently-added-items/products/pair-of-japanese-chop-sticks-in-wooden-case
                Cleaned URL        : https://www.therupturedduck.com/collections/recently-added-items/products/pair-of-japanese-chop-sticks-in-wooden-case

                Raw Title          : Pair of Japanese Chop Sticks in Wooden Case
                Cleaned Title      : Pair of Japanese Chop Sticks in Wooden Case

                Raw Price          :  50
                Cleaned Price      : 50.0

                Raw Availability   : ['grid__item', 'small--one-half', 'medium-up--one-fifth']
                Cleaned Availability: True
                ======================================
                    
2025-04-14 14:59:44,956 - DEBUG - CLEAN URL: Stripped URL → https://www.therupturedduck.com/collections/recently-added-items/products/japanese-wwii-ammo-pouch-2
2025-04-14 14:59:44,956 - DEBUG - CLEAN URL: Validated URL → https://www.therupturedduck.com/collections/recently-added-items/products/japanese-wwii-ammo-pouch-2
2025-04-14 14:59:44,956 - DEBUG - TILE PROCESSOR: Extracted text from tag → Japanese WWII Ammo Pouch
2025-04-14 14:59:44,956 - DEBUG - CLEAN TITLE: Raw input → Japanese WWII Ammo Pouch
2025-04-14 14:59:44,956 - DEBUG - CLEAN TITLE: After unescape → Japanese WWII Ammo Pouch
2025-04-14 14:59:44,956 - DEBUG - CLEAN TITLE: After removing HTML tags → Japanese WWII Ammo Pouch
2025-04-14 14:59:44,956 - DEBUG - CLEAN TITLE: After normalizing quotes → Japanese WWII Ammo Pouch
2025-04-14 14:59:44,956 - DEBUG - CLEAN TITLE: After collapsing spaces → Japanese WWII Ammo Pouch
2025-04-14 14:59:44,957 - DEBUG - CLEAN TITLE: Final cleaned title → Japanese WWII Ammo Pouch
2025-04-14 14:59:44,957 - DEBUG - TILE PROCESSOR: Extracted text from tag → $ 225
2025-04-14 14:59:44,957 - DEBUG - CLEAN PRICE: Stripped text → 225
2025-04-14 14:59:44,957 - DEBUG - CLEAN PRICE: Parsed value → 225.0
2025-04-14 14:59:44,957 - INFO - 
                ======== TILE PRODUCT SUMMARY ========
                Raw URL            : https://www.therupturedduck.com/collections/recently-added-items/products/japanese-wwii-ammo-pouch-2
                Cleaned URL        : https://www.therupturedduck.com/collections/recently-added-items/products/japanese-wwii-ammo-pouch-2

                Raw Title          : Japanese WWII Ammo Pouch
                Cleaned Title      : Japanese WWII Ammo Pouch

                Raw Price          :  225
                Cleaned Price      : 225.0

                Raw Availability   : ['grid__item', 'small--one-half', 'medium-up--one-fifth']
                Cleaned Availability: True
                ======================================
                    
2025-04-14 14:59:44,958 - DEBUG - CLEAN URL: Stripped URL → https://www.therupturedduck.com/collections/recently-added-items/products/german-wwii-wehrmacht-lard-container-with-painting
2025-04-14 14:59:44,958 - DEBUG - CLEAN URL: Validated URL → https://www.therupturedduck.com/collections/recently-added-items/products/german-wwii-wehrmacht-lard-container-with-painting
2025-04-14 14:59:44,958 - DEBUG - TILE PROCESSOR: Extracted text from tag → German WWII Wehrmacht Lard Container with Painting
2025-04-14 14:59:44,958 - DEBUG - CLEAN TITLE: Raw input → German WWII Wehrmacht Lard Container with Painting
2025-04-14 14:59:44,958 - DEBUG - CLEAN TITLE: After unescape → German WWII Wehrmacht Lard Container with Painting
2025-04-14 14:59:44,958 - DEBUG - CLEAN TITLE: After removing HTML tags → German WWII Wehrmacht Lard Container with Painting
2025-04-14 14:59:44,958 - DEBUG - CLEAN TITLE: After normalizing quotes → German WWII Wehrmacht Lard Container with Painting
2025-04-14 14:59:44,958 - DEBUG - CLEAN TITLE: After collapsing spaces → German WWII Wehrmacht Lard Container with Painting
2025-04-14 14:59:44,959 - DEBUG - CLEAN TITLE: Final cleaned title → German WWII Wehrmacht Lard Container with Painting
2025-04-14 14:59:44,959 - DEBUG - TILE PROCESSOR: Extracted text from tag → $ 125
2025-04-14 14:59:44,959 - DEBUG - CLEAN PRICE: Stripped text → 125
2025-04-14 14:59:44,959 - DEBUG - CLEAN PRICE: Parsed value → 125.0
2025-04-14 14:59:44,959 - INFO - 
                ======== TILE PRODUCT SUMMARY ========
                Raw URL            : https://www.therupturedduck.com/collections/recently-added-items/products/german-wwii-wehrmacht-lard-container-with-painting
                Cleaned URL        : https://www.therupturedduck.com/collections/recently-added-items/products/german-wwii-wehrmacht-lard-container-with-painting

                Raw Title          : German WWII Wehrmacht Lard Container with Painting
                Cleaned Title      : German WWII Wehrmacht Lard Container with Painting

                Raw Price          :  125
                Cleaned Price      : 125.0

                Raw Availability   : ['grid__item', 'small--one-half', 'medium-up--one-fifth']
                Cleaned Availability: True
                ======================================
                    
2025-04-14 14:59:44,959 - DEBUG - CLEAN URL: Stripped URL → https://www.therupturedduck.com/collections/recently-added-items/products/german-pre-war-34-dated-canteen
2025-04-14 14:59:44,960 - DEBUG - CLEAN URL: Validated URL → https://www.therupturedduck.com/collections/recently-added-items/products/german-pre-war-34-dated-canteen
2025-04-14 14:59:44,960 - DEBUG - TILE PROCESSOR: Extracted text from tag → German Pre War ’34 Dated Canteen
2025-04-14 14:59:44,960 - DEBUG - CLEAN TITLE: Raw input → German Pre War ’34 Dated Canteen
2025-04-14 14:59:44,960 - DEBUG - CLEAN TITLE: After unescape → German Pre War ’34 Dated Canteen
2025-04-14 14:59:44,960 - DEBUG - CLEAN TITLE: After removing HTML tags → German Pre War ’34 Dated Canteen
2025-04-14 14:59:44,960 - DEBUG - CLEAN TITLE: After normalizing quotes → German Pre War '34 Dated Canteen
2025-04-14 14:59:44,960 - DEBUG - CLEAN TITLE: After collapsing spaces → German Pre War '34 Dated Canteen
2025-04-14 14:59:44,960 - DEBUG - CLEAN TITLE: Final cleaned title → German Pre War '34 Dated Canteen
2025-04-14 14:59:44,961 - DEBUG - TILE PROCESSOR: Extracted text from tag → $ 250
2025-04-14 14:59:44,961 - DEBUG - CLEAN PRICE: Stripped text → 250
2025-04-14 14:59:44,961 - DEBUG - CLEAN PRICE: Parsed value → 250.0
2025-04-14 14:59:44,961 - INFO - 
                ======== TILE PRODUCT SUMMARY ========
                Raw URL            : https://www.therupturedduck.com/collections/recently-added-items/products/german-pre-war-34-dated-canteen
                Cleaned URL        : https://www.therupturedduck.com/collections/recently-added-items/products/german-pre-war-34-dated-canteen

                Raw Title          : German Pre War ’34 Dated Canteen
                Cleaned Title      : German Pre War '34 Dated Canteen

                Raw Price          :  250
                Cleaned Price      : 250.0

                Raw Availability   : ['grid__item', 'small--one-half', 'medium-up--one-fifth']
                Cleaned Availability: True
                ======================================
                    
2025-04-14 14:59:44,962 - DEBUG - CLEAN URL: Stripped URL → https://www.therupturedduck.com/collections/recently-added-items/products/german-wwii-unissued-soldier-glasses-1
2025-04-14 14:59:44,962 - DEBUG - CLEAN URL: Validated URL → https://www.therupturedduck.com/collections/recently-added-items/products/german-wwii-unissued-soldier-glasses-1
2025-04-14 14:59:44,962 - DEBUG - TILE PROCESSOR: Extracted text from tag → German WWII Unissued Soldier Glasses
2025-04-14 14:59:44,962 - DEBUG - CLEAN TITLE: Raw input → German WWII Unissued Soldier Glasses
2025-04-14 14:59:44,962 - DEBUG - CLEAN TITLE: After unescape → German WWII Unissued Soldier Glasses
2025-04-14 14:59:44,962 - DEBUG - CLEAN TITLE: After removing HTML tags → German WWII Unissued Soldier Glasses
2025-04-14 14:59:44,962 - DEBUG - CLEAN TITLE: After normalizing quotes → German WWII Unissued Soldier Glasses
2025-04-14 14:59:44,962 - DEBUG - CLEAN TITLE: After collapsing spaces → German WWII Unissued Soldier Glasses
2025-04-14 14:59:44,963 - DEBUG - CLEAN TITLE: Final cleaned title → German WWII Unissued Soldier Glasses
2025-04-14 14:59:44,963 - DEBUG - TILE PROCESSOR: Extracted text from tag → $ 70
2025-04-14 14:59:44,963 - DEBUG - CLEAN PRICE: Stripped text → 70
2025-04-14 14:59:44,963 - DEBUG - CLEAN PRICE: Parsed value → 70.0
2025-04-14 14:59:44,963 - INFO - 
                ======== TILE PRODUCT SUMMARY ========
                Raw URL            : https://www.therupturedduck.com/collections/recently-added-items/products/german-wwii-unissued-soldier-glasses-1
                Cleaned URL        : https://www.therupturedduck.com/collections/recently-added-items/products/german-wwii-unissued-soldier-glasses-1

                Raw Title          : German WWII Unissued Soldier Glasses
                Cleaned Title      : German WWII Unissued Soldier Glasses

                Raw Price          :  70
                Cleaned Price      : 70.0

                Raw Availability   : ['grid__item', 'small--one-half', 'medium-up--one-fifth']
                Cleaned Availability: True
                ======================================
                    
2025-04-14 14:59:44,963 - DEBUG - CLEAN URL: Stripped URL → https://www.therupturedduck.com/collections/recently-added-items/products/german-wwii-soldier-glasses
2025-04-14 14:59:44,964 - DEBUG - CLEAN URL: Validated URL → https://www.therupturedduck.com/collections/recently-added-items/products/german-wwii-soldier-glasses
2025-04-14 14:59:44,964 - DEBUG - TILE PROCESSOR: Extracted text from tag → German WWII Soldier Glasses
2025-04-14 14:59:44,964 - DEBUG - CLEAN TITLE: Raw input → German WWII Soldier Glasses
2025-04-14 14:59:44,964 - DEBUG - CLEAN TITLE: After unescape → German WWII Soldier Glasses
2025-04-14 14:59:44,964 - DEBUG - CLEAN TITLE: After removing HTML tags → German WWII Soldier Glasses
2025-04-14 14:59:44,964 - DEBUG - CLEAN TITLE: After normalizing quotes → German WWII Soldier Glasses
2025-04-14 14:59:44,964 - DEBUG - CLEAN TITLE: After collapsing spaces → German WWII Soldier Glasses
2025-04-14 14:59:44,964 - DEBUG - CLEAN TITLE: Final cleaned title → German WWII Soldier Glasses
2025-04-14 14:59:44,965 - DEBUG - TILE PROCESSOR: Extracted text from tag → $ 70
2025-04-14 14:59:44,965 - DEBUG - CLEAN PRICE: Stripped text → 70
2025-04-14 14:59:44,965 - DEBUG - CLEAN PRICE: Parsed value → 70.0
2025-04-14 14:59:44,965 - INFO - 
                ======== TILE PRODUCT SUMMARY ========
                Raw URL            : https://www.therupturedduck.com/collections/recently-added-items/products/german-wwii-soldier-glasses
                Cleaned URL        : https://www.therupturedduck.com/collections/recently-added-items/products/german-wwii-soldier-glasses

                Raw Title          : German WWII Soldier Glasses
                Cleaned Title      : German WWII Soldier Glasses

                Raw Price          :  70
                Cleaned Price      : 70.0

                Raw Availability   : ['grid__item', 'small--one-half', 'medium-up--one-fifth']
                Cleaned Availability: True
                ======================================
                    
2025-04-14 14:59:44,965 - DEBUG - CLEAN URL: Stripped URL → https://www.therupturedduck.com/collections/recently-added-items/products/german-wwii-cased-6x30-binoculars
2025-04-14 14:59:44,965 - DEBUG - CLEAN URL: Validated URL → https://www.therupturedduck.com/collections/recently-added-items/products/german-wwii-cased-6x30-binoculars
2025-04-14 14:59:44,966 - DEBUG - TILE PROCESSOR: Extracted text from tag → RARE German WWII Cased Bakelite 6x30 Binoculars
2025-04-14 14:59:44,966 - DEBUG - CLEAN TITLE: Raw input → RARE German WWII Cased Bakelite 6x30 Binoculars
2025-04-14 14:59:44,966 - DEBUG - CLEAN TITLE: After unescape → RARE German WWII Cased Bakelite 6x30 Binoculars
2025-04-14 14:59:44,966 - DEBUG - CLEAN TITLE: After removing HTML tags → RARE German WWII Cased Bakelite 6x30 Binoculars
2025-04-14 14:59:44,966 - DEBUG - CLEAN TITLE: After normalizing quotes → RARE German WWII Cased Bakelite 6x30 Binoculars
2025-04-14 14:59:44,966 - DEBUG - CLEAN TITLE: After collapsing spaces → RARE German WWII Cased Bakelite 6x30 Binoculars
2025-04-14 14:59:44,966 - DEBUG - CLEAN TITLE: Final cleaned title → RARE German WWII Cased Bakelite 6x30 Binoculars
2025-04-14 14:59:44,966 - DEBUG - TILE PROCESSOR: Extracted text from tag → $ 2,800
2025-04-14 14:59:44,966 - DEBUG - CLEAN PRICE: Stripped text → 2800
2025-04-14 14:59:44,967 - DEBUG - CLEAN PRICE: Parsed value → 2800.0
2025-04-14 14:59:44,967 - INFO - 
                ======== TILE PRODUCT SUMMARY ========
                Raw URL            : https://www.therupturedduck.com/collections/recently-added-items/products/german-wwii-cased-6x30-binoculars
                Cleaned URL        : https://www.therupturedduck.com/collections/recently-added-items/products/german-wwii-cased-6x30-binoculars

                Raw Title          : RARE German WWII Cased Bakelite 6x30 Binoculars
                Cleaned Title      : RARE German WWII Cased Bakelite 6x30 Binoculars

                Raw Price          :  2800
                Cleaned Price      : 2800.0

                Raw Availability   : ['grid__item', 'small--one-half', 'medium-up--one-fifth']
                Cleaned Availability: True
                ======================================
                    
2025-04-14 14:59:44,967 - DEBUG - CLEAN URL: Stripped URL → https://www.therupturedduck.com/collections/recently-added-items/products/german-wwii-camp-stove-3
2025-04-14 14:59:44,967 - DEBUG - CLEAN URL: Validated URL → https://www.therupturedduck.com/collections/recently-added-items/products/german-wwii-camp-stove-3
2025-04-14 14:59:44,967 - DEBUG - TILE PROCESSOR: Extracted text from tag → German WWII Camp Stove
2025-04-14 14:59:44,967 - DEBUG - CLEAN TITLE: Raw input → German WWII Camp Stove
2025-04-14 14:59:44,967 - DEBUG - CLEAN TITLE: After unescape → German WWII Camp Stove
2025-04-14 14:59:44,968 - DEBUG - CLEAN TITLE: After removing HTML tags → German WWII Camp Stove
2025-04-14 14:59:44,968 - DEBUG - CLEAN TITLE: After normalizing quotes → German WWII Camp Stove
2025-04-14 14:59:44,968 - DEBUG - CLEAN TITLE: After collapsing spaces → German WWII Camp Stove
2025-04-14 14:59:44,968 - DEBUG - CLEAN TITLE: Final cleaned title → German WWII Camp Stove
2025-04-14 14:59:44,968 - DEBUG - TILE PROCESSOR: Extracted text from tag → $ 65
2025-04-14 14:59:44,968 - DEBUG - CLEAN PRICE: Stripped text → 65
2025-04-14 14:59:44,968 - DEBUG - CLEAN PRICE: Parsed value → 65.0
2025-04-14 14:59:44,968 - INFO - 
                ======== TILE PRODUCT SUMMARY ========
                Raw URL            : https://www.therupturedduck.com/collections/recently-added-items/products/german-wwii-camp-stove-3
                Cleaned URL        : https://www.therupturedduck.com/collections/recently-added-items/products/german-wwii-camp-stove-3

                Raw Title          : German WWII Camp Stove
                Cleaned Title      : German WWII Camp Stove

                Raw Price          :  65
                Cleaned Price      : 65.0

                Raw Availability   : ['grid__item', 'small--one-half', 'medium-up--one-fifth']
                Cleaned Availability: True
                ======================================
                    
2025-04-14 14:59:44,969 - DEBUG - CLEAN URL: Stripped URL → https://www.therupturedduck.com/collections/recently-added-items/products/german-wwii-marching-compass-6
2025-04-14 14:59:44,969 - DEBUG - CLEAN URL: Validated URL → https://www.therupturedduck.com/collections/recently-added-items/products/german-wwii-marching-compass-6
2025-04-14 14:59:44,969 - DEBUG - TILE PROCESSOR: Extracted text from tag → German WWII Marching Compass
2025-04-14 14:59:44,969 - DEBUG - CLEAN TITLE: Raw input → German WWII Marching Compass
2025-04-14 14:59:44,969 - DEBUG - CLEAN TITLE: After unescape → German WWII Marching Compass
2025-04-14 14:59:44,969 - DEBUG - CLEAN TITLE: After removing HTML tags → German WWII Marching Compass
2025-04-14 14:59:44,969 - DEBUG - CLEAN TITLE: After normalizing quotes → German WWII Marching Compass
2025-04-14 14:59:44,969 - DEBUG - CLEAN TITLE: After collapsing spaces → German WWII Marching Compass
2025-04-14 14:59:44,970 - DEBUG - CLEAN TITLE: Final cleaned title → German WWII Marching Compass
2025-04-14 14:59:44,970 - DEBUG - TILE PROCESSOR: Extracted text from tag → $ 110
2025-04-14 14:59:44,970 - DEBUG - CLEAN PRICE: Stripped text → 110
2025-04-14 14:59:44,970 - DEBUG - CLEAN PRICE: Parsed value → 110.0
2025-04-14 14:59:44,970 - INFO - 
                ======== TILE PRODUCT SUMMARY ========
                Raw URL            : https://www.therupturedduck.com/collections/recently-added-items/products/german-wwii-marching-compass-6
                Cleaned URL        : https://www.therupturedduck.com/collections/recently-added-items/products/german-wwii-marching-compass-6

                Raw Title          : German WWII Marching Compass
                Cleaned Title      : German WWII Marching Compass

                Raw Price          :  110
                Cleaned Price      : 110.0

                Raw Availability   : ['grid__item', 'small--one-half', 'medium-up--one-fifth']
                Cleaned Availability: True
                ======================================
                    
2025-04-14 14:59:44,970 - DEBUG - CLEAN URL: Stripped URL → https://www.therupturedduck.com/collections/recently-added-items/products/german-wwii-marching-compass-5
2025-04-14 14:59:44,970 - DEBUG - CLEAN URL: Validated URL → https://www.therupturedduck.com/collections/recently-added-items/products/german-wwii-marching-compass-5
2025-04-14 14:59:44,971 - DEBUG - TILE PROCESSOR: Extracted text from tag → German WWII Marching Compass
2025-04-14 14:59:44,971 - DEBUG - CLEAN TITLE: Raw input → German WWII Marching Compass
2025-04-14 14:59:44,971 - DEBUG - CLEAN TITLE: After unescape → German WWII Marching Compass
2025-04-14 14:59:44,971 - DEBUG - CLEAN TITLE: After removing HTML tags → German WWII Marching Compass
2025-04-14 14:59:44,971 - DEBUG - CLEAN TITLE: After normalizing quotes → German WWII Marching Compass
2025-04-14 14:59:44,971 - DEBUG - CLEAN TITLE: After collapsing spaces → German WWII Marching Compass
2025-04-14 14:59:44,971 - DEBUG - CLEAN TITLE: Final cleaned title → German WWII Marching Compass
2025-04-14 14:59:44,971 - DEBUG - TILE PROCESSOR: Extracted text from tag → $ 110
2025-04-14 14:59:44,971 - DEBUG - CLEAN PRICE: Stripped text → 110
2025-04-14 14:59:44,972 - DEBUG - CLEAN PRICE: Parsed value → 110.0
2025-04-14 14:59:44,972 - INFO - 
                ======== TILE PRODUCT SUMMARY ========
                Raw URL            : https://www.therupturedduck.com/collections/recently-added-items/products/german-wwii-marching-compass-5
                Cleaned URL        : https://www.therupturedduck.com/collections/recently-added-items/products/german-wwii-marching-compass-5

                Raw Title          : German WWII Marching Compass
                Cleaned Title      : German WWII Marching Compass

                Raw Price          :  110
                Cleaned Price      : 110.0

                Raw Availability   : ['grid__item', 'small--one-half', 'medium-up--one-fifth']
                Cleaned Availability: True
                ======================================
                    
2025-04-14 14:59:44,972 - DEBUG - CLEAN URL: Stripped URL → https://www.therupturedduck.com/collections/recently-added-items/products/old-wooden-file
2025-04-14 14:59:44,972 - DEBUG - CLEAN URL: Validated URL → https://www.therupturedduck.com/collections/recently-added-items/products/old-wooden-file
2025-04-14 14:59:44,972 - DEBUG - TILE PROCESSOR: Extracted text from tag → Old Wooden File
2025-04-14 14:59:44,972 - DEBUG - CLEAN TITLE: Raw input → Old Wooden File
2025-04-14 14:59:44,973 - DEBUG - CLEAN TITLE: After unescape → Old Wooden File
2025-04-14 14:59:44,973 - DEBUG - CLEAN TITLE: After removing HTML tags → Old Wooden File
2025-04-14 14:59:44,973 - DEBUG - CLEAN TITLE: After normalizing quotes → Old Wooden File
2025-04-14 14:59:44,973 - DEBUG - CLEAN TITLE: After collapsing spaces → Old Wooden File
2025-04-14 14:59:44,973 - DEBUG - CLEAN TITLE: Final cleaned title → Old Wooden File
2025-04-14 14:59:44,973 - DEBUG - TILE PROCESSOR: Extracted text from tag → $ 28
2025-04-14 14:59:44,973 - DEBUG - CLEAN PRICE: Stripped text → 28
2025-04-14 14:59:44,973 - DEBUG - CLEAN PRICE: Parsed value → 28.0
2025-04-14 14:59:44,974 - INFO - 
                ======== TILE PRODUCT SUMMARY ========
                Raw URL            : https://www.therupturedduck.com/collections/recently-added-items/products/old-wooden-file
                Cleaned URL        : https://www.therupturedduck.com/collections/recently-added-items/products/old-wooden-file

                Raw Title          : Old Wooden File
                Cleaned Title      : Old Wooden File

                Raw Price          :  28
                Cleaned Price      : 28.0

                Raw Availability   : ['grid__item', 'small--one-half', 'medium-up--one-fifth']
                Cleaned Availability: True
                ======================================
                    
2025-04-14 14:59:44,974 - DEBUG - CLEAN URL: Stripped URL → https://www.therupturedduck.com/collections/recently-added-items/products/german-wwii-tent-pegs-8
2025-04-14 14:59:44,974 - DEBUG - CLEAN URL: Validated URL → https://www.therupturedduck.com/collections/recently-added-items/products/german-wwii-tent-pegs-8
2025-04-14 14:59:44,974 - DEBUG - TILE PROCESSOR: Extracted text from tag → German WWII Tent Pegs
2025-04-14 14:59:44,974 - DEBUG - CLEAN TITLE: Raw input → German WWII Tent Pegs
2025-04-14 14:59:44,975 - DEBUG - CLEAN TITLE: After unescape → German WWII Tent Pegs
2025-04-14 14:59:44,975 - DEBUG - CLEAN TITLE: After removing HTML tags → German WWII Tent Pegs
2025-04-14 14:59:44,975 - DEBUG - CLEAN TITLE: After normalizing quotes → German WWII Tent Pegs
2025-04-14 14:59:44,975 - DEBUG - CLEAN TITLE: After collapsing spaces → German WWII Tent Pegs
2025-04-14 14:59:44,976 - DEBUG - CLEAN TITLE: Final cleaned title → German WWII Tent Pegs
2025-04-14 14:59:44,976 - DEBUG - TILE PROCESSOR: Extracted text from tag → $ 110
2025-04-14 14:59:44,976 - DEBUG - CLEAN PRICE: Stripped text → 110
2025-04-14 14:59:44,976 - DEBUG - CLEAN PRICE: Parsed value → 110.0
2025-04-14 14:59:44,976 - INFO - 
                ======== TILE PRODUCT SUMMARY ========
                Raw URL            : https://www.therupturedduck.com/collections/recently-added-items/products/german-wwii-tent-pegs-8
                Cleaned URL        : https://www.therupturedduck.com/collections/recently-added-items/products/german-wwii-tent-pegs-8

                Raw Title          : German WWII Tent Pegs
                Cleaned Title      : German WWII Tent Pegs

                Raw Price          :  110
                Cleaned Price      : 110.0

                Raw Availability   : ['grid__item', 'small--one-half', 'medium-up--one-fifth']
                Cleaned Availability: True
                ======================================
                    
2025-04-14 14:59:44,976 - DEBUG - CLEAN URL: Stripped URL → https://www.therupturedduck.com/collections/recently-added-items/products/german-wwii-hn-haus-neuerburg-guldenring-25-tropenpackung-cigarette-box
2025-04-14 14:59:44,977 - DEBUG - CLEAN URL: Validated URL → https://www.therupturedduck.com/collections/recently-added-items/products/german-wwii-hn-haus-neuerburg-guldenring-25-tropenpackung-cigarette-box
2025-04-14 14:59:44,977 - DEBUG - TILE PROCESSOR: Extracted text from tag → German WWII HN (Haus Neuerburg) Güldenring 25 Tropenpackung Cigarette Box
2025-04-14 14:59:44,977 - DEBUG - CLEAN TITLE: Raw input → German WWII HN (Haus Neuerburg) Güldenring 25 Tropenpackung Cigarette Box
2025-04-14 14:59:44,977 - DEBUG - CLEAN TITLE: After unescape → German WWII HN (Haus Neuerburg) Güldenring 25 Tropenpackung Cigarette Box
2025-04-14 14:59:44,977 - DEBUG - CLEAN TITLE: After removing HTML tags → German WWII HN (Haus Neuerburg) Güldenring 25 Tropenpackung Cigarette Box
2025-04-14 14:59:44,977 - DEBUG - CLEAN TITLE: After normalizing quotes → German WWII HN (Haus Neuerburg) Güldenring 25 Tropenpackung Cigarette Box
2025-04-14 14:59:44,978 - DEBUG - CLEAN TITLE: After collapsing spaces → German WWII HN (Haus Neuerburg) Güldenring 25 Tropenpackung Cigarette Box
2025-04-14 14:59:44,978 - DEBUG - CLEAN TITLE: Final cleaned title → German WWII HN (Haus Neuerburg) Güldenring 25 Tropenpackung Cigarette Box
2025-04-14 14:59:44,978 - DEBUG - TILE PROCESSOR: Extracted text from tag → $ 55
2025-04-14 14:59:44,978 - DEBUG - CLEAN PRICE: Stripped text → 55
2025-04-14 14:59:44,978 - DEBUG - CLEAN PRICE: Parsed value → 55.0
2025-04-14 14:59:44,979 - INFO - 
                ======== TILE PRODUCT SUMMARY ========
                Raw URL            : https://www.therupturedduck.com/collections/recently-added-items/products/german-wwii-hn-haus-neuerburg-guldenring-25-tropenpackung-cigarette-box
                Cleaned URL        : https://www.therupturedduck.com/collections/recently-added-items/products/german-wwii-hn-haus-neuerburg-guldenring-25-tropenpackung-cigarette-box

                Raw Title          : German WWII HN (Haus Neuerburg) Güldenring 25 Tropenpackung Cigarette Box
                Cleaned Title      : German WWII HN (Haus Neuerburg) Güldenring 25 Tropenpackung Cigarette Box

                Raw Price          :  55
                Cleaned Price      : 55.0

                Raw Availability   : ['grid__item', 'small--one-half', 'medium-up--one-fifth']
                Cleaned Availability: True
                ======================================
                    
2025-04-14 14:59:44,979 - DEBUG - CLEAN URL: Stripped URL → https://www.therupturedduck.com/collections/recently-added-items/products/german-wwii-pair-of-8mm-ammo-pouches-2
2025-04-14 14:59:44,979 - DEBUG - CLEAN URL: Validated URL → https://www.therupturedduck.com/collections/recently-added-items/products/german-wwii-pair-of-8mm-ammo-pouches-2
2025-04-14 14:59:44,979 - DEBUG - TILE PROCESSOR: Extracted text from tag → German WWII Pair of 8mm Ammo Pouches
2025-04-14 14:59:44,979 - DEBUG - CLEAN TITLE: Raw input → German WWII Pair of 8mm Ammo Pouches
2025-04-14 14:59:44,979 - DEBUG - CLEAN TITLE: After unescape → German WWII Pair of 8mm Ammo Pouches
2025-04-14 14:59:44,979 - DEBUG - CLEAN TITLE: After removing HTML tags → German WWII Pair of 8mm Ammo Pouches
2025-04-14 14:59:44,980 - DEBUG - CLEAN TITLE: After normalizing quotes → German WWII Pair of 8mm Ammo Pouches
2025-04-14 14:59:44,980 - DEBUG - CLEAN TITLE: After collapsing spaces → German WWII Pair of 8mm Ammo Pouches
2025-04-14 14:59:44,980 - DEBUG - CLEAN TITLE: Final cleaned title → German WWII Pair of 8mm Ammo Pouches
2025-04-14 14:59:44,980 - DEBUG - TILE PROCESSOR: Extracted text from tag → $ 125
2025-04-14 14:59:44,980 - DEBUG - CLEAN PRICE: Stripped text → 125
2025-04-14 14:59:44,980 - DEBUG - CLEAN PRICE: Parsed value → 125.0
2025-04-14 14:59:44,980 - INFO - 
                ======== TILE PRODUCT SUMMARY ========
                Raw URL            : https://www.therupturedduck.com/collections/recently-added-items/products/german-wwii-pair-of-8mm-ammo-pouches-2
                Cleaned URL        : https://www.therupturedduck.com/collections/recently-added-items/products/german-wwii-pair-of-8mm-ammo-pouches-2

                Raw Title          : German WWII Pair of 8mm Ammo Pouches
                Cleaned Title      : German WWII Pair of 8mm Ammo Pouches

                Raw Price          :  125
                Cleaned Price      : 125.0

                Raw Availability   : ['grid__item', 'small--one-half', 'medium-up--one-fifth']
                Cleaned Availability: True
                ======================================
                    
2025-04-14 14:59:44,981 - DEBUG - CLEAN URL: Stripped URL → https://www.therupturedduck.com/collections/recently-added-items/products/german-wwii-pair-of-8mm-ammo-pouches-1
2025-04-14 14:59:44,981 - DEBUG - CLEAN URL: Validated URL → https://www.therupturedduck.com/collections/recently-added-items/products/german-wwii-pair-of-8mm-ammo-pouches-1
2025-04-14 14:59:44,981 - DEBUG - TILE PROCESSOR: Extracted text from tag → German WWII Pair of 8mm Ammo Pouches
2025-04-14 14:59:44,981 - DEBUG - CLEAN TITLE: Raw input → German WWII Pair of 8mm Ammo Pouches
2025-04-14 14:59:44,982 - DEBUG - CLEAN TITLE: After unescape → German WWII Pair of 8mm Ammo Pouches
2025-04-14 14:59:44,982 - DEBUG - CLEAN TITLE: After removing HTML tags → German WWII Pair of 8mm Ammo Pouches
2025-04-14 14:59:44,982 - DEBUG - CLEAN TITLE: After normalizing quotes → German WWII Pair of 8mm Ammo Pouches
2025-04-14 14:59:44,982 - DEBUG - CLEAN TITLE: After collapsing spaces → German WWII Pair of 8mm Ammo Pouches
2025-04-14 14:59:44,982 - DEBUG - CLEAN TITLE: Final cleaned title → German WWII Pair of 8mm Ammo Pouches
2025-04-14 14:59:44,982 - DEBUG - TILE PROCESSOR: Extracted text from tag → $ 125
2025-04-14 14:59:44,982 - DEBUG - CLEAN PRICE: Stripped text → 125
2025-04-14 14:59:44,983 - DEBUG - CLEAN PRICE: Parsed value → 125.0
2025-04-14 14:59:44,983 - INFO - 
                ======== TILE PRODUCT SUMMARY ========
                Raw URL            : https://www.therupturedduck.com/collections/recently-added-items/products/german-wwii-pair-of-8mm-ammo-pouches-1
                Cleaned URL        : https://www.therupturedduck.com/collections/recently-added-items/products/german-wwii-pair-of-8mm-ammo-pouches-1

                Raw Title          : German WWII Pair of 8mm Ammo Pouches
                Cleaned Title      : German WWII Pair of 8mm Ammo Pouches

                Raw Price          :  125
                Cleaned Price      : 125.0

                Raw Availability   : ['grid__item', 'small--one-half', 'medium-up--one-fifth']
                Cleaned Availability: True
                ======================================
                    
2025-04-14 14:59:44,983 - DEBUG - CLEAN URL: Stripped URL → https://www.therupturedduck.com/collections/recently-added-items/products/wwii-us-pacific-album
2025-04-14 14:59:44,983 - DEBUG - CLEAN URL: Validated URL → https://www.therupturedduck.com/collections/recently-added-items/products/wwii-us-pacific-album
2025-04-14 14:59:44,983 - DEBUG - TILE PROCESSOR: Extracted text from tag → WWII US Pacific Album
2025-04-14 14:59:44,984 - DEBUG - CLEAN TITLE: Raw input → WWII US Pacific Album
2025-04-14 14:59:44,984 - DEBUG - CLEAN TITLE: After unescape → WWII US Pacific Album
2025-04-14 14:59:44,984 - DEBUG - CLEAN TITLE: After removing HTML tags → WWII US Pacific Album
2025-04-14 14:59:44,984 - DEBUG - CLEAN TITLE: After normalizing quotes → WWII US Pacific Album
2025-04-14 14:59:44,984 - DEBUG - CLEAN TITLE: After collapsing spaces → WWII US Pacific Album
2025-04-14 14:59:44,984 - DEBUG - CLEAN TITLE: Final cleaned title → WWII US Pacific Album
2025-04-14 14:59:44,984 - DEBUG - TILE PROCESSOR: Extracted text from tag → $ 295
2025-04-14 14:59:44,985 - DEBUG - CLEAN PRICE: Stripped text → 295
2025-04-14 14:59:44,985 - DEBUG - CLEAN PRICE: Parsed value → 295.0
2025-04-14 14:59:44,985 - INFO - 
                ======== TILE PRODUCT SUMMARY ========
                Raw URL            : https://www.therupturedduck.com/collections/recently-added-items/products/wwii-us-pacific-album
                Cleaned URL        : https://www.therupturedduck.com/collections/recently-added-items/products/wwii-us-pacific-album

                Raw Title          : WWII US Pacific Album
                Cleaned Title      : WWII US Pacific Album

                Raw Price          :  295
                Cleaned Price      : 295.0

                Raw Availability   : ['grid__item', 'small--one-half', 'medium-up--one-fifth']
                Cleaned Availability: True
                ======================================
                    
2025-04-14 14:59:44,985 - INFO - SITE PROCESSOR: Product Dictionaries count: 20
2025-04-14 14:59:54,835 - INFO - PRODUCT PROCESSOR: Products needing full processing  : 0
2025-04-14 14:59:54,836 - INFO - PRODUCT PROCESSOR: Products needing availability updates: 0
2025-04-14 14:59:54,836 - INFO - PRODUCT PROCESSOR: Products ignored (no updates needed): 20
2025-04-14 14:59:54,836 - DEBUG - PRODUCT PROCESSOR: Processing required list count: 0
2025-04-14 14:59:54,836 - DEBUG - PRODUCT PROCESSOR: Processing completed for 0 products.
2025-04-14 14:59:54,836 - INFO - SITE PROCESSOR: Moved to next page: 1
2025-04-14 14:59:54,837 - ERROR - Error processing site RUPTURED_DUCK: '>=' not supported between instances of 'int' and 'NoneType'
2025-04-14 14:59:54,837 - INFO - 
------------------------------------------------------------
                  FINAL PROCESSING SUMMARY                  
------------------------------------------------------------
2025-04-14 14:59:54,837 - INFO - TIMESTAMP             : 2025-04-14 14:59:54.837344
2025-04-14 14:59:54,837 - INFO - SITES PROCESSED       : RUPTURED_DUCK
2025-04-14 14:59:54,837 - INFO - TOTAL PRODUCTS        : 20
2025-04-14 14:59:54,837 - INFO - NEW PRODUCTS          : 0
2025-04-14 14:59:54,837 - INFO - OLD PRODUCTS          : 0
2025-04-14 14:59:54,837 - INFO - SITES COUNT           : 0
2025-04-14 14:59:54,837 - INFO - AVAILABILITY UPDATES  : 0
2025-04-14 14:59:54,838 - INFO - PROCESSING REQUIRED   : 0
2025-04-14 14:59:54,838 - INFO - Processing completed.
2025-04-14 14:59:54,838 - INFO - No sleep time configured. Exiting loop.
2025-04-14 14:59:54,838 - INFO - 
------------------------------------------------------------
                  FINAL PROCESSING SUMMARY                  
------------------------------------------------------------
2025-04-14 14:59:54,838 - INFO - TIMESTAMP             : 2025-04-14 14:59:54.838344
2025-04-14 14:59:54,838 - INFO - SITES PROCESSED       : RUPTURED_DUCK
2025-04-14 14:59:54,838 - INFO - TOTAL PRODUCTS        : 20
2025-04-14 14:59:54,838 - INFO - NEW PRODUCTS          : 0
2025-04-14 14:59:54,838 - INFO - OLD PRODUCTS          : 0
2025-04-14 14:59:54,839 - INFO - SITES COUNT           : 0
2025-04-14 14:59:54,839 - INFO - AVAILABILITY UPDATES  : 0
2025-04-14 14:59:54,839 - INFO - PROCESSING REQUIRED   : 0
