2025-04-03 15:29:54,389 - DEBUG - Logging initialized. Log file: milivault_logs\2025-04-03_15-29-54.log
2025-04-03 15:29:56,611 - INFO - SETTINGS MANAGER: Changed directory to C:/Users/keena/Desktop/Milivault/scraper
2025-04-03 15:30:01,697 - INFO - Connection pool initialized successfully.
2025-04-03 15:30:01,704 - DEBUG - Changing event name from creating-client-class.iot-data to creating-client-class.iot-data-plane
2025-04-03 15:30:01,706 - DEBUG - Changing event name from before-call.apigateway to before-call.api-gateway
2025-04-03 15:30:01,706 - DEBUG - Changing event name from request-created.machinelearning.Predict to request-created.machine-learning.Predict
2025-04-03 15:30:01,707 - DEBUG - Changing event name from before-parameter-build.autoscaling.CreateLaunchConfiguration to before-parameter-build.auto-scaling.CreateLaunchConfiguration
2025-04-03 15:30:01,707 - DEBUG - Changing event name from before-parameter-build.route53 to before-parameter-build.route-53
2025-04-03 15:30:01,709 - DEBUG - Changing event name from request-created.cloudsearchdomain.Search to request-created.cloudsearch-domain.Search
2025-04-03 15:30:01,710 - DEBUG - Changing event name from docs.*.autoscaling.CreateLaunchConfiguration.complete-section to docs.*.auto-scaling.CreateLaunchConfiguration.complete-section
2025-04-03 15:30:01,712 - DEBUG - Changing event name from before-parameter-build.logs.CreateExportTask to before-parameter-build.cloudwatch-logs.CreateExportTask
2025-04-03 15:30:01,712 - DEBUG - Changing event name from docs.*.logs.CreateExportTask.complete-section to docs.*.cloudwatch-logs.CreateExportTask.complete-section
2025-04-03 15:30:01,712 - DEBUG - Changing event name from before-parameter-build.cloudsearchdomain.Search to before-parameter-build.cloudsearch-domain.Search
2025-04-03 15:30:01,712 - DEBUG - Changing event name from docs.*.cloudsearchdomain.Search.complete-section to docs.*.cloudsearch-domain.Search.complete-section
2025-04-03 15:30:01,774 - DEBUG - Loading JSON file: C:\Users\keena\AppData\Local\Programs\Python\Python312\Lib\site-packages\botocore\data\endpoints.json
2025-04-03 15:30:01,795 - DEBUG - Loading JSON file: C:\Users\keena\AppData\Local\Programs\Python\Python312\Lib\site-packages\botocore\data\sdk-default-configuration.json
2025-04-03 15:30:01,795 - DEBUG - Event choose-service-name: calling handler <function handle_service_name_alias at 0x000002C311D0E480>
2025-04-03 15:30:01,910 - DEBUG - Loading JSON file: C:\Users\keena\AppData\Local\Programs\Python\Python312\Lib\site-packages\botocore\data\s3\2006-03-01\service-2.json.gz
2025-04-03 15:30:01,923 - DEBUG - Loading JSON file: C:\Users\keena\AppData\Local\Programs\Python\Python312\Lib\site-packages\botocore\data\s3\2006-03-01\service-2.sdk-extras.json
2025-04-03 15:30:02,036 - DEBUG - Loading JSON file: C:\Users\keena\AppData\Local\Programs\Python\Python312\Lib\site-packages\botocore\data\s3\2006-03-01\endpoint-rule-set-1.json.gz
2025-04-03 15:30:02,047 - DEBUG - Loading JSON file: C:\Users\keena\AppData\Local\Programs\Python\Python312\Lib\site-packages\botocore\data\partitions.json
2025-04-03 15:30:02,049 - DEBUG - Event creating-client-class.s3: calling handler <function add_generate_presigned_post at 0x000002C311C2C400>
2025-04-03 15:30:02,049 - DEBUG - Event creating-client-class.s3: calling handler <function lazy_call.<locals>._handler at 0x000002C312A3F060>
2025-04-03 15:30:02,095 - DEBUG - Event creating-client-class.s3: calling handler <function add_generate_presigned_url at 0x000002C311C2C180>
2025-04-03 15:30:02,096 - DEBUG - Looking for endpoint for s3 via: environment_service
2025-04-03 15:30:02,096 - DEBUG - Looking for endpoint for s3 via: environment_global
2025-04-03 15:30:02,096 - DEBUG - Looking for endpoint for s3 via: config_service
2025-04-03 15:30:02,097 - DEBUG - Looking for endpoint for s3 via: config_global
2025-04-03 15:30:02,097 - DEBUG - No configured endpoint found.
2025-04-03 15:30:02,098 - DEBUG - Setting s3 timeout as (60, 60)
2025-04-03 15:30:02,109 - DEBUG - Loading JSON file: C:\Users\keena\AppData\Local\Programs\Python\Python312\Lib\site-packages\botocore\data\_retry.json
2025-04-03 15:30:02,110 - DEBUG - Registering retry handlers for service: s3
2025-04-03 15:30:02,111 - DEBUG - Registering S3 region redirector handler
2025-04-03 15:30:02,112 - DEBUG - Registering S3Express Identity Resolver
2025-04-03 15:30:02,112 - INFO - S3Manager initialized for bucket militaria-images
2025-04-03 15:30:08,376 - INFO - Processing site: RUPTURED_DUCK
2025-04-03 15:30:08,376 - INFO - SITE PROCESSOR: Running with targetMatch = 1
2025-04-03 15:30:08,376 - DEBUG - SITE PROCESSOR: Debug: base_url: https://www.therupturedduck.com/
2025-04-03 15:30:08,377 - INFO - 
------------------------------------------------------------
                    NEW INSTANCE STARTED                    
------------------------------------------------------------
2025-04-03 15:30:08,377 - INFO - MILITARIA SITE        : RUPTURED_DUCK
2025-04-03 15:30:08,378 - INFO - PRODUCTS URL          : https://www.therupturedduck.com/
2025-04-03 15:30:08,378 - INFO - CYCLES RUN            : False
2025-04-03 15:30:08,378 - INFO - PRODUCTS PROCESSED    : 0
2025-04-03 15:30:08,378 - INFO - TIMESTAMP             : 2025-04-03 15:30:08.377914
2025-04-03 15:30:08,378 - DEBUG - SITE PROCESSOR: products_list_page loaded
2025-04-03 15:30:08,378 - INFO - SITE PROCESSOR: Current product page: https://www.therupturedduck.com/collections/recently-added-items?page=0
2025-04-03 15:30:08,378 - INFO - SITE PROCESSOR: Current page: 0
2025-04-03 15:30:08,381 - DEBUG - Starting new HTTPS connection (1): www.therupturedduck.com:443
2025-04-03 15:30:08,825 - DEBUG - https://www.therupturedduck.com:443 "GET /collections/recently-added-items?page=0 HTTP/1.1" 200 None
2025-04-03 15:30:08,874 - DEBUG - SITE PROCESSOR: products_list_page_soup loaded.
2025-04-03 15:30:08,875 - DEBUG - TILE PROCESSOR: Raw extracted URL: #MainContent
2025-04-03 15:30:08,875 - WARNING - Post-process function 'prefix' not found.
2025-04-03 15:30:08,875 - DEBUG - TILE PROCESSOR: Post-processed URL: #MainContent
2025-04-03 15:30:08,876 - DEBUG - TILE PROCESSOR: Raw extracted URL: #MainContent
2025-04-03 15:30:08,876 - WARNING - Post-process function 'prefix' not found.
2025-04-03 15:30:08,876 - DEBUG - TILE PROCESSOR: Post-processed URL: #MainContent
2025-04-03 15:30:08,876 - DEBUG - TILE PROCESSOR: Raw extracted URL: /
2025-04-03 15:30:08,876 - WARNING - Post-process function 'prefix' not found.
2025-04-03 15:30:08,876 - DEBUG - TILE PROCESSOR: Post-processed URL: /
2025-04-03 15:30:08,877 - DEBUG - TILE PROCESSOR: Raw extracted URL: /
2025-04-03 15:30:08,877 - WARNING - Post-process function 'prefix' not found.
2025-04-03 15:30:08,877 - DEBUG - TILE PROCESSOR: Post-processed URL: /
2025-04-03 15:30:08,877 - DEBUG - TILE PROCESSOR: Raw extracted URL: /
2025-04-03 15:30:08,877 - WARNING - Post-process function 'prefix' not found.
2025-04-03 15:30:08,877 - DEBUG - TILE PROCESSOR: Post-processed URL: /
2025-04-03 15:30:08,877 - DEBUG - TILE PROCESSOR: Raw extracted URL: /
2025-04-03 15:30:08,877 - WARNING - Post-process function 'prefix' not found.
2025-04-03 15:30:08,878 - DEBUG - TILE PROCESSOR: Post-processed URL: /
2025-04-03 15:30:08,878 - DEBUG - TILE PROCESSOR: Raw extracted URL: /
2025-04-03 15:30:08,878 - WARNING - Post-process function 'prefix' not found.
2025-04-03 15:30:08,878 - DEBUG - TILE PROCESSOR: Post-processed URL: /
2025-04-03 15:30:08,878 - DEBUG - TILE PROCESSOR: Raw extracted URL: /pages/terms-conditions
2025-04-03 15:30:08,878 - WARNING - Post-process function 'prefix' not found.
2025-04-03 15:30:08,878 - DEBUG - TILE PROCESSOR: Post-processed URL: /pages/terms-conditions
2025-04-03 15:30:08,878 - DEBUG - TILE PROCESSOR: Raw extracted URL: /pages/terms-conditions
2025-04-03 15:30:08,879 - WARNING - Post-process function 'prefix' not found.
2025-04-03 15:30:08,879 - DEBUG - TILE PROCESSOR: Post-processed URL: /pages/terms-conditions
2025-04-03 15:30:08,879 - DEBUG - TILE PROCESSOR: Raw extracted URL: /pages/terms-conditions
2025-04-03 15:30:08,879 - WARNING - Post-process function 'prefix' not found.
2025-04-03 15:30:08,879 - DEBUG - TILE PROCESSOR: Post-processed URL: /pages/terms-conditions
2025-04-03 15:30:08,879 - DEBUG - TILE PROCESSOR: Raw extracted URL: /pages/terms-conditions
2025-04-03 15:30:08,879 - WARNING - Post-process function 'prefix' not found.
2025-04-03 15:30:08,879 - DEBUG - TILE PROCESSOR: Post-processed URL: /pages/terms-conditions
2025-04-03 15:30:08,879 - DEBUG - TILE PROCESSOR: Raw extracted URL: /pages/terms-conditions
2025-04-03 15:30:08,880 - WARNING - Post-process function 'prefix' not found.
2025-04-03 15:30:08,880 - DEBUG - TILE PROCESSOR: Post-processed URL: /pages/terms-conditions
2025-04-03 15:30:08,880 - DEBUG - TILE PROCESSOR: Raw extracted URL: /pages/bill-shea
2025-04-03 15:30:08,880 - WARNING - Post-process function 'prefix' not found.
2025-04-03 15:30:08,880 - DEBUG - TILE PROCESSOR: Post-processed URL: /pages/bill-shea
2025-04-03 15:30:08,880 - DEBUG - TILE PROCESSOR: Raw extracted URL: /pages/the-origin-of-the-ruptured-duck-insignia
2025-04-03 15:30:08,880 - WARNING - Post-process function 'prefix' not found.
2025-04-03 15:30:08,880 - DEBUG - TILE PROCESSOR: Post-processed URL: /pages/the-origin-of-the-ruptured-duck-insignia
2025-04-03 15:30:08,881 - DEBUG - TILE PROCESSOR: Raw extracted URL: /pages/show-schedule
2025-04-03 15:30:08,881 - WARNING - Post-process function 'prefix' not found.
2025-04-03 15:30:08,881 - DEBUG - TILE PROCESSOR: Post-processed URL: /pages/show-schedule
2025-04-03 15:30:08,881 - DEBUG - TILE PROCESSOR: Raw extracted URL: /pages/layaway-information
2025-04-03 15:30:08,881 - WARNING - Post-process function 'prefix' not found.
2025-04-03 15:30:08,881 - DEBUG - TILE PROCESSOR: Post-processed URL: /pages/layaway-information
2025-04-03 15:30:08,881 - DEBUG - TILE PROCESSOR: Raw extracted URL: /pages/external-links
2025-04-03 15:30:08,882 - WARNING - Post-process function 'prefix' not found.
2025-04-03 15:30:08,882 - DEBUG - TILE PROCESSOR: Post-processed URL: /pages/external-links
2025-04-03 15:30:08,882 - DEBUG - TILE PROCESSOR: Raw extracted URL: /pages/display-stands
2025-04-03 15:30:08,882 - WARNING - Post-process function 'prefix' not found.
2025-04-03 15:30:08,882 - DEBUG - TILE PROCESSOR: Post-processed URL: /pages/display-stands
2025-04-03 15:30:08,882 - DEBUG - TILE PROCESSOR: Raw extracted URL: /pages/complimentary-appraisals
2025-04-03 15:30:08,882 - WARNING - Post-process function 'prefix' not found.
2025-04-03 15:30:08,883 - DEBUG - TILE PROCESSOR: Post-processed URL: /pages/complimentary-appraisals
2025-04-03 15:30:08,883 - DEBUG - TILE PROCESSOR: Raw extracted URL: /
2025-04-03 15:30:08,883 - WARNING - Post-process function 'prefix' not found.
2025-04-03 15:30:08,883 - DEBUG - TILE PROCESSOR: Post-processed URL: /
2025-04-03 15:30:08,883 - DEBUG - TILE PROCESSOR: Raw extracted URL: /
2025-04-03 15:30:08,883 - WARNING - Post-process function 'prefix' not found.
2025-04-03 15:30:08,883 - DEBUG - TILE PROCESSOR: Post-processed URL: /
2025-04-03 15:30:08,884 - DEBUG - TILE PROCESSOR: Raw extracted URL: /collections/bill-sheas-books
2025-04-03 15:30:08,884 - WARNING - Post-process function 'prefix' not found.
2025-04-03 15:30:08,884 - DEBUG - TILE PROCESSOR: Post-processed URL: /collections/bill-sheas-books
2025-04-03 15:30:08,884 - DEBUG - TILE PROCESSOR: Raw extracted URL: /collections/bill-sheas-books
2025-04-03 15:30:08,884 - WARNING - Post-process function 'prefix' not found.
2025-04-03 15:30:08,884 - DEBUG - TILE PROCESSOR: Post-processed URL: /collections/bill-sheas-books
2025-04-03 15:30:08,885 - DEBUG - TILE PROCESSOR: Raw extracted URL: /collections/bill-sheas-books
2025-04-03 15:30:08,885 - WARNING - Post-process function 'prefix' not found.
2025-04-03 15:30:08,885 - DEBUG - TILE PROCESSOR: Post-processed URL: /collections/bill-sheas-books
2025-04-03 15:30:08,885 - DEBUG - TILE PROCESSOR: Raw extracted URL: /collections/bill-sheas-books
2025-04-03 15:30:08,885 - WARNING - Post-process function 'prefix' not found.
2025-04-03 15:30:08,885 - DEBUG - TILE PROCESSOR: Post-processed URL: /collections/bill-sheas-books
2025-04-03 15:30:08,886 - DEBUG - TILE PROCESSOR: Raw extracted URL: /collections/bill-sheas-books
2025-04-03 15:30:08,886 - WARNING - Post-process function 'prefix' not found.
2025-04-03 15:30:08,886 - DEBUG - TILE PROCESSOR: Post-processed URL: /collections/bill-sheas-books
2025-04-03 15:30:08,886 - DEBUG - TILE PROCESSOR: Raw extracted URL: /collections/german-belts-buckles
2025-04-03 15:30:08,886 - WARNING - Post-process function 'prefix' not found.
2025-04-03 15:30:08,886 - DEBUG - TILE PROCESSOR: Post-processed URL: /collections/german-belts-buckles
2025-04-03 15:30:08,886 - DEBUG - TILE PROCESSOR: Raw extracted URL: /collections/books
2025-04-03 15:30:08,886 - WARNING - Post-process function 'prefix' not found.
2025-04-03 15:30:08,886 - DEBUG - TILE PROCESSOR: Post-processed URL: /collections/books
2025-04-03 15:30:08,887 - DEBUG - TILE PROCESSOR: Raw extracted URL: /collections/cloth-insignia
2025-04-03 15:30:08,887 - WARNING - Post-process function 'prefix' not found.
2025-04-03 15:30:08,887 - DEBUG - TILE PROCESSOR: Post-processed URL: /collections/cloth-insignia
2025-04-03 15:30:08,887 - DEBUG - TILE PROCESSOR: Raw extracted URL: /collections/documents
2025-04-03 15:30:08,887 - WARNING - Post-process function 'prefix' not found.
2025-04-03 15:30:08,887 - DEBUG - TILE PROCESSOR: Post-processed URL: /collections/documents
2025-04-03 15:30:08,887 - DEBUG - TILE PROCESSOR: Raw extracted URL: /collections/edged-blades
2025-04-03 15:30:08,887 - WARNING - Post-process function 'prefix' not found.
2025-04-03 15:30:08,888 - DEBUG - TILE PROCESSOR: Post-processed URL: /collections/edged-blades
2025-04-03 15:30:08,888 - DEBUG - TILE PROCESSOR: Raw extracted URL: /collections/field-gear-accessories
2025-04-03 15:30:08,888 - WARNING - Post-process function 'prefix' not found.
2025-04-03 15:30:08,888 - DEBUG - TILE PROCESSOR: Post-processed URL: /collections/field-gear-accessories
2025-04-03 15:30:08,888 - DEBUG - TILE PROCESSOR: Raw extracted URL: /collections/flags
2025-04-03 15:30:08,888 - WARNING - Post-process function 'prefix' not found.
2025-04-03 15:30:08,888 - DEBUG - TILE PROCESSOR: Post-processed URL: /collections/flags
2025-04-03 15:30:08,888 - DEBUG - TILE PROCESSOR: Raw extracted URL: /collections/flags
2025-04-03 15:30:08,888 - WARNING - Post-process function 'prefix' not found.
2025-04-03 15:30:08,888 - DEBUG - TILE PROCESSOR: Post-processed URL: /collections/flags
2025-04-03 15:30:08,889 - DEBUG - TILE PROCESSOR: Raw extracted URL: /collections/medal-badges
2025-04-03 15:30:08,889 - WARNING - Post-process function 'prefix' not found.
2025-04-03 15:30:08,889 - DEBUG - TILE PROCESSOR: Post-processed URL: /collections/medal-badges
2025-04-03 15:30:08,889 - DEBUG - TILE PROCESSOR: Raw extracted URL: /collections/other-headgear
2025-04-03 15:30:08,889 - WARNING - Post-process function 'prefix' not found.
2025-04-03 15:30:08,889 - DEBUG - TILE PROCESSOR: Post-processed URL: /collections/other-headgear
2025-04-03 15:30:08,889 - DEBUG - TILE PROCESSOR: Raw extracted URL: https://therupturedduck.com/collections/final-price-reductions
2025-04-03 15:30:08,889 - WARNING - Post-process function 'prefix' not found.
2025-04-03 15:30:08,890 - DEBUG - TILE PROCESSOR: Post-processed URL: https://therupturedduck.com/collections/final-price-reductions
2025-04-03 15:30:08,890 - INFO - TILE Extracted product URL: https://therupturedduck.com/collections/final-price-reductions
2025-04-03 15:30:08,890 - DEBUG - TILE PROCESSOR: Raw extracted URL: /collections/specialty-miscellaneous-items
2025-04-03 15:30:08,890 - WARNING - Post-process function 'prefix' not found.
2025-04-03 15:30:08,890 - DEBUG - TILE PROCESSOR: Post-processed URL: /collections/specialty-miscellaneous-items
2025-04-03 15:30:08,890 - DEBUG - TILE PROCESSOR: Raw extracted URL: /collections/steel-helmets
2025-04-03 15:30:08,890 - WARNING - Post-process function 'prefix' not found.
2025-04-03 15:30:08,890 - DEBUG - TILE PROCESSOR: Post-processed URL: /collections/steel-helmets
2025-04-03 15:30:08,891 - DEBUG - TILE PROCESSOR: Raw extracted URL: /collections/uniforms
2025-04-03 15:30:08,891 - WARNING - Post-process function 'prefix' not found.
2025-04-03 15:30:08,891 - DEBUG - TILE PROCESSOR: Post-processed URL: /collections/uniforms
2025-04-03 15:30:08,891 - DEBUG - TILE PROCESSOR: Raw extracted URL: /products/gift-card
2025-04-03 15:30:08,891 - WARNING - Post-process function 'prefix' not found.
2025-04-03 15:30:08,891 - DEBUG - TILE PROCESSOR: Post-processed URL: /products/gift-card
2025-04-03 15:30:08,891 - DEBUG - TILE PROCESSOR: Raw extracted URL: /products/gift-card
2025-04-03 15:30:08,891 - WARNING - Post-process function 'prefix' not found.
2025-04-03 15:30:08,891 - DEBUG - TILE PROCESSOR: Post-processed URL: /products/gift-card
2025-04-03 15:30:08,892 - DEBUG - TILE PROCESSOR: Raw extracted URL: /blogs/bill-sheas-wwii-memorabilia-blog
2025-04-03 15:30:08,892 - WARNING - Post-process function 'prefix' not found.
2025-04-03 15:30:08,892 - DEBUG - TILE PROCESSOR: Post-processed URL: /blogs/bill-sheas-wwii-memorabilia-blog
2025-04-03 15:30:08,892 - DEBUG - TILE PROCESSOR: Raw extracted URL: /pages/contact-us
2025-04-03 15:30:08,892 - WARNING - Post-process function 'prefix' not found.
2025-04-03 15:30:08,892 - DEBUG - TILE PROCESSOR: Post-processed URL: /pages/contact-us
2025-04-03 15:30:08,892 - DEBUG - TILE PROCESSOR: Raw extracted URL: /account/login
2025-04-03 15:30:08,892 - WARNING - Post-process function 'prefix' not found.
2025-04-03 15:30:08,893 - DEBUG - TILE PROCESSOR: Post-processed URL: /account/login
2025-04-03 15:30:08,893 - DEBUG - TILE PROCESSOR: Raw extracted URL: /
2025-04-03 15:30:08,893 - WARNING - Post-process function 'prefix' not found.
2025-04-03 15:30:08,893 - DEBUG - TILE PROCESSOR: Post-processed URL: /
2025-04-03 15:30:08,893 - DEBUG - TILE PROCESSOR: Raw extracted URL: /
2025-04-03 15:30:08,893 - WARNING - Post-process function 'prefix' not found.
2025-04-03 15:30:08,893 - DEBUG - TILE PROCESSOR: Post-processed URL: /
2025-04-03 15:30:08,893 - DEBUG - TILE PROCESSOR: Raw extracted URL: /
2025-04-03 15:30:08,893 - WARNING - Post-process function 'prefix' not found.
2025-04-03 15:30:08,894 - DEBUG - TILE PROCESSOR: Post-processed URL: /
2025-04-03 15:30:08,894 - DEBUG - TILE PROCESSOR: Raw extracted URL: /
2025-04-03 15:30:08,894 - WARNING - Post-process function 'prefix' not found.
2025-04-03 15:30:08,894 - DEBUG - TILE PROCESSOR: Post-processed URL: /
2025-04-03 15:30:08,894 - DEBUG - TILE PROCESSOR: Raw extracted URL: /
2025-04-03 15:30:08,894 - WARNING - Post-process function 'prefix' not found.
2025-04-03 15:30:08,894 - DEBUG - TILE PROCESSOR: Post-processed URL: /
2025-04-03 15:30:08,894 - DEBUG - TILE PROCESSOR: Raw extracted URL: /
2025-04-03 15:30:08,895 - WARNING - Post-process function 'prefix' not found.
2025-04-03 15:30:08,895 - DEBUG - TILE PROCESSOR: Post-processed URL: /
2025-04-03 15:30:08,895 - DEBUG - TILE PROCESSOR: Raw extracted URL: /cart
2025-04-03 15:30:08,895 - WARNING - Post-process function 'prefix' not found.
2025-04-03 15:30:08,895 - DEBUG - TILE PROCESSOR: Post-processed URL: /cart
2025-04-03 15:30:08,895 - DEBUG - TILE PROCESSOR: Raw extracted URL: /cart
2025-04-03 15:30:08,895 - WARNING - Post-process function 'prefix' not found.
2025-04-03 15:30:08,895 - DEBUG - TILE PROCESSOR: Post-processed URL: /cart
2025-04-03 15:30:08,896 - DEBUG - TILE PROCESSOR: Raw extracted URL: /
2025-04-03 15:30:08,896 - WARNING - Post-process function 'prefix' not found.
2025-04-03 15:30:08,896 - DEBUG - TILE PROCESSOR: Post-processed URL: /
2025-04-03 15:30:08,896 - DEBUG - TILE PROCESSOR: Raw extracted URL: /
2025-04-03 15:30:08,896 - WARNING - Post-process function 'prefix' not found.
2025-04-03 15:30:08,896 - DEBUG - TILE PROCESSOR: Post-processed URL: /
2025-04-03 15:30:08,896 - DEBUG - TILE PROCESSOR: Raw extracted URL: /
2025-04-03 15:30:08,896 - WARNING - Post-process function 'prefix' not found.
2025-04-03 15:30:08,896 - DEBUG - TILE PROCESSOR: Post-processed URL: /
2025-04-03 15:30:08,896 - DEBUG - TILE PROCESSOR: Raw extracted URL: /
2025-04-03 15:30:08,896 - WARNING - Post-process function 'prefix' not found.
2025-04-03 15:30:08,896 - DEBUG - TILE PROCESSOR: Post-processed URL: /
2025-04-03 15:30:08,898 - DEBUG - TILE PROCESSOR: Raw extracted URL: /
2025-04-03 15:30:08,898 - WARNING - Post-process function 'prefix' not found.
2025-04-03 15:30:08,898 - DEBUG - TILE PROCESSOR: Post-processed URL: /
2025-04-03 15:30:08,898 - DEBUG - TILE PROCESSOR: Raw extracted URL: /
2025-04-03 15:30:08,898 - WARNING - Post-process function 'prefix' not found.
2025-04-03 15:30:08,898 - DEBUG - TILE PROCESSOR: Post-processed URL: /
2025-04-03 15:30:08,898 - DEBUG - TILE PROCESSOR: Raw extracted URL: /
2025-04-03 15:30:08,898 - WARNING - Post-process function 'prefix' not found.
2025-04-03 15:30:08,898 - DEBUG - TILE PROCESSOR: Post-processed URL: /
2025-04-03 15:30:08,898 - DEBUG - TILE PROCESSOR: Raw extracted URL: /
2025-04-03 15:30:08,898 - WARNING - Post-process function 'prefix' not found.
2025-04-03 15:30:08,898 - DEBUG - TILE PROCESSOR: Post-processed URL: /
2025-04-03 15:30:08,899 - DEBUG - TILE PROCESSOR: Raw extracted URL: /pages/terms-conditions
2025-04-03 15:30:08,899 - WARNING - Post-process function 'prefix' not found.
2025-04-03 15:30:08,899 - DEBUG - TILE PROCESSOR: Post-processed URL: /pages/terms-conditions
2025-04-03 15:30:08,899 - DEBUG - TILE PROCESSOR: Raw extracted URL: /pages/terms-conditions
2025-04-03 15:30:08,899 - WARNING - Post-process function 'prefix' not found.
2025-04-03 15:30:08,899 - DEBUG - TILE PROCESSOR: Post-processed URL: /pages/terms-conditions
2025-04-03 15:30:08,899 - DEBUG - TILE PROCESSOR: Raw extracted URL: /pages/terms-conditions
2025-04-03 15:30:08,899 - WARNING - Post-process function 'prefix' not found.
2025-04-03 15:30:08,899 - DEBUG - TILE PROCESSOR: Post-processed URL: /pages/terms-conditions
2025-04-03 15:30:08,900 - DEBUG - TILE PROCESSOR: Raw extracted URL: /pages/terms-conditions
2025-04-03 15:30:08,900 - WARNING - Post-process function 'prefix' not found.
2025-04-03 15:30:08,900 - DEBUG - TILE PROCESSOR: Post-processed URL: /pages/terms-conditions
2025-04-03 15:30:08,900 - DEBUG - TILE PROCESSOR: Raw extracted URL: /pages/terms-conditions
2025-04-03 15:30:08,900 - WARNING - Post-process function 'prefix' not found.
2025-04-03 15:30:08,900 - DEBUG - TILE PROCESSOR: Post-processed URL: /pages/terms-conditions
2025-04-03 15:30:08,901 - DEBUG - TILE PROCESSOR: Raw extracted URL: /pages/bill-shea
2025-04-03 15:30:08,901 - WARNING - Post-process function 'prefix' not found.
2025-04-03 15:30:08,901 - DEBUG - TILE PROCESSOR: Post-processed URL: /pages/bill-shea
2025-04-03 15:30:08,901 - DEBUG - TILE PROCESSOR: Raw extracted URL: /pages/the-origin-of-the-ruptured-duck-insignia
2025-04-03 15:30:08,902 - WARNING - Post-process function 'prefix' not found.
2025-04-03 15:30:08,902 - DEBUG - TILE PROCESSOR: Post-processed URL: /pages/the-origin-of-the-ruptured-duck-insignia
2025-04-03 15:30:08,902 - DEBUG - TILE PROCESSOR: Raw extracted URL: /pages/show-schedule
2025-04-03 15:30:08,902 - WARNING - Post-process function 'prefix' not found.
2025-04-03 15:30:08,902 - DEBUG - TILE PROCESSOR: Post-processed URL: /pages/show-schedule
2025-04-03 15:30:08,903 - DEBUG - TILE PROCESSOR: Raw extracted URL: /pages/layaway-information
2025-04-03 15:30:08,903 - WARNING - Post-process function 'prefix' not found.
2025-04-03 15:30:08,903 - DEBUG - TILE PROCESSOR: Post-processed URL: /pages/layaway-information
2025-04-03 15:30:08,903 - DEBUG - TILE PROCESSOR: Raw extracted URL: /pages/external-links
2025-04-03 15:30:08,903 - WARNING - Post-process function 'prefix' not found.
2025-04-03 15:30:08,904 - DEBUG - TILE PROCESSOR: Post-processed URL: /pages/external-links
2025-04-03 15:30:08,904 - DEBUG - TILE PROCESSOR: Raw extracted URL: /pages/display-stands
2025-04-03 15:30:08,904 - WARNING - Post-process function 'prefix' not found.
2025-04-03 15:30:08,904 - DEBUG - TILE PROCESSOR: Post-processed URL: /pages/display-stands
2025-04-03 15:30:08,904 - DEBUG - TILE PROCESSOR: Raw extracted URL: /pages/complimentary-appraisals
2025-04-03 15:30:08,905 - WARNING - Post-process function 'prefix' not found.
2025-04-03 15:30:08,905 - DEBUG - TILE PROCESSOR: Post-processed URL: /pages/complimentary-appraisals
2025-04-03 15:30:08,905 - DEBUG - TILE PROCESSOR: Raw extracted URL: /
2025-04-03 15:30:08,905 - WARNING - Post-process function 'prefix' not found.
2025-04-03 15:30:08,905 - DEBUG - TILE PROCESSOR: Post-processed URL: /
2025-04-03 15:30:08,906 - DEBUG - TILE PROCESSOR: Raw extracted URL: /collections/bill-sheas-books
2025-04-03 15:30:08,906 - WARNING - Post-process function 'prefix' not found.
2025-04-03 15:30:08,906 - DEBUG - TILE PROCESSOR: Post-processed URL: /collections/bill-sheas-books
2025-04-03 15:30:08,906 - DEBUG - TILE PROCESSOR: Raw extracted URL: /collections/bill-sheas-books
2025-04-03 15:30:08,906 - WARNING - Post-process function 'prefix' not found.
2025-04-03 15:30:08,907 - DEBUG - TILE PROCESSOR: Post-processed URL: /collections/bill-sheas-books
2025-04-03 15:30:08,907 - DEBUG - TILE PROCESSOR: Raw extracted URL: /collections/bill-sheas-books
2025-04-03 15:30:08,907 - WARNING - Post-process function 'prefix' not found.
2025-04-03 15:30:08,908 - DEBUG - TILE PROCESSOR: Post-processed URL: /collections/bill-sheas-books
2025-04-03 15:30:08,908 - DEBUG - TILE PROCESSOR: Raw extracted URL: /collections/bill-sheas-books
2025-04-03 15:30:08,908 - WARNING - Post-process function 'prefix' not found.
2025-04-03 15:30:08,908 - DEBUG - TILE PROCESSOR: Post-processed URL: /collections/bill-sheas-books
2025-04-03 15:30:08,908 - DEBUG - TILE PROCESSOR: Raw extracted URL: /collections/bill-sheas-books
2025-04-03 15:30:08,908 - WARNING - Post-process function 'prefix' not found.
2025-04-03 15:30:08,909 - DEBUG - TILE PROCESSOR: Post-processed URL: /collections/bill-sheas-books
2025-04-03 15:30:08,909 - DEBUG - TILE PROCESSOR: Raw extracted URL: /collections/german-belts-buckles
2025-04-03 15:30:08,909 - WARNING - Post-process function 'prefix' not found.
2025-04-03 15:30:08,909 - DEBUG - TILE PROCESSOR: Post-processed URL: /collections/german-belts-buckles
2025-04-03 15:30:08,909 - DEBUG - TILE PROCESSOR: Raw extracted URL: /collections/books
2025-04-03 15:30:08,909 - WARNING - Post-process function 'prefix' not found.
2025-04-03 15:30:08,910 - DEBUG - TILE PROCESSOR: Post-processed URL: /collections/books
2025-04-03 15:30:08,910 - DEBUG - TILE PROCESSOR: Raw extracted URL: /collections/cloth-insignia
2025-04-03 15:30:08,910 - WARNING - Post-process function 'prefix' not found.
2025-04-03 15:30:08,910 - DEBUG - TILE PROCESSOR: Post-processed URL: /collections/cloth-insignia
2025-04-03 15:30:08,910 - DEBUG - TILE PROCESSOR: Raw extracted URL: /collections/documents
2025-04-03 15:30:08,910 - WARNING - Post-process function 'prefix' not found.
2025-04-03 15:30:08,911 - DEBUG - TILE PROCESSOR: Post-processed URL: /collections/documents
2025-04-03 15:30:08,911 - DEBUG - TILE PROCESSOR: Raw extracted URL: /collections/edged-blades
2025-04-03 15:30:08,911 - WARNING - Post-process function 'prefix' not found.
2025-04-03 15:30:08,911 - DEBUG - TILE PROCESSOR: Post-processed URL: /collections/edged-blades
2025-04-03 15:30:08,911 - DEBUG - TILE PROCESSOR: Raw extracted URL: /collections/field-gear-accessories
2025-04-03 15:30:08,911 - WARNING - Post-process function 'prefix' not found.
2025-04-03 15:30:08,912 - DEBUG - TILE PROCESSOR: Post-processed URL: /collections/field-gear-accessories
2025-04-03 15:30:08,912 - DEBUG - TILE PROCESSOR: Raw extracted URL: /collections/flags
2025-04-03 15:30:08,912 - WARNING - Post-process function 'prefix' not found.
2025-04-03 15:30:08,912 - DEBUG - TILE PROCESSOR: Post-processed URL: /collections/flags
2025-04-03 15:30:08,912 - DEBUG - TILE PROCESSOR: Raw extracted URL: /collections/flags
2025-04-03 15:30:08,912 - WARNING - Post-process function 'prefix' not found.
2025-04-03 15:30:08,913 - DEBUG - TILE PROCESSOR: Post-processed URL: /collections/flags
2025-04-03 15:30:08,913 - DEBUG - TILE PROCESSOR: Raw extracted URL: /collections/medal-badges
2025-04-03 15:30:08,913 - WARNING - Post-process function 'prefix' not found.
2025-04-03 15:30:08,913 - DEBUG - TILE PROCESSOR: Post-processed URL: /collections/medal-badges
2025-04-03 15:30:08,914 - DEBUG - TILE PROCESSOR: Raw extracted URL: /collections/other-headgear
2025-04-03 15:30:08,914 - WARNING - Post-process function 'prefix' not found.
2025-04-03 15:30:08,914 - DEBUG - TILE PROCESSOR: Post-processed URL: /collections/other-headgear
2025-04-03 15:30:08,914 - DEBUG - TILE PROCESSOR: Raw extracted URL: https://therupturedduck.com/collections/final-price-reductions
2025-04-03 15:30:08,914 - WARNING - Post-process function 'prefix' not found.
2025-04-03 15:30:08,915 - DEBUG - TILE PROCESSOR: Post-processed URL: https://therupturedduck.com/collections/final-price-reductions
2025-04-03 15:30:08,915 - INFO - TILE Extracted product URL: https://therupturedduck.com/collections/final-price-reductions
2025-04-03 15:30:08,915 - DEBUG - TILE PROCESSOR: Raw extracted URL: /collections/specialty-miscellaneous-items
2025-04-03 15:30:08,915 - WARNING - Post-process function 'prefix' not found.
2025-04-03 15:30:08,915 - DEBUG - TILE PROCESSOR: Post-processed URL: /collections/specialty-miscellaneous-items
2025-04-03 15:30:08,915 - DEBUG - TILE PROCESSOR: Raw extracted URL: /collections/steel-helmets
2025-04-03 15:30:08,916 - WARNING - Post-process function 'prefix' not found.
2025-04-03 15:30:08,916 - DEBUG - TILE PROCESSOR: Post-processed URL: /collections/steel-helmets
2025-04-03 15:30:08,916 - DEBUG - TILE PROCESSOR: Raw extracted URL: /collections/uniforms
2025-04-03 15:30:08,916 - WARNING - Post-process function 'prefix' not found.
2025-04-03 15:30:08,916 - DEBUG - TILE PROCESSOR: Post-processed URL: /collections/uniforms
2025-04-03 15:30:08,916 - DEBUG - TILE PROCESSOR: Raw extracted URL: /products/gift-card
2025-04-03 15:30:08,916 - WARNING - Post-process function 'prefix' not found.
2025-04-03 15:30:08,916 - DEBUG - TILE PROCESSOR: Post-processed URL: /products/gift-card
2025-04-03 15:30:08,918 - DEBUG - TILE PROCESSOR: Raw extracted URL: /products/gift-card
2025-04-03 15:30:08,918 - WARNING - Post-process function 'prefix' not found.
2025-04-03 15:30:08,918 - DEBUG - TILE PROCESSOR: Post-processed URL: /products/gift-card
2025-04-03 15:30:08,918 - DEBUG - TILE PROCESSOR: Raw extracted URL: /blogs/bill-sheas-wwii-memorabilia-blog
2025-04-03 15:30:08,918 - WARNING - Post-process function 'prefix' not found.
2025-04-03 15:30:08,918 - DEBUG - TILE PROCESSOR: Post-processed URL: /blogs/bill-sheas-wwii-memorabilia-blog
2025-04-03 15:30:08,919 - DEBUG - TILE PROCESSOR: Raw extracted URL: /pages/contact-us
2025-04-03 15:30:08,919 - WARNING - Post-process function 'prefix' not found.
2025-04-03 15:30:08,919 - DEBUG - TILE PROCESSOR: Post-processed URL: /pages/contact-us
2025-04-03 15:30:08,919 - DEBUG - TILE PROCESSOR: Raw extracted URL: https://www.therupturedduck.com/customer_authentication/redirect?locale=en&region_country=US
2025-04-03 15:30:08,920 - WARNING - Post-process function 'prefix' not found.
2025-04-03 15:30:08,920 - DEBUG - TILE PROCESSOR: Post-processed URL: https://www.therupturedduck.com/customer_authentication/redirect?locale=en&region_country=US
2025-04-03 15:30:08,920 - INFO - TILE Extracted product URL: https://www.therupturedduck.com/customer_authentication/redirect?locale=en&region_country=US
2025-04-03 15:30:08,920 - DEBUG - TILE PROCESSOR: Raw extracted URL: https://www.therupturedduck.com/customer_authentication/redirect?locale=en&region_country=US
2025-04-03 15:30:08,920 - WARNING - Post-process function 'prefix' not found.
2025-04-03 15:30:08,921 - DEBUG - TILE PROCESSOR: Post-processed URL: https://www.therupturedduck.com/customer_authentication/redirect?locale=en&region_country=US
2025-04-03 15:30:08,921 - INFO - TILE Extracted product URL: https://www.therupturedduck.com/customer_authentication/redirect?locale=en&region_country=US
2025-04-03 15:30:08,921 - DEBUG - TILE PROCESSOR: Raw extracted URL: /cart
2025-04-03 15:30:08,921 - WARNING - Post-process function 'prefix' not found.
2025-04-03 15:30:08,921 - DEBUG - TILE PROCESSOR: Post-processed URL: /cart
2025-04-03 15:30:08,921 - DEBUG - TILE PROCESSOR: Raw extracted URL: /cart
2025-04-03 15:30:08,922 - WARNING - Post-process function 'prefix' not found.
2025-04-03 15:30:08,922 - DEBUG - TILE PROCESSOR: Post-processed URL: /cart
2025-04-03 15:30:08,922 - DEBUG - TILE PROCESSOR: Raw extracted URL: https://www.therupturedduck.com/pages/terms-conditions
2025-04-03 15:30:08,922 - WARNING - Post-process function 'prefix' not found.
2025-04-03 15:30:08,922 - DEBUG - TILE PROCESSOR: Post-processed URL: https://www.therupturedduck.com/pages/terms-conditions
2025-04-03 15:30:08,922 - INFO - TILE Extracted product URL: https://www.therupturedduck.com/pages/terms-conditions
2025-04-03 15:30:08,923 - DEBUG - TILE PROCESSOR: Raw extracted URL: https://www.therupturedduck.com/pages/terms-conditions
2025-04-03 15:30:08,923 - WARNING - Post-process function 'prefix' not found.
2025-04-03 15:30:08,923 - DEBUG - TILE PROCESSOR: Post-processed URL: https://www.therupturedduck.com/pages/terms-conditions
2025-04-03 15:30:08,923 - INFO - TILE Extracted product URL: https://www.therupturedduck.com/pages/terms-conditions
2025-04-03 15:30:08,924 - DEBUG - TILE PROCESSOR: Raw extracted URL: /collections/recently-added-items/products/german-wwii-early-luftwaffe-dress-belt-and-buckle-set
2025-04-03 15:30:08,924 - WARNING - Post-process function 'prefix' not found.
2025-04-03 15:30:08,924 - DEBUG - TILE PROCESSOR: Post-processed URL: /collections/recently-added-items/products/german-wwii-early-luftwaffe-dress-belt-and-buckle-set
2025-04-03 15:30:08,924 - DEBUG - TILE PROCESSOR: Raw extracted URL: /collections/recently-added-items/products/german-wwii-early-luftwaffe-dress-belt-and-buckle-set
2025-04-03 15:30:08,924 - WARNING - Post-process function 'prefix' not found.
2025-04-03 15:30:08,924 - DEBUG - TILE PROCESSOR: Post-processed URL: /collections/recently-added-items/products/german-wwii-early-luftwaffe-dress-belt-and-buckle-set
2025-04-03 15:30:08,926 - DEBUG - TILE PROCESSOR: Raw extracted URL: /collections/recently-added-items/products/german-wwii-early-luftwaffe-dress-belt-and-buckle-set
2025-04-03 15:30:08,926 - WARNING - Post-process function 'prefix' not found.
2025-04-03 15:30:08,926 - DEBUG - TILE PROCESSOR: Post-processed URL: /collections/recently-added-items/products/german-wwii-early-luftwaffe-dress-belt-and-buckle-set
2025-04-03 15:30:08,926 - DEBUG - TILE PROCESSOR: Raw extracted URL: /collections/recently-added-items/products/german-wwii-early-luftwaffe-dress-belt-and-buckle-set
2025-04-03 15:30:08,927 - WARNING - Post-process function 'prefix' not found.
2025-04-03 15:30:08,927 - DEBUG - TILE PROCESSOR: Post-processed URL: /collections/recently-added-items/products/german-wwii-early-luftwaffe-dress-belt-and-buckle-set
2025-04-03 15:30:08,927 - DEBUG - TILE PROCESSOR: Raw extracted URL: /collections/recently-added-items/products/german-wwii-ss-field-belt-1
2025-04-03 15:30:08,927 - WARNING - Post-process function 'prefix' not found.
2025-04-03 15:30:08,927 - DEBUG - TILE PROCESSOR: Post-processed URL: /collections/recently-added-items/products/german-wwii-ss-field-belt-1
2025-04-03 15:30:08,928 - DEBUG - TILE PROCESSOR: Raw extracted URL: /collections/recently-added-items/products/german-wwii-black-leather-combat-belt-6
2025-04-03 15:30:08,928 - WARNING - Post-process function 'prefix' not found.
2025-04-03 15:30:08,928 - DEBUG - TILE PROCESSOR: Post-processed URL: /collections/recently-added-items/products/german-wwii-black-leather-combat-belt-6
2025-04-03 15:30:08,928 - DEBUG - TILE PROCESSOR: Raw extracted URL: /collections/recently-added-items/products/german-wwii-red-cross-officer-s-belt-buckle-set
2025-04-03 15:30:08,928 - WARNING - Post-process function 'prefix' not found.
2025-04-03 15:30:08,928 - DEBUG - TILE PROCESSOR: Post-processed URL: /collections/recently-added-items/products/german-wwii-red-cross-officer-s-belt-buckle-set
2025-04-03 15:30:08,928 - DEBUG - TILE PROCESSOR: Raw extracted URL: /collections/recently-added-items/products/german-political-leader-gold-double-open-claw-buckle-w-belt-1
2025-04-03 15:30:08,928 - WARNING - Post-process function 'prefix' not found.
2025-04-03 15:30:08,929 - DEBUG - TILE PROCESSOR: Post-processed URL: /collections/recently-added-items/products/german-political-leader-gold-double-open-claw-buckle-w-belt-1
2025-04-03 15:30:08,929 - DEBUG - TILE PROCESSOR: Raw extracted URL: /collections/recently-added-items/products/german-wwii-dak-belt-buckle-set-1
2025-04-03 15:30:08,929 - WARNING - Post-process function 'prefix' not found.
2025-04-03 15:30:08,929 - DEBUG - TILE PROCESSOR: Post-processed URL: /collections/recently-added-items/products/german-wwii-dak-belt-buckle-set-1
2025-04-03 15:30:08,930 - DEBUG - TILE PROCESSOR: Raw extracted URL: /collections/recently-added-items/products/german-wwi-combat-enlisted-man-s-buckle-2
2025-04-03 15:30:08,930 - WARNING - Post-process function 'prefix' not found.
2025-04-03 15:30:08,930 - DEBUG - TILE PROCESSOR: Post-processed URL: /collections/recently-added-items/products/german-wwi-combat-enlisted-man-s-buckle-2
2025-04-03 15:30:08,930 - DEBUG - TILE PROCESSOR: Raw extracted URL: /collections/recently-added-items/products/german-wwii-em-army-buckle-by-overhoff-cie
2025-04-03 15:30:08,931 - WARNING - Post-process function 'prefix' not found.
2025-04-03 15:30:08,931 - DEBUG - TILE PROCESSOR: Post-processed URL: /collections/recently-added-items/products/german-wwii-em-army-buckle-by-overhoff-cie
2025-04-03 15:30:08,931 - DEBUG - TILE PROCESSOR: Raw extracted URL: /collections/recently-added-items/products/german-reichsheer-enlisted-ranks-buckle
2025-04-03 15:30:08,931 - WARNING - Post-process function 'prefix' not found.
2025-04-03 15:30:08,931 - DEBUG - TILE PROCESSOR: Post-processed URL: /collections/recently-added-items/products/german-reichsheer-enlisted-ranks-buckle
2025-04-03 15:30:08,931 - DEBUG - TILE PROCESSOR: Raw extracted URL: /collections/recently-added-items/products/german-wwii-army-buckle-with-tab-3
2025-04-03 15:30:08,931 - WARNING - Post-process function 'prefix' not found.
2025-04-03 15:30:08,931 - DEBUG - TILE PROCESSOR: Post-processed URL: /collections/recently-added-items/products/german-wwii-army-buckle-with-tab-3
2025-04-03 15:30:08,932 - DEBUG - TILE PROCESSOR: Raw extracted URL: /collections/recently-added-items/products/wwii-german-kriegsmarine-belt-buckle-4
2025-04-03 15:30:08,932 - WARNING - Post-process function 'prefix' not found.
2025-04-03 15:30:08,932 - DEBUG - TILE PROCESSOR: Post-processed URL: /collections/recently-added-items/products/wwii-german-kriegsmarine-belt-buckle-4
2025-04-03 15:30:08,932 - DEBUG - TILE PROCESSOR: Raw extracted URL: /collections/recently-added-items/products/german-hitler-youth-buckle-by-christian-theodore-dicke
2025-04-03 15:30:08,932 - WARNING - Post-process function 'prefix' not found.
2025-04-03 15:30:08,932 - DEBUG - TILE PROCESSOR: Post-processed URL: /collections/recently-added-items/products/german-hitler-youth-buckle-by-christian-theodore-dicke
2025-04-03 15:30:08,932 - DEBUG - TILE PROCESSOR: Raw extracted URL: /collections/recently-added-items/products/german-wwii-sa-nskk-buckle-3
2025-04-03 15:30:08,933 - WARNING - Post-process function 'prefix' not found.
2025-04-03 15:30:08,933 - DEBUG - TILE PROCESSOR: Post-processed URL: /collections/recently-added-items/products/german-wwii-sa-nskk-buckle-3
2025-04-03 15:30:08,933 - DEBUG - TILE PROCESSOR: Raw extracted URL: /collections/recently-added-items/products/wwii-german-daf-buckle-2
2025-04-03 15:30:08,933 - WARNING - Post-process function 'prefix' not found.
2025-04-03 15:30:08,933 - DEBUG - TILE PROCESSOR: Post-processed URL: /collections/recently-added-items/products/wwii-german-daf-buckle-2
2025-04-03 15:30:08,933 - DEBUG - TILE PROCESSOR: Raw extracted URL: /collections/recently-added-items/products/bucher-der-heimkehr-die-ruckkehr-der-volksdeutschen-aus-dobrudscha-und-dem-sud-buchenland
2025-04-03 15:30:08,933 - WARNING - Post-process function 'prefix' not found.
2025-04-03 15:30:08,934 - DEBUG - TILE PROCESSOR: Post-processed URL: /collections/recently-added-items/products/bucher-der-heimkehr-die-ruckkehr-der-volksdeutschen-aus-dobrudscha-und-dem-sud-buchenland
2025-04-03 15:30:08,934 - DEBUG - TILE PROCESSOR: Raw extracted URL: /collections/recently-added-items/products/german-wwii-government-worker-armband-2
2025-04-03 15:30:08,934 - WARNING - Post-process function 'prefix' not found.
2025-04-03 15:30:08,934 - DEBUG - TILE PROCESSOR: Post-processed URL: /collections/recently-added-items/products/german-wwii-government-worker-armband-2
2025-04-03 15:30:08,934 - DEBUG - TILE PROCESSOR: Raw extracted URL: /collections/recently-added-items/products/german-wwii-im-dienst-der-deutschen-wehrmacht-armband-2
2025-04-03 15:30:08,935 - WARNING - Post-process function 'prefix' not found.
2025-04-03 15:30:08,935 - DEBUG - TILE PROCESSOR: Post-processed URL: /collections/recently-added-items/products/german-wwii-im-dienst-der-deutschen-wehrmacht-armband-2
2025-04-03 15:30:08,935 - DEBUG - TILE PROCESSOR: Raw extracted URL: /collections/recently-added-items/products/german-wwii-hitler-youth-armband-45
2025-04-03 15:30:08,935 - WARNING - Post-process function 'prefix' not found.
2025-04-03 15:30:08,935 - DEBUG - TILE PROCESSOR: Post-processed URL: /collections/recently-added-items/products/german-wwii-hitler-youth-armband-45
2025-04-03 15:30:08,935 - DEBUG - TILE PROCESSOR: Raw extracted URL: /collections/recently-added-items/products/german-wwii-specialty-police-patch
2025-04-03 15:30:08,935 - WARNING - Post-process function 'prefix' not found.
2025-04-03 15:30:08,936 - DEBUG - TILE PROCESSOR: Post-processed URL: /collections/recently-added-items/products/german-wwii-specialty-police-patch
2025-04-03 15:30:08,936 - DEBUG - TILE PROCESSOR: Raw extracted URL: /collections/recently-added-items/products/german-wwii-teno-sleeve-patch-1
2025-04-03 15:30:08,936 - WARNING - Post-process function 'prefix' not found.
2025-04-03 15:30:08,936 - DEBUG - TILE PROCESSOR: Post-processed URL: /collections/recently-added-items/products/german-wwii-teno-sleeve-patch-1
2025-04-03 15:30:08,936 - DEBUG - TILE PROCESSOR: Raw extracted URL: /collections/recently-added-items?page=2
2025-04-03 15:30:08,936 - WARNING - Post-process function 'prefix' not found.
2025-04-03 15:30:08,936 - DEBUG - TILE PROCESSOR: Post-processed URL: /collections/recently-added-items?page=2
2025-04-03 15:30:08,936 - DEBUG - TILE PROCESSOR: Raw extracted URL: /collections/recently-added-items?page=2
2025-04-03 15:30:08,938 - WARNING - Post-process function 'prefix' not found.
2025-04-03 15:30:08,938 - DEBUG - TILE PROCESSOR: Post-processed URL: /collections/recently-added-items?page=2
2025-04-03 15:30:08,938 - DEBUG - TILE PROCESSOR: Raw extracted URL: /collections/recently-added-items?page=3
2025-04-03 15:30:08,938 - WARNING - Post-process function 'prefix' not found.
2025-04-03 15:30:08,938 - DEBUG - TILE PROCESSOR: Post-processed URL: /collections/recently-added-items?page=3
2025-04-03 15:30:08,938 - DEBUG - TILE PROCESSOR: Raw extracted URL: /collections/recently-added-items?page=36
2025-04-03 15:30:08,938 - WARNING - Post-process function 'prefix' not found.
2025-04-03 15:30:08,939 - DEBUG - TILE PROCESSOR: Post-processed URL: /collections/recently-added-items?page=36
2025-04-03 15:30:08,939 - DEBUG - TILE PROCESSOR: Raw extracted URL: /collections/recently-added-items?page=2
2025-04-03 15:30:08,939 - WARNING - Post-process function 'prefix' not found.
2025-04-03 15:30:08,939 - DEBUG - TILE PROCESSOR: Post-processed URL: /collections/recently-added-items?page=2
2025-04-03 15:30:08,940 - DEBUG - TILE PROCESSOR: Raw extracted URL: /pages/complimentary-appraisals
2025-04-03 15:30:08,940 - WARNING - Post-process function 'prefix' not found.
2025-04-03 15:30:08,940 - DEBUG - TILE PROCESSOR: Post-processed URL: /pages/complimentary-appraisals
2025-04-03 15:30:08,940 - DEBUG - TILE PROCESSOR: Raw extracted URL: /pages/complimentary-appraisals
2025-04-03 15:30:08,940 - WARNING - Post-process function 'prefix' not found.
2025-04-03 15:30:08,940 - DEBUG - TILE PROCESSOR: Post-processed URL: /pages/complimentary-appraisals
2025-04-03 15:30:08,940 - DEBUG - TILE PROCESSOR: Raw extracted URL: /pages/complimentary-appraisals
2025-04-03 15:30:08,940 - WARNING - Post-process function 'prefix' not found.
2025-04-03 15:30:08,941 - DEBUG - TILE PROCESSOR: Post-processed URL: /pages/complimentary-appraisals
2025-04-03 15:30:08,941 - DEBUG - TILE PROCESSOR: Raw extracted URL: /pages/complimentary-appraisals
2025-04-03 15:30:08,941 - WARNING - Post-process function 'prefix' not found.
2025-04-03 15:30:08,941 - DEBUG - TILE PROCESSOR: Post-processed URL: /pages/complimentary-appraisals
2025-04-03 15:30:08,941 - DEBUG - TILE PROCESSOR: Raw extracted URL: /pages/complimentary-appraisals
2025-04-03 15:30:08,941 - WARNING - Post-process function 'prefix' not found.
2025-04-03 15:30:08,941 - DEBUG - TILE PROCESSOR: Post-processed URL: /pages/complimentary-appraisals
2025-04-03 15:30:08,942 - DEBUG - TILE PROCESSOR: Raw extracted URL: /pages/complimentary-appraisals
2025-04-03 15:30:08,942 - WARNING - Post-process function 'prefix' not found.
2025-04-03 15:30:08,942 - DEBUG - TILE PROCESSOR: Post-processed URL: /pages/complimentary-appraisals
2025-04-03 15:30:08,942 - DEBUG - TILE PROCESSOR: Raw extracted URL: /pages/complimentary-appraisals
2025-04-03 15:30:08,942 - WARNING - Post-process function 'prefix' not found.
2025-04-03 15:30:08,942 - DEBUG - TILE PROCESSOR: Post-processed URL: /pages/complimentary-appraisals
2025-04-03 15:30:08,942 - DEBUG - TILE PROCESSOR: Raw extracted URL: /pages/complimentary-appraisals
2025-04-03 15:30:08,942 - WARNING - Post-process function 'prefix' not found.
2025-04-03 15:30:08,942 - DEBUG - TILE PROCESSOR: Post-processed URL: /pages/complimentary-appraisals
2025-04-03 15:30:08,943 - DEBUG - TILE PROCESSOR: Raw extracted URL: /pages/about-us
2025-04-03 15:30:08,943 - WARNING - Post-process function 'prefix' not found.
2025-04-03 15:30:08,943 - DEBUG - TILE PROCESSOR: Post-processed URL: /pages/about-us
2025-04-03 15:30:08,943 - DEBUG - TILE PROCESSOR: Raw extracted URL: /search
2025-04-03 15:30:08,943 - WARNING - Post-process function 'prefix' not found.
2025-04-03 15:30:08,943 - DEBUG - TILE PROCESSOR: Post-processed URL: /search
2025-04-03 15:30:08,943 - DEBUG - TILE PROCESSOR: Raw extracted URL: /pages/layaway-information
2025-04-03 15:30:08,943 - WARNING - Post-process function 'prefix' not found.
2025-04-03 15:30:08,943 - DEBUG - TILE PROCESSOR: Post-processed URL: /pages/layaway-information
2025-04-03 15:30:08,944 - DEBUG - TILE PROCESSOR: Raw extracted URL: /pages/sign-up-for-our-newsletter
2025-04-03 15:30:08,944 - WARNING - Post-process function 'prefix' not found.
2025-04-03 15:30:08,944 - DEBUG - TILE PROCESSOR: Post-processed URL: /pages/sign-up-for-our-newsletter
2025-04-03 15:30:08,944 - DEBUG - TILE PROCESSOR: Raw extracted URL: /pages/sign-up-for-our-newsletter
2025-04-03 15:30:08,944 - WARNING - Post-process function 'prefix' not found.
2025-04-03 15:30:08,944 - DEBUG - TILE PROCESSOR: Post-processed URL: /pages/sign-up-for-our-newsletter
2025-04-03 15:30:08,944 - DEBUG - TILE PROCESSOR: Raw extracted URL: /pages/sign-up-for-our-newsletter
2025-04-03 15:30:08,944 - WARNING - Post-process function 'prefix' not found.
2025-04-03 15:30:08,945 - DEBUG - TILE PROCESSOR: Post-processed URL: /pages/sign-up-for-our-newsletter
2025-04-03 15:30:08,945 - DEBUG - TILE PROCESSOR: Raw extracted URL: http://www.facebook.com/therupturedduckshop
2025-04-03 15:30:08,945 - WARNING - Post-process function 'prefix' not found.
2025-04-03 15:30:08,945 - DEBUG - TILE PROCESSOR: Post-processed URL: http://www.facebook.com/therupturedduckshop
2025-04-03 15:30:08,946 - INFO - TILE Extracted product URL: http://www.facebook.com/therupturedduckshop
2025-04-03 15:30:08,946 - DEBUG - TILE PROCESSOR: Raw extracted URL: https://twitter.com/therupturedduck
2025-04-03 15:30:08,946 - WARNING - Post-process function 'prefix' not found.
2025-04-03 15:30:08,946 - DEBUG - TILE PROCESSOR: Post-processed URL: https://twitter.com/therupturedduck
2025-04-03 15:30:08,946 - INFO - TILE Extracted product URL: https://twitter.com/therupturedduck
2025-04-03 15:30:08,947 - DEBUG - TILE PROCESSOR: Raw extracted URL: https://www.instagram.com/therupturedduckllc/
2025-04-03 15:30:08,947 - WARNING - Post-process function 'prefix' not found.
2025-04-03 15:30:08,947 - DEBUG - TILE PROCESSOR: Post-processed URL: https://www.instagram.com/therupturedduckllc/
2025-04-03 15:30:08,947 - INFO - TILE Extracted product URL: https://www.instagram.com/therupturedduckllc/
2025-04-03 15:30:08,947 - DEBUG - TILE PROCESSOR: Raw extracted URL: /products/gift-card
2025-04-03 15:30:08,948 - WARNING - Post-process function 'prefix' not found.
2025-04-03 15:30:08,948 - DEBUG - TILE PROCESSOR: Post-processed URL: /products/gift-card
2025-04-03 15:30:08,948 - DEBUG - TILE PROCESSOR: Raw extracted URL: https://www.therupturedduck.com/pages/contact-us
2025-04-03 15:30:08,948 - WARNING - Post-process function 'prefix' not found.
2025-04-03 15:30:08,948 - DEBUG - TILE PROCESSOR: Post-processed URL: https://www.therupturedduck.com/pages/contact-us
2025-04-03 15:30:08,948 - INFO - TILE Extracted product URL: https://www.therupturedduck.com/pages/contact-us
2025-04-03 15:30:08,949 - DEBUG - TILE PROCESSOR: Raw extracted URL: /
2025-04-03 15:30:08,949 - WARNING - Post-process function 'prefix' not found.
2025-04-03 15:30:08,949 - DEBUG - TILE PROCESSOR: Post-processed URL: /
2025-04-03 15:30:08,949 - DEBUG - TILE PROCESSOR: Raw extracted URL: /
2025-04-03 15:30:08,949 - WARNING - Post-process function 'prefix' not found.
2025-04-03 15:30:08,950 - DEBUG - TILE PROCESSOR: Post-processed URL: /
2025-04-03 15:30:08,950 - DEBUG - TILE PROCESSOR: Raw extracted URL: /
2025-04-03 15:30:08,950 - WARNING - Post-process function 'prefix' not found.
2025-04-03 15:30:08,950 - DEBUG - TILE PROCESSOR: Post-processed URL: /
2025-04-03 15:30:08,950 - DEBUG - TILE PROCESSOR: Raw extracted URL: /
2025-04-03 15:30:08,950 - WARNING - Post-process function 'prefix' not found.
2025-04-03 15:30:08,951 - DEBUG - TILE PROCESSOR: Post-processed URL: /
2025-04-03 15:30:08,951 - DEBUG - TILE PROCESSOR: Raw extracted URL: /
2025-04-03 15:30:08,951 - WARNING - Post-process function 'prefix' not found.
2025-04-03 15:30:08,951 - DEBUG - TILE PROCESSOR: Post-processed URL: /
2025-04-03 15:30:08,952 - DEBUG - SITE PROCESSOR: Total tiles found: 737, Valid tiles: 0
2025-04-03 15:30:08,952 - DEBUG - SITE PROCESSOR: Length of products_tile_list: 0 
2025-04-03 15:30:08,952 - INFO - SITE PROCESSOR: No products found on the current page. Stopping processing.
2025-04-03 15:30:08,952 - INFO - 
------------------------------------------------------------
                    INSTANCE TERMINATED                     
------------------------------------------------------------
2025-04-03 15:30:08,953 - INFO - MILITARIA SITE        : RUPTURED_DUCK
2025-04-03 15:30:08,953 - INFO - CONSECUTIVE MATCHES   : 0 / 1
2025-04-03 15:30:08,953 - INFO - CYCLES RUN            : False
2025-04-03 15:30:08,953 - INFO - PRODUCTS PROCESSED    : 0
2025-04-03 15:30:08,953 - INFO - TIMESTAMP             : 2025-04-03 15:30:08.952496
2025-04-03 15:30:08,953 - INFO - SITE PROCESSOR: Finished processing site: RUPTURED_DUCK
2025-04-03 15:30:08,953 - INFO - 
------------------------------------------------------------
                    INSTANCE TERMINATED                     
------------------------------------------------------------
2025-04-03 15:30:08,954 - INFO - MILITARIA SITE        : RUPTURED_DUCK
2025-04-03 15:30:08,954 - INFO - CONSECUTIVE MATCHES   : 0 / 1
2025-04-03 15:30:08,954 - INFO - CYCLES RUN            : False
2025-04-03 15:30:08,954 - INFO - PRODUCTS PROCESSED    : 0
2025-04-03 15:30:08,954 - INFO - TIMESTAMP             : 2025-04-03 15:30:08.953490
2025-04-03 15:30:08,954 - INFO - Successfully processed site: RUPTURED_DUCK
2025-04-03 15:30:08,955 - INFO - 
------------------------------------------------------------
                  FINAL PROCESSING SUMMARY                  
------------------------------------------------------------
2025-04-03 15:30:08,955 - INFO - TIMESTAMP             : 2025-04-03 15:30:08.955490
2025-04-03 15:30:08,955 - INFO - SITES PROCESSED       : RUPTURED_DUCK
2025-04-03 15:30:08,955 - INFO - TOTAL PRODUCTS        : 0
2025-04-03 15:30:08,955 - INFO - NEW PRODUCTS          : 0
2025-04-03 15:30:08,955 - INFO - OLD PRODUCTS          : 0
2025-04-03 15:30:08,956 - INFO - SITES COUNT           : 0
2025-04-03 15:30:08,956 - INFO - AVAILABILITY UPDATES  : 0
2025-04-03 15:30:08,956 - INFO - PROCESSING REQUIRED   : 0
2025-04-03 15:30:08,956 - INFO - Processing completed.
2025-04-03 15:30:08,956 - INFO - Sleeping for 900 seconds before next cycle...
