2025-04-03 09:59:03,457 - DEBUG - Logging initialized. Log file: milivault_logs\2025-04-03_09-59-03.log
2025-04-03 09:59:05,728 - INFO - SETTINGS MANAGER: Changed directory to C:/Users/keena/Desktop/Milivault/scraper
2025-04-03 09:59:10,923 - INFO - Connection pool initialized successfully.
2025-04-03 09:59:10,931 - DEBUG - Changing event name from creating-client-class.iot-data to creating-client-class.iot-data-plane
2025-04-03 09:59:10,933 - DEBUG - Changing event name from before-call.apigateway to before-call.api-gateway
2025-04-03 09:59:10,933 - DEBUG - Changing event name from request-created.machinelearning.Predict to request-created.machine-learning.Predict
2025-04-03 09:59:10,935 - DEBUG - Changing event name from before-parameter-build.autoscaling.CreateLaunchConfiguration to before-parameter-build.auto-scaling.CreateLaunchConfiguration
2025-04-03 09:59:10,935 - DEBUG - Changing event name from before-parameter-build.route53 to before-parameter-build.route-53
2025-04-03 09:59:10,935 - DEBUG - Changing event name from request-created.cloudsearchdomain.Search to request-created.cloudsearch-domain.Search
2025-04-03 09:59:10,936 - DEBUG - Changing event name from docs.*.autoscaling.CreateLaunchConfiguration.complete-section to docs.*.auto-scaling.CreateLaunchConfiguration.complete-section
2025-04-03 09:59:10,938 - DEBUG - Changing event name from before-parameter-build.logs.CreateExportTask to before-parameter-build.cloudwatch-logs.CreateExportTask
2025-04-03 09:59:10,938 - DEBUG - Changing event name from docs.*.logs.CreateExportTask.complete-section to docs.*.cloudwatch-logs.CreateExportTask.complete-section
2025-04-03 09:59:10,938 - DEBUG - Changing event name from before-parameter-build.cloudsearchdomain.Search to before-parameter-build.cloudsearch-domain.Search
2025-04-03 09:59:10,938 - DEBUG - Changing event name from docs.*.cloudsearchdomain.Search.complete-section to docs.*.cloudsearch-domain.Search.complete-section
2025-04-03 09:59:11,005 - DEBUG - Loading JSON file: C:\Users\keena\AppData\Local\Programs\Python\Python312\Lib\site-packages\botocore\data\endpoints.json
2025-04-03 09:59:11,029 - DEBUG - Loading JSON file: C:\Users\keena\AppData\Local\Programs\Python\Python312\Lib\site-packages\botocore\data\sdk-default-configuration.json
2025-04-03 09:59:11,030 - DEBUG - Event choose-service-name: calling handler <function handle_service_name_alias at 0x0000029802D1E480>
2025-04-03 09:59:11,359 - DEBUG - Loading JSON file: C:\Users\keena\AppData\Local\Programs\Python\Python312\Lib\site-packages\botocore\data\s3\2006-03-01\service-2.json.gz
2025-04-03 09:59:11,372 - DEBUG - Loading JSON file: C:\Users\keena\AppData\Local\Programs\Python\Python312\Lib\site-packages\botocore\data\s3\2006-03-01\service-2.sdk-extras.json
2025-04-03 09:59:11,491 - DEBUG - Loading JSON file: C:\Users\keena\AppData\Local\Programs\Python\Python312\Lib\site-packages\botocore\data\s3\2006-03-01\endpoint-rule-set-1.json.gz
2025-04-03 09:59:11,500 - DEBUG - Loading JSON file: C:\Users\keena\AppData\Local\Programs\Python\Python312\Lib\site-packages\botocore\data\partitions.json
2025-04-03 09:59:11,502 - DEBUG - Event creating-client-class.s3: calling handler <function add_generate_presigned_post at 0x0000029802C3C400>
2025-04-03 09:59:11,502 - DEBUG - Event creating-client-class.s3: calling handler <function lazy_call.<locals>._handler at 0x0000029803A47060>
2025-04-03 09:59:11,567 - DEBUG - Event creating-client-class.s3: calling handler <function add_generate_presigned_url at 0x0000029802C3C180>
2025-04-03 09:59:11,568 - DEBUG - Looking for endpoint for s3 via: environment_service
2025-04-03 09:59:11,568 - DEBUG - Looking for endpoint for s3 via: environment_global
2025-04-03 09:59:11,568 - DEBUG - Looking for endpoint for s3 via: config_service
2025-04-03 09:59:11,568 - DEBUG - Looking for endpoint for s3 via: config_global
2025-04-03 09:59:11,569 - DEBUG - No configured endpoint found.
2025-04-03 09:59:11,570 - DEBUG - Setting s3 timeout as (60, 60)
2025-04-03 09:59:11,586 - DEBUG - Loading JSON file: C:\Users\keena\AppData\Local\Programs\Python\Python312\Lib\site-packages\botocore\data\_retry.json
2025-04-03 09:59:11,587 - DEBUG - Registering retry handlers for service: s3
2025-04-03 09:59:11,587 - DEBUG - Registering S3 region redirector handler
2025-04-03 09:59:11,588 - DEBUG - Registering S3Express Identity Resolver
2025-04-03 09:59:11,588 - INFO - S3Manager initialized for bucket militaria-images
