2025-06-03 13:15:33,499 - DEBUG - Logging initialized. Log file: milivault_logs\2025-06-03_13-15-33.log
2025-06-03 13:15:33,500 - DEBUG - Adjusted logging level to DEBUG for environment: local
2025-06-03 13:15:34,897 - INFO - SETTINGS MANAGER: Changed directory to C:/Users/keena/Desktop/Milivault/scraper
2025-06-03 13:15:35,897 - INFO - Connection pool initialized successfully.
2025-06-03 13:15:35,898 - DEBUG - Changing event name from creating-client-class.iot-data to creating-client-class.iot-data-plane
2025-06-03 13:15:35,900 - DEBUG - Changing event name from before-call.apigateway to before-call.api-gateway
2025-06-03 13:15:35,902 - DEBUG - Changing event name from request-created.machinelearning.Predict to request-created.machine-learning.Predict
2025-06-03 13:15:35,904 - DEBUG - Changing event name from before-parameter-build.autoscaling.CreateLaunchConfiguration to before-parameter-build.auto-scaling.CreateLaunchConfiguration
2025-06-03 13:15:35,904 - DEBUG - Changing event name from before-parameter-build.route53 to before-parameter-build.route-53
2025-06-03 13:15:35,904 - DEBUG - Changing event name from request-created.cloudsearchdomain.Search to request-created.cloudsearch-domain.Search
2025-06-03 13:15:35,905 - DEBUG - Changing event name from docs.*.autoscaling.CreateLaunchConfiguration.complete-section to docs.*.auto-scaling.CreateLaunchConfiguration.complete-section
2025-06-03 13:15:35,906 - DEBUG - Changing event name from before-parameter-build.logs.CreateExportTask to before-parameter-build.cloudwatch-logs.CreateExportTask
2025-06-03 13:15:35,907 - DEBUG - Changing event name from docs.*.logs.CreateExportTask.complete-section to docs.*.cloudwatch-logs.CreateExportTask.complete-section
2025-06-03 13:15:35,907 - DEBUG - Changing event name from before-parameter-build.cloudsearchdomain.Search to before-parameter-build.cloudsearch-domain.Search
2025-06-03 13:15:35,908 - DEBUG - Changing event name from docs.*.cloudsearchdomain.Search.complete-section to docs.*.cloudsearch-domain.Search.complete-section
2025-06-03 13:15:35,923 - DEBUG - Loading JSON file: C:\Users\keena\Desktop\Milivault\scraper\venv\lib\site-packages\botocore\data\endpoints.json
2025-06-03 13:15:35,975 - DEBUG - Loading JSON file: C:\Users\keena\Desktop\Milivault\scraper\venv\lib\site-packages\botocore\data\sdk-default-configuration.json
2025-06-03 13:15:35,975 - DEBUG - Event choose-service-name: calling handler <function handle_service_name_alias at 0x000001D56671ACB0>
2025-06-03 13:15:36,089 - DEBUG - Loading JSON file: C:\Users\keena\Desktop\Milivault\scraper\venv\lib\site-packages\botocore\data\s3\2006-03-01\service-2.json.gz
2025-06-03 13:15:36,095 - DEBUG - Loading JSON file: C:\Users\keena\Desktop\Milivault\scraper\venv\lib\site-packages\botocore\data\s3\2006-03-01\service-2.sdk-extras.json
2025-06-03 13:15:36,212 - DEBUG - Loading JSON file: C:\Users\keena\Desktop\Milivault\scraper\venv\lib\site-packages\botocore\data\s3\2006-03-01\endpoint-rule-set-1.json.gz
2025-06-03 13:15:36,217 - DEBUG - Loading JSON file: C:\Users\keena\Desktop\Milivault\scraper\venv\lib\site-packages\botocore\data\partitions.json
2025-06-03 13:15:36,218 - DEBUG - Event creating-client-class.s3: calling handler <function add_generate_presigned_post at 0x000001D5666792D0>
2025-06-03 13:15:36,218 - DEBUG - Event creating-client-class.s3: calling handler <function lazy_call.<locals>._handler at 0x000001D567FF1480>
2025-06-03 13:15:36,241 - DEBUG - Event creating-client-class.s3: calling handler <function add_generate_presigned_url at 0x000001D566679090>
2025-06-03 13:15:36,241 - DEBUG - Looking for endpoint for s3 via: environment_service
2025-06-03 13:15:36,242 - DEBUG - Looking for endpoint for s3 via: environment_global
2025-06-03 13:15:36,242 - DEBUG - Looking for endpoint for s3 via: config_service
2025-06-03 13:15:36,242 - DEBUG - Looking for endpoint for s3 via: config_global
2025-06-03 13:15:36,242 - DEBUG - No configured endpoint found.
2025-06-03 13:15:36,244 - DEBUG - Setting s3 timeout as (60, 60)
2025-06-03 13:15:36,245 - DEBUG - Loading JSON file: C:\Users\keena\Desktop\Milivault\scraper\venv\lib\site-packages\botocore\data\_retry.json
2025-06-03 13:15:36,246 - DEBUG - Registering retry handlers for service: s3
2025-06-03 13:15:36,246 - DEBUG - Registering S3 region redirector handler
2025-06-03 13:15:36,246 - DEBUG - Registering S3Express Identity Resolver
2025-06-03 13:15:36,247 - INFO - S3Manager initialized for bucket militaria-images
