2025-05-02 15:12:18,721 - DEBUG - Logging initialized. Log file: milivault_logs\2025-05-02_15-12-18.log
2025-05-02 15:12:19,766 - DEBUG - Adjusted logging level to DEBUG for environment: local
2025-05-02 15:12:27,063 - INFO - SETTINGS MANAGER: Changed directory to C:/Users/keena/Desktop/Milivault/scraper
2025-05-02 15:12:28,130 - INFO - Connection pool initialized successfully.
2025-05-02 15:12:28,131 - DEBUG - Changing event name from creating-client-class.iot-data to creating-client-class.iot-data-plane
2025-05-02 15:12:28,132 - DEBUG - Changing event name from before-call.apigateway to before-call.api-gateway
2025-05-02 15:12:28,133 - DEBUG - Changing event name from request-created.machinelearning.Predict to request-created.machine-learning.Predict
2025-05-02 15:12:28,134 - DEBUG - Changing event name from before-parameter-build.autoscaling.CreateLaunchConfiguration to before-parameter-build.auto-scaling.CreateLaunchConfiguration
2025-05-02 15:12:28,134 - DEBUG - Changing event name from before-parameter-build.route53 to before-parameter-build.route-53
2025-05-02 15:12:28,135 - DEBUG - Changing event name from request-created.cloudsearchdomain.Search to request-created.cloudsearch-domain.Search
2025-05-02 15:12:28,135 - DEBUG - Changing event name from docs.*.autoscaling.CreateLaunchConfiguration.complete-section to docs.*.auto-scaling.CreateLaunchConfiguration.complete-section
2025-05-02 15:12:28,136 - DEBUG - Changing event name from before-parameter-build.logs.CreateExportTask to before-parameter-build.cloudwatch-logs.CreateExportTask
2025-05-02 15:12:28,137 - DEBUG - Changing event name from docs.*.logs.CreateExportTask.complete-section to docs.*.cloudwatch-logs.CreateExportTask.complete-section
2025-05-02 15:12:28,137 - DEBUG - Changing event name from before-parameter-build.cloudsearchdomain.Search to before-parameter-build.cloudsearch-domain.Search
2025-05-02 15:12:28,137 - DEBUG - Changing event name from docs.*.cloudsearchdomain.Search.complete-section to docs.*.cloudsearch-domain.Search.complete-section
2025-05-02 15:12:28,179 - DEBUG - Loading JSON file: C:\Users\keena\AppData\Local\Programs\Python\Python313\Lib\site-packages\botocore\data\endpoints.json
2025-05-02 15:12:28,192 - DEBUG - Loading JSON file: C:\Users\keena\AppData\Local\Programs\Python\Python313\Lib\site-packages\botocore\data\sdk-default-configuration.json
2025-05-02 15:12:28,192 - DEBUG - Event choose-service-name: calling handler <function handle_service_name_alias at 0x0000021E71808F40>
2025-05-02 15:12:28,289 - DEBUG - Loading JSON file: C:\Users\keena\AppData\Local\Programs\Python\Python313\Lib\site-packages\botocore\data\s3\2006-03-01\service-2.json.gz
2025-05-02 15:12:28,295 - DEBUG - Loading JSON file: C:\Users\keena\AppData\Local\Programs\Python\Python313\Lib\site-packages\botocore\data\s3\2006-03-01\service-2.sdk-extras.json
2025-05-02 15:12:28,392 - DEBUG - Loading JSON file: C:\Users\keena\AppData\Local\Programs\Python\Python313\Lib\site-packages\botocore\data\s3\2006-03-01\endpoint-rule-set-1.json.gz
2025-05-02 15:12:28,395 - DEBUG - Loading JSON file: C:\Users\keena\AppData\Local\Programs\Python\Python313\Lib\site-packages\botocore\data\partitions.json
2025-05-02 15:12:28,396 - DEBUG - Event creating-client-class.s3: calling handler <function add_generate_presigned_post at 0x0000021E7172F740>
2025-05-02 15:12:28,397 - DEBUG - Event creating-client-class.s3: calling handler <function lazy_call.<locals>._handler at 0x0000021E71C2B100>
2025-05-02 15:12:28,441 - DEBUG - Event creating-client-class.s3: calling handler <function add_generate_presigned_url at 0x0000021E7172F4C0>
2025-05-02 15:12:28,441 - DEBUG - Looking for endpoint for s3 via: environment_service
2025-05-02 15:12:28,441 - DEBUG - Looking for endpoint for s3 via: environment_global
2025-05-02 15:12:28,441 - DEBUG - Looking for endpoint for s3 via: config_service
2025-05-02 15:12:28,441 - DEBUG - Looking for endpoint for s3 via: config_global
2025-05-02 15:12:28,441 - DEBUG - No configured endpoint found.
2025-05-02 15:12:28,443 - DEBUG - Setting s3 timeout as (60, 60)
2025-05-02 15:12:28,444 - DEBUG - Loading JSON file: C:\Users\keena\AppData\Local\Programs\Python\Python313\Lib\site-packages\botocore\data\_retry.json
2025-05-02 15:12:28,445 - DEBUG - Registering retry handlers for service: s3
2025-05-02 15:12:28,445 - DEBUG - Registering S3 region redirector handler
2025-05-02 15:12:28,446 - DEBUG - Registering S3Express Identity Resolver
2025-05-02 15:12:28,446 - INFO - S3Manager initialized for bucket militaria-images
2025-05-02 15:12:28,461 - ERROR - Error decoding JSON file C:/Users/keena/Desktop/Milivault/site-json/THE_WAR_FRONT.json: Expecting value: line 1 column 1 (char 0)
2025-05-02 15:12:30,552 - INFO - Processing site: 20TH_CENTURY_MILITARIA
2025-05-02 15:12:30,552 - INFO - SITE PROCESSOR: Running with targetMatch = 1
2025-05-02 15:12:30,552 - DEBUG - SITE PROCESSOR: Debug: base_url: https://20thcenturymilitaria.com
2025-05-02 15:12:30,552 - INFO - 
------------------------------------------------------------
                    NEW INSTANCE STARTED                    
------------------------------------------------------------
2025-05-02 15:12:30,553 - INFO - MILITARIA SITE        : 20TH_CENTURY_MILITARIA
2025-05-02 15:12:30,553 - INFO - PRODUCTS URL          : https://20thcenturymilitaria.com
2025-05-02 15:12:30,553 - INFO - CYCLES RUN            : False
2025-05-02 15:12:30,553 - INFO - PRODUCTS PROCESSED    : 0
2025-05-02 15:12:30,553 - INFO - TIMESTAMP             : 2025-05-02 15:12:30.552930
2025-05-02 15:12:30,553 - DEBUG - SITE PROCESSOR: products_list_page loaded
2025-05-02 15:12:30,553 - INFO - SITE PROCESSOR: Current product page: https://20thcenturymilitaria.com/shop.php?pg=0
2025-05-02 15:12:30,553 - INFO - SITE PROCESSOR: Current page: 0
2025-05-02 15:12:30,556 - DEBUG - Starting new HTTPS connection (1): 20thcenturymilitaria.com:443
2025-05-02 15:12:31,764 - DEBUG - https://20thcenturymilitaria.com:443 "GET /shop.php?pg=0 HTTP/1.1" 200 5892
2025-05-02 15:12:31,775 - DEBUG - SITE PROCESSOR: products_list_page_soup loaded.
2025-05-02 15:12:31,776 - DEBUG - TILE PROCESSOR: Extracted text from tag → Behind Enemy Lines - 1990-91 Gulf War Gold Sovereign
2025-05-02 15:12:31,776 - DEBUG - TILE PROCESSOR: Extracted text from tag → WW2 Times of Malta Newspaper - August 1943
2025-05-02 15:12:31,776 - DEBUG - TILE PROCESSOR: Extracted text from tag → WW2 Maltese Cigarette Packet & Misc Contents
2025-05-02 15:12:31,776 - DEBUG - TILE PROCESSOR: Extracted text from tag → WW2 Times of Malta Newspaper - July 1943
2025-05-02 15:12:31,777 - DEBUG - TILE PROCESSOR: Extracted text from tag → WW2 British Mk.II Helmet - Iconic Malta Camouflage - RA
2025-05-02 15:12:31,777 - DEBUG - TILE PROCESSOR: Extracted text from tag → WW2 Malta - Wedding Photographs - Royal Artillery
2025-05-02 15:12:31,777 - DEBUG - TILE PROCESSOR: Extracted text from tag → WW2 1939 MkII Helmet - Czechoslovakia
2025-05-02 15:12:31,777 - DEBUG - TILE PROCESSOR: Extracted text from tag → WW2 4 x Photos Graphic Photographes Japanese
2025-05-02 15:12:31,777 - DEBUG - TILE PROCESSOR: Extracted text from tag → WW2 Fountain Pen with Concealed Spike
2025-05-02 15:12:31,777 - DEBUG - TILE PROCESSOR: Extracted text from tag → WW2 French Commando Beret & Cap Badge - 192
2025-05-02 15:12:31,777 - DEBUG - SITE PROCESSOR: Total tiles found: 10, Valid tiles: 10
2025-05-02 15:12:31,778 - DEBUG - SITE PROCESSOR: Length of products_tile_list: 10 
2025-05-02 15:12:31,778 - DEBUG - CLEAN URL: Stripped URL → https://20thcenturymilitaria.com?code=51569
2025-05-02 15:12:31,778 - WARNING - CLEAN URL: Failed to match pattern → https://20thcenturymilitaria.com?code=51569
2025-05-02 15:12:31,778 - DEBUG - TILE PROCESSOR: Product tile preview: <div class="shopitem newitem">...
2025-05-02 15:12:31,779 - DEBUG - CLEAN URL: Stripped URL → https://20thcenturymilitaria.com?code=51911
2025-05-02 15:12:31,779 - WARNING - CLEAN URL: Failed to match pattern → https://20thcenturymilitaria.com?code=51911
2025-05-02 15:12:31,779 - DEBUG - TILE PROCESSOR: Product tile preview: <div class="shopitem">...
2025-05-02 15:12:31,779 - DEBUG - CLEAN URL: Stripped URL → https://20thcenturymilitaria.com?code=51909
2025-05-02 15:12:31,779 - WARNING - CLEAN URL: Failed to match pattern → https://20thcenturymilitaria.com?code=51909
2025-05-02 15:12:31,780 - DEBUG - TILE PROCESSOR: Product tile preview: <div class="shopitem">...
2025-05-02 15:12:31,780 - DEBUG - CLEAN URL: Stripped URL → https://20thcenturymilitaria.com?code=51910
2025-05-02 15:12:31,780 - WARNING - CLEAN URL: Failed to match pattern → https://20thcenturymilitaria.com?code=51910
2025-05-02 15:12:31,780 - DEBUG - TILE PROCESSOR: Product tile preview: <div class="shopitem">...
2025-05-02 15:12:31,780 - DEBUG - CLEAN URL: Stripped URL → https://20thcenturymilitaria.com?code=51907
2025-05-02 15:12:31,780 - WARNING - CLEAN URL: Failed to match pattern → https://20thcenturymilitaria.com?code=51907
2025-05-02 15:12:31,781 - DEBUG - TILE PROCESSOR: Product tile preview: <div class="shopitem">...
2025-05-02 15:12:31,781 - DEBUG - CLEAN URL: Stripped URL → https://20thcenturymilitaria.com?code=51915
2025-05-02 15:12:31,782 - WARNING - CLEAN URL: Failed to match pattern → https://20thcenturymilitaria.com?code=51915
2025-05-02 15:12:31,782 - DEBUG - TILE PROCESSOR: Product tile preview: <div class="shopitem">...
2025-05-02 15:12:31,782 - DEBUG - CLEAN URL: Stripped URL → https://20thcenturymilitaria.com?code=51738
2025-05-02 15:12:31,782 - WARNING - CLEAN URL: Failed to match pattern → https://20thcenturymilitaria.com?code=51738
2025-05-02 15:12:31,783 - DEBUG - TILE PROCESSOR: Product tile preview: <div class="shopitem">...
2025-05-02 15:12:31,783 - DEBUG - CLEAN URL: Stripped URL → https://20thcenturymilitaria.com?code=51502
2025-05-02 15:12:31,783 - WARNING - CLEAN URL: Failed to match pattern → https://20thcenturymilitaria.com?code=51502
2025-05-02 15:12:31,783 - DEBUG - TILE PROCESSOR: Product tile preview: <div class="shopitem">...
2025-05-02 15:12:31,784 - DEBUG - CLEAN URL: Stripped URL → https://20thcenturymilitaria.com?code=51787
2025-05-02 15:12:31,784 - WARNING - CLEAN URL: Failed to match pattern → https://20thcenturymilitaria.com?code=51787
2025-05-02 15:12:31,784 - DEBUG - TILE PROCESSOR: Product tile preview: <div class="shopitem">...
2025-05-02 15:12:31,784 - DEBUG - CLEAN URL: Stripped URL → https://20thcenturymilitaria.com?code=51809
2025-05-02 15:12:31,784 - WARNING - CLEAN URL: Failed to match pattern → https://20thcenturymilitaria.com?code=51809
2025-05-02 15:12:31,785 - DEBUG - TILE PROCESSOR: Product tile preview: <div class="shopitem">...
2025-05-02 15:12:31,785 - INFO - SITE PROCESSOR: Product Dictionaries count: 0
2025-05-02 15:12:31,785 - INFO - PRODUCT PROCESSOR: Categorizing products between old and new...
2025-05-02 15:12:31,785 - INFO - PRODUCT PROCESSOR: Products needing full processing  : 0
2025-05-02 15:12:31,785 - INFO - PRODUCT PROCESSOR: Products needing availability updates: 0
2025-05-02 15:12:31,785 - INFO - PRODUCT PROCESSOR: Products ignored (no updates needed): 0
2025-05-02 15:12:31,785 - DEBUG - PRODUCT PROCESSOR: Processing required list count: 0
2025-05-02 15:12:31,785 - DEBUG - PRODUCT PROCESSOR: Processing completed for 0 products.
2025-05-02 15:12:31,785 - DEBUG - RDS MANAGER: No URLs to update last_seen.
2025-05-02 15:12:31,786 - INFO - SITE PROCESSOR: Moved to next page: 1
2025-05-02 15:12:31,786 - INFO - SITE PROCESSOR: No products require further processing. Stopping site processing.
2025-05-02 15:12:31,786 - INFO - 
====== Processing Summary ======
Total Products Count       : 0
New Products Count         : 0
Old Products Count         : 0
Sites Processed Count      : 0
Current Page Count         : 1
Availability Updates Count : 0
Processing Required Count  : 0
===============================
                    
2025-05-02 15:12:31,786 - DEBUG - SITE PROCESSOR: Exiting site_processor_main.
2025-05-02 15:12:31,786 - INFO - SITE PROCESSOR: Finished processing site: 20TH_CENTURY_MILITARIA
2025-05-02 15:12:31,786 - INFO - 
------------------------------------------------------------
                    INSTANCE TERMINATED                     
------------------------------------------------------------
2025-05-02 15:12:31,786 - INFO - MILITARIA SITE        : 20TH_CENTURY_MILITARIA
2025-05-02 15:12:31,786 - INFO - CONSECUTIVE MATCHES   : 1 / 1
2025-05-02 15:12:31,786 - INFO - CYCLES RUN            : False
2025-05-02 15:12:31,787 - INFO - PRODUCTS PROCESSED    : 0
2025-05-02 15:12:31,787 - INFO - TIMESTAMP             : 2025-05-02 15:12:31.786641
2025-05-02 15:12:31,787 - INFO - Successfully processed site: 20TH_CENTURY_MILITARIA
2025-05-02 15:12:31,787 - INFO - 
------------------------------------------------------------
                  FINAL PROCESSING SUMMARY                  
------------------------------------------------------------
2025-05-02 15:12:31,787 - INFO - TIMESTAMP             : 2025-05-02 15:12:31.787376
2025-05-02 15:12:31,787 - INFO - SITES PROCESSED       : 20TH_CENTURY_MILITARIA
2025-05-02 15:12:31,787 - INFO - TOTAL PRODUCTS        : 0
2025-05-02 15:12:31,787 - INFO - NEW PRODUCTS          : 0
2025-05-02 15:12:31,787 - INFO - OLD PRODUCTS          : 0
2025-05-02 15:12:31,787 - INFO - SITES COUNT           : 0
2025-05-02 15:12:31,788 - INFO - AVAILABILITY UPDATES  : 0
2025-05-02 15:12:31,788 - INFO - PROCESSING REQUIRED   : 0
2025-05-02 15:12:31,788 - WARNING - Calculated sleep was -4.73 seconds. Forcing minimum 10 seconds sleep.
2025-05-02 15:12:31,788 - INFO - Sleeping 10 seconds... Next check at 2025-05-02 15:12:41
2025-05-02 15:12:41,788 - WARNING - Calculated sleep was -14.73 seconds. Forcing minimum 10 seconds sleep.
2025-05-02 15:12:41,788 - INFO - Sleeping 10 seconds... Next check at 2025-05-02 15:12:51
2025-05-02 15:12:51,789 - WARNING - Calculated sleep was -24.73 seconds. Forcing minimum 10 seconds sleep.
2025-05-02 15:12:51,789 - INFO - Sleeping 10 seconds... Next check at 2025-05-02 15:13:01
2025-05-02 15:13:01,790 - WARNING - Calculated sleep was -34.73 seconds. Forcing minimum 10 seconds sleep.
2025-05-02 15:13:01,791 - INFO - Sleeping 10 seconds... Next check at 2025-05-02 15:13:11
2025-05-02 15:13:11,791 - WARNING - Calculated sleep was -44.73 seconds. Forcing minimum 10 seconds sleep.
2025-05-02 15:13:11,792 - INFO - Sleeping 10 seconds... Next check at 2025-05-02 15:13:21
2025-05-02 15:13:21,792 - WARNING - Calculated sleep was -54.73 seconds. Forcing minimum 10 seconds sleep.
2025-05-02 15:13:21,793 - INFO - Sleeping 10 seconds... Next check at 2025-05-02 15:13:31
2025-05-02 15:13:31,793 - WARNING - Calculated sleep was -64.73 seconds. Forcing minimum 10 seconds sleep.
2025-05-02 15:13:31,794 - INFO - Sleeping 10 seconds... Next check at 2025-05-02 15:13:41
2025-05-02 15:13:41,794 - WARNING - Calculated sleep was -74.73 seconds. Forcing minimum 10 seconds sleep.
2025-05-02 15:13:41,795 - INFO - Sleeping 10 seconds... Next check at 2025-05-02 15:13:51
2025-05-02 15:13:51,795 - WARNING - Calculated sleep was -84.73 seconds. Forcing minimum 10 seconds sleep.
2025-05-02 15:13:51,796 - INFO - Sleeping 10 seconds... Next check at 2025-05-02 15:14:01
2025-05-02 15:14:01,796 - WARNING - Calculated sleep was -94.73 seconds. Forcing minimum 10 seconds sleep.
2025-05-02 15:14:01,796 - INFO - Sleeping 10 seconds... Next check at 2025-05-02 15:14:11
2025-05-02 15:14:11,797 - WARNING - Calculated sleep was -104.73 seconds. Forcing minimum 10 seconds sleep.
2025-05-02 15:14:11,797 - INFO - Sleeping 10 seconds... Next check at 2025-05-02 15:14:21
2025-05-02 15:14:21,797 - WARNING - Calculated sleep was -114.73 seconds. Forcing minimum 10 seconds sleep.
2025-05-02 15:14:21,798 - INFO - Sleeping 10 seconds... Next check at 2025-05-02 15:14:31
2025-05-02 15:14:31,799 - WARNING - Calculated sleep was -124.74 seconds. Forcing minimum 10 seconds sleep.
2025-05-02 15:14:31,799 - INFO - Sleeping 10 seconds... Next check at 2025-05-02 15:14:41
2025-05-02 15:14:41,799 - WARNING - Calculated sleep was -134.74 seconds. Forcing minimum 10 seconds sleep.
2025-05-02 15:14:41,800 - INFO - Sleeping 10 seconds... Next check at 2025-05-02 15:14:51
2025-05-02 15:14:51,800 - WARNING - Calculated sleep was -144.74 seconds. Forcing minimum 10 seconds sleep.
2025-05-02 15:14:51,801 - INFO - Sleeping 10 seconds... Next check at 2025-05-02 15:15:01
2025-05-02 15:15:01,801 - WARNING - Calculated sleep was -154.74 seconds. Forcing minimum 10 seconds sleep.
2025-05-02 15:15:01,802 - INFO - Sleeping 10 seconds... Next check at 2025-05-02 15:15:11
2025-05-02 15:15:11,802 - WARNING - Calculated sleep was -164.74 seconds. Forcing minimum 10 seconds sleep.
2025-05-02 15:15:11,803 - INFO - Sleeping 10 seconds... Next check at 2025-05-02 15:15:21
2025-05-02 15:15:21,803 - WARNING - Calculated sleep was -174.74 seconds. Forcing minimum 10 seconds sleep.
2025-05-02 15:15:21,804 - INFO - Sleeping 10 seconds... Next check at 2025-05-02 15:15:31
2025-05-02 15:15:31,804 - WARNING - Calculated sleep was -184.74 seconds. Forcing minimum 10 seconds sleep.
2025-05-02 15:15:31,805 - INFO - Sleeping 10 seconds... Next check at 2025-05-02 15:15:41
2025-05-02 15:15:41,805 - WARNING - Calculated sleep was -194.74 seconds. Forcing minimum 10 seconds sleep.
2025-05-02 15:15:41,806 - INFO - Sleeping 10 seconds... Next check at 2025-05-02 15:15:51
2025-05-02 15:15:51,806 - WARNING - Calculated sleep was -204.74 seconds. Forcing minimum 10 seconds sleep.
2025-05-02 15:15:51,807 - INFO - Sleeping 10 seconds... Next check at 2025-05-02 15:16:01
2025-05-02 15:16:01,807 - WARNING - Calculated sleep was -214.74 seconds. Forcing minimum 10 seconds sleep.
2025-05-02 15:16:01,807 - INFO - Sleeping 10 seconds... Next check at 2025-05-02 15:16:11
2025-05-02 15:16:11,808 - WARNING - Calculated sleep was -224.75 seconds. Forcing minimum 10 seconds sleep.
2025-05-02 15:16:11,808 - INFO - Sleeping 10 seconds... Next check at 2025-05-02 15:16:21
2025-05-02 15:16:21,809 - WARNING - Calculated sleep was -234.75 seconds. Forcing minimum 10 seconds sleep.
2025-05-02 15:16:21,810 - INFO - Sleeping 10 seconds... Next check at 2025-05-02 15:16:31
2025-05-02 15:16:31,810 - WARNING - Calculated sleep was -244.75 seconds. Forcing minimum 10 seconds sleep.
2025-05-02 15:16:31,811 - INFO - Sleeping 10 seconds... Next check at 2025-05-02 15:16:41
2025-05-02 15:16:41,811 - WARNING - Calculated sleep was -254.75 seconds. Forcing minimum 10 seconds sleep.
2025-05-02 15:16:41,812 - INFO - Sleeping 10 seconds... Next check at 2025-05-02 15:16:51
2025-05-02 15:16:51,812 - WARNING - Calculated sleep was -264.75 seconds. Forcing minimum 10 seconds sleep.
2025-05-02 15:16:51,813 - INFO - Sleeping 10 seconds... Next check at 2025-05-02 15:17:01
2025-05-02 15:17:01,814 - WARNING - Calculated sleep was -274.75 seconds. Forcing minimum 10 seconds sleep.
2025-05-02 15:17:01,814 - INFO - Sleeping 10 seconds... Next check at 2025-05-02 15:17:11
2025-05-02 15:17:11,815 - WARNING - Calculated sleep was -284.75 seconds. Forcing minimum 10 seconds sleep.
2025-05-02 15:17:11,816 - INFO - Sleeping 10 seconds... Next check at 2025-05-02 15:17:21
2025-05-02 15:17:21,816 - WARNING - Calculated sleep was -294.75 seconds. Forcing minimum 10 seconds sleep.
2025-05-02 15:17:21,817 - INFO - Sleeping 10 seconds... Next check at 2025-05-02 15:17:31
2025-05-02 15:17:31,817 - WARNING - Calculated sleep was -304.75 seconds. Forcing minimum 10 seconds sleep.
2025-05-02 15:17:31,818 - INFO - Sleeping 10 seconds... Next check at 2025-05-02 15:17:41
2025-05-02 15:17:41,818 - WARNING - Calculated sleep was -314.76 seconds. Forcing minimum 10 seconds sleep.
2025-05-02 15:17:41,818 - INFO - Sleeping 10 seconds... Next check at 2025-05-02 15:17:51
2025-05-02 15:17:51,819 - WARNING - Calculated sleep was -324.76 seconds. Forcing minimum 10 seconds sleep.
2025-05-02 15:17:51,820 - INFO - Sleeping 10 seconds... Next check at 2025-05-02 15:18:01
2025-05-02 15:18:01,820 - WARNING - Calculated sleep was -334.76 seconds. Forcing minimum 10 seconds sleep.
2025-05-02 15:18:01,821 - INFO - Sleeping 10 seconds... Next check at 2025-05-02 15:18:11
2025-05-02 15:18:11,822 - WARNING - Calculated sleep was -344.76 seconds. Forcing minimum 10 seconds sleep.
2025-05-02 15:18:11,822 - INFO - Sleeping 10 seconds... Next check at 2025-05-02 15:18:21
2025-05-02 15:18:21,822 - WARNING - Calculated sleep was -354.76 seconds. Forcing minimum 10 seconds sleep.
2025-05-02 15:18:21,823 - INFO - Sleeping 10 seconds... Next check at 2025-05-02 15:18:31
2025-05-02 15:18:31,824 - WARNING - Calculated sleep was -364.76 seconds. Forcing minimum 10 seconds sleep.
2025-05-02 15:18:31,824 - INFO - Sleeping 10 seconds... Next check at 2025-05-02 15:18:41
2025-05-02 15:18:41,825 - WARNING - Calculated sleep was -374.76 seconds. Forcing minimum 10 seconds sleep.
2025-05-02 15:18:41,825 - INFO - Sleeping 10 seconds... Next check at 2025-05-02 15:18:51
2025-05-02 15:18:51,825 - WARNING - Calculated sleep was -384.76 seconds. Forcing minimum 10 seconds sleep.
2025-05-02 15:18:51,825 - INFO - Sleeping 10 seconds... Next check at 2025-05-02 15:19:01
2025-05-02 15:19:01,826 - WARNING - Calculated sleep was -394.76 seconds. Forcing minimum 10 seconds sleep.
2025-05-02 15:19:01,826 - INFO - Sleeping 10 seconds... Next check at 2025-05-02 15:19:11
2025-05-02 15:19:11,827 - WARNING - Calculated sleep was -404.76 seconds. Forcing minimum 10 seconds sleep.
2025-05-02 15:19:11,827 - INFO - Sleeping 10 seconds... Next check at 2025-05-02 15:19:21
2025-05-02 15:19:21,828 - WARNING - Calculated sleep was -414.76 seconds. Forcing minimum 10 seconds sleep.
2025-05-02 15:19:21,828 - INFO - Sleeping 10 seconds... Next check at 2025-05-02 15:19:31
2025-05-02 15:19:31,828 - WARNING - Calculated sleep was -424.77 seconds. Forcing minimum 10 seconds sleep.
2025-05-02 15:19:31,829 - INFO - Sleeping 10 seconds... Next check at 2025-05-02 15:19:41
2025-05-02 15:19:41,829 - WARNING - Calculated sleep was -434.77 seconds. Forcing minimum 10 seconds sleep.
2025-05-02 15:19:41,829 - INFO - Sleeping 10 seconds... Next check at 2025-05-02 15:19:51
2025-05-02 15:19:51,830 - WARNING - Calculated sleep was -444.77 seconds. Forcing minimum 10 seconds sleep.
2025-05-02 15:19:51,830 - INFO - Sleeping 10 seconds... Next check at 2025-05-02 15:20:01
2025-05-02 15:20:01,831 - WARNING - Calculated sleep was -454.77 seconds. Forcing minimum 10 seconds sleep.
2025-05-02 15:20:01,832 - INFO - Sleeping 10 seconds... Next check at 2025-05-02 15:20:11
2025-05-02 15:20:11,832 - WARNING - Calculated sleep was -464.77 seconds. Forcing minimum 10 seconds sleep.
2025-05-02 15:20:11,833 - INFO - Sleeping 10 seconds... Next check at 2025-05-02 15:20:21
2025-05-02 15:20:21,834 - WARNING - Calculated sleep was -474.77 seconds. Forcing minimum 10 seconds sleep.
2025-05-02 15:20:21,834 - INFO - Sleeping 10 seconds... Next check at 2025-05-02 15:20:31
2025-05-02 15:20:31,834 - WARNING - Calculated sleep was -484.77 seconds. Forcing minimum 10 seconds sleep.
2025-05-02 15:20:31,835 - INFO - Sleeping 10 seconds... Next check at 2025-05-02 15:20:41
2025-05-02 15:20:41,836 - WARNING - Calculated sleep was -494.77 seconds. Forcing minimum 10 seconds sleep.
2025-05-02 15:20:41,836 - INFO - Sleeping 10 seconds... Next check at 2025-05-02 15:20:51
2025-05-02 15:20:51,837 - WARNING - Calculated sleep was -504.77 seconds. Forcing minimum 10 seconds sleep.
2025-05-02 15:20:51,837 - INFO - Sleeping 10 seconds... Next check at 2025-05-02 15:21:01
2025-05-02 15:21:01,838 - WARNING - Calculated sleep was -514.78 seconds. Forcing minimum 10 seconds sleep.
2025-05-02 15:21:01,838 - INFO - Sleeping 10 seconds... Next check at 2025-05-02 15:21:11
2025-05-02 15:21:11,839 - WARNING - Calculated sleep was -524.78 seconds. Forcing minimum 10 seconds sleep.
2025-05-02 15:21:11,840 - INFO - Sleeping 10 seconds... Next check at 2025-05-02 15:21:21
2025-05-02 15:21:21,841 - WARNING - Calculated sleep was -534.78 seconds. Forcing minimum 10 seconds sleep.
2025-05-02 15:21:21,841 - INFO - Sleeping 10 seconds... Next check at 2025-05-02 15:21:31
2025-05-02 15:21:31,842 - WARNING - Calculated sleep was -544.78 seconds. Forcing minimum 10 seconds sleep.
2025-05-02 15:21:31,842 - INFO - Sleeping 10 seconds... Next check at 2025-05-02 15:21:41
2025-05-02 15:21:41,843 - WARNING - Calculated sleep was -554.78 seconds. Forcing minimum 10 seconds sleep.
2025-05-02 15:21:41,843 - INFO - Sleeping 10 seconds... Next check at 2025-05-02 15:21:51
2025-05-02 15:21:51,843 - WARNING - Calculated sleep was -564.78 seconds. Forcing minimum 10 seconds sleep.
2025-05-02 15:21:51,844 - INFO - Sleeping 10 seconds... Next check at 2025-05-02 15:22:01
2025-05-02 15:22:01,844 - WARNING - Calculated sleep was -574.78 seconds. Forcing minimum 10 seconds sleep.
2025-05-02 15:22:01,845 - INFO - Sleeping 10 seconds... Next check at 2025-05-02 15:22:11
2025-05-02 15:22:11,845 - WARNING - Calculated sleep was -584.78 seconds. Forcing minimum 10 seconds sleep.
2025-05-02 15:22:11,846 - INFO - Sleeping 10 seconds... Next check at 2025-05-02 15:22:21
2025-05-02 15:22:21,846 - WARNING - Calculated sleep was -594.78 seconds. Forcing minimum 10 seconds sleep.
2025-05-02 15:22:21,846 - INFO - Sleeping 10 seconds... Next check at 2025-05-02 15:22:31
2025-05-02 15:22:31,847 - WARNING - Calculated sleep was -604.78 seconds. Forcing minimum 10 seconds sleep.
2025-05-02 15:22:31,847 - INFO - Sleeping 10 seconds... Next check at 2025-05-02 15:22:41
2025-05-02 15:22:41,847 - WARNING - Calculated sleep was -614.78 seconds. Forcing minimum 10 seconds sleep.
2025-05-02 15:22:41,848 - INFO - Sleeping 10 seconds... Next check at 2025-05-02 15:22:51
