2025-07-28 09:58:53,839 - DEBUG - Logging initialized. Log file: milivault_logs\2025-07-28_09-58-53.log
2025-07-28 09:58:53,840 - DEBUG - Adjusted logging level to DEBUG for environment: local
2025-07-28 09:58:54,766 - INFO - SETTINGS MANAGER: Changed directory to C:/Users/keena/Desktop/Milivault/scraper
2025-07-28 09:58:56,034 - INFO - Connection pool initialized successfully.
2025-07-28 09:58:56,035 - DEBUG - Changing event name from creating-client-class.iot-data to creating-client-class.iot-data-plane
2025-07-28 09:58:56,037 - DEBUG - Changing event name from before-call.apigateway to before-call.api-gateway
2025-07-28 09:58:56,038 - DEBUG - Changing event name from request-created.machinelearning.Predict to request-created.machine-learning.Predict
2025-07-28 09:58:56,039 - DEBUG - Changing event name from before-parameter-build.autoscaling.CreateLaunchConfiguration to before-parameter-build.auto-scaling.CreateLaunchConfiguration
2025-07-28 09:58:56,039 - DEBUG - Changing event name from before-parameter-build.route53 to before-parameter-build.route-53
2025-07-28 09:58:56,039 - DEBUG - Changing event name from request-created.cloudsearchdomain.Search to request-created.cloudsearch-domain.Search
2025-07-28 09:58:56,040 - DEBUG - Changing event name from docs.*.autoscaling.CreateLaunchConfiguration.complete-section to docs.*.auto-scaling.CreateLaunchConfiguration.complete-section
2025-07-28 09:58:56,041 - DEBUG - Changing event name from before-parameter-build.logs.CreateExportTask to before-parameter-build.cloudwatch-logs.CreateExportTask
2025-07-28 09:58:56,042 - DEBUG - Changing event name from docs.*.logs.CreateExportTask.complete-section to docs.*.cloudwatch-logs.CreateExportTask.complete-section
2025-07-28 09:58:56,042 - DEBUG - Changing event name from before-parameter-build.cloudsearchdomain.Search to before-parameter-build.cloudsearch-domain.Search
2025-07-28 09:58:56,042 - DEBUG - Changing event name from docs.*.cloudsearchdomain.Search.complete-section to docs.*.cloudsearch-domain.Search.complete-section
2025-07-28 09:58:56,056 - DEBUG - Loading JSON file: C:\Users\keena\Desktop\milivault_venv\lib\site-packages\botocore\data\endpoints.json
2025-07-28 09:58:56,100 - DEBUG - Loading JSON file: C:\Users\keena\Desktop\milivault_venv\lib\site-packages\botocore\data\sdk-default-configuration.json
2025-07-28 09:58:56,100 - DEBUG - Event choose-service-name: calling handler <function handle_service_name_alias at 0x000001DAA80B8820>
2025-07-28 09:58:56,153 - DEBUG - Loading JSON file: C:\Users\keena\Desktop\milivault_venv\lib\site-packages\botocore\data\s3\2006-03-01\service-2.json.gz
2025-07-28 09:58:56,163 - DEBUG - Loading JSON file: C:\Users\keena\Desktop\milivault_venv\lib\site-packages\botocore\data\s3\2006-03-01\service-2.sdk-extras.json
2025-07-28 09:58:56,210 - DEBUG - Loading JSON file: C:\Users\keena\Desktop\milivault_venv\lib\site-packages\botocore\data\s3\2006-03-01\endpoint-rule-set-1.json.gz
2025-07-28 09:58:56,213 - DEBUG - Loading JSON file: C:\Users\keena\Desktop\milivault_venv\lib\site-packages\botocore\data\partitions.json
2025-07-28 09:58:56,215 - DEBUG - Event creating-client-class.s3: calling handler <function add_generate_presigned_post at 0x000001DAA7ECAF80>
2025-07-28 09:58:56,215 - DEBUG - Event creating-client-class.s3: calling handler <function lazy_call.<locals>._handler at 0x000001DAA8F78430>
2025-07-28 09:58:56,227 - DEBUG - Event creating-client-class.s3: calling handler <function add_generate_presigned_url at 0x000001DAA7ECAD40>
2025-07-28 09:58:56,228 - DEBUG - Looking for endpoint for s3 via: environment_service
2025-07-28 09:58:56,228 - DEBUG - Looking for endpoint for s3 via: environment_global
2025-07-28 09:58:56,228 - DEBUG - Looking for endpoint for s3 via: config_service
2025-07-28 09:58:56,228 - DEBUG - Looking for endpoint for s3 via: config_global
2025-07-28 09:58:56,228 - DEBUG - No configured endpoint found.
2025-07-28 09:58:56,230 - DEBUG - Setting s3 timeout as (60, 60)
2025-07-28 09:58:56,232 - DEBUG - Loading JSON file: C:\Users\keena\Desktop\milivault_venv\lib\site-packages\botocore\data\_retry.json
2025-07-28 09:58:56,232 - DEBUG - Registering retry handlers for service: s3
2025-07-28 09:58:56,233 - DEBUG - Registering S3 region redirector handler
2025-07-28 09:58:56,233 - DEBUG - Registering S3Express Identity Resolver
2025-07-28 09:58:56,233 - INFO - S3Manager initialized for bucket militaria-images
2025-07-28 09:58:58,013 - INFO - ⏩ Skipping COLONELS_MILITARIA.json: marked as not working
2025-07-28 09:58:58,015 - INFO - ⏩ Skipping EAGLE_RELICS_NEW.json: marked as not working
2025-07-28 09:58:58,016 - INFO - ⏩ Skipping ENEMY_MILITARIA.json: marked as not working
2025-07-28 09:58:58,018 - INFO - ⏩ Skipping GERMANYCALLING.json: marked as not working
2025-07-28 09:58:58,018 - INFO - ⏩ Skipping GIELS_MILITARIA_WW2_GERMAN_AWARDS.json: marked as not working
2025-07-28 09:58:58,023 - INFO - ⏩ Skipping MINDEN_MILITARIA.json: marked as not working
2025-07-28 09:58:58,026 - INFO - ⏩ Skipping SOUVENIRS_MILITAIRES.json: marked as not working
2025-07-28 09:58:58,026 - INFO - ⏩ Skipping SOUVENIRS_MILITAIRES_SOLD.json: marked as not working
2025-07-28 09:58:58,027 - INFO - ⏩ Skipping TARNMILITARIA.json: marked as not working
2025-07-28 09:58:58,029 - INFO - ✅ Loaded 137 working site profiles from C:/Users/keena/Desktop/Milivault/site-json/
2025-07-28 09:59:16,178 - INFO - 🔄 START: Processing [FJM44] https://fjm44.com/product/kriegsmarine-scarf-3/
2025-07-28 09:59:16,178 - INFO - 🔄 START: Processing [FJM44] https://fjm44.com/product/kradschutzen/
2025-07-28 09:59:16,181 - DEBUG - Starting new HTTPS connection (1): fjm44.com:443
2025-07-28 09:59:16,181 - DEBUG - Starting new HTTPS connection (2): fjm44.com:443
2025-07-28 09:59:17,583 - DEBUG - https://fjm44.com:443 "GET /product/kriegsmarine-scarf-3/ HTTP/1.1" 404 None
2025-07-28 09:59:17,649 - DEBUG - https://fjm44.com:443 "GET /product/kradschutzen/ HTTP/1.1" 404 None
2025-07-28 09:59:17,816 - ERROR - HTML MGR: Error occurred while accessing https://fjm44.com/product/kriegsmarine-scarf-3/ (Attempt 1/3): 404 Client Error: Not Found for url: https://fjm44.com/product/kriegsmarine-scarf-3/
2025-07-28 09:59:17,892 - ERROR - HTML MGR: Error occurred while accessing https://fjm44.com/product/kradschutzen/ (Attempt 1/3): 404 Client Error: Not Found for url: https://fjm44.com/product/kradschutzen/
2025-07-28 09:59:19,105 - DEBUG - https://fjm44.com:443 "GET /product/kriegsmarine-scarf-3/ HTTP/1.1" 404 None
2025-07-28 09:59:19,107 - ERROR - HTML MGR: Error occurred while accessing https://fjm44.com/product/kriegsmarine-scarf-3/ (Attempt 2/3): 404 Client Error: Not Found for url: https://fjm44.com/product/kriegsmarine-scarf-3/
2025-07-28 09:59:19,172 - DEBUG - https://fjm44.com:443 "GET /product/kradschutzen/ HTTP/1.1" 404 None
2025-07-28 09:59:19,174 - ERROR - HTML MGR: Error occurred while accessing https://fjm44.com/product/kradschutzen/ (Attempt 2/3): 404 Client Error: Not Found for url: https://fjm44.com/product/kradschutzen/
2025-07-28 09:59:21,393 - DEBUG - https://fjm44.com:443 "GET /product/kriegsmarine-scarf-3/ HTTP/1.1" 404 None
2025-07-28 09:59:21,399 - ERROR - HTML MGR: Error occurred while accessing https://fjm44.com/product/kriegsmarine-scarf-3/ (Attempt 3/3): 404 Client Error: Not Found for url: https://fjm44.com/product/kriegsmarine-scarf-3/
2025-07-28 09:59:21,464 - DEBUG - https://fjm44.com:443 "GET /product/kradschutzen/ HTTP/1.1" 404 None
2025-07-28 09:59:21,467 - ERROR - HTML MGR: Error occurred while accessing https://fjm44.com/product/kradschutzen/ (Attempt 3/3): 404 Client Error: Not Found for url: https://fjm44.com/product/kradschutzen/
2025-07-28 09:59:25,401 - ERROR - HTML MGR: Failed to fetch https://fjm44.com/product/kriegsmarine-scarf-3/ after 3 attempts.
2025-07-28 09:59:25,478 - ERROR - HTML MGR: Failed to fetch https://fjm44.com/product/kradschutzen/ after 3 attempts.
2025-07-28 09:59:25,685 - DEBUG - https://fjm44.com:443 "GET /product/kriegsmarine-scarf-3/ HTTP/1.1" 404 None
2025-07-28 09:59:25,690 - ERROR - HTML MGR: Error occurred while accessing https://fjm44.com/product/kriegsmarine-scarf-3/ (Attempt 1/3): 404 Client Error: Not Found for url: https://fjm44.com/product/kriegsmarine-scarf-3/
2025-07-28 09:59:25,749 - DEBUG - https://fjm44.com:443 "GET /product/kradschutzen/ HTTP/1.1" 404 None
2025-07-28 09:59:25,752 - ERROR - HTML MGR: Error occurred while accessing https://fjm44.com/product/kradschutzen/ (Attempt 1/3): 404 Client Error: Not Found for url: https://fjm44.com/product/kradschutzen/
2025-07-28 09:59:26,969 - DEBUG - https://fjm44.com:443 "GET /product/kriegsmarine-scarf-3/ HTTP/1.1" 404 None
2025-07-28 09:59:26,972 - ERROR - HTML MGR: Error occurred while accessing https://fjm44.com/product/kriegsmarine-scarf-3/ (Attempt 2/3): 404 Client Error: Not Found for url: https://fjm44.com/product/kriegsmarine-scarf-3/
2025-07-28 09:59:27,048 - DEBUG - https://fjm44.com:443 "GET /product/kradschutzen/ HTTP/1.1" 404 None
2025-07-28 09:59:27,049 - ERROR - HTML MGR: Error occurred while accessing https://fjm44.com/product/kradschutzen/ (Attempt 2/3): 404 Client Error: Not Found for url: https://fjm44.com/product/kradschutzen/
2025-07-28 09:59:29,267 - DEBUG - https://fjm44.com:443 "GET /product/kriegsmarine-scarf-3/ HTTP/1.1" 404 None
2025-07-28 09:59:29,269 - ERROR - HTML MGR: Error occurred while accessing https://fjm44.com/product/kriegsmarine-scarf-3/ (Attempt 3/3): 404 Client Error: Not Found for url: https://fjm44.com/product/kriegsmarine-scarf-3/
2025-07-28 09:59:29,330 - DEBUG - https://fjm44.com:443 "GET /product/kradschutzen/ HTTP/1.1" 404 None
2025-07-28 09:59:29,333 - ERROR - HTML MGR: Error occurred while accessing https://fjm44.com/product/kradschutzen/ (Attempt 3/3): 404 Client Error: Not Found for url: https://fjm44.com/product/kradschutzen/
2025-07-28 09:59:33,273 - ERROR - HTML MGR: Failed to fetch https://fjm44.com/product/kriegsmarine-scarf-3/ after 3 attempts.
2025-07-28 09:59:33,336 - ERROR - HTML MGR: Failed to fetch https://fjm44.com/product/kradschutzen/ after 3 attempts.
2025-07-28 09:59:33,545 - DEBUG - https://fjm44.com:443 "GET /product/kriegsmarine-scarf-3/ HTTP/1.1" 404 None
2025-07-28 09:59:33,548 - ERROR - HTML MGR: Error occurred while accessing https://fjm44.com/product/kriegsmarine-scarf-3/ (Attempt 1/3): 404 Client Error: Not Found for url: https://fjm44.com/product/kriegsmarine-scarf-3/
2025-07-28 09:59:33,625 - DEBUG - https://fjm44.com:443 "GET /product/kradschutzen/ HTTP/1.1" 404 None
2025-07-28 09:59:33,627 - ERROR - HTML MGR: Error occurred while accessing https://fjm44.com/product/kradschutzen/ (Attempt 1/3): 404 Client Error: Not Found for url: https://fjm44.com/product/kradschutzen/
2025-07-28 09:59:34,845 - DEBUG - https://fjm44.com:443 "GET /product/kriegsmarine-scarf-3/ HTTP/1.1" 404 None
2025-07-28 09:59:34,849 - ERROR - HTML MGR: Error occurred while accessing https://fjm44.com/product/kriegsmarine-scarf-3/ (Attempt 2/3): 404 Client Error: Not Found for url: https://fjm44.com/product/kriegsmarine-scarf-3/
2025-07-28 09:59:34,911 - DEBUG - https://fjm44.com:443 "GET /product/kradschutzen/ HTTP/1.1" 404 None
2025-07-28 09:59:34,914 - ERROR - HTML MGR: Error occurred while accessing https://fjm44.com/product/kradschutzen/ (Attempt 2/3): 404 Client Error: Not Found for url: https://fjm44.com/product/kradschutzen/
2025-07-28 09:59:37,135 - DEBUG - https://fjm44.com:443 "GET /product/kriegsmarine-scarf-3/ HTTP/1.1" 404 None
2025-07-28 09:59:37,137 - ERROR - HTML MGR: Error occurred while accessing https://fjm44.com/product/kriegsmarine-scarf-3/ (Attempt 3/3): 404 Client Error: Not Found for url: https://fjm44.com/product/kriegsmarine-scarf-3/
2025-07-28 09:59:37,202 - DEBUG - https://fjm44.com:443 "GET /product/kradschutzen/ HTTP/1.1" 404 None
2025-07-28 09:59:37,204 - ERROR - HTML MGR: Error occurred while accessing https://fjm44.com/product/kradschutzen/ (Attempt 3/3): 404 Client Error: Not Found for url: https://fjm44.com/product/kradschutzen/
2025-07-28 09:59:41,146 - ERROR - HTML MGR: Failed to fetch https://fjm44.com/product/kriegsmarine-scarf-3/ after 3 attempts.
2025-07-28 09:59:41,146 - ERROR - ❌ FAIL: Could not load HTML after retries → https://fjm44.com/product/kriegsmarine-scarf-3/
2025-07-28 09:59:41,146 - WARNING - Graceful shutdown requested. Finishing current batch... (Press Ctrl+C again to force quit)
2025-07-28 09:59:41,208 - ERROR - HTML MGR: Failed to fetch https://fjm44.com/product/kradschutzen/ after 3 attempts.
2025-07-28 09:59:41,208 - ERROR - ❌ FAIL: Could not load HTML after retries → https://fjm44.com/product/kradschutzen/
2025-07-28 09:59:42,020 - INFO - 🔄 START: Processing [FJM44] https://fjm44.com/product/kriegsmarine-scarf-3/
2025-07-28 09:59:42,021 - INFO - 🔄 START: Processing [FJM44] https://fjm44.com/product/kradschutzen/
2025-07-28 09:59:42,292 - DEBUG - https://fjm44.com:443 "GET /product/kradschutzen/ HTTP/1.1" 404 None
2025-07-28 09:59:42,294 - ERROR - HTML MGR: Error occurred while accessing https://fjm44.com/product/kradschutzen/ (Attempt 1/3): 404 Client Error: Not Found for url: https://fjm44.com/product/kradschutzen/
2025-07-28 09:59:42,304 - DEBUG - https://fjm44.com:443 "GET /product/kriegsmarine-scarf-3/ HTTP/1.1" 404 None
2025-07-28 09:59:42,307 - ERROR - HTML MGR: Error occurred while accessing https://fjm44.com/product/kriegsmarine-scarf-3/ (Attempt 1/3): 404 Client Error: Not Found for url: https://fjm44.com/product/kriegsmarine-scarf-3/
2025-07-28 09:59:43,586 - DEBUG - https://fjm44.com:443 "GET /product/kradschutzen/ HTTP/1.1" 404 None
2025-07-28 09:59:43,588 - ERROR - HTML MGR: Error occurred while accessing https://fjm44.com/product/kradschutzen/ (Attempt 2/3): 404 Client Error: Not Found for url: https://fjm44.com/product/kradschutzen/
2025-07-28 09:59:43,588 - DEBUG - https://fjm44.com:443 "GET /product/kriegsmarine-scarf-3/ HTTP/1.1" 404 None
2025-07-28 09:59:43,590 - ERROR - HTML MGR: Error occurred while accessing https://fjm44.com/product/kriegsmarine-scarf-3/ (Attempt 2/3): 404 Client Error: Not Found for url: https://fjm44.com/product/kriegsmarine-scarf-3/
2025-07-28 09:59:45,874 - DEBUG - https://fjm44.com:443 "GET /product/kradschutzen/ HTTP/1.1" 404 None
2025-07-28 09:59:45,876 - ERROR - HTML MGR: Error occurred while accessing https://fjm44.com/product/kradschutzen/ (Attempt 3/3): 404 Client Error: Not Found for url: https://fjm44.com/product/kradschutzen/
2025-07-28 09:59:45,888 - DEBUG - https://fjm44.com:443 "GET /product/kriegsmarine-scarf-3/ HTTP/1.1" 404 None
2025-07-28 09:59:45,890 - ERROR - HTML MGR: Error occurred while accessing https://fjm44.com/product/kriegsmarine-scarf-3/ (Attempt 3/3): 404 Client Error: Not Found for url: https://fjm44.com/product/kriegsmarine-scarf-3/
