2025-03-28 22:50:31,246 - DEBUG - Logging initialized. Log file: milivault_logs\2025-03-28_22-50-31.log
2025-03-28 22:50:32,809 - INFO - SETTINGS MANAGER: Changed directory to C:/Users/keena/Desktop/Milivault/scraper
2025-03-28 22:50:38,105 - INFO - Connection pool initialized successfully.
2025-03-28 22:50:38,112 - DEBUG - Changing event name from creating-client-class.iot-data to creating-client-class.iot-data-plane
2025-03-28 22:50:38,114 - DEBUG - Changing event name from before-call.apigateway to before-call.api-gateway
2025-03-28 22:50:38,115 - DEBUG - Changing event name from request-created.machinelearning.Predict to request-created.machine-learning.Predict
2025-03-28 22:50:38,116 - DEBUG - Changing event name from before-parameter-build.autoscaling.CreateLaunchConfiguration to before-parameter-build.auto-scaling.CreateLaunchConfiguration
2025-03-28 22:50:38,117 - DEBUG - Changing event name from before-parameter-build.route53 to before-parameter-build.route-53
2025-03-28 22:50:38,117 - DEBUG - Changing event name from request-created.cloudsearchdomain.Search to request-created.cloudsearch-domain.Search
2025-03-28 22:50:38,118 - DEBUG - Changing event name from docs.*.autoscaling.CreateLaunchConfiguration.complete-section to docs.*.auto-scaling.CreateLaunchConfiguration.complete-section
2025-03-28 22:50:38,120 - DEBUG - Changing event name from before-parameter-build.logs.CreateExportTask to before-parameter-build.cloudwatch-logs.CreateExportTask
2025-03-28 22:50:38,120 - DEBUG - Changing event name from docs.*.logs.CreateExportTask.complete-section to docs.*.cloudwatch-logs.CreateExportTask.complete-section
2025-03-28 22:50:38,120 - DEBUG - Changing event name from before-parameter-build.cloudsearchdomain.Search to before-parameter-build.cloudsearch-domain.Search
2025-03-28 22:50:38,120 - DEBUG - Changing event name from docs.*.cloudsearchdomain.Search.complete-section to docs.*.cloudsearch-domain.Search.complete-section
2025-03-28 22:50:38,176 - DEBUG - Loading JSON file: C:\Users\keena\AppData\Local\Programs\Python\Python312\Lib\site-packages\botocore\data\endpoints.json
2025-03-28 22:50:38,197 - DEBUG - Loading JSON file: C:\Users\keena\AppData\Local\Programs\Python\Python312\Lib\site-packages\botocore\data\sdk-default-configuration.json
2025-03-28 22:50:38,197 - DEBUG - Event choose-service-name: calling handler <function handle_service_name_alias at 0x0000021663189BC0>
2025-03-28 22:50:38,369 - DEBUG - Loading JSON file: C:\Users\keena\AppData\Local\Programs\Python\Python312\Lib\site-packages\botocore\data\s3\2006-03-01\service-2.json.gz
2025-03-28 22:50:38,381 - DEBUG - Loading JSON file: C:\Users\keena\AppData\Local\Programs\Python\Python312\Lib\site-packages\botocore\data\s3\2006-03-01\service-2.sdk-extras.json
2025-03-28 22:50:38,442 - DEBUG - Loading JSON file: C:\Users\keena\AppData\Local\Programs\Python\Python312\Lib\site-packages\botocore\data\s3\2006-03-01\endpoint-rule-set-1.json.gz
2025-03-28 22:50:38,452 - DEBUG - Loading JSON file: C:\Users\keena\AppData\Local\Programs\Python\Python312\Lib\site-packages\botocore\data\partitions.json
2025-03-28 22:50:38,454 - DEBUG - Event creating-client-class.s3: calling handler <function add_generate_presigned_post at 0x00000216630DA980>
2025-03-28 22:50:38,454 - DEBUG - Event creating-client-class.s3: calling handler <function lazy_call.<locals>._handler at 0x0000021663E8EC00>
2025-03-28 22:50:38,501 - DEBUG - Event creating-client-class.s3: calling handler <function add_generate_presigned_url at 0x00000216630DA700>
2025-03-28 22:50:38,502 - DEBUG - Looking for endpoint for s3 via: environment_service
2025-03-28 22:50:38,502 - DEBUG - Looking for endpoint for s3 via: environment_global
2025-03-28 22:50:38,502 - DEBUG - Looking for endpoint for s3 via: config_service
2025-03-28 22:50:38,502 - DEBUG - Looking for endpoint for s3 via: config_global
2025-03-28 22:50:38,502 - DEBUG - No configured endpoint found.
2025-03-28 22:50:38,503 - DEBUG - Setting s3 timeout as (60, 60)
2025-03-28 22:50:38,529 - DEBUG - Loading JSON file: C:\Users\keena\AppData\Local\Programs\Python\Python312\Lib\site-packages\botocore\data\_retry.json
2025-03-28 22:50:38,530 - DEBUG - Registering retry handlers for service: s3
2025-03-28 22:50:38,530 - DEBUG - Registering S3 region redirector handler
2025-03-28 22:50:38,531 - DEBUG - Registering S3Express Identity Resolver
2025-03-28 22:50:38,531 - INFO - S3Manager initialized for bucket militaria-images
2025-03-28 22:50:43,692 - INFO - Running JSON Tester.
2025-03-28 22:50:43,694 - DEBUG - Logging initialized. Log file: milivault_logs\2025-03-28_22-50-43.log
2025-03-28 22:50:43,695 - DEBUG - JSON TESTER: Loaded profile for WARS_END_SHOP
2025-03-28 22:50:43,695 - INFO - 🔍 Testing JSON Profile: WARS_END_SHOP
2025-03-28 22:50:43,695 - INFO - 📄 Products Page URL: https://www.warsendshop.com/collections/all-axis-items
2025-03-28 22:50:43,695 - INFO - 📄 Product Details URL: https://www.warsendshop.com/collections/all-axis-items/products/siemens-desk-hand-lamp-arbeitsdienst
2025-03-28 22:50:43,697 - DEBUG - Starting new HTTPS connection (1): www.warsendshop.com:443
2025-03-28 22:50:44,341 - DEBUG - https://www.warsendshop.com:443 "GET /collections/all-axis-items HTTP/1.1" 200 None
2025-03-28 22:50:44,345 - INFO - Successfully fetched HTML from: https://www.warsendshop.com/collections/all-axis-items
2025-03-28 22:50:44,365 - INFO - 🧱 Tiles Found: 92 using selector: li
2025-03-28 22:50:44,368 - INFO - 
                ===== TILE EXTRACTED =====
                URL         : /collections/all-axis-items/products/siemens-desk-hand-lamp-arbeitsdienst
                Title       : <a class="coll-prod-title" href="/collections/all-axis-items/products/siemens-desk-hand-lamp-arbeitsdienst">
        Siemens Desk Hand Lamp Arbeitsdienst
      </a>
                Price       : <span class="money">$235.00 USD</span>
                Availability: True
                ==========================
                
2025-03-28 22:50:44,369 - INFO - 
                ===== TILE EXTRACTED =====
                URL         : /collections/all-axis-items/products/vm44-gas-mask-size-2
                Title       : <a class="coll-prod-title" href="/collections/all-axis-items/products/vm44-gas-mask-size-2">
        VM44 Gas Mask Size 2
      </a>
                Price       : <span class="money">$89.00 USD</span>
                Availability: True
                ==========================
                
2025-03-28 22:50:44,369 - INFO - 
                ===== TILE EXTRACTED =====
                URL         : /collections/all-axis-items/products/borg-orient-cigarette-tin
                Title       : <a class="coll-prod-title" href="/collections/all-axis-items/products/borg-orient-cigarette-tin">
        Borg Orient Cigarette Tin
      </a>
                Price       : <span class="money">$39.00 USD</span>
                Availability: True
                ==========================
                
2025-03-28 22:50:44,370 - INFO - 
                ===== TILE EXTRACTED =====
                URL         : /collections/all-axis-items/products/moguntia-feinwurst-gewurze-seasoning-tin
                Title       : <a class="coll-prod-title" href="/collections/all-axis-items/products/moguntia-feinwurst-gewurze-seasoning-tin">
        Moguntia Feinwurst Gewürze Seasoning Tin
      </a>
                Price       : <span class="money">$37.50 USD</span>
                Availability: True
                ==========================
                
2025-03-28 22:50:44,371 - INFO - 
                ===== TILE EXTRACTED =====
                URL         : /collections/all-axis-items/products/original-german-engineer-pocket-knife
                Title       : <a class="coll-prod-title" href="/collections/all-axis-items/products/original-german-engineer-pocket-knife">
        Original German Engineers Pocket Knife
      </a>
                Price       : <span class="money">$35.00 USD</span>
                Availability: True
                ==========================
                
2025-03-28 22:50:44,371 - INFO - 
                ===== TILE EXTRACTED =====
                URL         : /collections/all-axis-items/products/german-black-wallet-with-coin-purse-nos
                Title       : <a class="coll-prod-title" href="/collections/all-axis-items/products/german-black-wallet-with-coin-purse-nos">
        German Black Wallet with Coin Purse NOS
      </a>
                Price       : <span class="money">$37.50 USD</span>
                Availability: True
                ==========================
                
2025-03-28 22:50:44,372 - INFO - 
                ===== TILE EXTRACTED =====
                URL         : /collections/all-axis-items/products/original-rosodont-tooth-soap-in-box
                Title       : <a class="coll-prod-title" href="/collections/all-axis-items/products/original-rosodont-tooth-soap-in-box">
        Original Rosodont Tooth Soap in Box
      </a>
                Price       : <span class="money">$29.00 USD</span>
                Availability: True
                ==========================
                
2025-03-28 22:50:44,372 - INFO - 
                ===== TILE EXTRACTED =====
                URL         : /collections/all-axis-items/products/karscho-drgm-darning-device
                Title       : <a class="coll-prod-title" href="/collections/all-axis-items/products/karscho-drgm-darning-device">
        Karscho D.R.G.M. Darning Device
      </a>
                Price       : <span class="money">$17.50 USD</span>
                Availability: True
                ==========================
                
2025-03-28 22:50:44,373 - INFO - 
                ===== TILE EXTRACTED =====
                URL         : /collections/all-axis-items/products/pertrix-no-595-flashlight
                Title       : <a class="coll-prod-title" href="/collections/all-axis-items/products/pertrix-no-595-flashlight">
        Pertrix 595 Flashlight
      </a>
                Price       : <span class="money">$25.00 USD</span>
                Availability: True
                ==========================
                
2025-03-28 22:50:44,373 - INFO - 
                ===== TILE EXTRACTED =====
                URL         : /collections/all-axis-items/products/zunderbuchse-flak-fuse-container-1938
                Title       : <a class="coll-prod-title" href="/collections/all-axis-items/products/zunderbuchse-flak-fuse-container-1938">
        Zünderbüchse Flak Fuse Container 1938
      </a>
                Price       : <span class="money">$19.00 USD</span>
                Availability: True
                ==========================
                
2025-03-28 22:50:44,374 - INFO - 
                ===== TILE EXTRACTED =====
                URL         : /collections/all-axis-items/products/pocket-watch-unmarked-working-but-weak
                Title       : <a class="coll-prod-title" href="/collections/all-axis-items/products/pocket-watch-unmarked-working-but-weak">
        Pocket Watch Unmarked Working but Weak
      </a>
                Price       : <span class="money">$45.00 USD</span>
                Availability: True
                ==========================
                
2025-03-28 22:50:44,375 - INFO - 
                ===== TILE EXTRACTED =====
                URL         : /collections/all-axis-items/products/kores-no2-ink-pad
                Title       : <a class="coll-prod-title" href="/collections/all-axis-items/products/kores-no2-ink-pad">
        Kores No2 Ink Pad
      </a>
                Price       : <span class="money">$12.00 USD</span>
                Availability: True
                ==========================
                
2025-03-28 22:50:44,375 - INFO - 
                ===== TILE EXTRACTED =====
                URL         : /collections/all-axis-items/products/1944-neuer-deutscher-jugendfreund
                Title       : <a class="coll-prod-title" href="/collections/all-axis-items/products/1944-neuer-deutscher-jugendfreund">
        1944 Neuer Deutscher Jugendfreund Book
      </a>
                Price       : <span class="money">$39.00 USD</span>
                Availability: True
                ==========================
                
2025-03-28 22:50:44,376 - INFO - 
                ===== TILE EXTRACTED =====
                URL         : /collections/all-axis-items/products/nur-die-ruhe-kann-es-bringen-horse-shoe-decoration
                Title       : <a class="coll-prod-title" href="/collections/all-axis-items/products/nur-die-ruhe-kann-es-bringen-horse-shoe-decoration">
        Nur die Ruhe kann es bringen! Horse Shoe Decoration
      </a>
                Price       : <span class="money">$20.00 USD</span>
                Availability: True
                ==========================
                
2025-03-28 22:50:44,376 - INFO - 
                ===== TILE EXTRACTED =====
                URL         : /collections/all-axis-items/products/paustians-funny-language-magazine-heft-9-march-1941
                Title       : <a class="coll-prod-title" href="/collections/all-axis-items/products/paustians-funny-language-magazine-heft-9-march-1941">
        Paustians Lustige Sprachzeitschrift Funny Language Magazine Heft 9 March 1941
      </a>
                Price       : <span class="money">$14.00 USD</span>
                Availability: True
                ==========================
                
2025-03-28 22:50:44,377 - INFO - 
                ===== TILE EXTRACTED =====
                URL         : /collections/all-axis-items/products/set-of-belt-d-rings-1943-wuppertal
                Title       : <a class="coll-prod-title" href="/collections/all-axis-items/products/set-of-belt-d-rings-1943-wuppertal">
        Set of Belt D-Rings 1943 Wuppertal
      </a>
                Price       : <span class="money">$39.00 USD</span>
                Availability: True
                ==========================
                
2025-03-28 22:50:44,378 - INFO - 
                ===== TILE EXTRACTED =====
                URL         : /collections/all-axis-items/products/lot-of-5-pictures-kriegsmarine-wedding-etc
                Title       : <a class="coll-prod-title" href="/collections/all-axis-items/products/lot-of-5-pictures-kriegsmarine-wedding-etc">
        Lot of 5 Soldiers Pictures Kriegsmarine Wedding Etc...
      </a>
                Price       : <span class="money">$10.00 USD</span>
                Availability: True
                ==========================
                
2025-03-28 22:50:44,378 - INFO - 
                ===== TILE EXTRACTED =====
                URL         : /collections/all-axis-items/products/kraftfahrzeug-handwerk-heft-26-29-june-1940-krafthand
                Title       : <a class="coll-prod-title" href="/collections/all-axis-items/products/kraftfahrzeug-handwerk-heft-26-29-june-1940-krafthand">
        Kraftfahrzeug Handwerk Heft 26 29 June 1940 Krafthand
      </a>
                Price       : <span class="money">$19.00 USD</span>
                Availability: True
                ==========================
                
2025-03-28 22:50:44,379 - INFO - 
                ===== TILE EXTRACTED =====
                URL         : /collections/all-axis-items/products/scho-ka-kola-tin-pw
                Title       : <a class="coll-prod-title" href="/collections/all-axis-items/products/scho-ka-kola-tin-pw">
        Scho-ka-kola Tin PW
      </a>
                Price       : <span class="money">$29.00 USD</span>
                Availability: True
                ==========================
                
2025-03-28 22:50:44,379 - INFO - 
                ===== TILE EXTRACTED =====
                URL         : /collections/all-axis-items/products/andenken-lille-1914-16-tiny-wood-shoes
                Title       : <a class="coll-prod-title" href="/collections/all-axis-items/products/andenken-lille-1914-16-tiny-wood-shoes">
        WWI Andenken Lille 1914-16 Tiny Wood Shoes Trench Art
      </a>
                Price       : <span class="money">$39.00 USD</span>
                Availability: True
                ==========================
                
2025-03-28 22:50:44,380 - INFO - 
                ===== TILE EXTRACTED =====
                URL         : /collections/all-axis-items/products/wilmking-luchs-german-mouse-traps
                Title       : <a class="coll-prod-title" href="/collections/all-axis-items/products/wilmking-luchs-german-mouse-traps">
        Wilmking Luchs German Mouse Traps
      </a>
                Price       : <span class="money">$8.50 USD</span>
                Availability: True
                ==========================
                
2025-03-28 22:50:44,381 - INFO - 
                ===== TILE EXTRACTED =====
                URL         : /collections/all-axis-items/products/small-german-lock-with-bent-key
                Title       : <a class="coll-prod-title" href="/collections/all-axis-items/products/small-german-lock-with-bent-key">
        Small German Lock with Key
      </a>
                Price       : <span class="money">$20.00 USD</span>
                Availability: True
                ==========================
                
2025-03-28 22:50:44,381 - INFO - 
                ===== TILE EXTRACTED =====
                URL         : /collections/all-axis-items/products/1906-german-song-postcard
                Title       : <a class="coll-prod-title" href="/collections/all-axis-items/products/1906-german-song-postcard">
        1906 German Song Postcard
      </a>
                Price       : <span class="money">$3.00 USD</span>
                Availability: True
                ==========================
                
2025-03-28 22:50:44,382 - INFO - 
                ===== TILE EXTRACTED =====
                URL         : /collections/all-axis-items/products/shop-package-handle-nurnberg
                Title       : <a class="coll-prod-title" href="/collections/all-axis-items/products/shop-package-handle-nurnberg">
        Shop Package Handle Nürnberg
      </a>
                Price       : <span class="money">$2.50 USD</span>
                Availability: True
                ==========================
                
2025-03-28 22:50:44,382 - INFO - 
                ===== TILE EXTRACTED =====
                URL         : /collections/all-axis-items/products/1914-50-mark-darlehenskassenschein-reichschuldenwervaltung
                Title       : <a class="coll-prod-title" href="/collections/all-axis-items/products/1914-50-mark-darlehenskassenschein-reichschuldenwervaltung">
        1914 50 Mark Darlehenskassenschein Reichschuldenwervaltung
      </a>
                Price       : <span class="money">$6.00 USD</span>
                Availability: True
                ==========================
                
2025-03-28 22:50:44,383 - INFO - 
                ===== TILE EXTRACTED =====
                URL         : /collections/all-axis-items/products/original-wehrmacht-rifle-bore-cleaning-wicks
                Title       : <a class="coll-prod-title" href="/collections/all-axis-items/products/original-wehrmacht-rifle-bore-cleaning-wicks">
        Original Wehrmacht Rifle Bore Cleaning Wicks
      </a>
                Price       : <span class="money">$6.50 USD</span>
                Availability: True
                ==========================
                
2025-03-28 22:50:44,384 - INFO - 
                ===== TILE EXTRACTED =====
                URL         : /collections/all-axis-items/products/february-1941-signal-magazine-in-french-no-3
                Title       : <a class="coll-prod-title" href="/collections/all-axis-items/products/february-1941-signal-magazine-in-french-no-3">
        February 1941 Signal Magazine in French No. 3
      </a>
                Price       : <span class="money">$20.00 USD</span>
                Availability: True
                ==========================
                
2025-03-28 22:50:44,385 - INFO - 
                ===== TILE EXTRACTED =====
                URL         : /collections/all-axis-items/products/rubberized-gas-cape-pouch
                Title       : <a class="coll-prod-title" href="/collections/all-axis-items/products/rubberized-gas-cape-pouch">
        Rubberized Gas Cape Pouch
      </a>
                Price       : <span class="money">$55.00 USD</span>
                Availability: True
                ==========================
                
2025-03-28 22:50:44,385 - INFO - 
                ===== TILE EXTRACTED =====
                URL         : /collections/all-axis-items/products/original-german-oilcloth-identification-and-weapon-permit
                Title       : <a class="coll-prod-title" href="/collections/all-axis-items/products/original-german-oilcloth-identification-and-weapon-permit">
        Original German Oilcloth Identification and Weapon Permit
      </a>
                Price       : <span class="money">$279.00 USD</span>
                Availability: True
                ==========================
                
2025-03-28 22:50:44,386 - INFO - 
                ===== TILE EXTRACTED =====
                URL         : /collections/all-axis-items/products/blut-und-boden-odal-october-1939
                Title       : <a class="coll-prod-title" href="/collections/all-axis-items/products/blut-und-boden-odal-october-1939">
        Blut und Boden Odal October 1939
      </a>
                Price       : <span class="money">$19.00 USD</span>
                Availability: True
                ==========================
                
2025-03-28 22:50:44,387 - INFO - 
                ===== TILE EXTRACTED =====
                URL         : /collections/all-axis-items/products/oval-waldorf-astoria-cigarette-tin
                Title       : <a class="coll-prod-title" href="/collections/all-axis-items/products/oval-waldorf-astoria-cigarette-tin">
        Oval Waldorf Astoria Cigarette Tin
      </a>
                Price       : <span class="money">$15.00 USD</span>
                Availability: True
                ==========================
                
2025-03-28 22:50:44,388 - INFO - 
                ===== TILE EXTRACTED =====
                URL         : /collections/all-axis-items/products/huge-advertising-pencil-with-cap
                Title       : <a class="coll-prod-title" href="/collections/all-axis-items/products/huge-advertising-pencil-with-cap">
        Huge Advertising Pencil with Cap
      </a>
                Price       : <span class="money">$7.50 USD</span>
                Availability: True
                ==========================
                
2025-03-28 22:50:44,695 - DEBUG - https://www.warsendshop.com:443 "GET /collections/all-axis-items/products/siemens-desk-hand-lamp-arbeitsdienst HTTP/1.1" 200 None
2025-03-28 22:50:44,699 - INFO - Successfully fetched HTML from: https://www.warsendshop.com/collections/all-axis-items/products/siemens-desk-hand-lamp-arbeitsdienst
2025-03-28 22:50:44,711 - INFO - 
        ====== PRODUCT DETAILS EXTRACTED ======
        URL              : https://www.warsendshop.com/collections/all-axis-items/products/siemens-desk-hand-lamp-arbeitsdienst
        Title            : None
        Description      : None
        Price            : None
        Availability     : None
        ID               : None
        Item Type        : None
        Image URLs       : None...
        =======================================
        
2025-03-28 22:51:11,263 - INFO - Processing site: WARS_END_SHOP
2025-03-28 22:51:11,263 - DEBUG - SITE PROCESSOR: Source: WARS_END_SHOP site_profile loaded.
2025-03-28 22:51:11,264 - DEBUG - SITE PROCESSOR: Debug: base_url: https://www.warsendshop.com/
2025-03-28 22:51:11,264 - DEBUG - SITE PROCESSOR: products_list_page loaded
2025-03-28 22:51:11,264 - INFO - SITE PROCESSOR: Current product page: https://www.warsendshop.com/collections/original-items?page=0
2025-03-28 22:51:11,264 - INFO - SITE PROCESSOR: Current page: 0
2025-03-28 22:51:11,552 - DEBUG - https://www.warsendshop.com:443 "GET /collections/original-items?page=0 HTTP/1.1" 200 None
2025-03-28 22:51:11,572 - DEBUG - SITE PROCESSOR: products_list_page_soup loaded.
2025-03-28 22:51:11,573 - DEBUG - TILE PROCESSOR: Raw extracted URL: /collections/original-items/products/original-skat-nr-88-cards-1932-ass
2025-03-28 22:51:11,573 - DEBUG - TILE PROCESSOR: Post-processed URL: /collections/original-items/products/original-skat-nr-88-cards-1932-ass
2025-03-28 22:51:11,574 - DEBUG - TILE PROCESSOR: Raw extracted URL: /collections/original-items/products/original-skat-nr-88-cards-1932-ass
2025-03-28 22:51:11,574 - DEBUG - TILE PROCESSOR: Post-processed URL: /collections/original-items/products/original-skat-nr-88-cards-1932-ass
2025-03-28 22:51:11,575 - DEBUG - TILE PROCESSOR: Raw extracted URL: /collections/original-items/products/original-skat-nr-88-cards-1932-ass
2025-03-28 22:51:11,575 - DEBUG - TILE PROCESSOR: Post-processed URL: /collections/original-items/products/original-skat-nr-88-cards-1932-ass
2025-03-28 22:51:11,578 - DEBUG - TILE PROCESSOR: Raw extracted URL: /collections/original-items/products/original-skat-nr-88-cards-1932-ass
2025-03-28 22:51:11,578 - DEBUG - TILE PROCESSOR: Post-processed URL: /collections/original-items/products/original-skat-nr-88-cards-1932-ass
2025-03-28 22:51:11,578 - DEBUG - TILE PROCESSOR: Raw extracted URL: /collections/original-items/products/original-skat-nr-88-cards-1932-ass
2025-03-28 22:51:11,578 - DEBUG - TILE PROCESSOR: Post-processed URL: /collections/original-items/products/original-skat-nr-88-cards-1932-ass
2025-03-28 22:51:11,579 - DEBUG - TILE PROCESSOR: Raw extracted URL: /collections/original-items/products/original-skat-nr-88-cards-1932-ass
2025-03-28 22:51:11,579 - DEBUG - TILE PROCESSOR: Post-processed URL: /collections/original-items/products/original-skat-nr-88-cards-1932-ass
2025-03-28 22:51:11,579 - DEBUG - TILE PROCESSOR: Raw extracted URL: /collections/original-items/products/original-skat-nr-88-cards-1932-ass
2025-03-28 22:51:11,579 - DEBUG - TILE PROCESSOR: Post-processed URL: /collections/original-items/products/original-skat-nr-88-cards-1932-ass
2025-03-28 22:51:11,579 - DEBUG - TILE PROCESSOR: Raw extracted URL: /collections/original-items/products/original-skat-nr-88-cards-1932-ass
2025-03-28 22:51:11,579 - DEBUG - TILE PROCESSOR: Post-processed URL: /collections/original-items/products/original-skat-nr-88-cards-1932-ass
2025-03-28 22:51:11,580 - DEBUG - TILE PROCESSOR: Raw extracted URL: /collections/original-items/products/sonnal-extra-razor-blades
2025-03-28 22:51:11,580 - DEBUG - TILE PROCESSOR: Post-processed URL: /collections/original-items/products/sonnal-extra-razor-blades
2025-03-28 22:51:11,580 - DEBUG - TILE PROCESSOR: Raw extracted URL: /collections/original-items/products/sonnal-extra-razor-blades
2025-03-28 22:51:11,580 - DEBUG - TILE PROCESSOR: Post-processed URL: /collections/original-items/products/sonnal-extra-razor-blades
2025-03-28 22:51:11,580 - DEBUG - TILE PROCESSOR: Raw extracted URL: /collections/original-items/products/sonnal-extra-razor-blades
2025-03-28 22:51:11,580 - DEBUG - TILE PROCESSOR: Post-processed URL: /collections/original-items/products/sonnal-extra-razor-blades
2025-03-28 22:51:11,580 - DEBUG - TILE PROCESSOR: Raw extracted URL: /collections/original-items/products/m24-stick-grenade-head-2-part-plastic
2025-03-28 22:51:11,581 - DEBUG - TILE PROCESSOR: Post-processed URL: /collections/original-items/products/m24-stick-grenade-head-2-part-plastic
2025-03-28 22:51:11,581 - DEBUG - TILE PROCESSOR: Raw extracted URL: /collections/original-items/products/m24-stick-grenade-head-2-part-plastic
2025-03-28 22:51:11,581 - DEBUG - TILE PROCESSOR: Post-processed URL: /collections/original-items/products/m24-stick-grenade-head-2-part-plastic
2025-03-28 22:51:11,581 - DEBUG - TILE PROCESSOR: Raw extracted URL: /collections/original-items/products/m24-stick-grenade-head-2-part-plastic
2025-03-28 22:51:11,581 - DEBUG - TILE PROCESSOR: Post-processed URL: /collections/original-items/products/m24-stick-grenade-head-2-part-plastic
2025-03-28 22:51:11,581 - DEBUG - TILE PROCESSOR: Raw extracted URL: /collections/original-items/products/deli-vitamin-bonbons-packaging
2025-03-28 22:51:11,581 - DEBUG - TILE PROCESSOR: Post-processed URL: /collections/original-items/products/deli-vitamin-bonbons-packaging
2025-03-28 22:51:11,582 - DEBUG - TILE PROCESSOR: Raw extracted URL: /collections/original-items/products/deli-vitamin-bonbons-packaging
2025-03-28 22:51:11,582 - DEBUG - TILE PROCESSOR: Post-processed URL: /collections/original-items/products/deli-vitamin-bonbons-packaging
2025-03-28 22:51:11,582 - DEBUG - TILE PROCESSOR: Raw extracted URL: /collections/original-items/products/deli-vitamin-bonbons-packaging
2025-03-28 22:51:11,582 - DEBUG - TILE PROCESSOR: Post-processed URL: /collections/original-items/products/deli-vitamin-bonbons-packaging
2025-03-28 22:51:11,582 - DEBUG - TILE PROCESSOR: Raw extracted URL: /collections/original-items/products/original-tinted-dust-goggles
2025-03-28 22:51:11,582 - DEBUG - TILE PROCESSOR: Post-processed URL: /collections/original-items/products/original-tinted-dust-goggles
2025-03-28 22:51:11,582 - DEBUG - TILE PROCESSOR: Raw extracted URL: /collections/original-items/products/original-tinted-dust-goggles
2025-03-28 22:51:11,582 - DEBUG - TILE PROCESSOR: Post-processed URL: /collections/original-items/products/original-tinted-dust-goggles
2025-03-28 22:51:11,583 - DEBUG - TILE PROCESSOR: Raw extracted URL: /collections/original-items/products/original-tinted-dust-goggles
2025-03-28 22:51:11,583 - DEBUG - TILE PROCESSOR: Post-processed URL: /collections/original-items/products/original-tinted-dust-goggles
2025-03-28 22:51:11,583 - DEBUG - TILE PROCESSOR: Raw extracted URL: /collections/original-items/products/original-army-trouser-buttons
2025-03-28 22:51:11,583 - DEBUG - TILE PROCESSOR: Post-processed URL: /collections/original-items/products/original-army-trouser-buttons
2025-03-28 22:51:11,583 - DEBUG - TILE PROCESSOR: Raw extracted URL: /collections/original-items/products/original-army-trouser-buttons
2025-03-28 22:51:11,583 - DEBUG - TILE PROCESSOR: Post-processed URL: /collections/original-items/products/original-army-trouser-buttons
2025-03-28 22:51:11,583 - DEBUG - TILE PROCESSOR: Raw extracted URL: /collections/original-items/products/original-army-trouser-buttons
2025-03-28 22:51:11,583 - DEBUG - TILE PROCESSOR: Post-processed URL: /collections/original-items/products/original-army-trouser-buttons
2025-03-28 22:51:11,584 - DEBUG - TILE PROCESSOR: Raw extracted URL: /collections/original-items/products/original-gas-mask-can-strap-stud
2025-03-28 22:51:11,584 - DEBUG - TILE PROCESSOR: Post-processed URL: /collections/original-items/products/original-gas-mask-can-strap-stud
2025-03-28 22:51:11,584 - DEBUG - TILE PROCESSOR: Raw extracted URL: /collections/original-items/products/original-gas-mask-can-strap-stud
2025-03-28 22:51:11,584 - DEBUG - TILE PROCESSOR: Post-processed URL: /collections/original-items/products/original-gas-mask-can-strap-stud
2025-03-28 22:51:11,584 - DEBUG - TILE PROCESSOR: Raw extracted URL: /collections/original-items/products/original-gas-mask-can-strap-stud
2025-03-28 22:51:11,584 - DEBUG - TILE PROCESSOR: Post-processed URL: /collections/original-items/products/original-gas-mask-can-strap-stud
2025-03-28 22:51:11,584 - DEBUG - TILE PROCESSOR: Raw extracted URL: /collections/original-items/products/original-clear-dust-goggles
2025-03-28 22:51:11,585 - DEBUG - TILE PROCESSOR: Post-processed URL: /collections/original-items/products/original-clear-dust-goggles
2025-03-28 22:51:11,585 - DEBUG - TILE PROCESSOR: Raw extracted URL: /collections/original-items/products/original-clear-dust-goggles
2025-03-28 22:51:11,585 - DEBUG - TILE PROCESSOR: Post-processed URL: /collections/original-items/products/original-clear-dust-goggles
2025-03-28 22:51:11,585 - DEBUG - TILE PROCESSOR: Raw extracted URL: /collections/original-items/products/original-clear-dust-goggles
2025-03-28 22:51:11,585 - DEBUG - TILE PROCESSOR: Post-processed URL: /collections/original-items/products/original-clear-dust-goggles
2025-03-28 22:51:11,585 - DEBUG - TILE PROCESSOR: Raw extracted URL: /collections/original-items/products/original-feldgrau-shirt-buttons-dished-metal-14mm-4-hole
2025-03-28 22:51:11,585 - DEBUG - TILE PROCESSOR: Post-processed URL: /collections/original-items/products/original-feldgrau-shirt-buttons-dished-metal-14mm-4-hole
2025-03-28 22:51:11,586 - DEBUG - TILE PROCESSOR: Raw extracted URL: /collections/original-items/products/original-feldgrau-shirt-buttons-dished-metal-14mm-4-hole
2025-03-28 22:51:11,586 - DEBUG - TILE PROCESSOR: Post-processed URL: /collections/original-items/products/original-feldgrau-shirt-buttons-dished-metal-14mm-4-hole
2025-03-28 22:51:11,586 - DEBUG - TILE PROCESSOR: Raw extracted URL: /collections/original-items/products/original-feldgrau-shirt-buttons-dished-metal-14mm-4-hole
2025-03-28 22:51:11,586 - DEBUG - TILE PROCESSOR: Post-processed URL: /collections/original-items/products/original-feldgrau-shirt-buttons-dished-metal-14mm-4-hole
2025-03-28 22:51:11,586 - DEBUG - TILE PROCESSOR: Raw extracted URL: /collections/original-items/products/random-original-german-photos
2025-03-28 22:51:11,586 - DEBUG - TILE PROCESSOR: Post-processed URL: /collections/original-items/products/random-original-german-photos
2025-03-28 22:51:11,587 - DEBUG - TILE PROCESSOR: Raw extracted URL: /collections/original-items/products/random-original-german-photos
2025-03-28 22:51:11,587 - DEBUG - TILE PROCESSOR: Post-processed URL: /collections/original-items/products/random-original-german-photos
2025-03-28 22:51:11,587 - DEBUG - TILE PROCESSOR: Raw extracted URL: /collections/original-items/products/random-original-german-photos
2025-03-28 22:51:11,587 - DEBUG - TILE PROCESSOR: Post-processed URL: /collections/original-items/products/random-original-german-photos
2025-03-28 22:51:11,587 - DEBUG - TILE PROCESSOR: Raw extracted URL: /collections/original-items/products/original-wwii-german-collar-liner-kragenbinde-various-sizes
2025-03-28 22:51:11,587 - DEBUG - TILE PROCESSOR: Post-processed URL: /collections/original-items/products/original-wwii-german-collar-liner-kragenbinde-various-sizes
2025-03-28 22:51:11,587 - DEBUG - TILE PROCESSOR: Raw extracted URL: /collections/original-items/products/original-wwii-german-collar-liner-kragenbinde-various-sizes
2025-03-28 22:51:11,588 - DEBUG - TILE PROCESSOR: Post-processed URL: /collections/original-items/products/original-wwii-german-collar-liner-kragenbinde-various-sizes
2025-03-28 22:51:11,588 - DEBUG - TILE PROCESSOR: Raw extracted URL: /collections/original-items/products/original-wwii-german-collar-liner-kragenbinde-various-sizes
2025-03-28 22:51:11,588 - DEBUG - TILE PROCESSOR: Post-processed URL: /collections/original-items/products/original-wwii-german-collar-liner-kragenbinde-various-sizes
2025-03-28 22:51:11,588 - DEBUG - TILE PROCESSOR: Raw extracted URL: /collections/original-items/products/feldpost-box-with-letter-drgm
2025-03-28 22:51:11,588 - DEBUG - TILE PROCESSOR: Post-processed URL: /collections/original-items/products/feldpost-box-with-letter-drgm
2025-03-28 22:51:11,588 - DEBUG - TILE PROCESSOR: Raw extracted URL: /collections/original-items/products/feldpost-box-with-letter-drgm
2025-03-28 22:51:11,588 - DEBUG - TILE PROCESSOR: Post-processed URL: /collections/original-items/products/feldpost-box-with-letter-drgm
2025-03-28 22:51:11,589 - DEBUG - TILE PROCESSOR: Raw extracted URL: /collections/original-items/products/feldpost-box-with-letter-drgm
2025-03-28 22:51:11,589 - DEBUG - TILE PROCESSOR: Post-processed URL: /collections/original-items/products/feldpost-box-with-letter-drgm
2025-03-28 22:51:11,589 - DEBUG - TILE PROCESSOR: Raw extracted URL: /collections/original-items/products/original-shoe-laces-60cm
2025-03-28 22:51:11,589 - DEBUG - TILE PROCESSOR: Post-processed URL: /collections/original-items/products/original-shoe-laces-60cm
2025-03-28 22:51:11,589 - DEBUG - TILE PROCESSOR: Raw extracted URL: /collections/original-items/products/original-shoe-laces-60cm
2025-03-28 22:51:11,589 - DEBUG - TILE PROCESSOR: Post-processed URL: /collections/original-items/products/original-shoe-laces-60cm
2025-03-28 22:51:11,589 - DEBUG - TILE PROCESSOR: Raw extracted URL: /collections/original-items/products/original-shoe-laces-60cm
2025-03-28 22:51:11,589 - DEBUG - TILE PROCESSOR: Post-processed URL: /collections/original-items/products/original-shoe-laces-60cm
2025-03-28 22:51:11,590 - DEBUG - TILE PROCESSOR: Raw extracted URL: /collections/original-items/products/original-dished-aluminum-21mm-buttons
2025-03-28 22:51:11,590 - DEBUG - TILE PROCESSOR: Post-processed URL: /collections/original-items/products/original-dished-aluminum-21mm-buttons
2025-03-28 22:51:11,590 - DEBUG - TILE PROCESSOR: Raw extracted URL: /collections/original-items/products/original-dished-aluminum-21mm-buttons
2025-03-28 22:51:11,590 - DEBUG - TILE PROCESSOR: Post-processed URL: /collections/original-items/products/original-dished-aluminum-21mm-buttons
2025-03-28 22:51:11,590 - DEBUG - TILE PROCESSOR: Raw extracted URL: /collections/original-items/products/original-dished-aluminum-21mm-buttons
2025-03-28 22:51:11,590 - DEBUG - TILE PROCESSOR: Post-processed URL: /collections/original-items/products/original-dished-aluminum-21mm-buttons
2025-03-28 22:51:11,590 - DEBUG - TILE PROCESSOR: Raw extracted URL: /collections/original-items/products/original-1941-meister-trunk-brause-bottle-label
2025-03-28 22:51:11,591 - DEBUG - TILE PROCESSOR: Post-processed URL: /collections/original-items/products/original-1941-meister-trunk-brause-bottle-label
2025-03-28 22:51:11,591 - DEBUG - TILE PROCESSOR: Raw extracted URL: /collections/original-items/products/original-1941-meister-trunk-brause-bottle-label
2025-03-28 22:51:11,591 - DEBUG - TILE PROCESSOR: Post-processed URL: /collections/original-items/products/original-1941-meister-trunk-brause-bottle-label
2025-03-28 22:51:11,591 - DEBUG - TILE PROCESSOR: Raw extracted URL: /collections/original-items/products/original-1941-meister-trunk-brause-bottle-label
2025-03-28 22:51:11,591 - DEBUG - TILE PROCESSOR: Post-processed URL: /collections/original-items/products/original-1941-meister-trunk-brause-bottle-label
2025-03-28 22:51:11,591 - DEBUG - TILE PROCESSOR: Raw extracted URL: /collections/original-items/products/eduard-troger-general-store-bags-set-of-3
2025-03-28 22:51:11,591 - DEBUG - TILE PROCESSOR: Post-processed URL: /collections/original-items/products/eduard-troger-general-store-bags-set-of-3
2025-03-28 22:51:11,592 - DEBUG - TILE PROCESSOR: Raw extracted URL: /collections/original-items/products/eduard-troger-general-store-bags-set-of-3
2025-03-28 22:51:11,592 - DEBUG - TILE PROCESSOR: Post-processed URL: /collections/original-items/products/eduard-troger-general-store-bags-set-of-3
2025-03-28 22:51:11,592 - DEBUG - TILE PROCESSOR: Raw extracted URL: /collections/original-items/products/eduard-troger-general-store-bags-set-of-3
2025-03-28 22:51:11,592 - DEBUG - TILE PROCESSOR: Post-processed URL: /collections/original-items/products/eduard-troger-general-store-bags-set-of-3
2025-03-28 22:51:11,592 - DEBUG - TILE PROCESSOR: Raw extracted URL: /collections/original-items/products/original-wwi-soldier-theme-tobacco-bag
2025-03-28 22:51:11,592 - DEBUG - TILE PROCESSOR: Post-processed URL: /collections/original-items/products/original-wwi-soldier-theme-tobacco-bag
2025-03-28 22:51:11,592 - DEBUG - TILE PROCESSOR: Raw extracted URL: /collections/original-items/products/original-wwi-soldier-theme-tobacco-bag
2025-03-28 22:51:11,593 - DEBUG - TILE PROCESSOR: Post-processed URL: /collections/original-items/products/original-wwi-soldier-theme-tobacco-bag
2025-03-28 22:51:11,593 - DEBUG - TILE PROCESSOR: Raw extracted URL: /collections/original-items/products/original-wwi-soldier-theme-tobacco-bag
2025-03-28 22:51:11,593 - DEBUG - TILE PROCESSOR: Post-processed URL: /collections/original-items/products/original-wwi-soldier-theme-tobacco-bag
2025-03-28 22:51:11,593 - DEBUG - TILE PROCESSOR: Raw extracted URL: /collections/original-items/products/german-webbing-straight-weave-feldgrau-15mm
2025-03-28 22:51:11,593 - DEBUG - TILE PROCESSOR: Post-processed URL: /collections/original-items/products/german-webbing-straight-weave-feldgrau-15mm
2025-03-28 22:51:11,594 - DEBUG - TILE PROCESSOR: Raw extracted URL: /collections/original-items/products/german-webbing-straight-weave-feldgrau-15mm
2025-03-28 22:51:11,594 - DEBUG - TILE PROCESSOR: Post-processed URL: /collections/original-items/products/german-webbing-straight-weave-feldgrau-15mm
2025-03-28 22:51:11,594 - DEBUG - TILE PROCESSOR: Raw extracted URL: /collections/original-items/products/german-webbing-straight-weave-feldgrau-15mm
2025-03-28 22:51:11,594 - DEBUG - TILE PROCESSOR: Post-processed URL: /collections/original-items/products/german-webbing-straight-weave-feldgrau-15mm
2025-03-28 22:51:11,594 - DEBUG - TILE PROCESSOR: Raw extracted URL: /collections/original-items/products/german-twill-webbing-feldgrau
2025-03-28 22:51:11,594 - DEBUG - TILE PROCESSOR: Post-processed URL: /collections/original-items/products/german-twill-webbing-feldgrau
2025-03-28 22:51:11,595 - DEBUG - TILE PROCESSOR: Raw extracted URL: /collections/original-items/products/german-twill-webbing-feldgrau
2025-03-28 22:51:11,595 - DEBUG - TILE PROCESSOR: Post-processed URL: /collections/original-items/products/german-twill-webbing-feldgrau
2025-03-28 22:51:11,595 - DEBUG - TILE PROCESSOR: Raw extracted URL: /collections/original-items/products/german-twill-webbing-feldgrau
2025-03-28 22:51:11,595 - DEBUG - TILE PROCESSOR: Post-processed URL: /collections/original-items/products/german-twill-webbing-feldgrau
2025-03-28 22:51:11,595 - DEBUG - TILE PROCESSOR: Raw extracted URL: /collections/original-items/products/r-a-35-sight-flags-for-the-8cm-gr-w-34
2025-03-28 22:51:11,595 - DEBUG - TILE PROCESSOR: Post-processed URL: /collections/original-items/products/r-a-35-sight-flags-for-the-8cm-gr-w-34
2025-03-28 22:51:11,596 - DEBUG - TILE PROCESSOR: Raw extracted URL: /collections/original-items/products/r-a-35-sight-flags-for-the-8cm-gr-w-34
2025-03-28 22:51:11,596 - DEBUG - TILE PROCESSOR: Post-processed URL: /collections/original-items/products/r-a-35-sight-flags-for-the-8cm-gr-w-34
2025-03-28 22:51:11,596 - DEBUG - TILE PROCESSOR: Raw extracted URL: /collections/original-items/products/r-a-35-sight-flags-for-the-8cm-gr-w-34
2025-03-28 22:51:11,596 - DEBUG - TILE PROCESSOR: Post-processed URL: /collections/original-items/products/r-a-35-sight-flags-for-the-8cm-gr-w-34
2025-03-28 22:51:11,596 - DEBUG - TILE PROCESSOR: Raw extracted URL: /collections/original-items/products/tegernsee-frustuckskase-cheese-box
2025-03-28 22:51:11,597 - DEBUG - TILE PROCESSOR: Post-processed URL: /collections/original-items/products/tegernsee-frustuckskase-cheese-box
2025-03-28 22:51:11,597 - DEBUG - TILE PROCESSOR: Raw extracted URL: /collections/original-items/products/tegernsee-frustuckskase-cheese-box
2025-03-28 22:51:11,597 - DEBUG - TILE PROCESSOR: Post-processed URL: /collections/original-items/products/tegernsee-frustuckskase-cheese-box
2025-03-28 22:51:11,597 - DEBUG - TILE PROCESSOR: Raw extracted URL: /collections/original-items/products/tegernsee-frustuckskase-cheese-box
2025-03-28 22:51:11,597 - DEBUG - TILE PROCESSOR: Post-processed URL: /collections/original-items/products/tegernsee-frustuckskase-cheese-box
2025-03-28 22:51:11,597 - DEBUG - TILE PROCESSOR: Raw extracted URL: /collections/original-items/products/genius-feinster-bleistift-pencil
2025-03-28 22:51:11,597 - DEBUG - TILE PROCESSOR: Post-processed URL: /collections/original-items/products/genius-feinster-bleistift-pencil
2025-03-28 22:51:11,598 - DEBUG - TILE PROCESSOR: Raw extracted URL: /collections/original-items/products/genius-feinster-bleistift-pencil
2025-03-28 22:51:11,598 - DEBUG - TILE PROCESSOR: Post-processed URL: /collections/original-items/products/genius-feinster-bleistift-pencil
2025-03-28 22:51:11,598 - DEBUG - TILE PROCESSOR: Raw extracted URL: /collections/original-items/products/genius-feinster-bleistift-pencil
2025-03-28 22:51:11,598 - DEBUG - TILE PROCESSOR: Post-processed URL: /collections/original-items/products/genius-feinster-bleistift-pencil
2025-03-28 22:51:11,598 - DEBUG - TILE PROCESSOR: Raw extracted URL: /collections/original-items/products/small-bakelite-containers-two-tone
2025-03-28 22:51:11,598 - DEBUG - TILE PROCESSOR: Post-processed URL: /collections/original-items/products/small-bakelite-containers-two-tone
2025-03-28 22:51:11,599 - DEBUG - TILE PROCESSOR: Raw extracted URL: /collections/original-items/products/small-bakelite-containers-two-tone
2025-03-28 22:51:11,599 - DEBUG - TILE PROCESSOR: Post-processed URL: /collections/original-items/products/small-bakelite-containers-two-tone
2025-03-28 22:51:11,599 - DEBUG - TILE PROCESSOR: Raw extracted URL: /collections/original-items/products/small-bakelite-containers-two-tone
2025-03-28 22:51:11,599 - DEBUG - TILE PROCESSOR: Post-processed URL: /collections/original-items/products/small-bakelite-containers-two-tone
2025-03-28 22:51:11,600 - DEBUG - TILE PROCESSOR: Raw extracted URL: /collections/original-items/products/original-filmwelt-magazines-sold-individually
2025-03-28 22:51:11,600 - DEBUG - TILE PROCESSOR: Post-processed URL: /collections/original-items/products/original-filmwelt-magazines-sold-individually
2025-03-28 22:51:11,600 - DEBUG - TILE PROCESSOR: Raw extracted URL: /collections/original-items/products/original-filmwelt-magazines-sold-individually
2025-03-28 22:51:11,600 - DEBUG - TILE PROCESSOR: Post-processed URL: /collections/original-items/products/original-filmwelt-magazines-sold-individually
2025-03-28 22:51:11,600 - DEBUG - TILE PROCESSOR: Raw extracted URL: /collections/original-items/products/original-filmwelt-magazines-sold-individually
2025-03-28 22:51:11,600 - DEBUG - TILE PROCESSOR: Post-processed URL: /collections/original-items/products/original-filmwelt-magazines-sold-individually
2025-03-28 22:51:11,601 - DEBUG - TILE PROCESSOR: Raw extracted URL: /collections/original-items/products/original-german-linen-thread
2025-03-28 22:51:11,601 - DEBUG - TILE PROCESSOR: Post-processed URL: /collections/original-items/products/original-german-linen-thread
2025-03-28 22:51:11,601 - DEBUG - TILE PROCESSOR: Raw extracted URL: /collections/original-items/products/original-german-linen-thread
2025-03-28 22:51:11,601 - DEBUG - TILE PROCESSOR: Post-processed URL: /collections/original-items/products/original-german-linen-thread
2025-03-28 22:51:11,601 - DEBUG - TILE PROCESSOR: Raw extracted URL: /collections/original-items/products/original-german-linen-thread
2025-03-28 22:51:11,601 - DEBUG - TILE PROCESSOR: Post-processed URL: /collections/original-items/products/original-german-linen-thread
2025-03-28 22:51:11,602 - DEBUG - TILE PROCESSOR: Raw extracted URL: /collections/original-items/products/berliner-illustriertezeitung-random
2025-03-28 22:51:11,602 - DEBUG - TILE PROCESSOR: Post-processed URL: /collections/original-items/products/berliner-illustriertezeitung-random
2025-03-28 22:51:11,602 - DEBUG - TILE PROCESSOR: Raw extracted URL: /collections/original-items/products/berliner-illustriertezeitung-random
2025-03-28 22:51:11,602 - DEBUG - TILE PROCESSOR: Post-processed URL: /collections/original-items/products/berliner-illustriertezeitung-random
2025-03-28 22:51:11,602 - DEBUG - TILE PROCESSOR: Raw extracted URL: /collections/original-items/products/berliner-illustriertezeitung-random
2025-03-28 22:51:11,602 - DEBUG - TILE PROCESSOR: Post-processed URL: /collections/original-items/products/berliner-illustriertezeitung-random
2025-03-28 22:51:11,602 - DEBUG - TILE PROCESSOR: Raw extracted URL: /collections/original-items/products/15mm-green-pressed-paper-wehrmacht-shirt-buttons
2025-03-28 22:51:11,603 - DEBUG - TILE PROCESSOR: Post-processed URL: /collections/original-items/products/15mm-green-pressed-paper-wehrmacht-shirt-buttons
2025-03-28 22:51:11,603 - DEBUG - TILE PROCESSOR: Raw extracted URL: /collections/original-items/products/15mm-green-pressed-paper-wehrmacht-shirt-buttons
2025-03-28 22:51:11,603 - DEBUG - TILE PROCESSOR: Post-processed URL: /collections/original-items/products/15mm-green-pressed-paper-wehrmacht-shirt-buttons
2025-03-28 22:51:11,603 - DEBUG - TILE PROCESSOR: Raw extracted URL: /collections/original-items/products/15mm-green-pressed-paper-wehrmacht-shirt-buttons
2025-03-28 22:51:11,603 - DEBUG - TILE PROCESSOR: Post-processed URL: /collections/original-items/products/15mm-green-pressed-paper-wehrmacht-shirt-buttons
2025-03-28 22:51:11,603 - DEBUG - TILE PROCESSOR: Raw extracted URL: /collections/original-items/products/juventus-pencils
2025-03-28 22:51:11,603 - DEBUG - TILE PROCESSOR: Post-processed URL: /collections/original-items/products/juventus-pencils
2025-03-28 22:51:11,603 - DEBUG - TILE PROCESSOR: Raw extracted URL: /collections/original-items/products/juventus-pencils
2025-03-28 22:51:11,604 - DEBUG - TILE PROCESSOR: Post-processed URL: /collections/original-items/products/juventus-pencils
2025-03-28 22:51:11,604 - DEBUG - TILE PROCESSOR: Raw extracted URL: /collections/original-items/products/juventus-pencils
2025-03-28 22:51:11,604 - DEBUG - TILE PROCESSOR: Post-processed URL: /collections/original-items/products/juventus-pencils
2025-03-28 22:51:11,604 - DEBUG - TILE PROCESSOR: Raw extracted URL: /collections/original-items/products/original-material-sparen-shopping-bags
2025-03-28 22:51:11,604 - DEBUG - TILE PROCESSOR: Post-processed URL: /collections/original-items/products/original-material-sparen-shopping-bags
2025-03-28 22:51:11,604 - DEBUG - TILE PROCESSOR: Raw extracted URL: /collections/original-items/products/original-material-sparen-shopping-bags
2025-03-28 22:51:11,604 - DEBUG - TILE PROCESSOR: Post-processed URL: /collections/original-items/products/original-material-sparen-shopping-bags
2025-03-28 22:51:11,605 - DEBUG - TILE PROCESSOR: Raw extracted URL: /collections/original-items/products/original-material-sparen-shopping-bags
2025-03-28 22:51:11,605 - DEBUG - TILE PROCESSOR: Post-processed URL: /collections/original-items/products/original-material-sparen-shopping-bags
2025-03-28 22:51:11,605 - DEBUG - TILE PROCESSOR: Raw extracted URL: /collections/original-items/products/original-zwieback-bread-paper-sales-bags
2025-03-28 22:51:11,605 - DEBUG - TILE PROCESSOR: Post-processed URL: /collections/original-items/products/original-zwieback-bread-paper-sales-bags
2025-03-28 22:51:11,605 - DEBUG - TILE PROCESSOR: Raw extracted URL: /collections/original-items/products/original-zwieback-bread-paper-sales-bags
2025-03-28 22:51:11,605 - DEBUG - TILE PROCESSOR: Post-processed URL: /collections/original-items/products/original-zwieback-bread-paper-sales-bags
2025-03-28 22:51:11,605 - DEBUG - TILE PROCESSOR: Raw extracted URL: /collections/original-items/products/original-zwieback-bread-paper-sales-bags
2025-03-28 22:51:11,605 - DEBUG - TILE PROCESSOR: Post-processed URL: /collections/original-items/products/original-zwieback-bread-paper-sales-bags
2025-03-28 22:51:11,606 - DEBUG - TILE PROCESSOR: Raw extracted URL: /collections/original-items/products/german-key-chain-pen-knife
2025-03-28 22:51:11,606 - DEBUG - TILE PROCESSOR: Post-processed URL: /collections/original-items/products/german-key-chain-pen-knife
2025-03-28 22:51:11,606 - DEBUG - TILE PROCESSOR: Raw extracted URL: /collections/original-items/products/german-key-chain-pen-knife
2025-03-28 22:51:11,606 - DEBUG - TILE PROCESSOR: Post-processed URL: /collections/original-items/products/german-key-chain-pen-knife
2025-03-28 22:51:11,606 - DEBUG - TILE PROCESSOR: Raw extracted URL: /collections/original-items/products/german-key-chain-pen-knife
2025-03-28 22:51:11,606 - DEBUG - TILE PROCESSOR: Post-processed URL: /collections/original-items/products/german-key-chain-pen-knife
2025-03-28 22:51:11,607 - DEBUG - TILE PROCESSOR: Raw extracted URL: /collections/original-items/products/weimarer-lebkuchen-paper-box
2025-03-28 22:51:11,607 - DEBUG - TILE PROCESSOR: Post-processed URL: /collections/original-items/products/weimarer-lebkuchen-paper-box
2025-03-28 22:51:11,607 - DEBUG - TILE PROCESSOR: Raw extracted URL: /collections/original-items/products/weimarer-lebkuchen-paper-box
2025-03-28 22:51:11,607 - DEBUG - TILE PROCESSOR: Post-processed URL: /collections/original-items/products/weimarer-lebkuchen-paper-box
2025-03-28 22:51:11,607 - DEBUG - TILE PROCESSOR: Raw extracted URL: /collections/original-items/products/weimarer-lebkuchen-paper-box
2025-03-28 22:51:11,607 - DEBUG - TILE PROCESSOR: Post-processed URL: /collections/original-items/products/weimarer-lebkuchen-paper-box
2025-03-28 22:51:11,608 - DEBUG - SITE PROCESSOR: Total tiles found: 590, Valid tiles: 0
2025-03-28 22:51:11,608 - DEBUG - SITE PROCESSOR: Length of products_tile_list: 0 
2025-03-28 22:51:11,608 - INFO - SITE PROCESSOR: No products found on the current page. Stopping processing.
2025-03-28 22:51:11,608 - INFO - 
------------------------------------------------------------
                    INSTANCE TERMINATED                     
------------------------------------------------------------
2025-03-28 22:51:11,609 - INFO - MILITARIA SITE      : WARS_END_SHOP
2025-03-28 22:51:11,609 - INFO - CONSECUTIVE MATCHES : 0 / 1
2025-03-28 22:51:11,609 - INFO - CYCLES RUN          : False
2025-03-28 22:51:11,609 - INFO - PRODUCTS PROCESSED  : 0
2025-03-28 22:51:11,609 - INFO - TIMESTAMP           : 2025-03-28 22:51:11.608300
2025-03-28 22:51:11,609 - INFO - SITE PROCESSOR: Finished processing site: WARS_END_SHOP
2025-03-28 22:51:11,609 - INFO - SITE PROCESSOR: Total products processed: 0
2025-03-28 22:51:11,609 - INFO - Successfully processed site: WARS_END_SHOP
2025-03-28 22:51:11,610 - INFO - Processing completed.
