2025-06-03 13:28:41,514 - DEBUG - Logging initialized. Log file: milivault_logs\2025-06-03_13-28-41.log
2025-06-03 13:28:41,514 - DEBUG - Adjusted logging level to DEBUG for environment: local
2025-06-03 13:28:48,015 - INFO - SETTINGS MANAGER: Changed directory to C:/Users/keena/Desktop/Milivault/scraper
2025-06-03 13:28:49,007 - INFO - Connection pool initialized successfully.
2025-06-03 13:28:49,008 - DEBUG - Changing event name from creating-client-class.iot-data to creating-client-class.iot-data-plane
2025-06-03 13:28:49,011 - DEBUG - Changing event name from before-call.apigateway to before-call.api-gateway
2025-06-03 13:28:49,013 - DEBUG - Changing event name from request-created.machinelearning.Predict to request-created.machine-learning.Predict
2025-06-03 13:28:49,014 - DEBUG - Changing event name from before-parameter-build.autoscaling.CreateLaunchConfiguration to before-parameter-build.auto-scaling.CreateLaunchConfiguration
2025-06-03 13:28:49,015 - DEBUG - Changing event name from before-parameter-build.route53 to before-parameter-build.route-53
2025-06-03 13:28:49,016 - DEBUG - Changing event name from request-created.cloudsearchdomain.Search to request-created.cloudsearch-domain.Search
2025-06-03 13:28:49,017 - DEBUG - Changing event name from docs.*.autoscaling.CreateLaunchConfiguration.complete-section to docs.*.auto-scaling.CreateLaunchConfiguration.complete-section
2025-06-03 13:28:49,020 - DEBUG - Changing event name from before-parameter-build.logs.CreateExportTask to before-parameter-build.cloudwatch-logs.CreateExportTask
2025-06-03 13:28:49,021 - DEBUG - Changing event name from docs.*.logs.CreateExportTask.complete-section to docs.*.cloudwatch-logs.CreateExportTask.complete-section
2025-06-03 13:28:49,021 - DEBUG - Changing event name from before-parameter-build.cloudsearchdomain.Search to before-parameter-build.cloudsearch-domain.Search
2025-06-03 13:28:49,021 - DEBUG - Changing event name from docs.*.cloudsearchdomain.Search.complete-section to docs.*.cloudsearch-domain.Search.complete-section
2025-06-03 13:28:49,027 - DEBUG - Loading JSON file: c:\Users\keena\Desktop\Milivault\scraper\venv\lib\site-packages\botocore\data\endpoints.json
2025-06-03 13:28:49,040 - DEBUG - Loading JSON file: c:\Users\keena\Desktop\Milivault\scraper\venv\lib\site-packages\botocore\data\sdk-default-configuration.json
2025-06-03 13:28:49,041 - DEBUG - Event choose-service-name: calling handler <function handle_service_name_alias at 0x0000011C29DFDE10>
2025-06-03 13:28:49,168 - DEBUG - Loading JSON file: c:\Users\keena\Desktop\Milivault\scraper\venv\lib\site-packages\botocore\data\s3\2006-03-01\service-2.json.gz
2025-06-03 13:28:49,175 - DEBUG - Loading JSON file: c:\Users\keena\Desktop\Milivault\scraper\venv\lib\site-packages\botocore\data\s3\2006-03-01\service-2.sdk-extras.json
2025-06-03 13:28:49,297 - DEBUG - Loading JSON file: c:\Users\keena\Desktop\Milivault\scraper\venv\lib\site-packages\botocore\data\s3\2006-03-01\endpoint-rule-set-1.json.gz
2025-06-03 13:28:49,301 - DEBUG - Loading JSON file: c:\Users\keena\Desktop\Milivault\scraper\venv\lib\site-packages\botocore\data\partitions.json
2025-06-03 13:28:49,305 - DEBUG - Event creating-client-class.s3: calling handler <function add_generate_presigned_post at 0x0000011C29D45BD0>
2025-06-03 13:28:49,305 - DEBUG - Event creating-client-class.s3: calling handler <function lazy_call.<locals>._handler at 0x0000011C2C1E9360>
2025-06-03 13:28:49,340 - DEBUG - Event creating-client-class.s3: calling handler <function add_generate_presigned_url at 0x0000011C29D45990>
2025-06-03 13:28:49,341 - DEBUG - Looking for endpoint for s3 via: environment_service
2025-06-03 13:28:49,341 - DEBUG - Looking for endpoint for s3 via: environment_global
2025-06-03 13:28:49,342 - DEBUG - Looking for endpoint for s3 via: config_service
2025-06-03 13:28:49,342 - DEBUG - Looking for endpoint for s3 via: config_global
2025-06-03 13:28:49,342 - DEBUG - No configured endpoint found.
2025-06-03 13:28:49,347 - DEBUG - Setting s3 timeout as (60, 60)
2025-06-03 13:28:49,351 - DEBUG - Loading JSON file: c:\Users\keena\Desktop\Milivault\scraper\venv\lib\site-packages\botocore\data\_retry.json
2025-06-03 13:28:49,352 - DEBUG - Registering retry handlers for service: s3
2025-06-03 13:28:49,353 - DEBUG - Registering S3 region redirector handler
2025-06-03 13:28:49,353 - DEBUG - Registering S3Express Identity Resolver
2025-06-03 13:28:49,354 - INFO - S3Manager initialized for bucket militaria-images
2025-06-03 13:30:15,831 - INFO - Sleeping 5 sec before next image batch...
2025-06-03 13:30:20,845 - INFO - Sleeping 5 sec before next image batch...
2025-06-03 13:30:25,847 - INFO - Sleeping 5 sec before next image batch...
2025-06-03 13:30:30,861 - INFO - Sleeping 5 sec before next image batch...
