2025-06-03 13:26:28,429 - DEBUG - Logging initialized. Log file: milivault_logs\2025-06-03_13-26-28.log
2025-06-03 13:26:28,430 - DEBUG - Adjusted logging level to DEBUG for environment: local
2025-06-03 13:26:32,515 - INFO - SETTINGS MANAGER: Changed directory to C:/Users/keena/Desktop/Milivault/scraper
2025-06-03 13:26:33,549 - INFO - Connection pool initialized successfully.
2025-06-03 13:26:33,550 - DEBUG - Changing event name from creating-client-class.iot-data to creating-client-class.iot-data-plane
2025-06-03 13:26:33,554 - DEBUG - Changing event name from before-call.apigateway to before-call.api-gateway
2025-06-03 13:26:33,554 - DEBUG - Changing event name from request-created.machinelearning.Predict to request-created.machine-learning.Predict
2025-06-03 13:26:33,556 - DEBUG - Changing event name from before-parameter-build.autoscaling.CreateLaunchConfiguration to before-parameter-build.auto-scaling.CreateLaunchConfiguration
2025-06-03 13:26:33,556 - DEBUG - Changing event name from before-parameter-build.route53 to before-parameter-build.route-53
2025-06-03 13:26:33,557 - DEBUG - Changing event name from request-created.cloudsearchdomain.Search to request-created.cloudsearch-domain.Search
2025-06-03 13:26:33,558 - DEBUG - Changing event name from docs.*.autoscaling.CreateLaunchConfiguration.complete-section to docs.*.auto-scaling.CreateLaunchConfiguration.complete-section
2025-06-03 13:26:33,561 - DEBUG - Changing event name from before-parameter-build.logs.CreateExportTask to before-parameter-build.cloudwatch-logs.CreateExportTask
2025-06-03 13:26:33,561 - DEBUG - Changing event name from docs.*.logs.CreateExportTask.complete-section to docs.*.cloudwatch-logs.CreateExportTask.complete-section
2025-06-03 13:26:33,563 - DEBUG - Changing event name from before-parameter-build.cloudsearchdomain.Search to before-parameter-build.cloudsearch-domain.Search
2025-06-03 13:26:33,563 - DEBUG - Changing event name from docs.*.cloudsearchdomain.Search.complete-section to docs.*.cloudsearch-domain.Search.complete-section
2025-06-03 13:26:33,568 - DEBUG - Loading JSON file: c:\Users\keena\Desktop\Milivault\scraper\venv\lib\site-packages\botocore\data\endpoints.json
2025-06-03 13:26:33,581 - DEBUG - Loading JSON file: c:\Users\keena\Desktop\Milivault\scraper\venv\lib\site-packages\botocore\data\sdk-default-configuration.json
2025-06-03 13:26:33,581 - DEBUG - Event choose-service-name: calling handler <function handle_service_name_alias at 0x000002970F2EDE10>
2025-06-03 13:26:33,710 - DEBUG - Loading JSON file: c:\Users\keena\Desktop\Milivault\scraper\venv\lib\site-packages\botocore\data\s3\2006-03-01\service-2.json.gz
2025-06-03 13:26:33,717 - DEBUG - Loading JSON file: c:\Users\keena\Desktop\Milivault\scraper\venv\lib\site-packages\botocore\data\s3\2006-03-01\service-2.sdk-extras.json
2025-06-03 13:26:33,840 - DEBUG - Loading JSON file: c:\Users\keena\Desktop\Milivault\scraper\venv\lib\site-packages\botocore\data\s3\2006-03-01\endpoint-rule-set-1.json.gz
2025-06-03 13:26:33,845 - DEBUG - Loading JSON file: c:\Users\keena\Desktop\Milivault\scraper\venv\lib\site-packages\botocore\data\partitions.json
2025-06-03 13:26:33,848 - DEBUG - Event creating-client-class.s3: calling handler <function add_generate_presigned_post at 0x000002970F235BD0>
2025-06-03 13:26:33,848 - DEBUG - Event creating-client-class.s3: calling handler <function lazy_call.<locals>._handler at 0x00000297116D9510>
2025-06-03 13:26:33,886 - DEBUG - Event creating-client-class.s3: calling handler <function add_generate_presigned_url at 0x000002970F235990>
2025-06-03 13:26:33,887 - DEBUG - Looking for endpoint for s3 via: environment_service
2025-06-03 13:26:33,887 - DEBUG - Looking for endpoint for s3 via: environment_global
2025-06-03 13:26:33,887 - DEBUG - Looking for endpoint for s3 via: config_service
2025-06-03 13:26:33,887 - DEBUG - Looking for endpoint for s3 via: config_global
2025-06-03 13:26:33,888 - DEBUG - No configured endpoint found.
2025-06-03 13:26:33,895 - DEBUG - Setting s3 timeout as (60, 60)
2025-06-03 13:26:33,899 - DEBUG - Loading JSON file: c:\Users\keena\Desktop\Milivault\scraper\venv\lib\site-packages\botocore\data\_retry.json
2025-06-03 13:26:33,900 - DEBUG - Registering retry handlers for service: s3
2025-06-03 13:26:33,900 - DEBUG - Registering S3 region redirector handler
2025-06-03 13:26:33,901 - DEBUG - Registering S3Express Identity Resolver
2025-06-03 13:26:33,903 - INFO - S3Manager initialized for bucket militaria-images
2025-06-03 13:26:41,731 - INFO - Sleeping 5 sec before next image batch...
2025-06-03 13:26:46,733 - INFO - Sleeping 5 sec before next image batch...
2025-06-03 13:26:51,738 - INFO - Sleeping 5 sec before next image batch...
