2025-03-28 22:55:57,855 - DEBUG - Logging initialized. Log file: milivault_logs\2025-03-28_22-55-57.log
2025-03-28 22:56:00,055 - INFO - SETTINGS MANAGER: Changed directory to C:/Users/keena/Desktop/Milivault/scraper
2025-03-28 22:56:05,086 - INFO - Connection pool initialized successfully.
2025-03-28 22:56:05,088 - DEBUG - Changing event name from creating-client-class.iot-data to creating-client-class.iot-data-plane
2025-03-28 22:56:05,089 - DEBUG - Changing event name from before-call.apigateway to before-call.api-gateway
2025-03-28 22:56:05,090 - DEBUG - Changing event name from request-created.machinelearning.Predict to request-created.machine-learning.Predict
2025-03-28 22:56:05,092 - DEBUG - Changing event name from before-parameter-build.autoscaling.CreateLaunchConfiguration to before-parameter-build.auto-scaling.CreateLaunchConfiguration
2025-03-28 22:56:05,092 - DEBUG - Changing event name from before-parameter-build.route53 to before-parameter-build.route-53
2025-03-28 22:56:05,093 - DEBUG - Changing event name from request-created.cloudsearchdomain.Search to request-created.cloudsearch-domain.Search
2025-03-28 22:56:05,094 - DEBUG - Changing event name from docs.*.autoscaling.CreateLaunchConfiguration.complete-section to docs.*.auto-scaling.CreateLaunchConfiguration.complete-section
2025-03-28 22:56:05,096 - DEBUG - Changing event name from before-parameter-build.logs.CreateExportTask to before-parameter-build.cloudwatch-logs.CreateExportTask
2025-03-28 22:56:05,096 - DEBUG - Changing event name from docs.*.logs.CreateExportTask.complete-section to docs.*.cloudwatch-logs.CreateExportTask.complete-section
2025-03-28 22:56:05,096 - DEBUG - Changing event name from before-parameter-build.cloudsearchdomain.Search to before-parameter-build.cloudsearch-domain.Search
2025-03-28 22:56:05,096 - DEBUG - Changing event name from docs.*.cloudsearchdomain.Search.complete-section to docs.*.cloudsearch-domain.Search.complete-section
2025-03-28 22:56:05,135 - DEBUG - Loading JSON file: C:\Users\keena\AppData\Local\Programs\Python\Python312\Lib\site-packages\botocore\data\endpoints.json
2025-03-28 22:56:05,147 - DEBUG - Loading JSON file: C:\Users\keena\AppData\Local\Programs\Python\Python312\Lib\site-packages\botocore\data\sdk-default-configuration.json
2025-03-28 22:56:05,147 - DEBUG - Event choose-service-name: calling handler <function handle_service_name_alias at 0x000002DDBC469BC0>
2025-03-28 22:56:05,186 - DEBUG - Loading JSON file: C:\Users\keena\AppData\Local\Programs\Python\Python312\Lib\site-packages\botocore\data\s3\2006-03-01\service-2.json.gz
2025-03-28 22:56:05,191 - DEBUG - Loading JSON file: C:\Users\keena\AppData\Local\Programs\Python\Python312\Lib\site-packages\botocore\data\s3\2006-03-01\service-2.sdk-extras.json
2025-03-28 22:56:05,230 - DEBUG - Loading JSON file: C:\Users\keena\AppData\Local\Programs\Python\Python312\Lib\site-packages\botocore\data\s3\2006-03-01\endpoint-rule-set-1.json.gz
2025-03-28 22:56:05,233 - DEBUG - Loading JSON file: C:\Users\keena\AppData\Local\Programs\Python\Python312\Lib\site-packages\botocore\data\partitions.json
2025-03-28 22:56:05,234 - DEBUG - Event creating-client-class.s3: calling handler <function add_generate_presigned_post at 0x000002DDBC3BA980>
2025-03-28 22:56:05,234 - DEBUG - Event creating-client-class.s3: calling handler <function lazy_call.<locals>._handler at 0x000002DDBD16ECA0>
2025-03-28 22:56:05,266 - DEBUG - Event creating-client-class.s3: calling handler <function add_generate_presigned_url at 0x000002DDBC3BA700>
2025-03-28 22:56:05,266 - DEBUG - Looking for endpoint for s3 via: environment_service
2025-03-28 22:56:05,266 - DEBUG - Looking for endpoint for s3 via: environment_global
2025-03-28 22:56:05,266 - DEBUG - Looking for endpoint for s3 via: config_service
2025-03-28 22:56:05,267 - DEBUG - Looking for endpoint for s3 via: config_global
2025-03-28 22:56:05,267 - DEBUG - No configured endpoint found.
2025-03-28 22:56:05,268 - DEBUG - Setting s3 timeout as (60, 60)
2025-03-28 22:56:05,271 - DEBUG - Loading JSON file: C:\Users\keena\AppData\Local\Programs\Python\Python312\Lib\site-packages\botocore\data\_retry.json
2025-03-28 22:56:05,271 - DEBUG - Registering retry handlers for service: s3
2025-03-28 22:56:05,271 - DEBUG - Registering S3 region redirector handler
2025-03-28 22:56:05,272 - DEBUG - Registering S3Express Identity Resolver
2025-03-28 22:56:05,272 - INFO - S3Manager initialized for bucket militaria-images
2025-03-28 22:56:13,818 - INFO - Running JSON Tester.
2025-03-28 22:56:13,819 - DEBUG - Logging initialized. Log file: milivault_logs\2025-03-28_22-56-13.log
2025-03-28 22:56:13,819 - DEBUG - JSON TESTER: Loaded profile for WARS_END_SHOP
2025-03-28 22:56:13,819 - INFO - 🔍 Testing JSON Profile: WARS_END_SHOP
2025-03-28 22:56:13,820 - INFO - 📄 Products Page URL: https://www.warsendshop.com/collections/all-axis-items
2025-03-28 22:56:13,820 - INFO - 📄 Product Details URL: https://www.warsendshop.com/collections/all-axis-items/products/siemens-desk-hand-lamp-arbeitsdienst
2025-03-28 22:56:13,821 - DEBUG - Starting new HTTPS connection (1): www.warsendshop.com:443
2025-03-28 22:56:14,215 - DEBUG - https://www.warsendshop.com:443 "GET /collections/all-axis-items HTTP/1.1" 200 None
2025-03-28 22:56:14,218 - INFO - Successfully fetched HTML from: https://www.warsendshop.com/collections/all-axis-items
2025-03-28 22:56:14,237 - INFO - 🧱 Tiles Found: 92 using selector: li
2025-03-28 22:56:14,240 - INFO - 
                ===== TILE EXTRACTED =====
                URL         : /collections/all-axis-items/products/siemens-desk-hand-lamp-arbeitsdienst
                Title       : <a class="coll-prod-title" href="/collections/all-axis-items/products/siemens-desk-hand-lamp-arbeitsdienst">
        Siemens Desk Hand Lamp Arbeitsdienst
      </a>
                Price       : <span class="money">$235.00 USD</span>
                Availability: True
                ==========================
                
2025-03-28 22:56:14,241 - INFO - 
                ===== TILE EXTRACTED =====
                URL         : /collections/all-axis-items/products/vm44-gas-mask-size-2
                Title       : <a class="coll-prod-title" href="/collections/all-axis-items/products/vm44-gas-mask-size-2">
        VM44 Gas Mask Size 2
      </a>
                Price       : <span class="money">$89.00 USD</span>
                Availability: True
                ==========================
                
2025-03-28 22:56:14,241 - INFO - 
                ===== TILE EXTRACTED =====
                URL         : /collections/all-axis-items/products/borg-orient-cigarette-tin
                Title       : <a class="coll-prod-title" href="/collections/all-axis-items/products/borg-orient-cigarette-tin">
        Borg Orient Cigarette Tin
      </a>
                Price       : <span class="money">$39.00 USD</span>
                Availability: True
                ==========================
                
2025-03-28 22:56:14,242 - INFO - 
                ===== TILE EXTRACTED =====
                URL         : /collections/all-axis-items/products/moguntia-feinwurst-gewurze-seasoning-tin
                Title       : <a class="coll-prod-title" href="/collections/all-axis-items/products/moguntia-feinwurst-gewurze-seasoning-tin">
        Moguntia Feinwurst Gewürze Seasoning Tin
      </a>
                Price       : <span class="money">$37.50 USD</span>
                Availability: True
                ==========================
                
2025-03-28 22:56:14,242 - INFO - 
                ===== TILE EXTRACTED =====
                URL         : /collections/all-axis-items/products/original-german-engineer-pocket-knife
                Title       : <a class="coll-prod-title" href="/collections/all-axis-items/products/original-german-engineer-pocket-knife">
        Original German Engineers Pocket Knife
      </a>
                Price       : <span class="money">$35.00 USD</span>
                Availability: True
                ==========================
                
2025-03-28 22:56:14,243 - INFO - 
                ===== TILE EXTRACTED =====
                URL         : /collections/all-axis-items/products/german-black-wallet-with-coin-purse-nos
                Title       : <a class="coll-prod-title" href="/collections/all-axis-items/products/german-black-wallet-with-coin-purse-nos">
        German Black Wallet with Coin Purse NOS
      </a>
                Price       : <span class="money">$37.50 USD</span>
                Availability: True
                ==========================
                
2025-03-28 22:56:14,244 - INFO - 
                ===== TILE EXTRACTED =====
                URL         : /collections/all-axis-items/products/original-rosodont-tooth-soap-in-box
                Title       : <a class="coll-prod-title" href="/collections/all-axis-items/products/original-rosodont-tooth-soap-in-box">
        Original Rosodont Tooth Soap in Box
      </a>
                Price       : <span class="money">$29.00 USD</span>
                Availability: True
                ==========================
                
2025-03-28 22:56:14,244 - INFO - 
                ===== TILE EXTRACTED =====
                URL         : /collections/all-axis-items/products/karscho-drgm-darning-device
                Title       : <a class="coll-prod-title" href="/collections/all-axis-items/products/karscho-drgm-darning-device">
        Karscho D.R.G.M. Darning Device
      </a>
                Price       : <span class="money">$17.50 USD</span>
                Availability: True
                ==========================
                
2025-03-28 22:56:14,245 - INFO - 
                ===== TILE EXTRACTED =====
                URL         : /collections/all-axis-items/products/pertrix-no-595-flashlight
                Title       : <a class="coll-prod-title" href="/collections/all-axis-items/products/pertrix-no-595-flashlight">
        Pertrix 595 Flashlight
      </a>
                Price       : <span class="money">$25.00 USD</span>
                Availability: True
                ==========================
                
2025-03-28 22:56:14,245 - INFO - 
                ===== TILE EXTRACTED =====
                URL         : /collections/all-axis-items/products/zunderbuchse-flak-fuse-container-1938
                Title       : <a class="coll-prod-title" href="/collections/all-axis-items/products/zunderbuchse-flak-fuse-container-1938">
        Zünderbüchse Flak Fuse Container 1938
      </a>
                Price       : <span class="money">$19.00 USD</span>
                Availability: True
                ==========================
                
2025-03-28 22:56:14,246 - INFO - 
                ===== TILE EXTRACTED =====
                URL         : /collections/all-axis-items/products/pocket-watch-unmarked-working-but-weak
                Title       : <a class="coll-prod-title" href="/collections/all-axis-items/products/pocket-watch-unmarked-working-but-weak">
        Pocket Watch Unmarked Working but Weak
      </a>
                Price       : <span class="money">$45.00 USD</span>
                Availability: True
                ==========================
                
2025-03-28 22:56:14,246 - INFO - 
                ===== TILE EXTRACTED =====
                URL         : /collections/all-axis-items/products/kores-no2-ink-pad
                Title       : <a class="coll-prod-title" href="/collections/all-axis-items/products/kores-no2-ink-pad">
        Kores No2 Ink Pad
      </a>
                Price       : <span class="money">$12.00 USD</span>
                Availability: True
                ==========================
                
2025-03-28 22:56:14,247 - INFO - 
                ===== TILE EXTRACTED =====
                URL         : /collections/all-axis-items/products/1944-neuer-deutscher-jugendfreund
                Title       : <a class="coll-prod-title" href="/collections/all-axis-items/products/1944-neuer-deutscher-jugendfreund">
        1944 Neuer Deutscher Jugendfreund Book
      </a>
                Price       : <span class="money">$39.00 USD</span>
                Availability: True
                ==========================
                
2025-03-28 22:56:14,247 - INFO - 
                ===== TILE EXTRACTED =====
                URL         : /collections/all-axis-items/products/nur-die-ruhe-kann-es-bringen-horse-shoe-decoration
                Title       : <a class="coll-prod-title" href="/collections/all-axis-items/products/nur-die-ruhe-kann-es-bringen-horse-shoe-decoration">
        Nur die Ruhe kann es bringen! Horse Shoe Decoration
      </a>
                Price       : <span class="money">$20.00 USD</span>
                Availability: True
                ==========================
                
2025-03-28 22:56:14,248 - INFO - 
                ===== TILE EXTRACTED =====
                URL         : /collections/all-axis-items/products/paustians-funny-language-magazine-heft-9-march-1941
                Title       : <a class="coll-prod-title" href="/collections/all-axis-items/products/paustians-funny-language-magazine-heft-9-march-1941">
        Paustians Lustige Sprachzeitschrift Funny Language Magazine Heft 9 March 1941
      </a>
                Price       : <span class="money">$14.00 USD</span>
                Availability: True
                ==========================
                
2025-03-28 22:56:14,248 - INFO - 
                ===== TILE EXTRACTED =====
                URL         : /collections/all-axis-items/products/set-of-belt-d-rings-1943-wuppertal
                Title       : <a class="coll-prod-title" href="/collections/all-axis-items/products/set-of-belt-d-rings-1943-wuppertal">
        Set of Belt D-Rings 1943 Wuppertal
      </a>
                Price       : <span class="money">$39.00 USD</span>
                Availability: True
                ==========================
                
2025-03-28 22:56:14,249 - INFO - 
                ===== TILE EXTRACTED =====
                URL         : /collections/all-axis-items/products/lot-of-5-pictures-kriegsmarine-wedding-etc
                Title       : <a class="coll-prod-title" href="/collections/all-axis-items/products/lot-of-5-pictures-kriegsmarine-wedding-etc">
        Lot of 5 Soldiers Pictures Kriegsmarine Wedding Etc...
      </a>
                Price       : <span class="money">$10.00 USD</span>
                Availability: True
                ==========================
                
2025-03-28 22:56:14,249 - INFO - 
                ===== TILE EXTRACTED =====
                URL         : /collections/all-axis-items/products/kraftfahrzeug-handwerk-heft-26-29-june-1940-krafthand
                Title       : <a class="coll-prod-title" href="/collections/all-axis-items/products/kraftfahrzeug-handwerk-heft-26-29-june-1940-krafthand">
        Kraftfahrzeug Handwerk Heft 26 29 June 1940 Krafthand
      </a>
                Price       : <span class="money">$19.00 USD</span>
                Availability: True
                ==========================
                
2025-03-28 22:56:14,250 - INFO - 
                ===== TILE EXTRACTED =====
                URL         : /collections/all-axis-items/products/scho-ka-kola-tin-pw
                Title       : <a class="coll-prod-title" href="/collections/all-axis-items/products/scho-ka-kola-tin-pw">
        Scho-ka-kola Tin PW
      </a>
                Price       : <span class="money">$29.00 USD</span>
                Availability: True
                ==========================
                
2025-03-28 22:56:14,250 - INFO - 
                ===== TILE EXTRACTED =====
                URL         : /collections/all-axis-items/products/andenken-lille-1914-16-tiny-wood-shoes
                Title       : <a class="coll-prod-title" href="/collections/all-axis-items/products/andenken-lille-1914-16-tiny-wood-shoes">
        WWI Andenken Lille 1914-16 Tiny Wood Shoes Trench Art
      </a>
                Price       : <span class="money">$39.00 USD</span>
                Availability: True
                ==========================
                
2025-03-28 22:56:14,251 - INFO - 
                ===== TILE EXTRACTED =====
                URL         : /collections/all-axis-items/products/wilmking-luchs-german-mouse-traps
                Title       : <a class="coll-prod-title" href="/collections/all-axis-items/products/wilmking-luchs-german-mouse-traps">
        Wilmking Luchs German Mouse Traps
      </a>
                Price       : <span class="money">$8.50 USD</span>
                Availability: True
                ==========================
                
2025-03-28 22:56:14,251 - INFO - 
                ===== TILE EXTRACTED =====
                URL         : /collections/all-axis-items/products/small-german-lock-with-bent-key
                Title       : <a class="coll-prod-title" href="/collections/all-axis-items/products/small-german-lock-with-bent-key">
        Small German Lock with Key
      </a>
                Price       : <span class="money">$20.00 USD</span>
                Availability: True
                ==========================
                
2025-03-28 22:56:14,252 - INFO - 
                ===== TILE EXTRACTED =====
                URL         : /collections/all-axis-items/products/1906-german-song-postcard
                Title       : <a class="coll-prod-title" href="/collections/all-axis-items/products/1906-german-song-postcard">
        1906 German Song Postcard
      </a>
                Price       : <span class="money">$3.00 USD</span>
                Availability: True
                ==========================
                
2025-03-28 22:56:14,253 - INFO - 
                ===== TILE EXTRACTED =====
                URL         : /collections/all-axis-items/products/shop-package-handle-nurnberg
                Title       : <a class="coll-prod-title" href="/collections/all-axis-items/products/shop-package-handle-nurnberg">
        Shop Package Handle Nürnberg
      </a>
                Price       : <span class="money">$2.50 USD</span>
                Availability: True
                ==========================
                
2025-03-28 22:56:14,253 - INFO - 
                ===== TILE EXTRACTED =====
                URL         : /collections/all-axis-items/products/1914-50-mark-darlehenskassenschein-reichschuldenwervaltung
                Title       : <a class="coll-prod-title" href="/collections/all-axis-items/products/1914-50-mark-darlehenskassenschein-reichschuldenwervaltung">
        1914 50 Mark Darlehenskassenschein Reichschuldenwervaltung
      </a>
                Price       : <span class="money">$6.00 USD</span>
                Availability: True
                ==========================
                
2025-03-28 22:56:14,254 - INFO - 
                ===== TILE EXTRACTED =====
                URL         : /collections/all-axis-items/products/original-wehrmacht-rifle-bore-cleaning-wicks
                Title       : <a class="coll-prod-title" href="/collections/all-axis-items/products/original-wehrmacht-rifle-bore-cleaning-wicks">
        Original Wehrmacht Rifle Bore Cleaning Wicks
      </a>
                Price       : <span class="money">$6.50 USD</span>
                Availability: True
                ==========================
                
2025-03-28 22:56:14,255 - INFO - 
                ===== TILE EXTRACTED =====
                URL         : /collections/all-axis-items/products/february-1941-signal-magazine-in-french-no-3
                Title       : <a class="coll-prod-title" href="/collections/all-axis-items/products/february-1941-signal-magazine-in-french-no-3">
        February 1941 Signal Magazine in French No. 3
      </a>
                Price       : <span class="money">$20.00 USD</span>
                Availability: True
                ==========================
                
2025-03-28 22:56:14,255 - INFO - 
                ===== TILE EXTRACTED =====
                URL         : /collections/all-axis-items/products/rubberized-gas-cape-pouch
                Title       : <a class="coll-prod-title" href="/collections/all-axis-items/products/rubberized-gas-cape-pouch">
        Rubberized Gas Cape Pouch
      </a>
                Price       : <span class="money">$55.00 USD</span>
                Availability: True
                ==========================
                
2025-03-28 22:56:14,256 - INFO - 
                ===== TILE EXTRACTED =====
                URL         : /collections/all-axis-items/products/original-german-oilcloth-identification-and-weapon-permit
                Title       : <a class="coll-prod-title" href="/collections/all-axis-items/products/original-german-oilcloth-identification-and-weapon-permit">
        Original German Oilcloth Identification and Weapon Permit
      </a>
                Price       : <span class="money">$279.00 USD</span>
                Availability: True
                ==========================
                
2025-03-28 22:56:14,257 - INFO - 
                ===== TILE EXTRACTED =====
                URL         : /collections/all-axis-items/products/blut-und-boden-odal-october-1939
                Title       : <a class="coll-prod-title" href="/collections/all-axis-items/products/blut-und-boden-odal-october-1939">
        Blut und Boden Odal October 1939
      </a>
                Price       : <span class="money">$19.00 USD</span>
                Availability: True
                ==========================
                
2025-03-28 22:56:14,257 - INFO - 
                ===== TILE EXTRACTED =====
                URL         : /collections/all-axis-items/products/oval-waldorf-astoria-cigarette-tin
                Title       : <a class="coll-prod-title" href="/collections/all-axis-items/products/oval-waldorf-astoria-cigarette-tin">
        Oval Waldorf Astoria Cigarette Tin
      </a>
                Price       : <span class="money">$15.00 USD</span>
                Availability: True
                ==========================
                
2025-03-28 22:56:14,258 - INFO - 
                ===== TILE EXTRACTED =====
                URL         : /collections/all-axis-items/products/huge-advertising-pencil-with-cap
                Title       : <a class="coll-prod-title" href="/collections/all-axis-items/products/huge-advertising-pencil-with-cap">
        Huge Advertising Pencil with Cap
      </a>
                Price       : <span class="money">$7.50 USD</span>
                Availability: True
                ==========================
                
2025-03-28 22:56:14,436 - DEBUG - https://www.warsendshop.com:443 "GET /collections/all-axis-items/products/siemens-desk-hand-lamp-arbeitsdienst HTTP/1.1" 200 None
2025-03-28 22:56:14,439 - INFO - Successfully fetched HTML from: https://www.warsendshop.com/collections/all-axis-items/products/siemens-desk-hand-lamp-arbeitsdienst
2025-03-28 22:56:14,452 - WARNING - 🔸 Field 'details_item_type' returned empty.
2025-03-28 22:56:14,452 - WARNING - 🔸 Field 'extracted_id' returned empty.
2025-03-28 22:56:14,452 - INFO - 
        ====== PRODUCT DETAILS EXTRACTED ======
        URL              : https://www.warsendshop.com/collections/all-axis-items/products/siemens-desk-hand-lamp-arbeitsdienst
        Title            : <h1 itemprop="name">Siemens Desk Hand Lamp Arbeitsdienst</h1>
        Description      : <div class="rte" id="full_description" itemprop="description">
<p>Original Siemens desk lamp that also serves as a hand lamp. The neck is fixed in place and fitted with a wood textured section which can be more easily hand held. This example has been over painted black, but would have originally been panzergrau. I found 2 examples this past trip and one was still a panzer gray color with a stamp on the bottom from a female RAD unit. I have included one of my <strong><a href="https://www.warsendshop.com/products/de-usa-vintage-lamp-plug-adapter">plug adapters</a></strong>. No light bulb included. You just need any standard US light bulb. This the second model that I have found that can really be directly connected to official use. The first type was quite heavy with a weighty base, easily adjustable neck, and on/off switch. This one retained the on/off switch but was clearly designed to be lightweight and also hand held in addition to being fine just sitting on a desk. </p>
</div>
        Price            : <span class="product-price" itemprop="price"><span class="money">$235.00 USD</span></span>
        Availability     : True
        ID               : None
        Item Type        : None
        Image URLs       : None...
        =======================================
        
