2025-05-07 14:01:35,451 - DEBUG - Logging initialized. Log file: milivault_logs\2025-05-07_14-01-35.log
2025-05-07 14:01:35,909 - DEBUG - Adjusted logging level to DEBUG for environment: local
2025-05-07 14:01:37,884 - INFO - SETTINGS MANAGER: Changed directory to C:/Users/keena/Desktop/Milivault/scraper
2025-05-07 14:01:38,923 - INFO - Connection pool initialized successfully.
2025-05-07 14:01:38,924 - DEBUG - Changing event name from creating-client-class.iot-data to creating-client-class.iot-data-plane
2025-05-07 14:01:38,925 - DEBUG - Changing event name from before-call.apigateway to before-call.api-gateway
2025-05-07 14:01:38,926 - DEBUG - Changing event name from request-created.machinelearning.Predict to request-created.machine-learning.Predict
2025-05-07 14:01:38,927 - DEBUG - Changing event name from before-parameter-build.autoscaling.CreateLaunchConfiguration to before-parameter-build.auto-scaling.CreateLaunchConfiguration
2025-05-07 14:01:38,927 - DEBUG - Changing event name from before-parameter-build.route53 to before-parameter-build.route-53
2025-05-07 14:01:38,928 - DEBUG - Changing event name from request-created.cloudsearchdomain.Search to request-created.cloudsearch-domain.Search
2025-05-07 14:01:38,928 - DEBUG - Changing event name from docs.*.autoscaling.CreateLaunchConfiguration.complete-section to docs.*.auto-scaling.CreateLaunchConfiguration.complete-section
2025-05-07 14:01:38,929 - DEBUG - Changing event name from before-parameter-build.logs.CreateExportTask to before-parameter-build.cloudwatch-logs.CreateExportTask
2025-05-07 14:01:38,929 - DEBUG - Changing event name from docs.*.logs.CreateExportTask.complete-section to docs.*.cloudwatch-logs.CreateExportTask.complete-section
2025-05-07 14:01:38,930 - DEBUG - Changing event name from before-parameter-build.cloudsearchdomain.Search to before-parameter-build.cloudsearch-domain.Search
2025-05-07 14:01:38,930 - DEBUG - Changing event name from docs.*.cloudsearchdomain.Search.complete-section to docs.*.cloudsearch-domain.Search.complete-section
2025-05-07 14:01:38,965 - DEBUG - Loading JSON file: C:\Users\keena\AppData\Local\Programs\Python\Python313\Lib\site-packages\botocore\data\endpoints.json
2025-05-07 14:01:38,978 - DEBUG - Loading JSON file: C:\Users\keena\AppData\Local\Programs\Python\Python313\Lib\site-packages\botocore\data\sdk-default-configuration.json
2025-05-07 14:01:38,978 - DEBUG - Event choose-service-name: calling handler <function handle_service_name_alias at 0x000002D0348D9E40>
2025-05-07 14:01:39,082 - DEBUG - Loading JSON file: C:\Users\keena\AppData\Local\Programs\Python\Python313\Lib\site-packages\botocore\data\s3\2006-03-01\service-2.json.gz
2025-05-07 14:01:39,089 - DEBUG - Loading JSON file: C:\Users\keena\AppData\Local\Programs\Python\Python313\Lib\site-packages\botocore\data\s3\2006-03-01\service-2.sdk-extras.json
2025-05-07 14:01:39,187 - DEBUG - Loading JSON file: C:\Users\keena\AppData\Local\Programs\Python\Python313\Lib\site-packages\botocore\data\s3\2006-03-01\endpoint-rule-set-1.json.gz
2025-05-07 14:01:39,190 - DEBUG - Loading JSON file: C:\Users\keena\AppData\Local\Programs\Python\Python313\Lib\site-packages\botocore\data\partitions.json
2025-05-07 14:01:39,192 - DEBUG - Event creating-client-class.s3: calling handler <function add_generate_presigned_post at 0x000002D034820680>
2025-05-07 14:01:39,192 - DEBUG - Event creating-client-class.s3: calling handler <function lazy_call.<locals>._handler at 0x000002D034D18180>
2025-05-07 14:01:39,236 - DEBUG - Event creating-client-class.s3: calling handler <function add_generate_presigned_url at 0x000002D034820400>
2025-05-07 14:01:39,237 - DEBUG - Looking for endpoint for s3 via: environment_service
2025-05-07 14:01:39,237 - DEBUG - Looking for endpoint for s3 via: environment_global
2025-05-07 14:01:39,237 - DEBUG - Looking for endpoint for s3 via: config_service
2025-05-07 14:01:39,237 - DEBUG - Looking for endpoint for s3 via: config_global
2025-05-07 14:01:39,237 - DEBUG - No configured endpoint found.
2025-05-07 14:01:39,238 - DEBUG - Setting s3 timeout as (60, 60)
2025-05-07 14:01:39,241 - DEBUG - Loading JSON file: C:\Users\keena\AppData\Local\Programs\Python\Python313\Lib\site-packages\botocore\data\_retry.json
2025-05-07 14:01:39,241 - DEBUG - Registering retry handlers for service: s3
2025-05-07 14:01:39,242 - DEBUG - Registering S3 region redirector handler
2025-05-07 14:01:39,242 - DEBUG - Registering S3Express Identity Resolver
2025-05-07 14:01:39,242 - INFO - S3Manager initialized for bucket militaria-images
2025-05-07 14:01:40,411 - INFO - Processing site: BASMILITARIA
2025-05-07 14:01:40,412 - INFO - SITE PROCESSOR: Running with targetMatch = 1
2025-05-07 14:01:40,412 - DEBUG - SITE PROCESSOR: Debug: base_url: https://basmilitaria.com
2025-05-07 14:01:40,412 - INFO - 
------------------------------------------------------------
                    NEW INSTANCE STARTED                    
------------------------------------------------------------
2025-05-07 14:01:40,412 - INFO - MILITARIA SITE        : BASMILITARIA
2025-05-07 14:01:40,412 - INFO - PRODUCTS URL          : https://basmilitaria.com
2025-05-07 14:01:40,412 - INFO - CYCLES RUN            : False
2025-05-07 14:01:40,412 - INFO - PRODUCTS PROCESSED    : 0
2025-05-07 14:01:40,412 - INFO - TIMESTAMP             : 2025-05-07 14:01:40.412223
2025-05-07 14:01:40,412 - DEBUG - SITE PROCESSOR: products_list_page loaded
2025-05-07 14:01:40,412 - INFO - SITE PROCESSOR: Current product page: https://basmilitaria.com/shop?page=0
2025-05-07 14:01:40,413 - INFO - SITE PROCESSOR: Current page: 0
2025-05-07 14:01:40,415 - DEBUG - Starting new HTTPS connection (1): basmilitaria.com:443
2025-05-07 14:01:42,035 - DEBUG - https://basmilitaria.com:443 "GET /shop?page=0 HTTP/1.1" 200 None
2025-05-07 14:01:42,336 - DEBUG - SITE PROCESSOR: products_list_page_soup loaded.
2025-05-07 14:01:42,338 - WARNING - Post-process function 'add_prefix' not found.
2025-05-07 14:01:42,338 - WARNING - Post-process function 'add_prefix' not found.
2025-05-07 14:01:42,338 - WARNING - Post-process function 'add_prefix' not found.
2025-05-07 14:01:42,338 - WARNING - Post-process function 'add_prefix' not found.
2025-05-07 14:01:42,338 - WARNING - Post-process function 'add_prefix' not found.
2025-05-07 14:01:42,339 - WARNING - Post-process function 'add_prefix' not found.
2025-05-07 14:01:42,339 - WARNING - Post-process function 'add_prefix' not found.
2025-05-07 14:01:42,339 - WARNING - Post-process function 'add_prefix' not found.
2025-05-07 14:01:42,339 - WARNING - Post-process function 'add_prefix' not found.
2025-05-07 14:01:42,339 - WARNING - Post-process function 'add_prefix' not found.
2025-05-07 14:01:42,339 - WARNING - Post-process function 'add_prefix' not found.
2025-05-07 14:01:42,339 - WARNING - Post-process function 'add_prefix' not found.
2025-05-07 14:01:42,339 - DEBUG - SITE PROCESSOR: Total tiles found: 12, Valid tiles: 0
2025-05-07 14:01:42,339 - DEBUG - SITE PROCESSOR: Length of products_tile_list: 0 
2025-05-07 14:01:42,339 - INFO - SITE PROCESSOR: No products found on the current page. Stopping processing.
2025-05-07 14:01:42,339 - INFO - 
------------------------------------------------------------
                    INSTANCE TERMINATED                     
------------------------------------------------------------
2025-05-07 14:01:42,340 - INFO - MILITARIA SITE        : BASMILITARIA
2025-05-07 14:01:42,340 - INFO - CONSECUTIVE MATCHES   : 0 / 1
2025-05-07 14:01:42,340 - INFO - CYCLES RUN            : False
2025-05-07 14:01:42,340 - INFO - PRODUCTS PROCESSED    : 0
2025-05-07 14:01:42,340 - INFO - TIMESTAMP             : 2025-05-07 14:01:42.339974
2025-05-07 14:01:42,340 - INFO - SITE PROCESSOR: Finished processing site: BASMILITARIA
2025-05-07 14:01:42,340 - INFO - 
------------------------------------------------------------
                    INSTANCE TERMINATED                     
------------------------------------------------------------
2025-05-07 14:01:42,340 - INFO - MILITARIA SITE        : BASMILITARIA
2025-05-07 14:01:42,340 - INFO - CONSECUTIVE MATCHES   : 0 / 1
2025-05-07 14:01:42,341 - INFO - CYCLES RUN            : False
2025-05-07 14:01:42,341 - INFO - PRODUCTS PROCESSED    : 0
2025-05-07 14:01:42,341 - INFO - TIMESTAMP             : 2025-05-07 14:01:42.340641
2025-05-07 14:01:42,341 - INFO - Successfully processed site: BASMILITARIA
2025-05-07 14:01:42,341 - INFO - 
------------------------------------------------------------
                  FINAL PROCESSING SUMMARY                  
------------------------------------------------------------
2025-05-07 14:01:42,341 - INFO - TIMESTAMP             : 2025-05-07 14:01:42.341345
2025-05-07 14:01:42,341 - INFO - SITES PROCESSED       : BASMILITARIA
2025-05-07 14:01:42,341 - INFO - TOTAL PRODUCTS        : 0
2025-05-07 14:01:42,341 - INFO - NEW PRODUCTS          : 0
2025-05-07 14:01:42,341 - INFO - OLD PRODUCTS          : 0
2025-05-07 14:01:42,341 - INFO - SITES COUNT           : 0
2025-05-07 14:01:42,341 - INFO - AVAILABILITY UPDATES  : 0
2025-05-07 14:01:42,342 - INFO - PROCESSING REQUIRED   : 0
2025-05-07 14:01:42,342 - INFO - Sleeping 900 seconds... Next check at 2025-05-07 14:16:42
