2025-04-30 18:52:18,734 - DEBUG - Logging initialized. Log file: milivault_logs\2025-04-30_18-52-18.log
2025-04-30 18:52:20,477 - DEBUG - Adjusted logging level to DEBUG for environment: local
2025-04-30 18:52:26,761 - INFO - SETTINGS MANAGER: Changed directory to C:/Users/keena/Desktop/Milivault/scraper
2025-04-30 18:52:31,773 - INFO - Connection pool initialized successfully.
2025-04-30 18:52:31,783 - DEBUG - Changing event name from creating-client-class.iot-data to creating-client-class.iot-data-plane
2025-04-30 18:52:31,784 - DEBUG - Changing event name from before-call.apigateway to before-call.api-gateway
2025-04-30 18:52:31,796 - DEBUG - Changing event name from request-created.machinelearning.Predict to request-created.machine-learning.Predict
2025-04-30 18:52:31,797 - DEBUG - Changing event name from before-parameter-build.autoscaling.CreateLaunchConfiguration to before-parameter-build.auto-scaling.CreateLaunchConfiguration
2025-04-30 18:52:31,797 - DEBUG - Changing event name from before-parameter-build.route53 to before-parameter-build.route-53
2025-04-30 18:52:31,797 - DEBUG - Changing event name from request-created.cloudsearchdomain.Search to request-created.cloudsearch-domain.Search
2025-04-30 18:52:31,798 - DEBUG - Changing event name from docs.*.autoscaling.CreateLaunchConfiguration.complete-section to docs.*.auto-scaling.CreateLaunchConfiguration.complete-section
2025-04-30 18:52:31,799 - DEBUG - Changing event name from before-parameter-build.logs.CreateExportTask to before-parameter-build.cloudwatch-logs.CreateExportTask
2025-04-30 18:52:31,799 - DEBUG - Changing event name from docs.*.logs.CreateExportTask.complete-section to docs.*.cloudwatch-logs.CreateExportTask.complete-section
2025-04-30 18:52:31,800 - DEBUG - Changing event name from before-parameter-build.cloudsearchdomain.Search to before-parameter-build.cloudsearch-domain.Search
2025-04-30 18:52:31,800 - DEBUG - Changing event name from docs.*.cloudsearchdomain.Search.complete-section to docs.*.cloudsearch-domain.Search.complete-section
2025-04-30 18:52:31,877 - DEBUG - Loading JSON file: C:\Users\keena\AppData\Local\Programs\Python\Python313\Lib\site-packages\botocore\data\endpoints.json
2025-04-30 18:52:31,906 - DEBUG - Loading JSON file: C:\Users\keena\AppData\Local\Programs\Python\Python313\Lib\site-packages\botocore\data\sdk-default-configuration.json
2025-04-30 18:52:31,915 - DEBUG - Event choose-service-name: calling handler <function handle_service_name_alias at 0x00000287DF1B8FE0>
2025-04-30 18:52:32,269 - DEBUG - Loading JSON file: C:\Users\keena\AppData\Local\Programs\Python\Python313\Lib\site-packages\botocore\data\s3\2006-03-01\service-2.json.gz
2025-04-30 18:52:32,285 - DEBUG - Loading JSON file: C:\Users\keena\AppData\Local\Programs\Python\Python313\Lib\site-packages\botocore\data\s3\2006-03-01\service-2.sdk-extras.json
2025-04-30 18:52:32,422 - DEBUG - Loading JSON file: C:\Users\keena\AppData\Local\Programs\Python\Python313\Lib\site-packages\botocore\data\s3\2006-03-01\endpoint-rule-set-1.json.gz
2025-04-30 18:52:32,427 - DEBUG - Loading JSON file: C:\Users\keena\AppData\Local\Programs\Python\Python313\Lib\site-packages\botocore\data\partitions.json
2025-04-30 18:52:32,428 - DEBUG - Event creating-client-class.s3: calling handler <function add_generate_presigned_post at 0x00000287DF0DF7E0>
2025-04-30 18:52:32,428 - DEBUG - Event creating-client-class.s3: calling handler <function lazy_call.<locals>._handler at 0x00000287DF62B100>
2025-04-30 18:52:32,542 - DEBUG - Event creating-client-class.s3: calling handler <function add_generate_presigned_url at 0x00000287DF0DF560>
2025-04-30 18:52:32,543 - DEBUG - Looking for endpoint for s3 via: environment_service
2025-04-30 18:52:32,543 - DEBUG - Looking for endpoint for s3 via: environment_global
2025-04-30 18:52:32,543 - DEBUG - Looking for endpoint for s3 via: config_service
2025-04-30 18:52:32,543 - DEBUG - Looking for endpoint for s3 via: config_global
2025-04-30 18:52:32,543 - DEBUG - No configured endpoint found.
2025-04-30 18:52:32,545 - DEBUG - Setting s3 timeout as (60, 60)
2025-04-30 18:52:32,558 - DEBUG - Loading JSON file: C:\Users\keena\AppData\Local\Programs\Python\Python313\Lib\site-packages\botocore\data\_retry.json
2025-04-30 18:52:32,559 - DEBUG - Registering retry handlers for service: s3
2025-04-30 18:52:32,559 - DEBUG - Registering S3 region redirector handler
2025-04-30 18:52:32,560 - DEBUG - Registering S3Express Identity Resolver
2025-04-30 18:52:32,560 - INFO - S3Manager initialized for bucket militaria-images
2025-04-30 18:52:32,931 - ERROR - Error decoding JSON file C:/Users/keena/Desktop/Milivault/site-json/THE_WAR_FRONT.json: Expecting value: line 1 column 1 (char 0)
