2025-05-07 14:05:44,259 - DEBUG - Logging initialized. Log file: milivault_logs\2025-05-07_14-05-44.log
2025-05-07 14:05:44,923 - DEBUG - Adjusted logging level to DEBUG for environment: local
2025-05-07 14:05:49,561 - INFO - SETTINGS MANAGER: Changed directory to C:/Users/keena/Desktop/Milivault/scraper
2025-05-07 14:05:50,606 - INFO - Connection pool initialized successfully.
2025-05-07 14:05:50,607 - DEBUG - Changing event name from creating-client-class.iot-data to creating-client-class.iot-data-plane
2025-05-07 14:05:50,608 - DEBUG - Changing event name from before-call.apigateway to before-call.api-gateway
2025-05-07 14:05:50,609 - DEBUG - Changing event name from request-created.machinelearning.Predict to request-created.machine-learning.Predict
2025-05-07 14:05:50,610 - DEBUG - Changing event name from before-parameter-build.autoscaling.CreateLaunchConfiguration to before-parameter-build.auto-scaling.CreateLaunchConfiguration
2025-05-07 14:05:50,610 - DEBUG - Changing event name from before-parameter-build.route53 to before-parameter-build.route-53
2025-05-07 14:05:50,610 - DEBUG - Changing event name from request-created.cloudsearchdomain.Search to request-created.cloudsearch-domain.Search
2025-05-07 14:05:50,611 - DEBUG - Changing event name from docs.*.autoscaling.CreateLaunchConfiguration.complete-section to docs.*.auto-scaling.CreateLaunchConfiguration.complete-section
2025-05-07 14:05:50,612 - DEBUG - Changing event name from before-parameter-build.logs.CreateExportTask to before-parameter-build.cloudwatch-logs.CreateExportTask
2025-05-07 14:05:50,612 - DEBUG - Changing event name from docs.*.logs.CreateExportTask.complete-section to docs.*.cloudwatch-logs.CreateExportTask.complete-section
2025-05-07 14:05:50,613 - DEBUG - Changing event name from before-parameter-build.cloudsearchdomain.Search to before-parameter-build.cloudsearch-domain.Search
2025-05-07 14:05:50,613 - DEBUG - Changing event name from docs.*.cloudsearchdomain.Search.complete-section to docs.*.cloudsearch-domain.Search.complete-section
2025-05-07 14:05:50,651 - DEBUG - Loading JSON file: C:\Users\keena\AppData\Local\Programs\Python\Python313\Lib\site-packages\botocore\data\endpoints.json
2025-05-07 14:05:50,664 - DEBUG - Loading JSON file: C:\Users\keena\AppData\Local\Programs\Python\Python313\Lib\site-packages\botocore\data\sdk-default-configuration.json
2025-05-07 14:05:50,665 - DEBUG - Event choose-service-name: calling handler <function handle_service_name_alias at 0x00000209AC2D9E40>
2025-05-07 14:05:50,767 - DEBUG - Loading JSON file: C:\Users\keena\AppData\Local\Programs\Python\Python313\Lib\site-packages\botocore\data\s3\2006-03-01\service-2.json.gz
2025-05-07 14:05:50,774 - DEBUG - Loading JSON file: C:\Users\keena\AppData\Local\Programs\Python\Python313\Lib\site-packages\botocore\data\s3\2006-03-01\service-2.sdk-extras.json
2025-05-07 14:05:50,873 - DEBUG - Loading JSON file: C:\Users\keena\AppData\Local\Programs\Python\Python313\Lib\site-packages\botocore\data\s3\2006-03-01\endpoint-rule-set-1.json.gz
2025-05-07 14:05:50,876 - DEBUG - Loading JSON file: C:\Users\keena\AppData\Local\Programs\Python\Python313\Lib\site-packages\botocore\data\partitions.json
2025-05-07 14:05:50,877 - DEBUG - Event creating-client-class.s3: calling handler <function add_generate_presigned_post at 0x00000209AC220680>
2025-05-07 14:05:50,877 - DEBUG - Event creating-client-class.s3: calling handler <function lazy_call.<locals>._handler at 0x00000209AC718180>
2025-05-07 14:05:50,920 - DEBUG - Event creating-client-class.s3: calling handler <function add_generate_presigned_url at 0x00000209AC220400>
2025-05-07 14:05:50,920 - DEBUG - Looking for endpoint for s3 via: environment_service
2025-05-07 14:05:50,920 - DEBUG - Looking for endpoint for s3 via: environment_global
2025-05-07 14:05:50,920 - DEBUG - Looking for endpoint for s3 via: config_service
2025-05-07 14:05:50,920 - DEBUG - Looking for endpoint for s3 via: config_global
2025-05-07 14:05:50,921 - DEBUG - No configured endpoint found.
2025-05-07 14:05:50,922 - DEBUG - Setting s3 timeout as (60, 60)
2025-05-07 14:05:50,924 - DEBUG - Loading JSON file: C:\Users\keena\AppData\Local\Programs\Python\Python313\Lib\site-packages\botocore\data\_retry.json
2025-05-07 14:05:50,924 - DEBUG - Registering retry handlers for service: s3
2025-05-07 14:05:50,925 - DEBUG - Registering S3 region redirector handler
2025-05-07 14:05:50,925 - DEBUG - Registering S3Express Identity Resolver
2025-05-07 14:05:50,925 - INFO - S3Manager initialized for bucket militaria-images
2025-05-07 14:05:52,527 - INFO - Processing site: BASMILITARIA
2025-05-07 14:05:52,527 - INFO - SITE PROCESSOR: Running with targetMatch = 1
2025-05-07 14:05:52,528 - DEBUG - SITE PROCESSOR: Debug: base_url: https://basmilitaria.com
2025-05-07 14:05:52,528 - INFO - 
------------------------------------------------------------
                    NEW INSTANCE STARTED                    
------------------------------------------------------------
2025-05-07 14:05:52,528 - INFO - MILITARIA SITE        : BASMILITARIA
2025-05-07 14:05:52,528 - INFO - PRODUCTS URL          : https://basmilitaria.com
2025-05-07 14:05:52,528 - INFO - CYCLES RUN            : False
2025-05-07 14:05:52,528 - INFO - PRODUCTS PROCESSED    : 0
2025-05-07 14:05:52,528 - INFO - TIMESTAMP             : 2025-05-07 14:05:52.528145
2025-05-07 14:05:52,528 - DEBUG - SITE PROCESSOR: products_list_page loaded
2025-05-07 14:05:52,529 - INFO - SITE PROCESSOR: Current product page: https://basmilitaria.com/shop?page=0
2025-05-07 14:05:52,529 - INFO - SITE PROCESSOR: Current page: 0
2025-05-07 14:05:52,531 - DEBUG - Starting new HTTPS connection (1): basmilitaria.com:443
2025-05-07 14:05:54,403 - DEBUG - https://basmilitaria.com:443 "GET /shop?page=0 HTTP/1.1" 200 None
2025-05-07 14:05:54,709 - DEBUG - SITE PROCESSOR: products_list_page_soup loaded.
2025-05-07 14:05:54,710 - WARNING - Post-process function 'add_prefix' not found.
2025-05-07 14:05:54,710 - WARNING - Post-process function 'add_prefix' not found.
2025-05-07 14:05:54,710 - WARNING - Post-process function 'add_prefix' not found.
2025-05-07 14:05:54,710 - WARNING - Post-process function 'add_prefix' not found.
2025-05-07 14:05:54,710 - WARNING - Post-process function 'add_prefix' not found.
2025-05-07 14:05:54,711 - WARNING - Post-process function 'add_prefix' not found.
2025-05-07 14:05:54,711 - WARNING - Post-process function 'add_prefix' not found.
2025-05-07 14:05:54,711 - WARNING - Post-process function 'add_prefix' not found.
2025-05-07 14:05:54,711 - WARNING - Post-process function 'add_prefix' not found.
2025-05-07 14:05:54,711 - WARNING - Post-process function 'add_prefix' not found.
2025-05-07 14:05:54,711 - WARNING - Post-process function 'add_prefix' not found.
2025-05-07 14:05:54,711 - WARNING - Post-process function 'add_prefix' not found.
2025-05-07 14:05:54,711 - DEBUG - SITE PROCESSOR: Total tiles found: 12, Valid tiles: 0
2025-05-07 14:05:54,711 - DEBUG - SITE PROCESSOR: Length of products_tile_list: 0 
2025-05-07 14:05:54,711 - INFO - SITE PROCESSOR: No products found on the current page. Stopping processing.
2025-05-07 14:05:54,712 - INFO - 
------------------------------------------------------------
                    INSTANCE TERMINATED                     
------------------------------------------------------------
2025-05-07 14:05:54,712 - INFO - MILITARIA SITE        : BASMILITARIA
2025-05-07 14:05:54,712 - INFO - CONSECUTIVE MATCHES   : 0 / 1
2025-05-07 14:05:54,712 - INFO - CYCLES RUN            : False
2025-05-07 14:05:54,712 - INFO - PRODUCTS PROCESSED    : 0
2025-05-07 14:05:54,712 - INFO - TIMESTAMP             : 2025-05-07 14:05:54.712047
2025-05-07 14:05:54,712 - INFO - SITE PROCESSOR: Finished processing site: BASMILITARIA
2025-05-07 14:05:54,712 - INFO - 
------------------------------------------------------------
                    INSTANCE TERMINATED                     
------------------------------------------------------------
2025-05-07 14:05:54,712 - INFO - MILITARIA SITE        : BASMILITARIA
2025-05-07 14:05:54,712 - INFO - CONSECUTIVE MATCHES   : 0 / 1
2025-05-07 14:05:54,713 - INFO - CYCLES RUN            : False
2025-05-07 14:05:54,713 - INFO - PRODUCTS PROCESSED    : 0
2025-05-07 14:05:54,713 - INFO - TIMESTAMP             : 2025-05-07 14:05:54.712718
2025-05-07 14:05:54,713 - INFO - Successfully processed site: BASMILITARIA
2025-05-07 14:05:54,713 - INFO - 
------------------------------------------------------------
                  FINAL PROCESSING SUMMARY                  
------------------------------------------------------------
2025-05-07 14:05:54,713 - INFO - TIMESTAMP             : 2025-05-07 14:05:54.713391
2025-05-07 14:05:54,713 - INFO - SITES PROCESSED       : BASMILITARIA
2025-05-07 14:05:54,713 - INFO - TOTAL PRODUCTS        : 0
2025-05-07 14:05:54,713 - INFO - NEW PRODUCTS          : 0
2025-05-07 14:05:54,713 - INFO - OLD PRODUCTS          : 0
2025-05-07 14:05:54,713 - INFO - SITES COUNT           : 0
2025-05-07 14:05:54,714 - INFO - AVAILABILITY UPDATES  : 0
2025-05-07 14:05:54,714 - INFO - PROCESSING REQUIRED   : 0
2025-05-07 14:05:54,714 - INFO - Sleeping 900 seconds... Next check at 2025-05-07 14:20:54
