2025-06-03 14:03:21,505 - DEBUG - Logging initialized. Log file: milivault_logs\2025-06-03_14-03-21.log
2025-06-03 14:03:21,506 - DEBUG - Adjusted logging level to DEBUG for environment: local
2025-06-03 14:03:23,528 - INFO - SETTINGS MANAGER: Changed directory to C:/Users/keena/Desktop/Milivault/scraper
2025-06-03 14:03:24,525 - INFO - Connection pool initialized successfully.
2025-06-03 14:03:24,526 - DEBUG - Changing event name from creating-client-class.iot-data to creating-client-class.iot-data-plane
2025-06-03 14:03:24,528 - DEBUG - Changing event name from before-call.apigateway to before-call.api-gateway
2025-06-03 14:03:24,529 - DEBUG - Changing event name from request-created.machinelearning.Predict to request-created.machine-learning.Predict
2025-06-03 14:03:24,530 - DEBUG - Changing event name from before-parameter-build.autoscaling.CreateLaunchConfiguration to before-parameter-build.auto-scaling.CreateLaunchConfiguration
2025-06-03 14:03:24,530 - DEBUG - Changing event name from before-parameter-build.route53 to before-parameter-build.route-53
2025-06-03 14:03:24,530 - DEBUG - Changing event name from request-created.cloudsearchdomain.Search to request-created.cloudsearch-domain.Search
2025-06-03 14:03:24,530 - DEBUG - Changing event name from docs.*.autoscaling.CreateLaunchConfiguration.complete-section to docs.*.auto-scaling.CreateLaunchConfiguration.complete-section
2025-06-03 14:03:24,533 - DEBUG - Changing event name from before-parameter-build.logs.CreateExportTask to before-parameter-build.cloudwatch-logs.CreateExportTask
2025-06-03 14:03:24,533 - DEBUG - Changing event name from docs.*.logs.CreateExportTask.complete-section to docs.*.cloudwatch-logs.CreateExportTask.complete-section
2025-06-03 14:03:24,533 - DEBUG - Changing event name from before-parameter-build.cloudsearchdomain.Search to before-parameter-build.cloudsearch-domain.Search
2025-06-03 14:03:24,533 - DEBUG - Changing event name from docs.*.cloudsearchdomain.Search.complete-section to docs.*.cloudsearch-domain.Search.complete-section
2025-06-03 14:03:24,558 - DEBUG - Loading JSON file: C:\Users\keena\Desktop\Milivault\scraper\venv\lib\site-packages\botocore\data\endpoints.json
2025-06-03 14:03:24,615 - DEBUG - Loading JSON file: C:\Users\keena\Desktop\Milivault\scraper\venv\lib\site-packages\botocore\data\sdk-default-configuration.json
2025-06-03 14:03:24,615 - DEBUG - Event choose-service-name: calling handler <function handle_service_name_alias at 0x000001964C20ACB0>
2025-06-03 14:03:24,782 - DEBUG - Loading JSON file: C:\Users\keena\Desktop\Milivault\scraper\venv\lib\site-packages\botocore\data\s3\2006-03-01\service-2.json.gz
2025-06-03 14:03:24,789 - DEBUG - Loading JSON file: C:\Users\keena\Desktop\Milivault\scraper\venv\lib\site-packages\botocore\data\s3\2006-03-01\service-2.sdk-extras.json
2025-06-03 14:03:24,918 - DEBUG - Loading JSON file: C:\Users\keena\Desktop\Milivault\scraper\venv\lib\site-packages\botocore\data\s3\2006-03-01\endpoint-rule-set-1.json.gz
2025-06-03 14:03:24,924 - DEBUG - Loading JSON file: C:\Users\keena\Desktop\Milivault\scraper\venv\lib\site-packages\botocore\data\partitions.json
2025-06-03 14:03:24,926 - DEBUG - Event creating-client-class.s3: calling handler <function add_generate_presigned_post at 0x000001964C1692D0>
2025-06-03 14:03:24,926 - DEBUG - Event creating-client-class.s3: calling handler <function lazy_call.<locals>._handler at 0x000001964DAE1630>
2025-06-03 14:03:24,963 - DEBUG - Event creating-client-class.s3: calling handler <function add_generate_presigned_url at 0x000001964C169090>
2025-06-03 14:03:24,963 - DEBUG - Looking for endpoint for s3 via: environment_service
2025-06-03 14:03:24,964 - DEBUG - Looking for endpoint for s3 via: environment_global
2025-06-03 14:03:24,964 - DEBUG - Looking for endpoint for s3 via: config_service
2025-06-03 14:03:24,964 - DEBUG - Looking for endpoint for s3 via: config_global
2025-06-03 14:03:24,964 - DEBUG - No configured endpoint found.
2025-06-03 14:03:24,966 - DEBUG - Setting s3 timeout as (60, 60)
2025-06-03 14:03:24,967 - DEBUG - Loading JSON file: C:\Users\keena\Desktop\Milivault\scraper\venv\lib\site-packages\botocore\data\_retry.json
2025-06-03 14:03:24,969 - DEBUG - Registering retry handlers for service: s3
2025-06-03 14:03:24,969 - DEBUG - Registering S3 region redirector handler
2025-06-03 14:03:24,970 - DEBUG - Registering S3Express Identity Resolver
2025-06-03 14:03:24,970 - INFO - S3Manager initialized for bucket militaria-images
2025-06-03 14:03:26,436 - INFO - 🛠️ Attempting image recovery for 100 records...
2025-06-03 14:03:26,437 - INFO - 
🔍 Processing product URL: https://stewartsmilitaryantiques.com/canadian-wwii-army-enlisted-overseas-hat.51013.archive.htm (site: STEWARTS_MILITARIA)
2025-06-03 14:03:26,439 - ERROR - Error decoding JSON file C:/Users/keena/Desktop/Milivault/site-json/661944.json: Expecting value: line 1 column 1 (char 0)
2025-06-03 14:03:26,502 - DEBUG - Starting new HTTPS connection (1): stewartsmilitaryantiques.com:443
2025-06-03 14:03:27,625 - DEBUG - https://stewartsmilitaryantiques.com:443 "GET /canadian-wwii-army-enlisted-overseas-hat.51013.archive.htm HTTP/1.1" 200 None
2025-06-03 14:03:27,903 - ERROR - ❌ Exception during image extraction/upload for https://stewartsmilitaryantiques.com/canadian-wwii-army-enlisted-overseas-hat.51013.archive.htm: name 'image_extractor' is not defined
2025-06-03 14:03:28,080 - INFO - 🛑 Marked https://stewartsmilitaryantiques.com/canadian-wwii-army-enlisted-overseas-hat.51013.archive.htm as failed in database.
2025-06-03 14:03:28,080 - INFO - 
🔍 Processing product URL: https://arnhem44.com/shop.php?code=51638 (site: ARNHEM44)
2025-06-03 14:03:28,081 - ERROR - Error decoding JSON file C:/Users/keena/Desktop/Milivault/site-json/661944.json: Expecting value: line 1 column 1 (char 0)
2025-06-03 14:03:28,100 - DEBUG - Starting new HTTPS connection (1): arnhem44.com:443
2025-06-03 14:03:29,261 - DEBUG - https://arnhem44.com:443 "GET /shop.php?code=51638 HTTP/1.1" 200 2887
2025-06-03 14:03:29,267 - ERROR - ❌ Exception during image extraction/upload for https://arnhem44.com/shop.php?code=51638: name 'image_extractor' is not defined
2025-06-03 14:03:29,445 - INFO - 🛑 Marked https://arnhem44.com/shop.php?code=51638 as failed in database.
2025-06-03 14:03:29,445 - INFO - 
🔍 Processing product URL: https://mindenmilitaria.com/shop.php?code=59288 (site: MINDEN_MILITARIA)
2025-06-03 14:03:29,446 - ERROR - Error decoding JSON file C:/Users/keena/Desktop/Milivault/site-json/661944.json: Expecting value: line 1 column 1 (char 0)
2025-06-03 14:03:29,466 - DEBUG - Starting new HTTPS connection (1): mindenmilitaria.com:443
2025-06-03 14:03:30,586 - ERROR - HTML MGR: Error occurred while accessing https://mindenmilitaria.com/shop.php?code=59288 (Attempt 1/3): HTTPSConnectionPool(host='mindenmilitaria.com', port=443): Max retries exceeded with url: /shop.php?code=59288 (Caused by SSLError(SSLCertVerificationError(1, "[SSL: CERTIFICATE_VERIFY_FAILED] certificate verify failed: Hostname mismatch, certificate is not valid for 'mindenmilitaria.com'. (_ssl.c:997)")))
2025-06-03 14:03:31,603 - DEBUG - Starting new HTTPS connection (2): mindenmilitaria.com:443
2025-06-03 14:03:32,197 - ERROR - HTML MGR: Error occurred while accessing https://mindenmilitaria.com/shop.php?code=59288 (Attempt 2/3): HTTPSConnectionPool(host='mindenmilitaria.com', port=443): Max retries exceeded with url: /shop.php?code=59288 (Caused by SSLError(SSLCertVerificationError(1, "[SSL: CERTIFICATE_VERIFY_FAILED] certificate verify failed: Hostname mismatch, certificate is not valid for 'mindenmilitaria.com'. (_ssl.c:997)")))
2025-06-03 14:03:34,206 - DEBUG - Starting new HTTPS connection (3): mindenmilitaria.com:443
2025-06-03 14:03:34,787 - ERROR - HTML MGR: Error occurred while accessing https://mindenmilitaria.com/shop.php?code=59288 (Attempt 3/3): HTTPSConnectionPool(host='mindenmilitaria.com', port=443): Max retries exceeded with url: /shop.php?code=59288 (Caused by SSLError(SSLCertVerificationError(1, "[SSL: CERTIFICATE_VERIFY_FAILED] certificate verify failed: Hostname mismatch, certificate is not valid for 'mindenmilitaria.com'. (_ssl.c:997)")))
